2018-11-30 16:02:06.269 [http-nio-8080-exec-3] ERROR com.secondhand.tradingplatformcommon.redisCache.RedisCache - 缓存对象获取失败java.lang.ClassCastException: org.apache.ibatis.cache.CacheKey cannot be cast to java.lang.String
2018-11-30 16:02:06.698 [http-nio-8080-exec-3] ERROR com.secondhand.tradingplatformcommon.redisCache.RedisCache - 缓存对象保存失败java.lang.ClassCastException: org.apache.ibatis.cache.CacheKey cannot be cast to java.lang.String
2018-11-30 16:05:42.635 [pool-2-thread-1] ERROR org.springframework.scheduling.support.TaskUtils$LoggingErrorHandler - Unexpected error occurred in scheduled task.
org.springframework.dao.QueryTimeoutException: Redis command timed out; nested exception is io.lettuce.core.RedisCommandTimeoutException: Command timed out
	at org.springframework.data.redis.connection.lettuce.LettuceExceptionConverter.convert(LettuceExceptionConverter.java:70)
	at org.springframework.data.redis.connection.lettuce.LettuceExceptionConverter.convert(LettuceExceptionConverter.java:41)
	at org.springframework.data.redis.PassThroughExceptionTranslationStrategy.translate(PassThroughExceptionTranslationStrategy.java:44)
	at org.springframework.data.redis.FallbackExceptionTranslationStrategy.translate(FallbackExceptionTranslationStrategy.java:42)
	at org.springframework.data.redis.connection.lettuce.LettuceConnection.convertLettuceAccessException(LettuceConnection.java:257)
	at org.springframework.data.redis.connection.lettuce.LettuceSetCommands.convertLettuceAccessException(LettuceSetCommands.java:520)
	at org.springframework.data.redis.connection.lettuce.LettuceSetCommands.sMembers(LettuceSetCommands.java:245)
	at org.springframework.data.redis.connection.DefaultedRedisConnection.sMembers(DefaultedRedisConnection.java:550)
	at org.springframework.data.redis.core.DefaultSetOperations.lambda$members$6(DefaultSetOperations.java:158)
	at org.springframework.data.redis.core.RedisTemplate.execute(RedisTemplate.java:224)
	at org.springframework.data.redis.core.RedisTemplate.execute(RedisTemplate.java:184)
	at org.springframework.data.redis.core.AbstractOperations.execute(AbstractOperations.java:95)
	at org.springframework.data.redis.core.DefaultSetOperations.members(DefaultSetOperations.java:158)
	at org.springframework.data.redis.core.DefaultBoundSetOperations.members(DefaultBoundSetOperations.java:152)
	at org.springframework.session.data.redis.RedisSessionExpirationPolicy.cleanExpiredSessions(RedisSessionExpirationPolicy.java:132)
	at org.springframework.session.data.redis.RedisOperationsSessionRepository.cleanupExpiredSessions(RedisOperationsSessionRepository.java:395)
	at org.springframework.session.data.redis.config.annotation.web.http.RedisHttpSessionConfiguration.lambda$configureTasks$0(RedisHttpSessionConfiguration.java:242)
	at org.springframework.scheduling.support.DelegatingErrorHandlingRunnable.run(DelegatingErrorHandlingRunnable.java:54)
	at org.springframework.scheduling.concurrent.ReschedulingRunnable.run(ReschedulingRunnable.java:93)
	at java.util.concurrent.Executors$RunnableAdapter.call(Executors.java:511)
	at java.util.concurrent.FutureTask.run(FutureTask.java:266)
	at java.util.concurrent.ScheduledThreadPoolExecutor$ScheduledFutureTask.access$201(ScheduledThreadPoolExecutor.java:180)
	at java.util.concurrent.ScheduledThreadPoolExecutor$ScheduledFutureTask.run(ScheduledThreadPoolExecutor.java:293)
	at java.util.concurrent.ThreadPoolExecutor.runWorker(ThreadPoolExecutor.java:1149)
	at java.util.concurrent.ThreadPoolExecutor$Worker.run(ThreadPoolExecutor.java:624)
	at java.lang.Thread.run(Thread.java:748)
Caused by: io.lettuce.core.RedisCommandTimeoutException: Command timed out
	at io.lettuce.core.LettuceFutures.awaitOrCancel(LettuceFutures.java:114)
	at io.lettuce.core.FutureSyncInvocationHandler.handleInvocation(FutureSyncInvocationHandler.java:62)
	at io.lettuce.core.internal.AbstractInvocationHandler.invoke(AbstractInvocationHandler.java:80)
	at com.sun.proxy.$Proxy153.smembers(Unknown Source)
	at org.springframework.data.redis.connection.lettuce.LettuceSetCommands.sMembers(LettuceSetCommands.java:243)
	... 19 common frames omitted
2018-11-30 19:43:28.090 [http-nio-8080-exec-5] ERROR com.secondhand.tradingplatformcommon.redisCache.RedisCache - 缓存对象获取失败java.lang.ClassCastException: org.apache.ibatis.cache.CacheKey cannot be cast to java.lang.String
2018-11-30 19:43:28.238 [http-nio-8080-exec-5] ERROR com.secondhand.tradingplatformcommon.redisCache.RedisCache - 缓存对象保存失败java.lang.ClassCastException: org.apache.ibatis.cache.CacheKey cannot be cast to java.lang.String
2018-11-30 20:27:49.432 [http-nio-8080-exec-4] ERROR com.secondhand.tradingplatformcommon.redisCache.RedisCache - 缓存对象获取失败java.lang.ClassCastException: org.apache.ibatis.cache.CacheKey cannot be cast to java.lang.String
2018-11-30 20:27:49.555 [http-nio-8080-exec-4] ERROR com.secondhand.tradingplatformcommon.redisCache.RedisCache - 缓存对象保存失败java.lang.ClassCastException: org.apache.ibatis.cache.CacheKey cannot be cast to java.lang.String
2018-11-30 21:32:04.610 [http-nio-8080-exec-5] ERROR com.secondhand.tradingplatformcommon.redisCache.RedisCache - 缓存对象获取失败java.lang.ClassCastException: org.apache.ibatis.cache.CacheKey cannot be cast to java.lang.String
2018-11-30 21:32:04.632 [http-nio-8080-exec-5] ERROR com.secondhand.tradingplatformcommon.redisCache.RedisCache - 缓存对象保存失败java.lang.ClassCastException: org.apache.ibatis.cache.CacheKey cannot be cast to java.lang.String
