2018-10-29 17:08:54.414 [http-nio-8080-exec-3] WARN  org.springframework.web.servlet.PageNotFound - No mapping found for HTTP request with URI [/css/matrix-login.css] in DispatcherServlet with name 'dispatcherServlet'
2018-10-29 17:08:54.414 [http-nio-8080-exec-2] WARN  org.springframework.web.servlet.PageNotFound - No mapping found for HTTP request with URI [/font-awesome/css/font-awesome.css] in DispatcherServlet with name 'dispatcherServlet'
2018-10-29 17:08:54.425 [http-nio-8080-exec-5] WARN  org.springframework.web.servlet.PageNotFound - No mapping found for HTTP request with URI [/img/logo.png] in DispatcherServlet with name 'dispatcherServlet'
2018-10-29 17:08:54.425 [http-nio-8080-exec-6] WARN  org.springframework.web.servlet.PageNotFound - No mapping found for HTTP request with URI [/js/jquery-1.11.2.min.js] in DispatcherServlet with name 'dispatcherServlet'
2018-10-29 17:09:59.929 [http-nio-8080-exec-4] WARN  org.springframework.web.servlet.PageNotFound - No mapping found for HTTP request with URI [/js/jquery-1.11.2.min.js] in DispatcherServlet with name 'dispatcherServlet'
2018-10-29 17:09:59.930 [http-nio-8080-exec-8] WARN  org.springframework.web.servlet.PageNotFound - No mapping found for HTTP request with URI [/font-awesome/css/font-awesome.css] in DispatcherServlet with name 'dispatcherServlet'
2018-10-29 17:09:59.931 [http-nio-8080-exec-7] WARN  org.springframework.web.servlet.PageNotFound - No mapping found for HTTP request with URI [/css/matrix-login.css] in DispatcherServlet with name 'dispatcherServlet'
2018-10-29 17:09:59.931 [http-nio-8080-exec-10] WARN  org.springframework.web.servlet.PageNotFound - No mapping found for HTTP request with URI [/img/logo.png] in DispatcherServlet with name 'dispatcherServlet'
2018-10-29 17:09:59.985 [http-nio-8080-exec-1] WARN  org.springframework.web.servlet.PageNotFound - No mapping found for HTTP request with URI [/favicon.ico] in DispatcherServlet with name 'dispatcherServlet'
2018-10-29 17:10:01.088 [http-nio-8080-exec-2] WARN  org.springframework.web.servlet.PageNotFound - No mapping found for HTTP request with URI [/css/matrix-login.css] in DispatcherServlet with name 'dispatcherServlet'
2018-10-29 17:10:01.089 [http-nio-8080-exec-3] WARN  org.springframework.web.servlet.PageNotFound - No mapping found for HTTP request with URI [/js/jquery-1.11.2.min.js] in DispatcherServlet with name 'dispatcherServlet'
2018-10-29 17:10:01.089 [http-nio-8080-exec-6] WARN  org.springframework.web.servlet.PageNotFound - No mapping found for HTTP request with URI [/font-awesome/css/font-awesome.css] in DispatcherServlet with name 'dispatcherServlet'
2018-10-29 17:10:01.089 [http-nio-8080-exec-5] WARN  org.springframework.web.servlet.PageNotFound - No mapping found for HTTP request with URI [/img/logo.png] in DispatcherServlet with name 'dispatcherServlet'
2018-10-29 17:10:03.683 [http-nio-8080-exec-8] WARN  org.springframework.web.servlet.PageNotFound - No mapping found for HTTP request with URI [/img/logo.png] in DispatcherServlet with name 'dispatcherServlet'
2018-10-29 17:10:03.683 [http-nio-8080-exec-7] WARN  org.springframework.web.servlet.PageNotFound - No mapping found for HTTP request with URI [/font-awesome/css/font-awesome.css] in DispatcherServlet with name 'dispatcherServlet'
2018-10-29 17:10:03.684 [http-nio-8080-exec-10] WARN  org.springframework.web.servlet.PageNotFound - No mapping found for HTTP request with URI [/css/matrix-login.css] in DispatcherServlet with name 'dispatcherServlet'
2018-10-29 17:10:03.684 [http-nio-8080-exec-1] WARN  org.springframework.web.servlet.PageNotFound - No mapping found for HTTP request with URI [/js/jquery-1.11.2.min.js] in DispatcherServlet with name 'dispatcherServlet'
2018-10-29 17:10:03.716 [http-nio-8080-exec-9] WARN  org.springframework.web.servlet.PageNotFound - No mapping found for HTTP request with URI [/favicon.ico] in DispatcherServlet with name 'dispatcherServlet'
2018-10-29 17:17:06.505 [http-nio-8080-exec-8] WARN  org.springframework.web.servlet.PageNotFound - No mapping found for HTTP request with URI [/css/matrix-login.css] in DispatcherServlet with name 'dispatcherServlet'
2018-10-29 17:17:06.505 [http-nio-8080-exec-3] WARN  org.springframework.web.servlet.PageNotFound - No mapping found for HTTP request with URI [/js/jquery-1.11.2.min.js] in DispatcherServlet with name 'dispatcherServlet'
2018-10-29 17:17:06.505 [http-nio-8080-exec-9] WARN  org.springframework.web.servlet.PageNotFound - No mapping found for HTTP request with URI [/font-awesome/css/font-awesome.css] in DispatcherServlet with name 'dispatcherServlet'
2018-10-29 17:17:06.505 [http-nio-8080-exec-7] WARN  org.springframework.web.servlet.PageNotFound - No mapping found for HTTP request with URI [/img/logo.png] in DispatcherServlet with name 'dispatcherServlet'
2018-10-29 17:32:08.607 [http-nio-8080-exec-4] WARN  org.springframework.web.servlet.PageNotFound - No mapping found for HTTP request with URI [/img/logo.png] in DispatcherServlet with name 'dispatcherServlet'
2018-10-29 17:32:08.607 [http-nio-8080-exec-2] WARN  org.springframework.web.servlet.PageNotFound - No mapping found for HTTP request with URI [/js/jquery-1.11.2.min.js] in DispatcherServlet with name 'dispatcherServlet'
2018-10-29 17:32:08.607 [http-nio-8080-exec-5] WARN  org.springframework.web.servlet.PageNotFound - No mapping found for HTTP request with URI [/font-awesome/css/font-awesome.css] in DispatcherServlet with name 'dispatcherServlet'
2018-10-29 17:32:08.607 [http-nio-8080-exec-1] WARN  org.springframework.web.servlet.PageNotFound - No mapping found for HTTP request with URI [/css/matrix-login.css] in DispatcherServlet with name 'dispatcherServlet'
2018-10-29 17:32:43.615 [http-nio-8080-exec-4] WARN  org.springframework.web.servlet.PageNotFound - No mapping found for HTTP request with URI [/css/matrix-login.css] in DispatcherServlet with name 'dispatcherServlet'
2018-10-29 17:32:43.615 [http-nio-8080-exec-1] WARN  org.springframework.web.servlet.PageNotFound - No mapping found for HTTP request with URI [/font-awesome/css/font-awesome.css] in DispatcherServlet with name 'dispatcherServlet'
2018-10-29 17:32:43.877 [http-nio-8080-exec-5] WARN  org.springframework.web.servlet.PageNotFound - No mapping found for HTTP request with URI [/js/jquery-1.11.2.min.js] in DispatcherServlet with name 'dispatcherServlet'
2018-10-29 17:32:43.877 [http-nio-8080-exec-2] WARN  org.springframework.web.servlet.PageNotFound - No mapping found for HTTP request with URI [/img/logo.png] in DispatcherServlet with name 'dispatcherServlet'
