2019-03-23 01:00:22.576 [main] INFO  org.springframework.boot.test.context.SpringBootTestContextBootstrapper - Neither @ContextConfiguration nor @ContextHierarchy found for test class [com.secondhand.tradingplatformgeccocontroller.TradingplatformGeccoControllerApplicationTests], using SpringBootContextLoader
2019-03-23 01:00:22.596 [main] INFO  org.springframework.test.context.support.AbstractContextLoader - Could not detect default resource locations for test class [com.secondhand.tradingplatformgeccocontroller.TradingplatformGeccoControllerApplicationTests]: no resource found for suffixes {-context.xml, Context.groovy}.
2019-03-23 01:00:22.597 [main] INFO  org.springframework.test.context.support.AnnotationConfigContextLoaderUtils - Could not detect default configuration classes for test class [com.secondhand.tradingplatformgeccocontroller.TradingplatformGeccoControllerApplicationTests]: TradingplatformGeccoControllerApplicationTests does not declare any static, non-private, non-final, nested classes annotated with @Configuration.
2019-03-23 01:00:22.903 [main] INFO  org.springframework.boot.test.context.SpringBootTestContextBootstrapper - Found @SpringBootConfiguration com.secondhand.tradingplatformgeccocontroller.TradingplatformGeccoControllerApplication for test class com.secondhand.tradingplatformgeccocontroller.TradingplatformGeccoControllerApplicationTests
2019-03-23 01:00:23.264 [main] INFO  org.springframework.boot.test.context.SpringBootTestContextBootstrapper - Loaded default TestExecutionListener class names from location [META-INF/spring.factories]: [org.springframework.boot.test.mock.mockito.MockitoTestExecutionListener, org.springframework.boot.test.mock.mockito.ResetMocksTestExecutionListener, org.springframework.boot.test.autoconfigure.restdocs.RestDocsTestExecutionListener, org.springframework.boot.test.autoconfigure.web.client.MockRestServiceServerResetTestExecutionListener, org.springframework.boot.test.autoconfigure.web.servlet.MockMvcPrintOnlyOnFailureTestExecutionListener, org.springframework.boot.test.autoconfigure.web.servlet.WebDriverTestExecutionListener, org.springframework.test.context.web.ServletTestExecutionListener, org.springframework.test.context.support.DirtiesContextBeforeModesTestExecutionListener, org.springframework.test.context.support.DependencyInjectionTestExecutionListener, org.springframework.test.context.support.DirtiesContextTestExecutionListener, org.springframework.test.context.transaction.TransactionalTestExecutionListener, org.springframework.test.context.jdbc.SqlScriptsTestExecutionListener]
2019-03-23 01:00:23.302 [main] INFO  org.springframework.boot.test.context.SpringBootTestContextBootstrapper - Using TestExecutionListeners: [org.springframework.test.context.web.ServletTestExecutionListener@14c01636, org.springframework.test.context.support.DirtiesContextBeforeModesTestExecutionListener@590c73d3, org.springframework.boot.test.mock.mockito.MockitoTestExecutionListener@6b9ce1bf, org.springframework.boot.test.autoconfigure.SpringBootDependencyInjectionTestExecutionListener@61884cb1, org.springframework.test.context.support.DirtiesContextTestExecutionListener@75ed9710, org.springframework.test.context.transaction.TransactionalTestExecutionListener@4fc5e095, org.springframework.test.context.jdbc.SqlScriptsTestExecutionListener@435871cb, org.springframework.boot.test.mock.mockito.ResetMocksTestExecutionListener@609640d5, org.springframework.boot.test.autoconfigure.restdocs.RestDocsTestExecutionListener@79da1ec0, org.springframework.boot.test.autoconfigure.web.client.MockRestServiceServerResetTestExecutionListener@19fb8826, org.springframework.boot.test.autoconfigure.web.servlet.MockMvcPrintOnlyOnFailureTestExecutionListener@192d74fb, org.springframework.boot.test.autoconfigure.web.servlet.WebDriverTestExecutionListener@4bef0fe3]
2019-03-23 01:00:24.202 [main] INFO  com.secondhand.tradingplatformgeccocontroller.TradingplatformGeccoControllerApplicationTests - Starting TradingplatformGeccoControllerApplicationTests on ojbk with PID 11836 (started by 81079_000 in G:\idea\tradingplatform\tradingplatform-gecco\tradingplatform-gecco-controller)
2019-03-23 01:00:24.202 [main] INFO  com.secondhand.tradingplatformgeccocontroller.TradingplatformGeccoControllerApplicationTests - The following profiles are active: personal
2019-03-23 01:00:24.265 [main] INFO  org.springframework.web.context.support.GenericWebApplicationContext - Refreshing org.springframework.web.context.support.GenericWebApplicationContext@7544a1e4: startup date [Sat Mar 23 01:00:24 CST 2019]; root of context hierarchy
2019-03-23 01:00:27.502 [main] INFO  org.springframework.data.repository.config.RepositoryConfigurationDelegate - Multiple Spring Data modules found, entering strict repository configuration mode!
2019-03-23 01:00:28.264 [main] INFO  org.springframework.context.support.PostProcessorRegistrationDelegate$BeanPostProcessorChecker - Bean 'org.springframework.boot.context.properties.ConversionServiceDeducer$Factory' of type [org.springframework.boot.context.properties.ConversionServiceDeducer$Factory] is not eligible for getting processed by all BeanPostProcessors (for example: not eligible for auto-proxying)
2019-03-23 01:00:28.279 [main] INFO  org.springframework.context.support.PostProcessorRegistrationDelegate$BeanPostProcessorChecker - Bean 'taskExecutorConfig' of type [com.secondhand.tradingplatformgeccocontroller.config.TaskExecutorConfig$$EnhancerBySpringCGLIB$$52f7f7a4] is not eligible for getting processed by all BeanPostProcessors (for example: not eligible for auto-proxying)
2019-03-23 01:00:28.400 [main] INFO  org.springframework.context.support.PostProcessorRegistrationDelegate$BeanPostProcessorChecker - Bean 'com.alibaba.druid.spring.boot.autoconfigure.stat.DruidSpringAopConfiguration' of type [com.alibaba.druid.spring.boot.autoconfigure.stat.DruidSpringAopConfiguration] is not eligible for getting processed by all BeanPostProcessors (for example: not eligible for auto-proxying)
2019-03-23 01:00:28.472 [main] INFO  org.springframework.context.support.PostProcessorRegistrationDelegate$BeanPostProcessorChecker - Bean 'redisConfig' of type [com.secondhand.tradingplatformgeccocontroller.config.RedisConfig$$EnhancerBySpringCGLIB$$5ef68efd] is not eligible for getting processed by all BeanPostProcessors (for example: not eligible for auto-proxying)
2019-03-23 01:00:28.486 [main] INFO  org.springframework.context.support.PostProcessorRegistrationDelegate$BeanPostProcessorChecker - Bean 'org.springframework.transaction.annotation.ProxyTransactionManagementConfiguration' of type [org.springframework.transaction.annotation.ProxyTransactionManagementConfiguration$$EnhancerBySpringCGLIB$$4977c170] is not eligible for getting processed by all BeanPostProcessors (for example: not eligible for auto-proxying)
2019-03-23 01:00:28.501 [main] INFO  org.springframework.context.support.PostProcessorRegistrationDelegate$BeanPostProcessorChecker - Bean 'spring.datasource.druid-com.alibaba.druid.spring.boot.autoconfigure.properties.DruidStatProperties' of type [com.alibaba.druid.spring.boot.autoconfigure.properties.DruidStatProperties] is not eligible for getting processed by all BeanPostProcessors (for example: not eligible for auto-proxying)
2019-03-23 01:00:28.574 [main] INFO  org.springframework.context.support.PostProcessorRegistrationDelegate$BeanPostProcessorChecker - Bean 'advisor' of type [org.springframework.aop.support.RegexpMethodPointcutAdvisor] is not eligible for getting processed by all BeanPostProcessors (for example: not eligible for auto-proxying)
2019-03-23 01:00:30.042 [main] INFO  com.alibaba.druid.pool.DruidDataSource - {dataSource-1} inited
2019-03-23 01:00:31.543 [main] INFO  org.springframework.web.servlet.mvc.method.annotation.RequestMappingHandlerMapping - Mapped "{[/front/test/get_map_by_id/{testId}],methods=[GET],produces=[application/json]}" onto public com.secondhand.tradingplatformcommon.jsonResult.JsonResult<java.util.Map<java.lang.String, java.lang.Object>> com.secondhand.tradingplatformgeccocontroller.controller.TestController.getTestByIdForMap(java.lang.Long)
2019-03-23 01:00:31.544 [main] INFO  org.springframework.web.servlet.mvc.method.annotation.RequestMappingHandlerMapping - Mapped "{[/front/test/batch_delete],methods=[PUT],consumes=[application/json],produces=[application/json]}" onto public com.secondhand.tradingplatformcommon.jsonResult.JsonResult<com.secondhand.tradingplatformgeccoentity.entity.Test> com.secondhand.tradingplatformgeccocontroller.controller.TestController.fakeBatchDelete(java.util.List<java.lang.Long>)
2019-03-23 01:00:31.545 [main] INFO  org.springframework.web.servlet.mvc.method.annotation.RequestMappingHandlerMapping - Mapped "{[/front/test/create_update],methods=[POST],consumes=[application/json],produces=[application/json]}" onto public com.secondhand.tradingplatformcommon.jsonResult.JsonResult<com.secondhand.tradingplatformgeccoentity.entity.Test> com.secondhand.tradingplatformgeccocontroller.controller.TestController.testCreateUpdate(com.secondhand.tradingplatformgeccoentity.entity.Test)
2019-03-23 01:00:31.545 [main] INFO  org.springframework.web.servlet.mvc.method.annotation.RequestMappingHandlerMapping - Mapped "{[/front/test/delete],methods=[PUT],consumes=[application/json],produces=[application/json]}" onto public com.secondhand.tradingplatformcommon.jsonResult.JsonResult<com.secondhand.tradingplatformgeccoentity.entity.Test> com.secondhand.tradingplatformgeccocontroller.controller.TestController.fakeDeleteById(java.lang.Long)
2019-03-23 01:00:31.546 [main] INFO  org.springframework.web.servlet.mvc.method.annotation.RequestMappingHandlerMapping - Mapped "{[/front/test/query],methods=[POST],consumes=[application/json],produces=[application/json]}" onto public com.secondhand.tradingplatformcommon.jsonResult.TableJson<java.util.Map<java.lang.String, java.lang.Object>> com.secondhand.tradingplatformgeccocontroller.controller.TestController.getTestList(com.secondhand.tradingplatformgeccoentity.entity.Test)
2019-03-23 01:00:31.550 [main] INFO  org.springframework.web.servlet.mvc.method.annotation.RequestMappingHandlerMapping - Mapped "{[/swagger-resources/configuration/ui]}" onto public org.springframework.http.ResponseEntity<springfox.documentation.swagger.web.UiConfiguration> springfox.documentation.swagger.web.ApiResourceController.uiConfiguration()
2019-03-23 01:00:31.551 [main] INFO  org.springframework.web.servlet.mvc.method.annotation.RequestMappingHandlerMapping - Mapped "{[/swagger-resources]}" onto public org.springframework.http.ResponseEntity<java.util.List<springfox.documentation.swagger.web.SwaggerResource>> springfox.documentation.swagger.web.ApiResourceController.swaggerResources()
2019-03-23 01:00:31.551 [main] INFO  org.springframework.web.servlet.mvc.method.annotation.RequestMappingHandlerMapping - Mapped "{[/swagger-resources/configuration/security]}" onto public org.springframework.http.ResponseEntity<springfox.documentation.swagger.web.SecurityConfiguration> springfox.documentation.swagger.web.ApiResourceController.securityConfiguration()
2019-03-23 01:00:31.557 [main] INFO  org.springframework.web.servlet.mvc.method.annotation.RequestMappingHandlerMapping - Mapped "{[/error]}" onto public org.springframework.http.ResponseEntity<java.util.Map<java.lang.String, java.lang.Object>> org.springframework.boot.autoconfigure.web.servlet.error.BasicErrorController.error(javax.servlet.http.HttpServletRequest)
2019-03-23 01:00:31.558 [main] INFO  org.springframework.web.servlet.mvc.method.annotation.RequestMappingHandlerMapping - Mapped "{[/error],produces=[text/html]}" onto public org.springframework.web.servlet.ModelAndView org.springframework.boot.autoconfigure.web.servlet.error.BasicErrorController.errorHtml(javax.servlet.http.HttpServletRequest,javax.servlet.http.HttpServletResponse)
2019-03-23 01:00:32.741 [main] INFO  springfox.documentation.spring.web.PropertySourcedRequestMappingHandlerMapping - Mapped URL path [/v2/api-docs] onto method [public org.springframework.http.ResponseEntity<springfox.documentation.spring.web.json.Json> springfox.documentation.swagger2.web.Swagger2Controller.getDocumentation(java.lang.String,javax.servlet.http.HttpServletRequest)]
2019-03-23 01:00:32.788 [main] INFO  org.springframework.scheduling.concurrent.ThreadPoolTaskExecutor - Initializing ExecutorService  'taskExecutor'
2019-03-23 01:00:32.968 [main] INFO  org.springframework.scheduling.concurrent.ThreadPoolTaskExecutor - Initializing ExecutorService  'clientInboundChannelExecutor'
2019-03-23 01:00:33.030 [main] INFO  org.springframework.scheduling.concurrent.ThreadPoolTaskExecutor - Initializing ExecutorService  'clientOutboundChannelExecutor'
2019-03-23 01:00:33.067 [main] INFO  org.springframework.scheduling.concurrent.ThreadPoolTaskScheduler - Initializing ExecutorService  'messageBrokerTaskScheduler'
2019-03-23 01:00:33.196 [main] INFO  org.springframework.web.socket.server.support.WebSocketHandlerMapping - Mapped URL path [/ws/**] onto handler of type [class org.springframework.web.socket.sockjs.support.SockJsHttpRequestHandler]
2019-03-23 01:00:33.218 [main] INFO  org.springframework.scheduling.concurrent.ThreadPoolTaskExecutor - Initializing ExecutorService  'brokerChannelExecutor'
2019-03-23 01:00:34.063 [main] INFO  org.springframework.web.servlet.mvc.method.annotation.RequestMappingHandlerAdapter - Looking for @ControllerAdvice: org.springframework.web.context.support.GenericWebApplicationContext@7544a1e4: startup date [Sat Mar 23 01:00:24 CST 2019]; root of context hierarchy
2019-03-23 01:00:34.172 [main] INFO  org.springframework.web.servlet.handler.SimpleUrlHandlerMapping - Mapped URL path [/webjars/**] onto handler of type [class org.springframework.web.servlet.resource.ResourceHttpRequestHandler]
2019-03-23 01:00:34.172 [main] INFO  org.springframework.web.servlet.handler.SimpleUrlHandlerMapping - Mapped URL path [/**] onto handler of type [class org.springframework.web.servlet.resource.ResourceHttpRequestHandler]
2019-03-23 01:00:34.998 [main] INFO  org.springframework.ui.freemarker.SpringTemplateLoader - SpringTemplateLoader for FreeMarker: using resource loader [org.springframework.web.context.support.GenericWebApplicationContext@7544a1e4: startup date [Sat Mar 23 01:00:24 CST 2019]; root of context hierarchy] and template loader path [classpath:/templates/]
2019-03-23 01:00:35.000 [main] INFO  org.springframework.web.servlet.view.freemarker.FreeMarkerConfigurer - ClassTemplateLoader for Spring macros added to FreeMarker configuration
2019-03-23 01:00:35.370 [main] INFO  io.lettuce.core.EpollProvider - Starting without optional epoll library
2019-03-23 01:00:35.372 [main] INFO  io.lettuce.core.KqueueProvider - Starting without optional kqueue library
2019-03-23 01:00:36.469 [main] INFO  org.springframework.context.support.DefaultLifecycleProcessor - Starting beans in phase 2147483647
2019-03-23 01:00:36.470 [main] INFO  springfox.documentation.spring.web.plugins.DocumentationPluginsBootstrapper - Context refreshed
2019-03-23 01:00:36.503 [main] INFO  springfox.documentation.spring.web.plugins.DocumentationPluginsBootstrapper - Found 1 custom documentation plugin(s)
2019-03-23 01:00:36.565 [main] INFO  springfox.documentation.spring.web.scanners.ApiListingReferenceScanner - Scanning for api listing references
2019-03-23 01:00:36.974 [main] INFO  org.springframework.messaging.simp.broker.SimpleBrokerMessageHandler - Starting...
2019-03-23 01:00:36.976 [main] INFO  org.springframework.messaging.simp.broker.SimpleBrokerMessageHandler - BrokerAvailabilityEvent[available=true, SimpleBrokerMessageHandler [DefaultSubscriptionRegistry[cache[0 destination(s)], registry[0 sessions]]]]
2019-03-23 01:00:36.977 [main] INFO  org.springframework.messaging.simp.broker.SimpleBrokerMessageHandler - Started.
2019-03-23 01:00:37.060 [main] INFO  com.secondhand.tradingplatformgeccocontroller.TradingplatformGeccoControllerApplicationTests - Started TradingplatformGeccoControllerApplicationTests in 13.516 seconds (JVM running for 16.911)
2019-03-23 01:00:37.215 [Thread-2] INFO  org.springframework.web.context.support.GenericWebApplicationContext - Closing org.springframework.web.context.support.GenericWebApplicationContext@7544a1e4: startup date [Sat Mar 23 01:00:24 CST 2019]; root of context hierarchy
2019-03-23 01:00:37.218 [Thread-2] INFO  org.springframework.context.support.DefaultLifecycleProcessor - Stopping beans in phase 2147483647
2019-03-23 01:00:37.220 [Thread-2] INFO  org.springframework.messaging.simp.broker.SimpleBrokerMessageHandler - Stopping...
2019-03-23 01:00:37.220 [Thread-2] INFO  org.springframework.messaging.simp.broker.SimpleBrokerMessageHandler - BrokerAvailabilityEvent[available=false, SimpleBrokerMessageHandler [DefaultSubscriptionRegistry[cache[0 destination(s)], registry[0 sessions]]]]
2019-03-23 01:00:37.220 [Thread-2] INFO  org.springframework.messaging.simp.broker.SimpleBrokerMessageHandler - Stopped.
2019-03-23 01:00:37.227 [Thread-2] INFO  org.springframework.scheduling.concurrent.ThreadPoolTaskExecutor - Shutting down ExecutorService 'brokerChannelExecutor'
2019-03-23 01:00:37.228 [Thread-2] INFO  org.springframework.scheduling.concurrent.ThreadPoolTaskScheduler - Shutting down ExecutorService 'messageBrokerTaskScheduler'
2019-03-23 01:00:37.229 [Thread-2] INFO  org.springframework.scheduling.concurrent.ThreadPoolTaskExecutor - Shutting down ExecutorService 'clientOutboundChannelExecutor'
2019-03-23 01:00:37.229 [Thread-2] INFO  org.springframework.scheduling.concurrent.ThreadPoolTaskExecutor - Shutting down ExecutorService 'clientInboundChannelExecutor'
2019-03-23 01:00:37.230 [Thread-2] INFO  org.springframework.scheduling.concurrent.ThreadPoolTaskExecutor - Shutting down ExecutorService 'taskExecutor'
2019-03-23 01:00:38.367 [Thread-2] INFO  com.alibaba.druid.pool.DruidDataSource - {dataSource-1} closed
2019-03-23 01:01:07.265 [main] INFO  org.springframework.boot.test.context.SpringBootTestContextBootstrapper - Neither @ContextConfiguration nor @ContextHierarchy found for test class [com.secondhand.tradingplatformgeccocontroller.TradingplatformGeccoControllerApplicationTests], using SpringBootContextLoader
2019-03-23 01:01:07.274 [main] INFO  org.springframework.test.context.support.AbstractContextLoader - Could not detect default resource locations for test class [com.secondhand.tradingplatformgeccocontroller.TradingplatformGeccoControllerApplicationTests]: no resource found for suffixes {-context.xml, Context.groovy}.
2019-03-23 01:01:07.275 [main] INFO  org.springframework.test.context.support.AnnotationConfigContextLoaderUtils - Could not detect default configuration classes for test class [com.secondhand.tradingplatformgeccocontroller.TradingplatformGeccoControllerApplicationTests]: TradingplatformGeccoControllerApplicationTests does not declare any static, non-private, non-final, nested classes annotated with @Configuration.
2019-03-23 01:01:07.431 [main] INFO  org.springframework.boot.test.context.SpringBootTestContextBootstrapper - Found @SpringBootConfiguration com.secondhand.tradingplatformgeccocontroller.TradingplatformGeccoControllerApplication for test class com.secondhand.tradingplatformgeccocontroller.TradingplatformGeccoControllerApplicationTests
2019-03-23 01:01:07.613 [main] INFO  org.springframework.boot.test.context.SpringBootTestContextBootstrapper - Loaded default TestExecutionListener class names from location [META-INF/spring.factories]: [org.springframework.boot.test.mock.mockito.MockitoTestExecutionListener, org.springframework.boot.test.mock.mockito.ResetMocksTestExecutionListener, org.springframework.boot.test.autoconfigure.restdocs.RestDocsTestExecutionListener, org.springframework.boot.test.autoconfigure.web.client.MockRestServiceServerResetTestExecutionListener, org.springframework.boot.test.autoconfigure.web.servlet.MockMvcPrintOnlyOnFailureTestExecutionListener, org.springframework.boot.test.autoconfigure.web.servlet.WebDriverTestExecutionListener, org.springframework.test.context.web.ServletTestExecutionListener, org.springframework.test.context.support.DirtiesContextBeforeModesTestExecutionListener, org.springframework.test.context.support.DependencyInjectionTestExecutionListener, org.springframework.test.context.support.DirtiesContextTestExecutionListener, org.springframework.test.context.transaction.TransactionalTestExecutionListener, org.springframework.test.context.jdbc.SqlScriptsTestExecutionListener]
2019-03-23 01:01:07.641 [main] INFO  org.springframework.boot.test.context.SpringBootTestContextBootstrapper - Using TestExecutionListeners: [org.springframework.test.context.web.ServletTestExecutionListener@14c01636, org.springframework.test.context.support.DirtiesContextBeforeModesTestExecutionListener@590c73d3, org.springframework.boot.test.mock.mockito.MockitoTestExecutionListener@6b9ce1bf, org.springframework.boot.test.autoconfigure.SpringBootDependencyInjectionTestExecutionListener@61884cb1, org.springframework.test.context.support.DirtiesContextTestExecutionListener@75ed9710, org.springframework.test.context.transaction.TransactionalTestExecutionListener@4fc5e095, org.springframework.test.context.jdbc.SqlScriptsTestExecutionListener@435871cb, org.springframework.boot.test.mock.mockito.ResetMocksTestExecutionListener@609640d5, org.springframework.boot.test.autoconfigure.restdocs.RestDocsTestExecutionListener@79da1ec0, org.springframework.boot.test.autoconfigure.web.client.MockRestServiceServerResetTestExecutionListener@19fb8826, org.springframework.boot.test.autoconfigure.web.servlet.MockMvcPrintOnlyOnFailureTestExecutionListener@192d74fb, org.springframework.boot.test.autoconfigure.web.servlet.WebDriverTestExecutionListener@4bef0fe3]
2019-03-23 01:01:08.114 [main] INFO  com.secondhand.tradingplatformgeccocontroller.TradingplatformGeccoControllerApplicationTests - Starting TradingplatformGeccoControllerApplicationTests on ojbk with PID 8092 (started by 81079_000 in G:\idea\tradingplatform\tradingplatform-gecco\tradingplatform-gecco-controller)
2019-03-23 01:01:08.115 [main] INFO  com.secondhand.tradingplatformgeccocontroller.TradingplatformGeccoControllerApplicationTests - The following profiles are active: personal
2019-03-23 01:01:08.162 [main] INFO  org.springframework.web.context.support.GenericWebApplicationContext - Refreshing org.springframework.web.context.support.GenericWebApplicationContext@7544a1e4: startup date [Sat Mar 23 01:01:08 CST 2019]; root of context hierarchy
2019-03-23 01:01:09.762 [main] INFO  org.springframework.data.repository.config.RepositoryConfigurationDelegate - Multiple Spring Data modules found, entering strict repository configuration mode!
2019-03-23 01:01:10.563 [main] INFO  org.springframework.context.support.PostProcessorRegistrationDelegate$BeanPostProcessorChecker - Bean 'org.springframework.boot.context.properties.ConversionServiceDeducer$Factory' of type [org.springframework.boot.context.properties.ConversionServiceDeducer$Factory] is not eligible for getting processed by all BeanPostProcessors (for example: not eligible for auto-proxying)
2019-03-23 01:01:10.577 [main] INFO  org.springframework.context.support.PostProcessorRegistrationDelegate$BeanPostProcessorChecker - Bean 'taskExecutorConfig' of type [com.secondhand.tradingplatformgeccocontroller.config.TaskExecutorConfig$$EnhancerBySpringCGLIB$$684ae6de] is not eligible for getting processed by all BeanPostProcessors (for example: not eligible for auto-proxying)
2019-03-23 01:01:10.684 [main] INFO  org.springframework.context.support.PostProcessorRegistrationDelegate$BeanPostProcessorChecker - Bean 'com.alibaba.druid.spring.boot.autoconfigure.stat.DruidSpringAopConfiguration' of type [com.alibaba.druid.spring.boot.autoconfigure.stat.DruidSpringAopConfiguration] is not eligible for getting processed by all BeanPostProcessors (for example: not eligible for auto-proxying)
2019-03-23 01:01:10.759 [main] INFO  org.springframework.context.support.PostProcessorRegistrationDelegate$BeanPostProcessorChecker - Bean 'redisConfig' of type [com.secondhand.tradingplatformgeccocontroller.config.RedisConfig$$EnhancerBySpringCGLIB$$74497e37] is not eligible for getting processed by all BeanPostProcessors (for example: not eligible for auto-proxying)
2019-03-23 01:01:10.770 [main] INFO  org.springframework.context.support.PostProcessorRegistrationDelegate$BeanPostProcessorChecker - Bean 'org.springframework.transaction.annotation.ProxyTransactionManagementConfiguration' of type [org.springframework.transaction.annotation.ProxyTransactionManagementConfiguration$$EnhancerBySpringCGLIB$$5ecab0aa] is not eligible for getting processed by all BeanPostProcessors (for example: not eligible for auto-proxying)
2019-03-23 01:01:10.790 [main] INFO  org.springframework.context.support.PostProcessorRegistrationDelegate$BeanPostProcessorChecker - Bean 'spring.datasource.druid-com.alibaba.druid.spring.boot.autoconfigure.properties.DruidStatProperties' of type [com.alibaba.druid.spring.boot.autoconfigure.properties.DruidStatProperties] is not eligible for getting processed by all BeanPostProcessors (for example: not eligible for auto-proxying)
2019-03-23 01:01:10.886 [main] INFO  org.springframework.context.support.PostProcessorRegistrationDelegate$BeanPostProcessorChecker - Bean 'advisor' of type [org.springframework.aop.support.RegexpMethodPointcutAdvisor] is not eligible for getting processed by all BeanPostProcessors (for example: not eligible for auto-proxying)
2019-03-23 01:01:12.230 [main] INFO  com.alibaba.druid.pool.DruidDataSource - {dataSource-1} inited
2019-03-23 01:01:13.529 [main] INFO  org.springframework.web.servlet.mvc.method.annotation.RequestMappingHandlerMapping - Mapped "{[/front/test/delete],methods=[PUT],consumes=[application/json],produces=[application/json]}" onto public com.secondhand.tradingplatformcommon.jsonResult.JsonResult<com.secondhand.tradingplatformgeccoentity.entity.Test> com.secondhand.tradingplatformgeccocontroller.controller.TestController.fakeDeleteById(java.lang.Long)
2019-03-23 01:01:13.531 [main] INFO  org.springframework.web.servlet.mvc.method.annotation.RequestMappingHandlerMapping - Mapped "{[/front/test/create_update],methods=[POST],consumes=[application/json],produces=[application/json]}" onto public com.secondhand.tradingplatformcommon.jsonResult.JsonResult<com.secondhand.tradingplatformgeccoentity.entity.Test> com.secondhand.tradingplatformgeccocontroller.controller.TestController.testCreateUpdate(com.secondhand.tradingplatformgeccoentity.entity.Test)
2019-03-23 01:01:13.532 [main] INFO  org.springframework.web.servlet.mvc.method.annotation.RequestMappingHandlerMapping - Mapped "{[/front/test/query],methods=[POST],consumes=[application/json],produces=[application/json]}" onto public com.secondhand.tradingplatformcommon.jsonResult.TableJson<java.util.Map<java.lang.String, java.lang.Object>> com.secondhand.tradingplatformgeccocontroller.controller.TestController.getTestList(com.secondhand.tradingplatformgeccoentity.entity.Test)
2019-03-23 01:01:13.532 [main] INFO  org.springframework.web.servlet.mvc.method.annotation.RequestMappingHandlerMapping - Mapped "{[/front/test/batch_delete],methods=[PUT],consumes=[application/json],produces=[application/json]}" onto public com.secondhand.tradingplatformcommon.jsonResult.JsonResult<com.secondhand.tradingplatformgeccoentity.entity.Test> com.secondhand.tradingplatformgeccocontroller.controller.TestController.fakeBatchDelete(java.util.List<java.lang.Long>)
2019-03-23 01:01:13.533 [main] INFO  org.springframework.web.servlet.mvc.method.annotation.RequestMappingHandlerMapping - Mapped "{[/front/test/get_map_by_id/{testId}],methods=[GET],produces=[application/json]}" onto public com.secondhand.tradingplatformcommon.jsonResult.JsonResult<java.util.Map<java.lang.String, java.lang.Object>> com.secondhand.tradingplatformgeccocontroller.controller.TestController.getTestByIdForMap(java.lang.Long)
2019-03-23 01:01:13.538 [main] INFO  org.springframework.web.servlet.mvc.method.annotation.RequestMappingHandlerMapping - Mapped "{[/swagger-resources/configuration/ui]}" onto public org.springframework.http.ResponseEntity<springfox.documentation.swagger.web.UiConfiguration> springfox.documentation.swagger.web.ApiResourceController.uiConfiguration()
2019-03-23 01:01:13.540 [main] INFO  org.springframework.web.servlet.mvc.method.annotation.RequestMappingHandlerMapping - Mapped "{[/swagger-resources]}" onto public org.springframework.http.ResponseEntity<java.util.List<springfox.documentation.swagger.web.SwaggerResource>> springfox.documentation.swagger.web.ApiResourceController.swaggerResources()
2019-03-23 01:01:13.540 [main] INFO  org.springframework.web.servlet.mvc.method.annotation.RequestMappingHandlerMapping - Mapped "{[/swagger-resources/configuration/security]}" onto public org.springframework.http.ResponseEntity<springfox.documentation.swagger.web.SecurityConfiguration> springfox.documentation.swagger.web.ApiResourceController.securityConfiguration()
2019-03-23 01:01:13.547 [main] INFO  org.springframework.web.servlet.mvc.method.annotation.RequestMappingHandlerMapping - Mapped "{[/error]}" onto public org.springframework.http.ResponseEntity<java.util.Map<java.lang.String, java.lang.Object>> org.springframework.boot.autoconfigure.web.servlet.error.BasicErrorController.error(javax.servlet.http.HttpServletRequest)
2019-03-23 01:01:13.547 [main] INFO  org.springframework.web.servlet.mvc.method.annotation.RequestMappingHandlerMapping - Mapped "{[/error],produces=[text/html]}" onto public org.springframework.web.servlet.ModelAndView org.springframework.boot.autoconfigure.web.servlet.error.BasicErrorController.errorHtml(javax.servlet.http.HttpServletRequest,javax.servlet.http.HttpServletResponse)
2019-03-23 01:01:14.574 [main] INFO  springfox.documentation.spring.web.PropertySourcedRequestMappingHandlerMapping - Mapped URL path [/v2/api-docs] onto method [public org.springframework.http.ResponseEntity<springfox.documentation.spring.web.json.Json> springfox.documentation.swagger2.web.Swagger2Controller.getDocumentation(java.lang.String,javax.servlet.http.HttpServletRequest)]
2019-03-23 01:01:14.627 [main] INFO  org.springframework.scheduling.concurrent.ThreadPoolTaskExecutor - Initializing ExecutorService  'taskExecutor'
2019-03-23 01:01:14.811 [main] INFO  org.springframework.scheduling.concurrent.ThreadPoolTaskExecutor - Initializing ExecutorService  'clientInboundChannelExecutor'
2019-03-23 01:01:14.823 [main] INFO  org.springframework.scheduling.concurrent.ThreadPoolTaskExecutor - Initializing ExecutorService  'clientOutboundChannelExecutor'
2019-03-23 01:01:14.851 [main] INFO  org.springframework.scheduling.concurrent.ThreadPoolTaskScheduler - Initializing ExecutorService  'messageBrokerTaskScheduler'
2019-03-23 01:01:14.935 [main] INFO  org.springframework.web.socket.server.support.WebSocketHandlerMapping - Mapped URL path [/ws/**] onto handler of type [class org.springframework.web.socket.sockjs.support.SockJsHttpRequestHandler]
2019-03-23 01:01:14.956 [main] INFO  org.springframework.scheduling.concurrent.ThreadPoolTaskExecutor - Initializing ExecutorService  'brokerChannelExecutor'
2019-03-23 01:01:15.753 [main] INFO  org.springframework.web.servlet.mvc.method.annotation.RequestMappingHandlerAdapter - Looking for @ControllerAdvice: org.springframework.web.context.support.GenericWebApplicationContext@7544a1e4: startup date [Sat Mar 23 01:01:08 CST 2019]; root of context hierarchy
2019-03-23 01:01:15.885 [main] INFO  org.springframework.web.servlet.handler.SimpleUrlHandlerMapping - Mapped URL path [/webjars/**] onto handler of type [class org.springframework.web.servlet.resource.ResourceHttpRequestHandler]
2019-03-23 01:01:15.885 [main] INFO  org.springframework.web.servlet.handler.SimpleUrlHandlerMapping - Mapped URL path [/**] onto handler of type [class org.springframework.web.servlet.resource.ResourceHttpRequestHandler]
2019-03-23 01:01:16.656 [main] INFO  org.springframework.ui.freemarker.SpringTemplateLoader - SpringTemplateLoader for FreeMarker: using resource loader [org.springframework.web.context.support.GenericWebApplicationContext@7544a1e4: startup date [Sat Mar 23 01:01:08 CST 2019]; root of context hierarchy] and template loader path [classpath:/templates/]
2019-03-23 01:01:16.658 [main] INFO  org.springframework.web.servlet.view.freemarker.FreeMarkerConfigurer - ClassTemplateLoader for Spring macros added to FreeMarker configuration
2019-03-23 01:01:16.967 [main] INFO  io.lettuce.core.EpollProvider - Starting without optional epoll library
2019-03-23 01:01:16.970 [main] INFO  io.lettuce.core.KqueueProvider - Starting without optional kqueue library
2019-03-23 01:01:18.144 [main] INFO  org.springframework.context.support.DefaultLifecycleProcessor - Starting beans in phase 2147483647
2019-03-23 01:01:18.145 [main] INFO  springfox.documentation.spring.web.plugins.DocumentationPluginsBootstrapper - Context refreshed
2019-03-23 01:01:18.179 [main] INFO  springfox.documentation.spring.web.plugins.DocumentationPluginsBootstrapper - Found 1 custom documentation plugin(s)
2019-03-23 01:01:18.245 [main] INFO  springfox.documentation.spring.web.scanners.ApiListingReferenceScanner - Scanning for api listing references
2019-03-23 01:01:18.663 [main] INFO  org.springframework.messaging.simp.broker.SimpleBrokerMessageHandler - Starting...
2019-03-23 01:01:18.664 [main] INFO  org.springframework.messaging.simp.broker.SimpleBrokerMessageHandler - BrokerAvailabilityEvent[available=true, SimpleBrokerMessageHandler [DefaultSubscriptionRegistry[cache[0 destination(s)], registry[0 sessions]]]]
2019-03-23 01:01:18.665 [main] INFO  org.springframework.messaging.simp.broker.SimpleBrokerMessageHandler - Started.
2019-03-23 01:01:18.754 [main] INFO  com.secondhand.tradingplatformgeccocontroller.TradingplatformGeccoControllerApplicationTests - Started TradingplatformGeccoControllerApplicationTests in 11.021 seconds (JVM running for 13.327)
2019-03-23 01:01:18.898 [Thread-2] INFO  org.springframework.web.context.support.GenericWebApplicationContext - Closing org.springframework.web.context.support.GenericWebApplicationContext@7544a1e4: startup date [Sat Mar 23 01:01:08 CST 2019]; root of context hierarchy
2019-03-23 01:01:18.901 [Thread-2] INFO  org.springframework.context.support.DefaultLifecycleProcessor - Stopping beans in phase 2147483647
2019-03-23 01:01:18.903 [Thread-2] INFO  org.springframework.messaging.simp.broker.SimpleBrokerMessageHandler - Stopping...
2019-03-23 01:01:18.903 [Thread-2] INFO  org.springframework.messaging.simp.broker.SimpleBrokerMessageHandler - BrokerAvailabilityEvent[available=false, SimpleBrokerMessageHandler [DefaultSubscriptionRegistry[cache[0 destination(s)], registry[0 sessions]]]]
2019-03-23 01:01:18.903 [Thread-2] INFO  org.springframework.messaging.simp.broker.SimpleBrokerMessageHandler - Stopped.
2019-03-23 01:01:18.911 [Thread-2] INFO  org.springframework.scheduling.concurrent.ThreadPoolTaskExecutor - Shutting down ExecutorService 'brokerChannelExecutor'
2019-03-23 01:01:18.913 [Thread-2] INFO  org.springframework.scheduling.concurrent.ThreadPoolTaskScheduler - Shutting down ExecutorService 'messageBrokerTaskScheduler'
2019-03-23 01:01:18.915 [Thread-2] INFO  org.springframework.scheduling.concurrent.ThreadPoolTaskExecutor - Shutting down ExecutorService 'clientOutboundChannelExecutor'
2019-03-23 01:01:18.915 [Thread-2] INFO  org.springframework.scheduling.concurrent.ThreadPoolTaskExecutor - Shutting down ExecutorService 'clientInboundChannelExecutor'
2019-03-23 01:01:18.915 [Thread-2] INFO  org.springframework.scheduling.concurrent.ThreadPoolTaskExecutor - Shutting down ExecutorService 'taskExecutor'
2019-03-23 01:01:20.045 [Thread-2] INFO  com.alibaba.druid.pool.DruidDataSource - {dataSource-1} closed
