2018-10-10 16:58:56.994 [main] INFO  com.secondhand.tradingplatformadmincontroller.TradingplatformAdminControllerApplication - Starting TradingplatformAdminControllerApplication on DESKTOP-K9S046H with PID 776 (D:\spring\tradingplatform\tradingplatform\tradingplatform-admin\tradingplatform-admin-controller\target\classes started by 81079 in D:\spring\tradingplatform\tradingplatform)
2018-10-10 16:58:57.000 [main] INFO  com.secondhand.tradingplatformadmincontroller.TradingplatformAdminControllerApplication - No active profile set, falling back to default profiles: default
2018-10-10 16:58:57.054 [main] INFO  org.springframework.boot.web.servlet.context.AnnotationConfigServletWebServerApplicationContext - Refreshing org.springframework.boot.web.servlet.context.AnnotationConfigServletWebServerApplicationContext@6ccdb29f: startup date [Wed Oct 10 16:58:57 CST 2018]; root of context hierarchy
2018-10-10 16:58:59.284 [main] INFO  org.springframework.context.support.PostProcessorRegistrationDelegate$BeanPostProcessorChecker - Bean 'com.alibaba.druid.spring.boot.autoconfigure.stat.DruidSpringAopConfiguration' of type [com.alibaba.druid.spring.boot.autoconfigure.stat.DruidSpringAopConfiguration] is not eligible for getting processed by all BeanPostProcessors (for example: not eligible for auto-proxying)
2018-10-10 16:58:59.329 [main] INFO  org.springframework.context.support.PostProcessorRegistrationDelegate$BeanPostProcessorChecker - Bean 'org.springframework.transaction.annotation.ProxyTransactionManagementConfiguration' of type [org.springframework.transaction.annotation.ProxyTransactionManagementConfiguration$$EnhancerBySpringCGLIB$$9496d901] is not eligible for getting processed by all BeanPostProcessors (for example: not eligible for auto-proxying)
2018-10-10 16:58:59.341 [main] INFO  org.springframework.context.support.PostProcessorRegistrationDelegate$BeanPostProcessorChecker - Bean 'org.springframework.boot.context.properties.ConversionServiceDeducer$Factory' of type [org.springframework.boot.context.properties.ConversionServiceDeducer$Factory] is not eligible for getting processed by all BeanPostProcessors (for example: not eligible for auto-proxying)
2018-10-10 16:58:59.371 [main] INFO  org.springframework.context.support.PostProcessorRegistrationDelegate$BeanPostProcessorChecker - Bean 'spring.datasource.druid-com.alibaba.druid.spring.boot.autoconfigure.properties.DruidStatProperties' of type [com.alibaba.druid.spring.boot.autoconfigure.properties.DruidStatProperties] is not eligible for getting processed by all BeanPostProcessors (for example: not eligible for auto-proxying)
2018-10-10 16:58:59.413 [main] INFO  org.springframework.context.support.PostProcessorRegistrationDelegate$BeanPostProcessorChecker - Bean 'advisor' of type [org.springframework.aop.support.RegexpMethodPointcutAdvisor] is not eligible for getting processed by all BeanPostProcessors (for example: not eligible for auto-proxying)
2018-10-10 16:59:00.434 [main] INFO  org.springframework.boot.web.embedded.tomcat.TomcatWebServer - Tomcat initialized with port(s): 8080 (http)
2018-10-10 16:59:00.449 [main] INFO  org.apache.coyote.http11.Http11NioProtocol - Initializing ProtocolHandler ["http-nio-8080"]
2018-10-10 16:59:00.495 [main] INFO  org.apache.catalina.core.StandardService - Starting service [Tomcat]
2018-10-10 16:59:00.496 [main] INFO  org.apache.catalina.core.StandardEngine - Starting Servlet Engine: Apache Tomcat/8.5.34
2018-10-10 16:59:00.500 [localhost-startStop-1] INFO  org.apache.catalina.core.AprLifecycleListener - The APR based Apache Tomcat Native library which allows optimal performance in production environments was not found on the java.library.path: [E:\Installation\jdk1.8\jdk1.8\bin;C:\Windows\Sun\Java\bin;C:\Windows\system32;C:\Windows;C:\ProgramData\Oracle\Java\javapath;C:\Windows\system32;C:\Windows;C:\Windows\System32\Wbem;C:\Windows\System32\WindowsPowerShell\v1.0\;C:\Windows\System32\OpenSSH\;E:\Installation\jdk1.8\jdk1.8\bin;E:\Installation\jdk1.8\jdk1.8\jre\bin;E:\Installation\maven3.5\apache-maven-3.5.3\bin;E:\Installation\git\Git\cmd;E:\installation_package\mysql\mysql-5.7.9-winx64\bin;E:\Installation\python3.6;E:\Installation\SVN\bin;E:\Installation\node\;E:\Installation\phantomjs\phantomjs-2.1.1-windows\bin;E:\Installation\erlang\erl10.0.1\bin;E:\Installation\python3.6\Scripts\;E:\Installation\python3.6\;C:\Users\81079\AppData\Local\Microsoft\WindowsApps;C:\Users\81079\AppData\Roaming\npm;E:\Installation\node\node_global;;.]
2018-10-10 16:59:00.778 [localhost-startStop-1] INFO  org.apache.catalina.core.ContainerBase.[Tomcat].[localhost].[/] - Initializing Spring embedded WebApplicationContext
2018-10-10 16:59:00.778 [localhost-startStop-1] INFO  org.springframework.web.context.ContextLoader - Root WebApplicationContext: initialization completed in 3724 ms
2018-10-10 16:59:00.871 [localhost-startStop-1] INFO  org.springframework.boot.web.servlet.ServletRegistrationBean - Servlet dispatcherServlet mapped to [/]
2018-10-10 16:59:00.872 [localhost-startStop-1] INFO  org.springframework.boot.web.servlet.ServletRegistrationBean - Servlet statViewServlet mapped to [/druid/*]
2018-10-10 16:59:00.876 [localhost-startStop-1] INFO  org.springframework.boot.web.servlet.FilterRegistrationBean - Mapping filter: 'characterEncodingFilter' to: [/*]
2018-10-10 16:59:00.877 [localhost-startStop-1] INFO  org.springframework.boot.web.servlet.FilterRegistrationBean - Mapping filter: 'webStatFilter' to urls: [/*]
2018-10-10 16:59:02.072 [main] INFO  com.alibaba.druid.pool.DruidDataSource - {dataSource-1} inited
2018-10-10 16:59:02.880 [main] INFO  org.springframework.web.servlet.mvc.method.annotation.RequestMappingHandlerMapping - Mapped "{[/admin/user/get_map_by_id/{userId}],methods=[GET],produces=[application/json]}" onto public com.secondhand.tradingplatformcommon.util.JsonResult.JsonResult<java.util.Map<java.lang.String, java.lang.Object>> com.secondhand.tradingplatformadmincontroller.controller.UserController.getUserByIdForMap(java.lang.Long)
2018-10-10 16:59:02.881 [main] INFO  org.springframework.web.servlet.mvc.method.annotation.RequestMappingHandlerMapping - Mapped "{[/admin/user/batch_delete],methods=[PUT],consumes=[application/json],produces=[application/json]}" onto public com.secondhand.tradingplatformcommon.util.JsonResult.JsonResult<com.secondhand.tradingplatformadminentity.entity.User> com.secondhand.tradingplatformadmincontroller.controller.UserController.fakeBatchDelete(java.util.List<java.lang.Long>)
2018-10-10 16:59:02.881 [main] INFO  org.springframework.web.servlet.mvc.method.annotation.RequestMappingHandlerMapping - Mapped "{[/admin/user/create_update],methods=[PUT],consumes=[application/json],produces=[application/json]}" onto public com.secondhand.tradingplatformcommon.util.JsonResult.JsonResult<com.secondhand.tradingplatformadminentity.entity.User> com.secondhand.tradingplatformadmincontroller.controller.UserController.userCreateUpdate(com.secondhand.tradingplatformadminentity.entity.User)
2018-10-10 16:59:02.881 [main] INFO  org.springframework.web.servlet.mvc.method.annotation.RequestMappingHandlerMapping - Mapped "{[/admin/user/delete],methods=[PUT],consumes=[application/json],produces=[application/json]}" onto public com.secondhand.tradingplatformcommon.util.JsonResult.JsonResult<com.secondhand.tradingplatformadminentity.entity.User> com.secondhand.tradingplatformadmincontroller.controller.UserController.fakeDeleteById(java.lang.Long)
2018-10-10 16:59:02.882 [main] INFO  org.springframework.web.servlet.mvc.method.annotation.RequestMappingHandlerMapping - Mapped "{[/admin/user/query],methods=[POST],consumes=[application/json],produces=[application/json]}" onto public com.secondhand.tradingplatformcommon.util.JsonResult.TableJson<com.secondhand.tradingplatformadminentity.entity.User> com.secondhand.tradingplatformadmincontroller.controller.UserController.getUserList(com.secondhand.tradingplatformadminentity.entity.User)
2018-10-10 16:59:02.882 [main] INFO  org.springframework.web.servlet.mvc.method.annotation.RequestMappingHandlerMapping - Mapped "{[/admin/user/get_by_id/{userId}],methods=[GET],produces=[application/json]}" onto public com.secondhand.tradingplatformcommon.util.JsonResult.JsonResult<com.secondhand.tradingplatformadminentity.entity.User> com.secondhand.tradingplatformadmincontroller.controller.UserController.getUserById(java.lang.Long)
2018-10-10 16:59:02.886 [main] INFO  org.springframework.web.servlet.mvc.method.annotation.RequestMappingHandlerMapping - Mapped "{[/swagger-resources/configuration/ui]}" onto public org.springframework.http.ResponseEntity<springfox.documentation.swagger.web.UiConfiguration> springfox.documentation.swagger.web.ApiResourceController.uiConfiguration()
2018-10-10 16:59:02.887 [main] INFO  org.springframework.web.servlet.mvc.method.annotation.RequestMappingHandlerMapping - Mapped "{[/swagger-resources]}" onto public org.springframework.http.ResponseEntity<java.util.List<springfox.documentation.swagger.web.SwaggerResource>> springfox.documentation.swagger.web.ApiResourceController.swaggerResources()
2018-10-10 16:59:02.887 [main] INFO  org.springframework.web.servlet.mvc.method.annotation.RequestMappingHandlerMapping - Mapped "{[/swagger-resources/configuration/security]}" onto public org.springframework.http.ResponseEntity<springfox.documentation.swagger.web.SecurityConfiguration> springfox.documentation.swagger.web.ApiResourceController.securityConfiguration()
2018-10-10 16:59:02.891 [main] INFO  org.springframework.web.servlet.mvc.method.annotation.RequestMappingHandlerMapping - Mapped "{[/error]}" onto public org.springframework.http.ResponseEntity<java.util.Map<java.lang.String, java.lang.Object>> org.springframework.boot.autoconfigure.web.servlet.error.BasicErrorController.error(javax.servlet.http.HttpServletRequest)
2018-10-10 16:59:02.891 [main] INFO  org.springframework.web.servlet.mvc.method.annotation.RequestMappingHandlerMapping - Mapped "{[/error],produces=[text/html]}" onto public org.springframework.web.servlet.ModelAndView org.springframework.boot.autoconfigure.web.servlet.error.BasicErrorController.errorHtml(javax.servlet.http.HttpServletRequest,javax.servlet.http.HttpServletResponse)
2018-10-10 16:59:03.084 [main] INFO  springfox.documentation.spring.web.PropertySourcedRequestMappingHandlerMapping - Mapped URL path [/v2/api-docs] onto method [public org.springframework.http.ResponseEntity<springfox.documentation.spring.web.json.Json> springfox.documentation.swagger2.web.Swagger2Controller.getDocumentation(java.lang.String,javax.servlet.http.HttpServletRequest)]
2018-10-10 16:59:03.223 [main] INFO  org.springframework.web.servlet.mvc.method.annotation.RequestMappingHandlerAdapter - Looking for @ControllerAdvice: org.springframework.boot.web.servlet.context.AnnotationConfigServletWebServerApplicationContext@6ccdb29f: startup date [Wed Oct 10 16:58:57 CST 2018]; root of context hierarchy
2018-10-10 16:59:03.659 [main] INFO  org.springframework.ui.freemarker.SpringTemplateLoader - SpringTemplateLoader for FreeMarker: using resource loader [org.springframework.boot.web.servlet.context.AnnotationConfigServletWebServerApplicationContext@6ccdb29f: startup date [Wed Oct 10 16:58:57 CST 2018]; root of context hierarchy] and template loader path [classpath:/templates/]
2018-10-10 16:59:03.660 [main] INFO  org.springframework.web.servlet.view.freemarker.FreeMarkerConfigurer - ClassTemplateLoader for Spring macros added to FreeMarker configuration
2018-10-10 16:59:04.301 [main] INFO  org.springframework.jmx.export.annotation.AnnotationMBeanExporter - Registering beans for JMX exposure on startup
2018-10-10 16:59:04.302 [main] INFO  org.springframework.jmx.export.annotation.AnnotationMBeanExporter - Bean with name 'dataSource' has been autodetected for JMX exposure
2018-10-10 16:59:04.302 [main] INFO  org.springframework.jmx.export.annotation.AnnotationMBeanExporter - Bean with name 'statFilter' has been autodetected for JMX exposure
2018-10-10 16:59:04.303 [main] INFO  org.springframework.jmx.export.annotation.AnnotationMBeanExporter - Bean with name 'slf4jLogFilter' has been autodetected for JMX exposure
2018-10-10 16:59:04.303 [main] INFO  org.springframework.jmx.export.annotation.AnnotationMBeanExporter - Bean with name 'wallConfig' has been autodetected for JMX exposure
2018-10-10 16:59:04.303 [main] INFO  org.springframework.jmx.export.annotation.AnnotationMBeanExporter - Bean with name 'wallFilter' has been autodetected for JMX exposure
2018-10-10 16:59:04.310 [main] INFO  org.springframework.jmx.export.annotation.AnnotationMBeanExporter - Located MBean 'slf4jLogFilter': registering with JMX server as MBean [com.alibaba.druid.filter.logging:name=slf4jLogFilter,type=Slf4jLogFilter]
2018-10-10 16:59:04.311 [main] INFO  org.springframework.jmx.export.annotation.AnnotationMBeanExporter - Located MBean 'wallConfig': registering with JMX server as MBean [com.alibaba.druid.wall:name=wallConfig,type=WallConfig]
2018-10-10 16:59:04.313 [main] INFO  org.springframework.jmx.export.annotation.AnnotationMBeanExporter - Located MBean 'dataSource': registering with JMX server as MBean [com.alibaba.druid.spring.boot.autoconfigure:name=dataSource,type=DruidDataSourceWrapper]
2018-10-10 16:59:04.314 [main] INFO  org.springframework.jmx.export.annotation.AnnotationMBeanExporter - Located MBean 'wallFilter': registering with JMX server as MBean [com.alibaba.druid.wall:name=wallFilter,type=WallFilter]
2018-10-10 16:59:04.315 [main] INFO  org.springframework.jmx.export.annotation.AnnotationMBeanExporter - Located MBean 'statFilter': registering with JMX server as MBean [com.alibaba.druid.filter.stat:name=statFilter,type=StatFilter]
2018-10-10 16:59:04.320 [main] INFO  org.springframework.context.support.DefaultLifecycleProcessor - Starting beans in phase 2147483647
2018-10-10 16:59:04.320 [main] INFO  springfox.documentation.spring.web.plugins.DocumentationPluginsBootstrapper - Context refreshed
2018-10-10 16:59:04.341 [main] INFO  springfox.documentation.spring.web.plugins.DocumentationPluginsBootstrapper - Found 1 custom documentation plugin(s)
2018-10-10 16:59:04.398 [main] INFO  springfox.documentation.spring.web.scanners.ApiListingReferenceScanner - Scanning for api listing references
2018-10-10 16:59:04.710 [main] INFO  org.apache.coyote.http11.Http11NioProtocol - Starting ProtocolHandler ["http-nio-8080"]
2018-10-10 16:59:04.721 [main] INFO  org.apache.tomcat.util.net.NioSelectorPool - Using a shared selector for servlet write/read
2018-10-10 16:59:04.744 [main] INFO  org.springframework.boot.web.embedded.tomcat.TomcatWebServer - Tomcat started on port(s): 8080 (http) with context path ''
2018-10-10 16:59:04.749 [main] INFO  com.secondhand.tradingplatformadmincontroller.TradingplatformAdminControllerApplication - Started TradingplatformAdminControllerApplication in 8.412 seconds (JVM running for 10.267)
2018-10-10 16:59:17.719 [http-nio-8080-exec-1] INFO  org.apache.catalina.core.ContainerBase.[Tomcat].[localhost].[/] - Initializing Spring FrameworkServlet 'dispatcherServlet'
2018-10-10 16:59:17.719 [http-nio-8080-exec-1] INFO  org.springframework.web.servlet.DispatcherServlet - FrameworkServlet 'dispatcherServlet': initialization started
2018-10-10 16:59:17.746 [http-nio-8080-exec-1] INFO  org.springframework.web.servlet.DispatcherServlet - FrameworkServlet 'dispatcherServlet': initialization completed in 27 ms
2018-10-10 19:09:24.617 [main] INFO  com.secondhand.tradingplatformadmincontroller.TradingplatformAdminControllerApplication - Starting TradingplatformAdminControllerApplication on DESKTOP-K9S046H with PID 3052 (D:\spring\tradingplatform\tradingplatform\tradingplatform-admin\tradingplatform-admin-controller\target\classes started by 81079 in D:\spring\tradingplatform\tradingplatform)
2018-10-10 19:09:24.621 [main] INFO  com.secondhand.tradingplatformadmincontroller.TradingplatformAdminControllerApplication - No active profile set, falling back to default profiles: default
2018-10-10 19:09:24.665 [main] INFO  org.springframework.boot.web.servlet.context.AnnotationConfigServletWebServerApplicationContext - Refreshing org.springframework.boot.web.servlet.context.AnnotationConfigServletWebServerApplicationContext@6436a7db: startup date [Wed Oct 10 19:09:24 CST 2018]; root of context hierarchy
2018-10-10 19:09:26.610 [main] INFO  org.springframework.context.support.PostProcessorRegistrationDelegate$BeanPostProcessorChecker - Bean 'com.alibaba.druid.spring.boot.autoconfigure.stat.DruidSpringAopConfiguration' of type [com.alibaba.druid.spring.boot.autoconfigure.stat.DruidSpringAopConfiguration] is not eligible for getting processed by all BeanPostProcessors (for example: not eligible for auto-proxying)
2018-10-10 19:09:26.651 [main] INFO  org.springframework.context.support.PostProcessorRegistrationDelegate$BeanPostProcessorChecker - Bean 'org.springframework.transaction.annotation.ProxyTransactionManagementConfiguration' of type [org.springframework.transaction.annotation.ProxyTransactionManagementConfiguration$$EnhancerBySpringCGLIB$$d8a8512e] is not eligible for getting processed by all BeanPostProcessors (for example: not eligible for auto-proxying)
2018-10-10 19:09:26.661 [main] INFO  org.springframework.context.support.PostProcessorRegistrationDelegate$BeanPostProcessorChecker - Bean 'org.springframework.boot.context.properties.ConversionServiceDeducer$Factory' of type [org.springframework.boot.context.properties.ConversionServiceDeducer$Factory] is not eligible for getting processed by all BeanPostProcessors (for example: not eligible for auto-proxying)
2018-10-10 19:09:26.676 [main] INFO  org.springframework.context.support.PostProcessorRegistrationDelegate$BeanPostProcessorChecker - Bean 'spring.datasource.druid-com.alibaba.druid.spring.boot.autoconfigure.properties.DruidStatProperties' of type [com.alibaba.druid.spring.boot.autoconfigure.properties.DruidStatProperties] is not eligible for getting processed by all BeanPostProcessors (for example: not eligible for auto-proxying)
2018-10-10 19:09:26.709 [main] INFO  org.springframework.context.support.PostProcessorRegistrationDelegate$BeanPostProcessorChecker - Bean 'advisor' of type [org.springframework.aop.support.RegexpMethodPointcutAdvisor] is not eligible for getting processed by all BeanPostProcessors (for example: not eligible for auto-proxying)
2018-10-10 19:09:27.275 [main] INFO  org.springframework.boot.web.embedded.tomcat.TomcatWebServer - Tomcat initialized with port(s): 8080 (http)
2018-10-10 19:09:27.288 [main] INFO  org.apache.coyote.http11.Http11NioProtocol - Initializing ProtocolHandler ["http-nio-8080"]
2018-10-10 19:09:27.299 [main] INFO  org.apache.catalina.core.StandardService - Starting service [Tomcat]
2018-10-10 19:09:27.299 [main] INFO  org.apache.catalina.core.StandardEngine - Starting Servlet Engine: Apache Tomcat/8.5.34
2018-10-10 19:09:27.303 [localhost-startStop-1] INFO  org.apache.catalina.core.AprLifecycleListener - The APR based Apache Tomcat Native library which allows optimal performance in production environments was not found on the java.library.path: [E:\Installation\jdk1.8\jdk1.8\bin;C:\Windows\Sun\Java\bin;C:\Windows\system32;C:\Windows;C:\ProgramData\Oracle\Java\javapath;C:\Windows\system32;C:\Windows;C:\Windows\System32\Wbem;C:\Windows\System32\WindowsPowerShell\v1.0\;C:\Windows\System32\OpenSSH\;E:\Installation\jdk1.8\jdk1.8\bin;E:\Installation\jdk1.8\jdk1.8\jre\bin;E:\Installation\maven3.5\apache-maven-3.5.3\bin;E:\Installation\git\Git\cmd;E:\installation_package\mysql\mysql-5.7.9-winx64\bin;E:\Installation\python3.6;E:\Installation\SVN\bin;E:\Installation\node\;E:\Installation\phantomjs\phantomjs-2.1.1-windows\bin;E:\Installation\erlang\erl10.0.1\bin;E:\Installation\python3.6\Scripts\;E:\Installation\python3.6\;C:\Users\81079\AppData\Local\Microsoft\WindowsApps;C:\Users\81079\AppData\Roaming\npm;E:\Installation\node\node_global;;.]
2018-10-10 19:09:27.459 [localhost-startStop-1] INFO  org.apache.catalina.core.ContainerBase.[Tomcat].[localhost].[/] - Initializing Spring embedded WebApplicationContext
2018-10-10 19:09:27.459 [localhost-startStop-1] INFO  org.springframework.web.context.ContextLoader - Root WebApplicationContext: initialization completed in 2794 ms
2018-10-10 19:09:27.551 [localhost-startStop-1] INFO  org.springframework.boot.web.servlet.ServletRegistrationBean - Servlet dispatcherServlet mapped to [/]
2018-10-10 19:09:27.552 [localhost-startStop-1] INFO  org.springframework.boot.web.servlet.ServletRegistrationBean - Servlet statViewServlet mapped to [/druid/*]
2018-10-10 19:09:27.555 [localhost-startStop-1] INFO  org.springframework.boot.web.servlet.FilterRegistrationBean - Mapping filter: 'characterEncodingFilter' to: [/*]
2018-10-10 19:09:27.556 [localhost-startStop-1] INFO  org.springframework.boot.web.servlet.FilterRegistrationBean - Mapping filter: 'webStatFilter' to urls: [/*]
2018-10-10 19:09:28.327 [main] INFO  com.alibaba.druid.pool.DruidDataSource - {dataSource-1} inited
2018-10-10 19:09:28.867 [main] INFO  org.springframework.web.servlet.mvc.method.annotation.RequestMappingHandlerMapping - Mapped "{[/admin/user/get_map_by_id/{userId}],methods=[GET],produces=[application/json]}" onto public com.secondhand.tradingplatformcommon.util.JsonResult.JsonResult<java.util.Map<java.lang.String, java.lang.Object>> com.secondhand.tradingplatformadmincontroller.controller.UserController.getUserByIdForMap(java.lang.Long)
2018-10-10 19:09:28.868 [main] INFO  org.springframework.web.servlet.mvc.method.annotation.RequestMappingHandlerMapping - Mapped "{[/admin/user/query],methods=[POST],consumes=[application/json],produces=[application/json]}" onto public com.secondhand.tradingplatformcommon.util.JsonResult.TableJson<com.secondhand.tradingplatformadminentity.entity.User> com.secondhand.tradingplatformadmincontroller.controller.UserController.getUserList(com.secondhand.tradingplatformadminentity.entity.User)
2018-10-10 19:09:28.868 [main] INFO  org.springframework.web.servlet.mvc.method.annotation.RequestMappingHandlerMapping - Mapped "{[/admin/user/create_update],methods=[PUT],consumes=[application/json],produces=[application/json]}" onto public com.secondhand.tradingplatformcommon.util.JsonResult.JsonResult<com.secondhand.tradingplatformadminentity.entity.User> com.secondhand.tradingplatformadmincontroller.controller.UserController.userCreateUpdate(com.secondhand.tradingplatformadminentity.entity.User)
2018-10-10 19:09:28.869 [main] INFO  org.springframework.web.servlet.mvc.method.annotation.RequestMappingHandlerMapping - Mapped "{[/admin/user/batch_delete],methods=[PUT],consumes=[application/json],produces=[application/json]}" onto public com.secondhand.tradingplatformcommon.util.JsonResult.JsonResult<com.secondhand.tradingplatformadminentity.entity.User> com.secondhand.tradingplatformadmincontroller.controller.UserController.fakeBatchDelete(java.util.List<java.lang.Long>)
2018-10-10 19:09:28.869 [main] INFO  org.springframework.web.servlet.mvc.method.annotation.RequestMappingHandlerMapping - Mapped "{[/admin/user/delete],methods=[PUT],consumes=[application/json],produces=[application/json]}" onto public com.secondhand.tradingplatformcommon.util.JsonResult.JsonResult<com.secondhand.tradingplatformadminentity.entity.User> com.secondhand.tradingplatformadmincontroller.controller.UserController.fakeDeleteById(java.lang.Long)
2018-10-10 19:09:28.869 [main] INFO  org.springframework.web.servlet.mvc.method.annotation.RequestMappingHandlerMapping - Mapped "{[/admin/user/get_by_id/{userId}],methods=[GET],produces=[application/json]}" onto public com.secondhand.tradingplatformcommon.util.JsonResult.JsonResult<com.secondhand.tradingplatformadminentity.entity.User> com.secondhand.tradingplatformadmincontroller.controller.UserController.getUserById(java.lang.Long)
2018-10-10 19:09:28.873 [main] INFO  org.springframework.web.servlet.mvc.method.annotation.RequestMappingHandlerMapping - Mapped "{[/swagger-resources/configuration/ui]}" onto public org.springframework.http.ResponseEntity<springfox.documentation.swagger.web.UiConfiguration> springfox.documentation.swagger.web.ApiResourceController.uiConfiguration()
2018-10-10 19:09:28.874 [main] INFO  org.springframework.web.servlet.mvc.method.annotation.RequestMappingHandlerMapping - Mapped "{[/swagger-resources]}" onto public org.springframework.http.ResponseEntity<java.util.List<springfox.documentation.swagger.web.SwaggerResource>> springfox.documentation.swagger.web.ApiResourceController.swaggerResources()
2018-10-10 19:09:28.874 [main] INFO  org.springframework.web.servlet.mvc.method.annotation.RequestMappingHandlerMapping - Mapped "{[/swagger-resources/configuration/security]}" onto public org.springframework.http.ResponseEntity<springfox.documentation.swagger.web.SecurityConfiguration> springfox.documentation.swagger.web.ApiResourceController.securityConfiguration()
2018-10-10 19:09:28.878 [main] INFO  org.springframework.web.servlet.mvc.method.annotation.RequestMappingHandlerMapping - Mapped "{[/error]}" onto public org.springframework.http.ResponseEntity<java.util.Map<java.lang.String, java.lang.Object>> org.springframework.boot.autoconfigure.web.servlet.error.BasicErrorController.error(javax.servlet.http.HttpServletRequest)
2018-10-10 19:09:28.878 [main] INFO  org.springframework.web.servlet.mvc.method.annotation.RequestMappingHandlerMapping - Mapped "{[/error],produces=[text/html]}" onto public org.springframework.web.servlet.ModelAndView org.springframework.boot.autoconfigure.web.servlet.error.BasicErrorController.errorHtml(javax.servlet.http.HttpServletRequest,javax.servlet.http.HttpServletResponse)
2018-10-10 19:09:29.038 [main] INFO  springfox.documentation.spring.web.PropertySourcedRequestMappingHandlerMapping - Mapped URL path [/v2/api-docs] onto method [public org.springframework.http.ResponseEntity<springfox.documentation.spring.web.json.Json> springfox.documentation.swagger2.web.Swagger2Controller.getDocumentation(java.lang.String,javax.servlet.http.HttpServletRequest)]
2018-10-10 19:09:29.129 [main] INFO  org.springframework.web.servlet.mvc.method.annotation.RequestMappingHandlerAdapter - Looking for @ControllerAdvice: org.springframework.boot.web.servlet.context.AnnotationConfigServletWebServerApplicationContext@6436a7db: startup date [Wed Oct 10 19:09:24 CST 2018]; root of context hierarchy
2018-10-10 19:09:29.389 [main] INFO  org.springframework.ui.freemarker.SpringTemplateLoader - SpringTemplateLoader for FreeMarker: using resource loader [org.springframework.boot.web.servlet.context.AnnotationConfigServletWebServerApplicationContext@6436a7db: startup date [Wed Oct 10 19:09:24 CST 2018]; root of context hierarchy] and template loader path [classpath:/templates/]
2018-10-10 19:09:29.390 [main] INFO  org.springframework.web.servlet.view.freemarker.FreeMarkerConfigurer - ClassTemplateLoader for Spring macros added to FreeMarker configuration
2018-10-10 19:09:29.742 [main] INFO  org.springframework.jmx.export.annotation.AnnotationMBeanExporter - Registering beans for JMX exposure on startup
2018-10-10 19:09:29.743 [main] INFO  org.springframework.jmx.export.annotation.AnnotationMBeanExporter - Bean with name 'dataSource' has been autodetected for JMX exposure
2018-10-10 19:09:29.743 [main] INFO  org.springframework.jmx.export.annotation.AnnotationMBeanExporter - Bean with name 'statFilter' has been autodetected for JMX exposure
2018-10-10 19:09:29.743 [main] INFO  org.springframework.jmx.export.annotation.AnnotationMBeanExporter - Bean with name 'slf4jLogFilter' has been autodetected for JMX exposure
2018-10-10 19:09:29.743 [main] INFO  org.springframework.jmx.export.annotation.AnnotationMBeanExporter - Bean with name 'wallConfig' has been autodetected for JMX exposure
2018-10-10 19:09:29.743 [main] INFO  org.springframework.jmx.export.annotation.AnnotationMBeanExporter - Bean with name 'wallFilter' has been autodetected for JMX exposure
2018-10-10 19:09:29.748 [main] INFO  org.springframework.jmx.export.annotation.AnnotationMBeanExporter - Located MBean 'slf4jLogFilter': registering with JMX server as MBean [com.alibaba.druid.filter.logging:name=slf4jLogFilter,type=Slf4jLogFilter]
2018-10-10 19:09:29.749 [main] INFO  org.springframework.jmx.export.annotation.AnnotationMBeanExporter - Located MBean 'wallConfig': registering with JMX server as MBean [com.alibaba.druid.wall:name=wallConfig,type=WallConfig]
2018-10-10 19:09:29.749 [main] INFO  org.springframework.jmx.export.annotation.AnnotationMBeanExporter - Located MBean 'dataSource': registering with JMX server as MBean [com.alibaba.druid.spring.boot.autoconfigure:name=dataSource,type=DruidDataSourceWrapper]
2018-10-10 19:09:29.750 [main] INFO  org.springframework.jmx.export.annotation.AnnotationMBeanExporter - Located MBean 'wallFilter': registering with JMX server as MBean [com.alibaba.druid.wall:name=wallFilter,type=WallFilter]
2018-10-10 19:09:29.751 [main] INFO  org.springframework.jmx.export.annotation.AnnotationMBeanExporter - Located MBean 'statFilter': registering with JMX server as MBean [com.alibaba.druid.filter.stat:name=statFilter,type=StatFilter]
2018-10-10 19:09:29.753 [main] INFO  org.springframework.context.support.DefaultLifecycleProcessor - Starting beans in phase 2147483647
2018-10-10 19:09:29.754 [main] INFO  springfox.documentation.spring.web.plugins.DocumentationPluginsBootstrapper - Context refreshed
2018-10-10 19:09:29.806 [main] INFO  springfox.documentation.spring.web.plugins.DocumentationPluginsBootstrapper - Found 1 custom documentation plugin(s)
2018-10-10 19:09:29.848 [main] INFO  springfox.documentation.spring.web.scanners.ApiListingReferenceScanner - Scanning for api listing references
2018-10-10 19:09:30.120 [main] INFO  org.apache.coyote.http11.Http11NioProtocol - Starting ProtocolHandler ["http-nio-8080"]
2018-10-10 19:09:30.127 [main] INFO  org.apache.tomcat.util.net.NioSelectorPool - Using a shared selector for servlet write/read
2018-10-10 19:09:30.140 [main] INFO  org.springframework.boot.web.embedded.tomcat.TomcatWebServer - Tomcat started on port(s): 8080 (http) with context path ''
2018-10-10 19:09:30.143 [main] INFO  com.secondhand.tradingplatformadmincontroller.TradingplatformAdminControllerApplication - Started TradingplatformAdminControllerApplication in 6.069 seconds (JVM running for 7.276)
2018-10-10 19:09:49.092 [http-nio-8080-exec-1] INFO  org.apache.catalina.core.ContainerBase.[Tomcat].[localhost].[/] - Initializing Spring FrameworkServlet 'dispatcherServlet'
2018-10-10 19:09:49.092 [http-nio-8080-exec-1] INFO  org.springframework.web.servlet.DispatcherServlet - FrameworkServlet 'dispatcherServlet': initialization started
2018-10-10 19:09:49.121 [http-nio-8080-exec-1] INFO  org.springframework.web.servlet.DispatcherServlet - FrameworkServlet 'dispatcherServlet': initialization completed in 29 ms
2018-10-10 19:10:52.447 [main] INFO  com.secondhand.tradingplatformadmincontroller.TradingplatformAdminControllerApplication - Starting TradingplatformAdminControllerApplication on DESKTOP-K9S046H with PID 8016 (D:\spring\tradingplatform\tradingplatform\tradingplatform-admin\tradingplatform-admin-controller\target\classes started by 81079 in D:\spring\tradingplatform\tradingplatform)
2018-10-10 19:10:52.453 [main] INFO  com.secondhand.tradingplatformadmincontroller.TradingplatformAdminControllerApplication - No active profile set, falling back to default profiles: default
2018-10-10 19:10:52.500 [main] INFO  org.springframework.boot.web.servlet.context.AnnotationConfigServletWebServerApplicationContext - Refreshing org.springframework.boot.web.servlet.context.AnnotationConfigServletWebServerApplicationContext@7a220c9a: startup date [Wed Oct 10 19:10:52 CST 2018]; root of context hierarchy
2018-10-10 19:10:53.390 [main] INFO  org.springframework.context.support.PostProcessorRegistrationDelegate$BeanPostProcessorChecker - Bean 'com.alibaba.druid.spring.boot.autoconfigure.stat.DruidSpringAopConfiguration' of type [com.alibaba.druid.spring.boot.autoconfigure.stat.DruidSpringAopConfiguration] is not eligible for getting processed by all BeanPostProcessors (for example: not eligible for auto-proxying)
2018-10-10 19:10:53.430 [main] INFO  org.springframework.context.support.PostProcessorRegistrationDelegate$BeanPostProcessorChecker - Bean 'org.springframework.transaction.annotation.ProxyTransactionManagementConfiguration' of type [org.springframework.transaction.annotation.ProxyTransactionManagementConfiguration$$EnhancerBySpringCGLIB$$e79f7f56] is not eligible for getting processed by all BeanPostProcessors (for example: not eligible for auto-proxying)
2018-10-10 19:10:53.441 [main] INFO  org.springframework.context.support.PostProcessorRegistrationDelegate$BeanPostProcessorChecker - Bean 'org.springframework.boot.context.properties.ConversionServiceDeducer$Factory' of type [org.springframework.boot.context.properties.ConversionServiceDeducer$Factory] is not eligible for getting processed by all BeanPostProcessors (for example: not eligible for auto-proxying)
2018-10-10 19:10:53.455 [main] INFO  org.springframework.context.support.PostProcessorRegistrationDelegate$BeanPostProcessorChecker - Bean 'spring.datasource.druid-com.alibaba.druid.spring.boot.autoconfigure.properties.DruidStatProperties' of type [com.alibaba.druid.spring.boot.autoconfigure.properties.DruidStatProperties] is not eligible for getting processed by all BeanPostProcessors (for example: not eligible for auto-proxying)
2018-10-10 19:10:53.463 [main] INFO  org.springframework.context.support.PostProcessorRegistrationDelegate$BeanPostProcessorChecker - Bean 'advisor' of type [org.springframework.aop.support.RegexpMethodPointcutAdvisor] is not eligible for getting processed by all BeanPostProcessors (for example: not eligible for auto-proxying)
2018-10-10 19:10:53.813 [main] INFO  org.springframework.boot.web.embedded.tomcat.TomcatWebServer - Tomcat initialized with port(s): 8080 (http)
2018-10-10 19:10:53.823 [main] INFO  org.apache.coyote.http11.Http11NioProtocol - Initializing ProtocolHandler ["http-nio-8080"]
2018-10-10 19:10:53.834 [main] INFO  org.apache.catalina.core.StandardService - Starting service [Tomcat]
2018-10-10 19:10:53.834 [main] INFO  org.apache.catalina.core.StandardEngine - Starting Servlet Engine: Apache Tomcat/8.5.34
2018-10-10 19:10:53.838 [localhost-startStop-1] INFO  org.apache.catalina.core.AprLifecycleListener - The APR based Apache Tomcat Native library which allows optimal performance in production environments was not found on the java.library.path: [E:\Installation\jdk1.8\jdk1.8\bin;C:\Windows\Sun\Java\bin;C:\Windows\system32;C:\Windows;C:\ProgramData\Oracle\Java\javapath;C:\Windows\system32;C:\Windows;C:\Windows\System32\Wbem;C:\Windows\System32\WindowsPowerShell\v1.0\;C:\Windows\System32\OpenSSH\;E:\Installation\jdk1.8\jdk1.8\bin;E:\Installation\jdk1.8\jdk1.8\jre\bin;E:\Installation\maven3.5\apache-maven-3.5.3\bin;E:\Installation\git\Git\cmd;E:\installation_package\mysql\mysql-5.7.9-winx64\bin;E:\Installation\python3.6;E:\Installation\SVN\bin;E:\Installation\node\;E:\Installation\phantomjs\phantomjs-2.1.1-windows\bin;E:\Installation\erlang\erl10.0.1\bin;E:\Installation\python3.6\Scripts\;E:\Installation\python3.6\;C:\Users\81079\AppData\Local\Microsoft\WindowsApps;C:\Users\81079\AppData\Roaming\npm;E:\Installation\node\node_global;;.]
2018-10-10 19:10:53.959 [localhost-startStop-1] INFO  org.apache.catalina.core.ContainerBase.[Tomcat].[localhost].[/] - Initializing Spring embedded WebApplicationContext
2018-10-10 19:10:53.959 [localhost-startStop-1] INFO  org.springframework.web.context.ContextLoader - Root WebApplicationContext: initialization completed in 1459 ms
2018-10-10 19:10:54.026 [localhost-startStop-1] INFO  org.springframework.boot.web.servlet.ServletRegistrationBean - Servlet dispatcherServlet mapped to [/]
2018-10-10 19:10:54.027 [localhost-startStop-1] INFO  org.springframework.boot.web.servlet.ServletRegistrationBean - Servlet statViewServlet mapped to [/druid/*]
2018-10-10 19:10:54.031 [localhost-startStop-1] INFO  org.springframework.boot.web.servlet.FilterRegistrationBean - Mapping filter: 'characterEncodingFilter' to: [/*]
2018-10-10 19:10:54.031 [localhost-startStop-1] INFO  org.springframework.boot.web.servlet.FilterRegistrationBean - Mapping filter: 'webStatFilter' to urls: [/*]
2018-10-10 19:10:54.636 [main] INFO  com.alibaba.druid.pool.DruidDataSource - {dataSource-1} inited
2018-10-10 19:10:55.079 [main] INFO  org.springframework.web.servlet.mvc.method.annotation.RequestMappingHandlerMapping - Mapped "{[/admin/user/get_map_by_id/{userId}],methods=[GET],produces=[application/json]}" onto public com.secondhand.tradingplatformcommon.util.JsonResult.JsonResult<java.util.Map<java.lang.String, java.lang.Object>> com.secondhand.tradingplatformadmincontroller.controller.UserController.getUserByIdForMap(java.lang.Long)
2018-10-10 19:10:55.080 [main] INFO  org.springframework.web.servlet.mvc.method.annotation.RequestMappingHandlerMapping - Mapped "{[/admin/user/query],methods=[POST],consumes=[application/json],produces=[application/json]}" onto public com.secondhand.tradingplatformcommon.util.JsonResult.TableJson<com.secondhand.tradingplatformadminentity.entity.User> com.secondhand.tradingplatformadmincontroller.controller.UserController.getUserList(com.secondhand.tradingplatformadminentity.entity.User)
2018-10-10 19:10:55.080 [main] INFO  org.springframework.web.servlet.mvc.method.annotation.RequestMappingHandlerMapping - Mapped "{[/admin/user/get_by_id/{userId}],methods=[GET],produces=[application/json]}" onto public com.secondhand.tradingplatformcommon.util.JsonResult.JsonResult<com.secondhand.tradingplatformadminentity.entity.User> com.secondhand.tradingplatformadmincontroller.controller.UserController.getUserById(java.lang.Long)
2018-10-10 19:10:55.080 [main] INFO  org.springframework.web.servlet.mvc.method.annotation.RequestMappingHandlerMapping - Mapped "{[/admin/user/create_update],methods=[PUT],consumes=[application/json],produces=[application/json]}" onto public com.secondhand.tradingplatformcommon.util.JsonResult.JsonResult<com.secondhand.tradingplatformadminentity.entity.User> com.secondhand.tradingplatformadmincontroller.controller.UserController.userCreateUpdate(com.secondhand.tradingplatformadminentity.entity.User)
2018-10-10 19:10:55.081 [main] INFO  org.springframework.web.servlet.mvc.method.annotation.RequestMappingHandlerMapping - Mapped "{[/admin/user/delete],methods=[PUT],consumes=[application/json],produces=[application/json]}" onto public com.secondhand.tradingplatformcommon.util.JsonResult.JsonResult<com.secondhand.tradingplatformadminentity.entity.User> com.secondhand.tradingplatformadmincontroller.controller.UserController.fakeDeleteById(java.lang.Long)
2018-10-10 19:10:55.081 [main] INFO  org.springframework.web.servlet.mvc.method.annotation.RequestMappingHandlerMapping - Mapped "{[/admin/user/batch_delete],methods=[PUT],consumes=[application/json],produces=[application/json]}" onto public com.secondhand.tradingplatformcommon.util.JsonResult.JsonResult<com.secondhand.tradingplatformadminentity.entity.User> com.secondhand.tradingplatformadmincontroller.controller.UserController.fakeBatchDelete(java.util.List<java.lang.Long>)
2018-10-10 19:10:55.085 [main] INFO  org.springframework.web.servlet.mvc.method.annotation.RequestMappingHandlerMapping - Mapped "{[/swagger-resources]}" onto public org.springframework.http.ResponseEntity<java.util.List<springfox.documentation.swagger.web.SwaggerResource>> springfox.documentation.swagger.web.ApiResourceController.swaggerResources()
2018-10-10 19:10:55.086 [main] INFO  org.springframework.web.servlet.mvc.method.annotation.RequestMappingHandlerMapping - Mapped "{[/swagger-resources/configuration/ui]}" onto public org.springframework.http.ResponseEntity<springfox.documentation.swagger.web.UiConfiguration> springfox.documentation.swagger.web.ApiResourceController.uiConfiguration()
2018-10-10 19:10:55.086 [main] INFO  org.springframework.web.servlet.mvc.method.annotation.RequestMappingHandlerMapping - Mapped "{[/swagger-resources/configuration/security]}" onto public org.springframework.http.ResponseEntity<springfox.documentation.swagger.web.SecurityConfiguration> springfox.documentation.swagger.web.ApiResourceController.securityConfiguration()
2018-10-10 19:10:55.093 [main] INFO  org.springframework.web.servlet.mvc.method.annotation.RequestMappingHandlerMapping - Mapped "{[/error]}" onto public org.springframework.http.ResponseEntity<java.util.Map<java.lang.String, java.lang.Object>> org.springframework.boot.autoconfigure.web.servlet.error.BasicErrorController.error(javax.servlet.http.HttpServletRequest)
2018-10-10 19:10:55.093 [main] INFO  org.springframework.web.servlet.mvc.method.annotation.RequestMappingHandlerMapping - Mapped "{[/error],produces=[text/html]}" onto public org.springframework.web.servlet.ModelAndView org.springframework.boot.autoconfigure.web.servlet.error.BasicErrorController.errorHtml(javax.servlet.http.HttpServletRequest,javax.servlet.http.HttpServletResponse)
2018-10-10 19:10:55.226 [main] INFO  springfox.documentation.spring.web.PropertySourcedRequestMappingHandlerMapping - Mapped URL path [/v2/api-docs] onto method [public org.springframework.http.ResponseEntity<springfox.documentation.spring.web.json.Json> springfox.documentation.swagger2.web.Swagger2Controller.getDocumentation(java.lang.String,javax.servlet.http.HttpServletRequest)]
2018-10-10 19:10:55.313 [main] INFO  org.springframework.web.servlet.mvc.method.annotation.RequestMappingHandlerAdapter - Looking for @ControllerAdvice: org.springframework.boot.web.servlet.context.AnnotationConfigServletWebServerApplicationContext@7a220c9a: startup date [Wed Oct 10 19:10:52 CST 2018]; root of context hierarchy
2018-10-10 19:10:55.567 [main] INFO  org.springframework.ui.freemarker.SpringTemplateLoader - SpringTemplateLoader for FreeMarker: using resource loader [org.springframework.boot.web.servlet.context.AnnotationConfigServletWebServerApplicationContext@7a220c9a: startup date [Wed Oct 10 19:10:52 CST 2018]; root of context hierarchy] and template loader path [classpath:/templates/]
2018-10-10 19:10:55.567 [main] INFO  org.springframework.web.servlet.view.freemarker.FreeMarkerConfigurer - ClassTemplateLoader for Spring macros added to FreeMarker configuration
2018-10-10 19:10:55.887 [main] INFO  org.springframework.jmx.export.annotation.AnnotationMBeanExporter - Registering beans for JMX exposure on startup
2018-10-10 19:10:55.889 [main] INFO  org.springframework.jmx.export.annotation.AnnotationMBeanExporter - Bean with name 'dataSource' has been autodetected for JMX exposure
2018-10-10 19:10:55.889 [main] INFO  org.springframework.jmx.export.annotation.AnnotationMBeanExporter - Bean with name 'statFilter' has been autodetected for JMX exposure
2018-10-10 19:10:55.889 [main] INFO  org.springframework.jmx.export.annotation.AnnotationMBeanExporter - Bean with name 'slf4jLogFilter' has been autodetected for JMX exposure
2018-10-10 19:10:55.889 [main] INFO  org.springframework.jmx.export.annotation.AnnotationMBeanExporter - Bean with name 'wallConfig' has been autodetected for JMX exposure
2018-10-10 19:10:55.889 [main] INFO  org.springframework.jmx.export.annotation.AnnotationMBeanExporter - Bean with name 'wallFilter' has been autodetected for JMX exposure
2018-10-10 19:10:55.894 [main] INFO  org.springframework.jmx.export.annotation.AnnotationMBeanExporter - Located MBean 'slf4jLogFilter': registering with JMX server as MBean [com.alibaba.druid.filter.logging:name=slf4jLogFilter,type=Slf4jLogFilter]
2018-10-10 19:10:55.895 [main] INFO  org.springframework.jmx.export.annotation.AnnotationMBeanExporter - Located MBean 'wallConfig': registering with JMX server as MBean [com.alibaba.druid.wall:name=wallConfig,type=WallConfig]
2018-10-10 19:10:55.896 [main] INFO  org.springframework.jmx.export.annotation.AnnotationMBeanExporter - Located MBean 'dataSource': registering with JMX server as MBean [com.alibaba.druid.spring.boot.autoconfigure:name=dataSource,type=DruidDataSourceWrapper]
2018-10-10 19:10:55.896 [main] INFO  org.springframework.jmx.export.annotation.AnnotationMBeanExporter - Located MBean 'wallFilter': registering with JMX server as MBean [com.alibaba.druid.wall:name=wallFilter,type=WallFilter]
2018-10-10 19:10:55.897 [main] INFO  org.springframework.jmx.export.annotation.AnnotationMBeanExporter - Located MBean 'statFilter': registering with JMX server as MBean [com.alibaba.druid.filter.stat:name=statFilter,type=StatFilter]
2018-10-10 19:10:55.901 [main] INFO  org.springframework.context.support.DefaultLifecycleProcessor - Starting beans in phase 2147483647
2018-10-10 19:10:55.901 [main] INFO  springfox.documentation.spring.web.plugins.DocumentationPluginsBootstrapper - Context refreshed
2018-10-10 19:10:55.914 [main] INFO  springfox.documentation.spring.web.plugins.DocumentationPluginsBootstrapper - Found 1 custom documentation plugin(s)
2018-10-10 19:10:55.947 [main] INFO  springfox.documentation.spring.web.scanners.ApiListingReferenceScanner - Scanning for api listing references
2018-10-10 19:10:56.169 [main] INFO  org.apache.coyote.http11.Http11NioProtocol - Starting ProtocolHandler ["http-nio-8080"]
2018-10-10 19:10:56.177 [main] INFO  org.apache.tomcat.util.net.NioSelectorPool - Using a shared selector for servlet write/read
2018-10-10 19:10:56.192 [main] INFO  org.springframework.boot.web.embedded.tomcat.TomcatWebServer - Tomcat started on port(s): 8080 (http) with context path ''
2018-10-10 19:10:56.195 [main] INFO  com.secondhand.tradingplatformadmincontroller.TradingplatformAdminControllerApplication - Started TradingplatformAdminControllerApplication in 4.155 seconds (JVM running for 5.119)
2018-10-10 19:11:01.667 [http-nio-8080-exec-1] INFO  org.apache.catalina.core.ContainerBase.[Tomcat].[localhost].[/] - Initializing Spring FrameworkServlet 'dispatcherServlet'
2018-10-10 19:11:01.667 [http-nio-8080-exec-1] INFO  org.springframework.web.servlet.DispatcherServlet - FrameworkServlet 'dispatcherServlet': initialization started
2018-10-10 19:11:01.695 [http-nio-8080-exec-1] INFO  org.springframework.web.servlet.DispatcherServlet - FrameworkServlet 'dispatcherServlet': initialization completed in 28 ms
2018-10-10 20:07:09.606 [main] INFO  com.secondhand.tradingplatformadmincontroller.TradingplatformAdminControllerApplication - Starting TradingplatformAdminControllerApplication on DESKTOP-K9S046H with PID 21000 (D:\spring\tradingplatform\tradingplatform\tradingplatform-admin\tradingplatform-admin-controller\target\classes started by 81079 in D:\spring\tradingplatform\tradingplatform)
2018-10-10 20:07:09.612 [main] INFO  com.secondhand.tradingplatformadmincontroller.TradingplatformAdminControllerApplication - No active profile set, falling back to default profiles: default
2018-10-10 20:07:09.661 [main] INFO  org.springframework.boot.web.servlet.context.AnnotationConfigServletWebServerApplicationContext - Refreshing org.springframework.boot.web.servlet.context.AnnotationConfigServletWebServerApplicationContext@531f4093: startup date [Wed Oct 10 20:07:09 CST 2018]; root of context hierarchy
2018-10-10 20:07:10.659 [main] INFO  org.springframework.context.support.PostProcessorRegistrationDelegate$BeanPostProcessorChecker - Bean 'com.alibaba.druid.spring.boot.autoconfigure.stat.DruidSpringAopConfiguration' of type [com.alibaba.druid.spring.boot.autoconfigure.stat.DruidSpringAopConfiguration] is not eligible for getting processed by all BeanPostProcessors (for example: not eligible for auto-proxying)
2018-10-10 20:07:10.701 [main] INFO  org.springframework.context.support.PostProcessorRegistrationDelegate$BeanPostProcessorChecker - Bean 'org.springframework.transaction.annotation.ProxyTransactionManagementConfiguration' of type [org.springframework.transaction.annotation.ProxyTransactionManagementConfiguration$$EnhancerBySpringCGLIB$$a290f285] is not eligible for getting processed by all BeanPostProcessors (for example: not eligible for auto-proxying)
2018-10-10 20:07:10.713 [main] INFO  org.springframework.context.support.PostProcessorRegistrationDelegate$BeanPostProcessorChecker - Bean 'org.springframework.boot.context.properties.ConversionServiceDeducer$Factory' of type [org.springframework.boot.context.properties.ConversionServiceDeducer$Factory] is not eligible for getting processed by all BeanPostProcessors (for example: not eligible for auto-proxying)
2018-10-10 20:07:10.730 [main] INFO  org.springframework.context.support.PostProcessorRegistrationDelegate$BeanPostProcessorChecker - Bean 'spring.datasource.druid-com.alibaba.druid.spring.boot.autoconfigure.properties.DruidStatProperties' of type [com.alibaba.druid.spring.boot.autoconfigure.properties.DruidStatProperties] is not eligible for getting processed by all BeanPostProcessors (for example: not eligible for auto-proxying)
2018-10-10 20:07:10.740 [main] INFO  org.springframework.context.support.PostProcessorRegistrationDelegate$BeanPostProcessorChecker - Bean 'advisor' of type [org.springframework.aop.support.RegexpMethodPointcutAdvisor] is not eligible for getting processed by all BeanPostProcessors (for example: not eligible for auto-proxying)
2018-10-10 20:07:11.103 [main] INFO  org.springframework.boot.web.embedded.tomcat.TomcatWebServer - Tomcat initialized with port(s): 8080 (http)
2018-10-10 20:07:11.114 [main] INFO  org.apache.coyote.http11.Http11NioProtocol - Initializing ProtocolHandler ["http-nio-8080"]
2018-10-10 20:07:11.124 [main] INFO  org.apache.catalina.core.StandardService - Starting service [Tomcat]
2018-10-10 20:07:11.124 [main] INFO  org.apache.catalina.core.StandardEngine - Starting Servlet Engine: Apache Tomcat/8.5.34
2018-10-10 20:07:11.127 [localhost-startStop-1] INFO  org.apache.catalina.core.AprLifecycleListener - The APR based Apache Tomcat Native library which allows optimal performance in production environments was not found on the java.library.path: [E:\Installation\jdk1.8\jdk1.8\bin;C:\Windows\Sun\Java\bin;C:\Windows\system32;C:\Windows;C:\ProgramData\Oracle\Java\javapath;C:\Windows\system32;C:\Windows;C:\Windows\System32\Wbem;C:\Windows\System32\WindowsPowerShell\v1.0\;C:\Windows\System32\OpenSSH\;E:\Installation\jdk1.8\jdk1.8\bin;E:\Installation\jdk1.8\jdk1.8\jre\bin;E:\Installation\maven3.5\apache-maven-3.5.3\bin;E:\Installation\git\Git\cmd;E:\installation_package\mysql\mysql-5.7.9-winx64\bin;E:\Installation\python3.6;E:\Installation\SVN\bin;E:\Installation\node\;E:\Installation\phantomjs\phantomjs-2.1.1-windows\bin;E:\Installation\erlang\erl10.0.1\bin;E:\Installation\python3.6\Scripts\;E:\Installation\python3.6\;C:\Users\81079\AppData\Local\Microsoft\WindowsApps;C:\Users\81079\AppData\Roaming\npm;E:\Installation\node\node_global;;.]
2018-10-10 20:07:11.260 [localhost-startStop-1] INFO  org.apache.catalina.core.ContainerBase.[Tomcat].[localhost].[/] - Initializing Spring embedded WebApplicationContext
2018-10-10 20:07:11.260 [localhost-startStop-1] INFO  org.springframework.web.context.ContextLoader - Root WebApplicationContext: initialization completed in 1599 ms
2018-10-10 20:07:11.328 [localhost-startStop-1] INFO  org.springframework.boot.web.servlet.ServletRegistrationBean - Servlet dispatcherServlet mapped to [/]
2018-10-10 20:07:11.329 [localhost-startStop-1] INFO  org.springframework.boot.web.servlet.ServletRegistrationBean - Servlet statViewServlet mapped to [/druid/*]
2018-10-10 20:07:11.333 [localhost-startStop-1] INFO  org.springframework.boot.web.servlet.FilterRegistrationBean - Mapping filter: 'characterEncodingFilter' to: [/*]
2018-10-10 20:07:11.333 [localhost-startStop-1] INFO  org.springframework.boot.web.servlet.FilterRegistrationBean - Mapping filter: 'webStatFilter' to urls: [/*]
2018-10-10 20:07:11.921 [main] INFO  com.alibaba.druid.pool.DruidDataSource - {dataSource-1} inited
2018-10-10 20:07:12.365 [main] INFO  org.springframework.web.servlet.mvc.method.annotation.RequestMappingHandlerMapping - Mapped "{[/admin/user/batch_delete],methods=[PUT],consumes=[application/json],produces=[application/json]}" onto public com.secondhand.tradingplatformcommon.util.JsonResult.JsonResult<com.secondhand.tradingplatformadminentity.entity.User> com.secondhand.tradingplatformadmincontroller.controller.UserController.fakeBatchDelete(java.util.List<java.lang.Long>)
2018-10-10 20:07:12.366 [main] INFO  org.springframework.web.servlet.mvc.method.annotation.RequestMappingHandlerMapping - Mapped "{[/admin/user/get_by_id/{userId}],methods=[GET],produces=[application/json]}" onto public com.secondhand.tradingplatformcommon.util.JsonResult.JsonResult<com.secondhand.tradingplatformadminentity.entity.User> com.secondhand.tradingplatformadmincontroller.controller.UserController.getUserById(java.lang.Long)
2018-10-10 20:07:12.367 [main] INFO  org.springframework.web.servlet.mvc.method.annotation.RequestMappingHandlerMapping - Mapped "{[/admin/user/query],methods=[POST],consumes=[application/json],produces=[application/json]}" onto public com.secondhand.tradingplatformcommon.util.JsonResult.TableJson<com.secondhand.tradingplatformadminentity.entity.User> com.secondhand.tradingplatformadmincontroller.controller.UserController.getUserList(com.secondhand.tradingplatformadminentity.entity.User)
2018-10-10 20:07:12.367 [main] INFO  org.springframework.web.servlet.mvc.method.annotation.RequestMappingHandlerMapping - Mapped "{[/admin/user/delete],methods=[PUT],consumes=[application/json],produces=[application/json]}" onto public com.secondhand.tradingplatformcommon.util.JsonResult.JsonResult<com.secondhand.tradingplatformadminentity.entity.User> com.secondhand.tradingplatformadmincontroller.controller.UserController.fakeDeleteById(java.lang.Long)
2018-10-10 20:07:12.367 [main] INFO  org.springframework.web.servlet.mvc.method.annotation.RequestMappingHandlerMapping - Mapped "{[/admin/user/create_update],methods=[POST],consumes=[application/json],produces=[application/json]}" onto public com.secondhand.tradingplatformcommon.util.JsonResult.JsonResult<com.secondhand.tradingplatformadminentity.entity.User> com.secondhand.tradingplatformadmincontroller.controller.UserController.userCreateUpdate(com.secondhand.tradingplatformadminentity.entity.User)
2018-10-10 20:07:12.368 [main] INFO  org.springframework.web.servlet.mvc.method.annotation.RequestMappingHandlerMapping - Mapped "{[/admin/user/get_map_by_id/{userId}],methods=[GET],produces=[application/json]}" onto public com.secondhand.tradingplatformcommon.util.JsonResult.JsonResult<java.util.Map<java.lang.String, java.lang.Object>> com.secondhand.tradingplatformadmincontroller.controller.UserController.getUserByIdForMap(java.lang.Long)
2018-10-10 20:07:12.371 [main] INFO  org.springframework.web.servlet.mvc.method.annotation.RequestMappingHandlerMapping - Mapped "{[/swagger-resources/configuration/security]}" onto public org.springframework.http.ResponseEntity<springfox.documentation.swagger.web.SecurityConfiguration> springfox.documentation.swagger.web.ApiResourceController.securityConfiguration()
2018-10-10 20:07:12.372 [main] INFO  org.springframework.web.servlet.mvc.method.annotation.RequestMappingHandlerMapping - Mapped "{[/swagger-resources]}" onto public org.springframework.http.ResponseEntity<java.util.List<springfox.documentation.swagger.web.SwaggerResource>> springfox.documentation.swagger.web.ApiResourceController.swaggerResources()
2018-10-10 20:07:12.372 [main] INFO  org.springframework.web.servlet.mvc.method.annotation.RequestMappingHandlerMapping - Mapped "{[/swagger-resources/configuration/ui]}" onto public org.springframework.http.ResponseEntity<springfox.documentation.swagger.web.UiConfiguration> springfox.documentation.swagger.web.ApiResourceController.uiConfiguration()
2018-10-10 20:07:12.376 [main] INFO  org.springframework.web.servlet.mvc.method.annotation.RequestMappingHandlerMapping - Mapped "{[/error]}" onto public org.springframework.http.ResponseEntity<java.util.Map<java.lang.String, java.lang.Object>> org.springframework.boot.autoconfigure.web.servlet.error.BasicErrorController.error(javax.servlet.http.HttpServletRequest)
2018-10-10 20:07:12.376 [main] INFO  org.springframework.web.servlet.mvc.method.annotation.RequestMappingHandlerMapping - Mapped "{[/error],produces=[text/html]}" onto public org.springframework.web.servlet.ModelAndView org.springframework.boot.autoconfigure.web.servlet.error.BasicErrorController.errorHtml(javax.servlet.http.HttpServletRequest,javax.servlet.http.HttpServletResponse)
2018-10-10 20:07:12.501 [main] INFO  springfox.documentation.spring.web.PropertySourcedRequestMappingHandlerMapping - Mapped URL path [/v2/api-docs] onto method [public org.springframework.http.ResponseEntity<springfox.documentation.spring.web.json.Json> springfox.documentation.swagger2.web.Swagger2Controller.getDocumentation(java.lang.String,javax.servlet.http.HttpServletRequest)]
2018-10-10 20:07:12.580 [main] INFO  org.springframework.web.servlet.mvc.method.annotation.RequestMappingHandlerAdapter - Looking for @ControllerAdvice: org.springframework.boot.web.servlet.context.AnnotationConfigServletWebServerApplicationContext@531f4093: startup date [Wed Oct 10 20:07:09 CST 2018]; root of context hierarchy
2018-10-10 20:07:12.827 [main] INFO  org.springframework.ui.freemarker.SpringTemplateLoader - SpringTemplateLoader for FreeMarker: using resource loader [org.springframework.boot.web.servlet.context.AnnotationConfigServletWebServerApplicationContext@531f4093: startup date [Wed Oct 10 20:07:09 CST 2018]; root of context hierarchy] and template loader path [classpath:/templates/]
2018-10-10 20:07:12.828 [main] INFO  org.springframework.web.servlet.view.freemarker.FreeMarkerConfigurer - ClassTemplateLoader for Spring macros added to FreeMarker configuration
2018-10-10 20:07:13.177 [main] INFO  org.springframework.jmx.export.annotation.AnnotationMBeanExporter - Registering beans for JMX exposure on startup
2018-10-10 20:07:13.178 [main] INFO  org.springframework.jmx.export.annotation.AnnotationMBeanExporter - Bean with name 'dataSource' has been autodetected for JMX exposure
2018-10-10 20:07:13.178 [main] INFO  org.springframework.jmx.export.annotation.AnnotationMBeanExporter - Bean with name 'statFilter' has been autodetected for JMX exposure
2018-10-10 20:07:13.178 [main] INFO  org.springframework.jmx.export.annotation.AnnotationMBeanExporter - Bean with name 'slf4jLogFilter' has been autodetected for JMX exposure
2018-10-10 20:07:13.178 [main] INFO  org.springframework.jmx.export.annotation.AnnotationMBeanExporter - Bean with name 'wallConfig' has been autodetected for JMX exposure
2018-10-10 20:07:13.178 [main] INFO  org.springframework.jmx.export.annotation.AnnotationMBeanExporter - Bean with name 'wallFilter' has been autodetected for JMX exposure
2018-10-10 20:07:13.183 [main] INFO  org.springframework.jmx.export.annotation.AnnotationMBeanExporter - Located MBean 'slf4jLogFilter': registering with JMX server as MBean [com.alibaba.druid.filter.logging:name=slf4jLogFilter,type=Slf4jLogFilter]
2018-10-10 20:07:13.185 [main] INFO  org.springframework.jmx.export.annotation.AnnotationMBeanExporter - Located MBean 'wallConfig': registering with JMX server as MBean [com.alibaba.druid.wall:name=wallConfig,type=WallConfig]
2018-10-10 20:07:13.185 [main] INFO  org.springframework.jmx.export.annotation.AnnotationMBeanExporter - Located MBean 'dataSource': registering with JMX server as MBean [com.alibaba.druid.spring.boot.autoconfigure:name=dataSource,type=DruidDataSourceWrapper]
2018-10-10 20:07:13.186 [main] INFO  org.springframework.jmx.export.annotation.AnnotationMBeanExporter - Located MBean 'wallFilter': registering with JMX server as MBean [com.alibaba.druid.wall:name=wallFilter,type=WallFilter]
2018-10-10 20:07:13.187 [main] INFO  org.springframework.jmx.export.annotation.AnnotationMBeanExporter - Located MBean 'statFilter': registering with JMX server as MBean [com.alibaba.druid.filter.stat:name=statFilter,type=StatFilter]
2018-10-10 20:07:13.190 [main] INFO  org.springframework.context.support.DefaultLifecycleProcessor - Starting beans in phase 2147483647
2018-10-10 20:07:13.190 [main] INFO  springfox.documentation.spring.web.plugins.DocumentationPluginsBootstrapper - Context refreshed
2018-10-10 20:07:13.205 [main] INFO  springfox.documentation.spring.web.plugins.DocumentationPluginsBootstrapper - Found 1 custom documentation plugin(s)
2018-10-10 20:07:13.242 [main] INFO  springfox.documentation.spring.web.scanners.ApiListingReferenceScanner - Scanning for api listing references
2018-10-10 20:07:13.494 [main] INFO  org.apache.coyote.http11.Http11NioProtocol - Starting ProtocolHandler ["http-nio-8080"]
2018-10-10 20:07:13.503 [main] INFO  org.apache.tomcat.util.net.NioSelectorPool - Using a shared selector for servlet write/read
2018-10-10 20:07:13.518 [main] INFO  org.springframework.boot.web.embedded.tomcat.TomcatWebServer - Tomcat started on port(s): 8080 (http) with context path ''
2018-10-10 20:07:13.522 [main] INFO  com.secondhand.tradingplatformadmincontroller.TradingplatformAdminControllerApplication - Started TradingplatformAdminControllerApplication in 4.32 seconds (JVM running for 5.411)
2018-10-10 20:07:19.186 [http-nio-8080-exec-1] INFO  org.apache.catalina.core.ContainerBase.[Tomcat].[localhost].[/] - Initializing Spring FrameworkServlet 'dispatcherServlet'
2018-10-10 20:07:19.187 [http-nio-8080-exec-1] INFO  org.springframework.web.servlet.DispatcherServlet - FrameworkServlet 'dispatcherServlet': initialization started
2018-10-10 20:07:19.213 [http-nio-8080-exec-1] INFO  org.springframework.web.servlet.DispatcherServlet - FrameworkServlet 'dispatcherServlet': initialization completed in 26 ms
2018-10-10 20:08:18.121 [main] INFO  com.secondhand.tradingplatformadmincontroller.TradingplatformAdminControllerApplication - Starting TradingplatformAdminControllerApplication on DESKTOP-K9S046H with PID 20548 (D:\spring\tradingplatform\tradingplatform\tradingplatform-admin\tradingplatform-admin-controller\target\classes started by 81079 in D:\spring\tradingplatform\tradingplatform)
2018-10-10 20:08:18.127 [main] INFO  com.secondhand.tradingplatformadmincontroller.TradingplatformAdminControllerApplication - No active profile set, falling back to default profiles: default
2018-10-10 20:08:18.168 [main] INFO  org.springframework.boot.web.servlet.context.AnnotationConfigServletWebServerApplicationContext - Refreshing org.springframework.boot.web.servlet.context.AnnotationConfigServletWebServerApplicationContext@39ac0c0a: startup date [Wed Oct 10 20:08:18 CST 2018]; root of context hierarchy
2018-10-10 20:08:19.061 [main] INFO  org.springframework.context.support.PostProcessorRegistrationDelegate$BeanPostProcessorChecker - Bean 'com.alibaba.druid.spring.boot.autoconfigure.stat.DruidSpringAopConfiguration' of type [com.alibaba.druid.spring.boot.autoconfigure.stat.DruidSpringAopConfiguration] is not eligible for getting processed by all BeanPostProcessors (for example: not eligible for auto-proxying)
2018-10-10 20:08:19.101 [main] INFO  org.springframework.context.support.PostProcessorRegistrationDelegate$BeanPostProcessorChecker - Bean 'org.springframework.transaction.annotation.ProxyTransactionManagementConfiguration' of type [org.springframework.transaction.annotation.ProxyTransactionManagementConfiguration$$EnhancerBySpringCGLIB$$b0abb9d8] is not eligible for getting processed by all BeanPostProcessors (for example: not eligible for auto-proxying)
2018-10-10 20:08:19.112 [main] INFO  org.springframework.context.support.PostProcessorRegistrationDelegate$BeanPostProcessorChecker - Bean 'org.springframework.boot.context.properties.ConversionServiceDeducer$Factory' of type [org.springframework.boot.context.properties.ConversionServiceDeducer$Factory] is not eligible for getting processed by all BeanPostProcessors (for example: not eligible for auto-proxying)
2018-10-10 20:08:19.127 [main] INFO  org.springframework.context.support.PostProcessorRegistrationDelegate$BeanPostProcessorChecker - Bean 'spring.datasource.druid-com.alibaba.druid.spring.boot.autoconfigure.properties.DruidStatProperties' of type [com.alibaba.druid.spring.boot.autoconfigure.properties.DruidStatProperties] is not eligible for getting processed by all BeanPostProcessors (for example: not eligible for auto-proxying)
2018-10-10 20:08:19.135 [main] INFO  org.springframework.context.support.PostProcessorRegistrationDelegate$BeanPostProcessorChecker - Bean 'advisor' of type [org.springframework.aop.support.RegexpMethodPointcutAdvisor] is not eligible for getting processed by all BeanPostProcessors (for example: not eligible for auto-proxying)
2018-10-10 20:08:19.479 [main] INFO  org.springframework.boot.web.embedded.tomcat.TomcatWebServer - Tomcat initialized with port(s): 8080 (http)
2018-10-10 20:08:19.489 [main] INFO  org.apache.coyote.http11.Http11NioProtocol - Initializing ProtocolHandler ["http-nio-8080"]
2018-10-10 20:08:19.499 [main] INFO  org.apache.catalina.core.StandardService - Starting service [Tomcat]
2018-10-10 20:08:19.500 [main] INFO  org.apache.catalina.core.StandardEngine - Starting Servlet Engine: Apache Tomcat/8.5.34
2018-10-10 20:08:19.503 [localhost-startStop-1] INFO  org.apache.catalina.core.AprLifecycleListener - The APR based Apache Tomcat Native library which allows optimal performance in production environments was not found on the java.library.path: [E:\Installation\jdk1.8\jdk1.8\bin;C:\Windows\Sun\Java\bin;C:\Windows\system32;C:\Windows;C:\ProgramData\Oracle\Java\javapath;C:\Windows\system32;C:\Windows;C:\Windows\System32\Wbem;C:\Windows\System32\WindowsPowerShell\v1.0\;C:\Windows\System32\OpenSSH\;E:\Installation\jdk1.8\jdk1.8\bin;E:\Installation\jdk1.8\jdk1.8\jre\bin;E:\Installation\maven3.5\apache-maven-3.5.3\bin;E:\Installation\git\Git\cmd;E:\installation_package\mysql\mysql-5.7.9-winx64\bin;E:\Installation\python3.6;E:\Installation\SVN\bin;E:\Installation\node\;E:\Installation\phantomjs\phantomjs-2.1.1-windows\bin;E:\Installation\erlang\erl10.0.1\bin;E:\Installation\python3.6\Scripts\;E:\Installation\python3.6\;C:\Users\81079\AppData\Local\Microsoft\WindowsApps;C:\Users\81079\AppData\Roaming\npm;E:\Installation\node\node_global;;.]
2018-10-10 20:08:19.632 [localhost-startStop-1] INFO  org.apache.catalina.core.ContainerBase.[Tomcat].[localhost].[/] - Initializing Spring embedded WebApplicationContext
2018-10-10 20:08:19.633 [localhost-startStop-1] INFO  org.springframework.web.context.ContextLoader - Root WebApplicationContext: initialization completed in 1464 ms
2018-10-10 20:08:19.701 [localhost-startStop-1] INFO  org.springframework.boot.web.servlet.ServletRegistrationBean - Servlet dispatcherServlet mapped to [/]
2018-10-10 20:08:19.702 [localhost-startStop-1] INFO  org.springframework.boot.web.servlet.ServletRegistrationBean - Servlet statViewServlet mapped to [/druid/*]
2018-10-10 20:08:19.707 [localhost-startStop-1] INFO  org.springframework.boot.web.servlet.FilterRegistrationBean - Mapping filter: 'characterEncodingFilter' to: [/*]
2018-10-10 20:08:19.707 [localhost-startStop-1] INFO  org.springframework.boot.web.servlet.FilterRegistrationBean - Mapping filter: 'webStatFilter' to urls: [/*]
2018-10-10 20:08:20.306 [main] INFO  com.alibaba.druid.pool.DruidDataSource - {dataSource-1} inited
2018-10-10 20:08:20.768 [main] INFO  org.springframework.web.servlet.mvc.method.annotation.RequestMappingHandlerMapping - Mapped "{[/admin/user/query],methods=[POST],consumes=[application/json],produces=[application/json]}" onto public com.secondhand.tradingplatformcommon.util.JsonResult.TableJson<com.secondhand.tradingplatformadminentity.entity.User> com.secondhand.tradingplatformadmincontroller.controller.UserController.getUserList(com.secondhand.tradingplatformadminentity.entity.User)
2018-10-10 20:08:20.769 [main] INFO  org.springframework.web.servlet.mvc.method.annotation.RequestMappingHandlerMapping - Mapped "{[/admin/user/batch_delete],methods=[PUT],consumes=[application/json],produces=[application/json]}" onto public com.secondhand.tradingplatformcommon.util.JsonResult.JsonResult<com.secondhand.tradingplatformadminentity.entity.User> com.secondhand.tradingplatformadmincontroller.controller.UserController.fakeBatchDelete(java.util.List<java.lang.Long>)
2018-10-10 20:08:20.769 [main] INFO  org.springframework.web.servlet.mvc.method.annotation.RequestMappingHandlerMapping - Mapped "{[/admin/user/get_by_id/{userId}],methods=[GET],produces=[application/json]}" onto public com.secondhand.tradingplatformcommon.util.JsonResult.JsonResult<com.secondhand.tradingplatformadminentity.entity.User> com.secondhand.tradingplatformadmincontroller.controller.UserController.getUserById(java.lang.Long)
2018-10-10 20:08:20.769 [main] INFO  org.springframework.web.servlet.mvc.method.annotation.RequestMappingHandlerMapping - Mapped "{[/admin/user/delete],methods=[PUT],consumes=[application/json],produces=[application/json]}" onto public com.secondhand.tradingplatformcommon.util.JsonResult.JsonResult<com.secondhand.tradingplatformadminentity.entity.User> com.secondhand.tradingplatformadmincontroller.controller.UserController.fakeDeleteById(java.lang.Long)
2018-10-10 20:08:20.770 [main] INFO  org.springframework.web.servlet.mvc.method.annotation.RequestMappingHandlerMapping - Mapped "{[/admin/user/create_update],methods=[POST],consumes=[application/json],produces=[application/json]}" onto public com.secondhand.tradingplatformcommon.util.JsonResult.JsonResult<com.secondhand.tradingplatformadminentity.entity.User> com.secondhand.tradingplatformadmincontroller.controller.UserController.userCreateUpdate(com.secondhand.tradingplatformadminentity.entity.User)
2018-10-10 20:08:20.770 [main] INFO  org.springframework.web.servlet.mvc.method.annotation.RequestMappingHandlerMapping - Mapped "{[/admin/user/get_map_by_id/{userId}],methods=[GET],produces=[application/json]}" onto public com.secondhand.tradingplatformcommon.util.JsonResult.JsonResult<java.util.Map<java.lang.String, java.lang.Object>> com.secondhand.tradingplatformadmincontroller.controller.UserController.getUserByIdForMap(java.lang.Long)
2018-10-10 20:08:20.775 [main] INFO  org.springframework.web.servlet.mvc.method.annotation.RequestMappingHandlerMapping - Mapped "{[/swagger-resources/configuration/ui]}" onto public org.springframework.http.ResponseEntity<springfox.documentation.swagger.web.UiConfiguration> springfox.documentation.swagger.web.ApiResourceController.uiConfiguration()
2018-10-10 20:08:20.776 [main] INFO  org.springframework.web.servlet.mvc.method.annotation.RequestMappingHandlerMapping - Mapped "{[/swagger-resources]}" onto public org.springframework.http.ResponseEntity<java.util.List<springfox.documentation.swagger.web.SwaggerResource>> springfox.documentation.swagger.web.ApiResourceController.swaggerResources()
2018-10-10 20:08:20.776 [main] INFO  org.springframework.web.servlet.mvc.method.annotation.RequestMappingHandlerMapping - Mapped "{[/swagger-resources/configuration/security]}" onto public org.springframework.http.ResponseEntity<springfox.documentation.swagger.web.SecurityConfiguration> springfox.documentation.swagger.web.ApiResourceController.securityConfiguration()
2018-10-10 20:08:20.780 [main] INFO  org.springframework.web.servlet.mvc.method.annotation.RequestMappingHandlerMapping - Mapped "{[/error]}" onto public org.springframework.http.ResponseEntity<java.util.Map<java.lang.String, java.lang.Object>> org.springframework.boot.autoconfigure.web.servlet.error.BasicErrorController.error(javax.servlet.http.HttpServletRequest)
2018-10-10 20:08:20.780 [main] INFO  org.springframework.web.servlet.mvc.method.annotation.RequestMappingHandlerMapping - Mapped "{[/error],produces=[text/html]}" onto public org.springframework.web.servlet.ModelAndView org.springframework.boot.autoconfigure.web.servlet.error.BasicErrorController.errorHtml(javax.servlet.http.HttpServletRequest,javax.servlet.http.HttpServletResponse)
2018-10-10 20:08:20.913 [main] INFO  springfox.documentation.spring.web.PropertySourcedRequestMappingHandlerMapping - Mapped URL path [/v2/api-docs] onto method [public org.springframework.http.ResponseEntity<springfox.documentation.spring.web.json.Json> springfox.documentation.swagger2.web.Swagger2Controller.getDocumentation(java.lang.String,javax.servlet.http.HttpServletRequest)]
2018-10-10 20:08:20.993 [main] INFO  org.springframework.web.servlet.mvc.method.annotation.RequestMappingHandlerAdapter - Looking for @ControllerAdvice: org.springframework.boot.web.servlet.context.AnnotationConfigServletWebServerApplicationContext@39ac0c0a: startup date [Wed Oct 10 20:08:18 CST 2018]; root of context hierarchy
2018-10-10 20:08:21.241 [main] INFO  org.springframework.ui.freemarker.SpringTemplateLoader - SpringTemplateLoader for FreeMarker: using resource loader [org.springframework.boot.web.servlet.context.AnnotationConfigServletWebServerApplicationContext@39ac0c0a: startup date [Wed Oct 10 20:08:18 CST 2018]; root of context hierarchy] and template loader path [classpath:/templates/]
2018-10-10 20:08:21.241 [main] INFO  org.springframework.web.servlet.view.freemarker.FreeMarkerConfigurer - ClassTemplateLoader for Spring macros added to FreeMarker configuration
2018-10-10 20:08:21.566 [main] INFO  org.springframework.jmx.export.annotation.AnnotationMBeanExporter - Registering beans for JMX exposure on startup
2018-10-10 20:08:21.568 [main] INFO  org.springframework.jmx.export.annotation.AnnotationMBeanExporter - Bean with name 'dataSource' has been autodetected for JMX exposure
2018-10-10 20:08:21.568 [main] INFO  org.springframework.jmx.export.annotation.AnnotationMBeanExporter - Bean with name 'statFilter' has been autodetected for JMX exposure
2018-10-10 20:08:21.568 [main] INFO  org.springframework.jmx.export.annotation.AnnotationMBeanExporter - Bean with name 'slf4jLogFilter' has been autodetected for JMX exposure
2018-10-10 20:08:21.568 [main] INFO  org.springframework.jmx.export.annotation.AnnotationMBeanExporter - Bean with name 'wallConfig' has been autodetected for JMX exposure
2018-10-10 20:08:21.568 [main] INFO  org.springframework.jmx.export.annotation.AnnotationMBeanExporter - Bean with name 'wallFilter' has been autodetected for JMX exposure
2018-10-10 20:08:21.574 [main] INFO  org.springframework.jmx.export.annotation.AnnotationMBeanExporter - Located MBean 'slf4jLogFilter': registering with JMX server as MBean [com.alibaba.druid.filter.logging:name=slf4jLogFilter,type=Slf4jLogFilter]
2018-10-10 20:08:21.575 [main] INFO  org.springframework.jmx.export.annotation.AnnotationMBeanExporter - Located MBean 'wallConfig': registering with JMX server as MBean [com.alibaba.druid.wall:name=wallConfig,type=WallConfig]
2018-10-10 20:08:21.575 [main] INFO  org.springframework.jmx.export.annotation.AnnotationMBeanExporter - Located MBean 'dataSource': registering with JMX server as MBean [com.alibaba.druid.spring.boot.autoconfigure:name=dataSource,type=DruidDataSourceWrapper]
2018-10-10 20:08:21.576 [main] INFO  org.springframework.jmx.export.annotation.AnnotationMBeanExporter - Located MBean 'wallFilter': registering with JMX server as MBean [com.alibaba.druid.wall:name=wallFilter,type=WallFilter]
2018-10-10 20:08:21.577 [main] INFO  org.springframework.jmx.export.annotation.AnnotationMBeanExporter - Located MBean 'statFilter': registering with JMX server as MBean [com.alibaba.druid.filter.stat:name=statFilter,type=StatFilter]
2018-10-10 20:08:21.580 [main] INFO  org.springframework.context.support.DefaultLifecycleProcessor - Starting beans in phase 2147483647
2018-10-10 20:08:21.580 [main] INFO  springfox.documentation.spring.web.plugins.DocumentationPluginsBootstrapper - Context refreshed
2018-10-10 20:08:21.594 [main] INFO  springfox.documentation.spring.web.plugins.DocumentationPluginsBootstrapper - Found 1 custom documentation plugin(s)
2018-10-10 20:08:21.627 [main] INFO  springfox.documentation.spring.web.scanners.ApiListingReferenceScanner - Scanning for api listing references
2018-10-10 20:08:21.850 [main] INFO  org.apache.coyote.http11.Http11NioProtocol - Starting ProtocolHandler ["http-nio-8080"]
2018-10-10 20:08:21.859 [main] INFO  org.apache.tomcat.util.net.NioSelectorPool - Using a shared selector for servlet write/read
2018-10-10 20:08:21.875 [main] INFO  org.springframework.boot.web.embedded.tomcat.TomcatWebServer - Tomcat started on port(s): 8080 (http) with context path ''
2018-10-10 20:08:21.878 [main] INFO  com.secondhand.tradingplatformadmincontroller.TradingplatformAdminControllerApplication - Started TradingplatformAdminControllerApplication in 4.186 seconds (JVM running for 5.141)
2018-10-10 20:08:24.650 [http-nio-8080-exec-2] INFO  org.apache.catalina.core.ContainerBase.[Tomcat].[localhost].[/] - Initializing Spring FrameworkServlet 'dispatcherServlet'
2018-10-10 20:08:24.650 [http-nio-8080-exec-2] INFO  org.springframework.web.servlet.DispatcherServlet - FrameworkServlet 'dispatcherServlet': initialization started
2018-10-10 20:08:24.682 [http-nio-8080-exec-2] INFO  org.springframework.web.servlet.DispatcherServlet - FrameworkServlet 'dispatcherServlet': initialization completed in 32 ms
