2018-10-05 00:54:26.389 [main] INFO  com.secondhand.tradingplatformgenerator.TradingplatformGeneratorApplication - Starting TradingplatformGeneratorApplication on DESKTOP-K9S046H with PID 16068 (D:\spring\tradingplatform\tradingplatform\tradingplatform-generator\target\classes started by 81079 in D:\spring\tradingplatform\tradingplatform)
2018-10-05 00:54:26.392 [main] INFO  com.secondhand.tradingplatformgenerator.TradingplatformGeneratorApplication - No active profile set, falling back to default profiles: default
2018-10-05 00:54:26.421 [main] INFO  org.springframework.boot.web.servlet.context.AnnotationConfigServletWebServerApplicationContext - Refreshing org.springframework.boot.web.servlet.context.AnnotationConfigServletWebServerApplicationContext@2e48362c: startup date [Fri Oct 05 00:54:26 CST 2018]; root of context hierarchy
2018-10-05 00:54:27.258 [main] INFO  org.springframework.context.support.PostProcessorRegistrationDelegate$BeanPostProcessorChecker - Bean 'com.alibaba.druid.spring.boot.autoconfigure.stat.DruidSpringAopConfiguration' of type [com.alibaba.druid.spring.boot.autoconfigure.stat.DruidSpringAopConfiguration] is not eligible for getting processed by all BeanPostProcessors (for example: not eligible for auto-proxying)
2018-10-05 00:54:27.294 [main] INFO  org.springframework.context.support.PostProcessorRegistrationDelegate$BeanPostProcessorChecker - Bean 'org.springframework.transaction.annotation.ProxyTransactionManagementConfiguration' of type [org.springframework.transaction.annotation.ProxyTransactionManagementConfiguration$$EnhancerBySpringCGLIB$$bfce86cc] is not eligible for getting processed by all BeanPostProcessors (for example: not eligible for auto-proxying)
2018-10-05 00:54:27.304 [main] INFO  org.springframework.context.support.PostProcessorRegistrationDelegate$BeanPostProcessorChecker - Bean 'org.springframework.boot.context.properties.ConversionServiceDeducer$Factory' of type [org.springframework.boot.context.properties.ConversionServiceDeducer$Factory] is not eligible for getting processed by all BeanPostProcessors (for example: not eligible for auto-proxying)
2018-10-05 00:54:27.320 [main] INFO  org.springframework.context.support.PostProcessorRegistrationDelegate$BeanPostProcessorChecker - Bean 'spring.datasource.druid-com.alibaba.druid.spring.boot.autoconfigure.properties.DruidStatProperties' of type [com.alibaba.druid.spring.boot.autoconfigure.properties.DruidStatProperties] is not eligible for getting processed by all BeanPostProcessors (for example: not eligible for auto-proxying)
2018-10-05 00:54:27.328 [main] INFO  org.springframework.context.support.PostProcessorRegistrationDelegate$BeanPostProcessorChecker - Bean 'advisor' of type [org.springframework.aop.support.RegexpMethodPointcutAdvisor] is not eligible for getting processed by all BeanPostProcessors (for example: not eligible for auto-proxying)
2018-10-05 00:54:28.189 [main] INFO  org.springframework.boot.web.embedded.tomcat.TomcatWebServer - Tomcat initialized with port(s): 8080 (http)
2018-10-05 00:54:28.213 [main] INFO  org.apache.coyote.http11.Http11NioProtocol - Initializing ProtocolHandler ["http-nio-8080"]
2018-10-05 00:54:28.225 [main] INFO  org.apache.catalina.core.StandardService - Starting service [Tomcat]
2018-10-05 00:54:28.225 [main] INFO  org.apache.catalina.core.StandardEngine - Starting Servlet Engine: Apache Tomcat/8.5.34
2018-10-05 00:54:28.263 [localhost-startStop-1] INFO  org.apache.catalina.core.AprLifecycleListener - The APR based Apache Tomcat Native library which allows optimal performance in production environments was not found on the java.library.path: [E:\Installation\jdk1.8\jdk1.8\bin;C:\Windows\Sun\Java\bin;C:\Windows\system32;C:\Windows;C:\ProgramData\Oracle\Java\javapath;C:\Windows\system32;C:\Windows;C:\Windows\System32\Wbem;C:\Windows\System32\WindowsPowerShell\v1.0\;C:\Windows\System32\OpenSSH\;E:\Installation\jdk1.8\jdk1.8\bin;E:\Installation\jdk1.8\jdk1.8\jre\bin;E:\Installation\maven3.5\apache-maven-3.5.3\bin;E:\Installation\git\Git\cmd;E:\installation_package\mysql\mysql-5.7.9-winx64\bin;E:\Installation\python3.6;E:\Installation\SVN\bin;E:\Installation\node\;E:\Installation\phantomjs\phantomjs-2.1.1-windows\bin;E:\Installation\erlang\erl10.0.1\bin;E:\Installation\python3.6\Scripts\;E:\Installation\python3.6\;C:\Users\81079\AppData\Local\Microsoft\WindowsApps;C:\Users\81079\AppData\Roaming\npm;.]
2018-10-05 00:54:28.458 [localhost-startStop-1] INFO  org.apache.catalina.core.ContainerBase.[Tomcat].[localhost].[/] - Initializing Spring embedded WebApplicationContext
2018-10-05 00:54:28.458 [localhost-startStop-1] INFO  org.springframework.web.context.ContextLoader - Root WebApplicationContext: initialization completed in 2037 ms
2018-10-05 00:54:28.611 [localhost-startStop-1] INFO  org.springframework.boot.web.servlet.ServletRegistrationBean - Servlet dispatcherServlet mapped to [/]
2018-10-05 00:54:28.613 [localhost-startStop-1] INFO  org.springframework.boot.web.servlet.ServletRegistrationBean - Servlet statViewServlet mapped to [/druid/*]
2018-10-05 00:54:28.616 [localhost-startStop-1] INFO  org.springframework.boot.web.servlet.FilterRegistrationBean - Mapping filter: 'characterEncodingFilter' to: [/*]
2018-10-05 00:54:28.616 [localhost-startStop-1] INFO  org.springframework.boot.web.servlet.FilterRegistrationBean - Mapping filter: 'webStatFilter' to urls: [/*]
2018-10-05 00:54:28.739 [main] INFO  org.apache.catalina.core.StandardService - Stopping service [Tomcat]
2018-10-05 00:54:28.808 [main] INFO  org.springframework.boot.autoconfigure.logging.ConditionEvaluationReportLoggingListener - 

Error starting ApplicationContext. To display the conditions report re-run your application with 'debug' enabled.
