2019-03-23 01:02:17.256 [Tcom.secondhand.tradingplatformgeccocontroller.dangdang0] ERROR com.secondhand.tradingplatformgeccocontroller.spider.Spider - http://3c.dangdang.com/ ERROR : com.secondhand.tradingplatformgeccocontroller.downloader.DownloadTimeoutExceptionjava.net.SocketTimeoutException: Read timed out
2019-03-23 01:02:56.022 [Tcom.secondhand.tradingplatformgeccocontroller.dangdang0] ERROR com.secondhand.tradingplatformgeccocontroller.spider.Spider - http://3c.dangdang.com/ ERROR : com.secondhand.tradingplatformgeccocontroller.downloader.DownloadTimeoutExceptionorg.apache.http.conn.ConnectTimeoutException: Connect to 3c.dangdang.com:80 [3c.dangdang.com/60.29.241.157] failed: connect timed out
2019-03-23 01:03:57.104 [Tcom.secondhand.tradingplatformgeccocontroller.dangdang0] ERROR com.secondhand.tradingplatformgeccocontroller.spider.Spider - http://product.dangdang.com/1230566871.html ERROR : java.lang.NullPointerExceptionnull
2019-03-23 01:04:01.848 [Tcom.secondhand.tradingplatformgeccocontroller.dangdang0] ERROR com.secondhand.tradingplatformgeccocontroller.spider.Spider - http://product.dangdang.com/1157415471.html ERROR : java.lang.NullPointerExceptionnull
2019-03-23 01:04:04.964 [Tcom.secondhand.tradingplatformgeccocontroller.dangdang0] ERROR com.secondhand.tradingplatformgeccocontroller.spider.Spider - http://product.dangdang.com/1157401397.html ERROR : java.lang.NullPointerExceptionnull
2019-03-23 01:04:07.540 [Tcom.secondhand.tradingplatformgeccocontroller.dangdang0] ERROR com.secondhand.tradingplatformgeccocontroller.spider.Spider - http://product.dangdang.com/1438313891.html ERROR : java.lang.NullPointerExceptionnull
2019-03-23 01:04:54.372 [Tcom.secondhand.tradingplatformgeccocontroller.dangdang0] ERROR com.secondhand.tradingplatformgeccocontroller.spider.Spider - http://product.dangdang.com/1230566871.html ERROR : java.lang.NullPointerExceptionnull
2019-03-23 01:04:55.862 [Tcom.secondhand.tradingplatformgeccocontroller.dangdang0] ERROR com.secondhand.tradingplatformgeccocontroller.spider.Spider - http://product.dangdang.com/1157415471.html ERROR : java.lang.NullPointerExceptionnull
2019-03-23 01:04:58.992 [Tcom.secondhand.tradingplatformgeccocontroller.dangdang0] ERROR com.secondhand.tradingplatformgeccocontroller.spider.Spider - http://product.dangdang.com/1157401397.html ERROR : java.lang.NullPointerExceptionnull
2019-03-23 01:06:49.808 [Tcom.secondhand.tradingplatformgeccocontroller.dangdang0] ERROR com.secondhand.tradingplatformgeccocontroller.spider.Spider - http://3c.dangdang.com/ ERROR : com.secondhand.tradingplatformgeccocontroller.downloader.DownloadTimeoutExceptionorg.apache.http.conn.ConnectTimeoutException: Connect to 3c.dangdang.com:80 [3c.dangdang.com/60.29.241.157] failed: connect timed out
2019-03-23 01:24:35.682 [Tcom.secondhand.tradingplatformgeccocontroller.dangdang0] ERROR com.secondhand.tradingplatformgeccocontroller.spider.Spider - http://3c.dangdang.com/ ERROR : com.secondhand.tradingplatformgeccocontroller.downloader.DownloadTimeoutExceptionjava.net.SocketTimeoutException: Read timed out
2019-03-23 01:32:36.871 [Tcom.secondhand.tradingplatformgeccocontroller.dangdang0] ERROR com.secondhand.tradingplatformgeccocontroller.spider.Spider - http://3c.dangdang.com/ ERROR : com.secondhand.tradingplatformgeccocontroller.downloader.DownloadTimeoutExceptionorg.apache.http.conn.ConnectTimeoutException: Connect to 3c.dangdang.com:80 [3c.dangdang.com/60.29.241.157] failed: connect timed out
2019-03-23 17:47:35.515 [Tcom.secondhand.tradingplatformgeccocontroller.dangdang0] ERROR com.secondhand.tradingplatformgeccocontroller.spider.Spider - http://3c.dangdang.com/ ERROR : com.secondhand.tradingplatformgeccocontroller.downloader.DownloadTimeoutExceptionorg.apache.http.conn.ConnectTimeoutException: Connect to 3c.dangdang.com:80 [3c.dangdang.com/60.29.241.157] failed: connect timed out
2019-03-23 17:56:27.797 [Tcom.secondhand.tradingplatformgeccocontroller.dangdang0] ERROR com.secondhand.tradingplatformgeccocontroller.spider.Spider - http://3c.dangdang.com/ ERROR : com.secondhand.tradingplatformgeccocontroller.downloader.DownloadTimeoutExceptionorg.apache.http.conn.ConnectTimeoutException: Connect to 3c.dangdang.com:80 [3c.dangdang.com/60.29.241.157] failed: connect timed out
2019-03-23 18:07:06.957 [Tcom.secondhand.tradingplatformgeccocontroller.dangdang0] ERROR com.secondhand.tradingplatformgeccocontroller.spider.render.AbstractRender - instance SpiderBean error
java.lang.ClassCastException: java.lang.String cannot be cast to com.secondhand.tradingplatformgeccocontroller.spider.SpiderBean
	at com.secondhand.tradingplatformgeccocontroller.spider.render.AbstractRender.inject(AbstractRender.java:54)
	at com.secondhand.tradingplatformgeccocontroller.spider.render.html.HtmlRender$$EnhancerByCGLIB$$682ec68e.CGLIB$inject$3(<generated>)
	at com.secondhand.tradingplatformgeccocontroller.spider.render.html.HtmlRender$$EnhancerByCGLIB$$682ec68e$$FastClassByCGLIB$$b802755d.invoke(<generated>)
	at net.sf.cglib.proxy.MethodProxy.invokeSuper(MethodProxy.java:228)
	at com.secondhand.tradingplatformgeccocontroller.monitor.RenderMointorIntercetor.intercept(RenderMointorIntercetor.java:15)
	at com.secondhand.tradingplatformgeccocontroller.spider.render.html.HtmlRender$$EnhancerByCGLIB$$682ec68e.inject(<generated>)
	at com.secondhand.tradingplatformgeccocontroller.spider.render.html.AjaxFieldRender.injectAjaxField(AjaxFieldRender.java:60)
	at com.secondhand.tradingplatformgeccocontroller.spider.render.html.AjaxFieldRender.render(AjaxFieldRender.java:35)
	at com.secondhand.tradingplatformgeccocontroller.spider.render.html.HtmlRender.fieldRender(HtmlRender.java:36)
	at com.secondhand.tradingplatformgeccocontroller.spider.render.html.HtmlRender$$EnhancerByCGLIB$$682ec68e.CGLIB$fieldRender$0(<generated>)
	at com.secondhand.tradingplatformgeccocontroller.spider.render.html.HtmlRender$$EnhancerByCGLIB$$682ec68e$$FastClassByCGLIB$$b802755d.invoke(<generated>)
	at net.sf.cglib.proxy.MethodProxy.invokeSuper(MethodProxy.java:228)
	at com.secondhand.tradingplatformgeccocontroller.monitor.RenderMointorIntercetor.intercept(RenderMointorIntercetor.java:22)
	at com.secondhand.tradingplatformgeccocontroller.spider.render.html.HtmlRender$$EnhancerByCGLIB$$682ec68e.fieldRender(<generated>)
	at com.secondhand.tradingplatformgeccocontroller.spider.render.AbstractRender.inject(AbstractRender.java:58)
	at com.secondhand.tradingplatformgeccocontroller.spider.render.html.HtmlRender$$EnhancerByCGLIB$$682ec68e.CGLIB$inject$3(<generated>)
	at com.secondhand.tradingplatformgeccocontroller.spider.render.html.HtmlRender$$EnhancerByCGLIB$$682ec68e$$FastClassByCGLIB$$b802755d.invoke(<generated>)
	at net.sf.cglib.proxy.MethodProxy.invokeSuper(MethodProxy.java:228)
	at com.secondhand.tradingplatformgeccocontroller.monitor.RenderMointorIntercetor.intercept(RenderMointorIntercetor.java:15)
	at com.secondhand.tradingplatformgeccocontroller.spider.render.html.HtmlRender$$EnhancerByCGLIB$$682ec68e.inject(<generated>)
	at com.secondhand.tradingplatformgeccocontroller.spider.Spider.run(Spider.java:105)
	at java.lang.Thread.run(Thread.java:748)
2019-03-23 18:07:08.860 [Tcom.secondhand.tradingplatformgeccocontroller.dangdang0] ERROR com.secondhand.tradingplatformgeccocontroller.spider.render.AbstractRender - instance SpiderBean error
java.lang.ClassCastException: java.lang.String cannot be cast to com.secondhand.tradingplatformgeccocontroller.spider.SpiderBean
	at com.secondhand.tradingplatformgeccocontroller.spider.render.AbstractRender.inject(AbstractRender.java:54)
	at com.secondhand.tradingplatformgeccocontroller.spider.render.html.HtmlRender$$EnhancerByCGLIB$$682ec68e.CGLIB$inject$3(<generated>)
	at com.secondhand.tradingplatformgeccocontroller.spider.render.html.HtmlRender$$EnhancerByCGLIB$$682ec68e$$FastClassByCGLIB$$b802755d.invoke(<generated>)
	at net.sf.cglib.proxy.MethodProxy.invokeSuper(MethodProxy.java:228)
	at com.secondhand.tradingplatformgeccocontroller.monitor.RenderMointorIntercetor.intercept(RenderMointorIntercetor.java:15)
	at com.secondhand.tradingplatformgeccocontroller.spider.render.html.HtmlRender$$EnhancerByCGLIB$$682ec68e.inject(<generated>)
	at com.secondhand.tradingplatformgeccocontroller.spider.render.html.AjaxFieldRender.injectAjaxField(AjaxFieldRender.java:60)
	at com.secondhand.tradingplatformgeccocontroller.spider.render.html.AjaxFieldRender.render(AjaxFieldRender.java:35)
	at com.secondhand.tradingplatformgeccocontroller.spider.render.html.HtmlRender.fieldRender(HtmlRender.java:36)
	at com.secondhand.tradingplatformgeccocontroller.spider.render.html.HtmlRender$$EnhancerByCGLIB$$682ec68e.CGLIB$fieldRender$0(<generated>)
	at com.secondhand.tradingplatformgeccocontroller.spider.render.html.HtmlRender$$EnhancerByCGLIB$$682ec68e$$FastClassByCGLIB$$b802755d.invoke(<generated>)
	at net.sf.cglib.proxy.MethodProxy.invokeSuper(MethodProxy.java:228)
	at com.secondhand.tradingplatformgeccocontroller.monitor.RenderMointorIntercetor.intercept(RenderMointorIntercetor.java:22)
	at com.secondhand.tradingplatformgeccocontroller.spider.render.html.HtmlRender$$EnhancerByCGLIB$$682ec68e.fieldRender(<generated>)
	at com.secondhand.tradingplatformgeccocontroller.spider.render.AbstractRender.inject(AbstractRender.java:58)
	at com.secondhand.tradingplatformgeccocontroller.spider.render.html.HtmlRender$$EnhancerByCGLIB$$682ec68e.CGLIB$inject$3(<generated>)
	at com.secondhand.tradingplatformgeccocontroller.spider.render.html.HtmlRender$$EnhancerByCGLIB$$682ec68e$$FastClassByCGLIB$$b802755d.invoke(<generated>)
	at net.sf.cglib.proxy.MethodProxy.invokeSuper(MethodProxy.java:228)
	at com.secondhand.tradingplatformgeccocontroller.monitor.RenderMointorIntercetor.intercept(RenderMointorIntercetor.java:15)
	at com.secondhand.tradingplatformgeccocontroller.spider.render.html.HtmlRender$$EnhancerByCGLIB$$682ec68e.inject(<generated>)
	at com.secondhand.tradingplatformgeccocontroller.spider.Spider.run(Spider.java:105)
	at java.lang.Thread.run(Thread.java:748)
2019-03-23 18:07:11.197 [Tcom.secondhand.tradingplatformgeccocontroller.dangdang0] ERROR com.secondhand.tradingplatformgeccocontroller.spider.render.AbstractRender - instance SpiderBean error
java.lang.ClassCastException: java.lang.String cannot be cast to com.secondhand.tradingplatformgeccocontroller.spider.SpiderBean
	at com.secondhand.tradingplatformgeccocontroller.spider.render.AbstractRender.inject(AbstractRender.java:54)
	at com.secondhand.tradingplatformgeccocontroller.spider.render.html.HtmlRender$$EnhancerByCGLIB$$682ec68e.CGLIB$inject$3(<generated>)
	at com.secondhand.tradingplatformgeccocontroller.spider.render.html.HtmlRender$$EnhancerByCGLIB$$682ec68e$$FastClassByCGLIB$$b802755d.invoke(<generated>)
	at net.sf.cglib.proxy.MethodProxy.invokeSuper(MethodProxy.java:228)
	at com.secondhand.tradingplatformgeccocontroller.monitor.RenderMointorIntercetor.intercept(RenderMointorIntercetor.java:15)
	at com.secondhand.tradingplatformgeccocontroller.spider.render.html.HtmlRender$$EnhancerByCGLIB$$682ec68e.inject(<generated>)
	at com.secondhand.tradingplatformgeccocontroller.spider.render.html.AjaxFieldRender.injectAjaxField(AjaxFieldRender.java:60)
	at com.secondhand.tradingplatformgeccocontroller.spider.render.html.AjaxFieldRender.render(AjaxFieldRender.java:35)
	at com.secondhand.tradingplatformgeccocontroller.spider.render.html.HtmlRender.fieldRender(HtmlRender.java:36)
	at com.secondhand.tradingplatformgeccocontroller.spider.render.html.HtmlRender$$EnhancerByCGLIB$$682ec68e.CGLIB$fieldRender$0(<generated>)
	at com.secondhand.tradingplatformgeccocontroller.spider.render.html.HtmlRender$$EnhancerByCGLIB$$682ec68e$$FastClassByCGLIB$$b802755d.invoke(<generated>)
	at net.sf.cglib.proxy.MethodProxy.invokeSuper(MethodProxy.java:228)
	at com.secondhand.tradingplatformgeccocontroller.monitor.RenderMointorIntercetor.intercept(RenderMointorIntercetor.java:22)
	at com.secondhand.tradingplatformgeccocontroller.spider.render.html.HtmlRender$$EnhancerByCGLIB$$682ec68e.fieldRender(<generated>)
	at com.secondhand.tradingplatformgeccocontroller.spider.render.AbstractRender.inject(AbstractRender.java:58)
	at com.secondhand.tradingplatformgeccocontroller.spider.render.html.HtmlRender$$EnhancerByCGLIB$$682ec68e.CGLIB$inject$3(<generated>)
	at com.secondhand.tradingplatformgeccocontroller.spider.render.html.HtmlRender$$EnhancerByCGLIB$$682ec68e$$FastClassByCGLIB$$b802755d.invoke(<generated>)
	at net.sf.cglib.proxy.MethodProxy.invokeSuper(MethodProxy.java:228)
	at com.secondhand.tradingplatformgeccocontroller.monitor.RenderMointorIntercetor.intercept(RenderMointorIntercetor.java:15)
	at com.secondhand.tradingplatformgeccocontroller.spider.render.html.HtmlRender$$EnhancerByCGLIB$$682ec68e.inject(<generated>)
	at com.secondhand.tradingplatformgeccocontroller.spider.Spider.run(Spider.java:105)
	at java.lang.Thread.run(Thread.java:748)
2019-03-23 19:40:04.641 [Tcom.secondhand.tradingplatformgeccocontroller.dangdang0] ERROR com.secondhand.tradingplatformgeccocontroller.spider.Spider - http://3c.dangdang.com/ ERROR : com.secondhand.tradingplatformgeccocontroller.downloader.DownloadExceptionjava.net.UnknownHostException: 3c.dangdang.com
2019-03-23 19:41:31.895 [Tcom.secondhand.tradingplatformgeccocontroller.dangdang0] ERROR com.secondhand.tradingplatformgeccocontroller.spider.Spider - http://3c.dangdang.com/ ERROR : com.secondhand.tradingplatformgeccocontroller.downloader.DownloadExceptionjava.net.UnknownHostException: 3c.dangdang.com
2019-03-23 19:45:32.784 [Tcom.secondhand.tradingplatformgeccocontroller.dangdang0] ERROR com.secondhand.tradingplatformgeccocontroller.spider.Spider - http://3c.dangdang.com/ ERROR : com.secondhand.tradingplatformgeccocontroller.downloader.DownloadTimeoutExceptionjava.net.SocketTimeoutException: Read timed out
2019-03-23 19:45:59.986 [Tcom.secondhand.tradingplatformgeccocontroller.dangdang0] ERROR com.secondhand.tradingplatformgeccocontroller.spider.Spider - http://3c.dangdang.com/ ERROR : com.secondhand.tradingplatformgeccocontroller.downloader.DownloadTimeoutExceptionorg.apache.http.conn.ConnectTimeoutException: Connect to 3c.dangdang.com:80 [3c.dangdang.com/60.29.241.157] failed: connect timed out
2019-03-23 19:59:33.474 [Tcom.secondhand.tradingplatformgeccocontroller.dangdang0] ERROR com.secondhand.tradingplatformgeccocontroller.spider.Spider - http://3c.dangdang.com/ ERROR : com.secondhand.tradingplatformgeccocontroller.downloader.DownloadExceptionjava.net.UnknownHostException: 3c.dangdang.com
2019-03-23 20:00:21.546 [Tcom.secondhand.tradingplatformgeccocontroller.dangdang0] ERROR com.secondhand.tradingplatformgeccocontroller.spider.Spider - http://3c.dangdang.com/ ERROR : com.secondhand.tradingplatformgeccocontroller.downloader.DownloadExceptionjava.net.UnknownHostException: 3c.dangdang.com
2019-03-23 20:01:00.765 [Tcom.secondhand.tradingplatformgeccocontroller.dangdang0] ERROR com.secondhand.tradingplatformgeccocontroller.spider.Spider - http://3c.dangdang.com/ ERROR : com.secondhand.tradingplatformgeccocontroller.downloader.DownloadExceptionjava.net.UnknownHostException: 3c.dangdang.com
2019-03-23 20:02:30.322 [Tcom.secondhand.tradingplatformgeccocontroller.dangdang0] ERROR com.secondhand.tradingplatformgeccocontroller.spider.Spider - http://3c.dangdang.com/ ERROR : com.secondhand.tradingplatformgeccocontroller.downloader.DownloadExceptionjava.net.UnknownHostException: 3c.dangdang.com
2019-03-23 20:03:21.917 [Tcom.secondhand.tradingplatformgeccocontroller.dangdang0] ERROR com.secondhand.tradingplatformgeccocontroller.spider.Spider - http://3c.dangdang.com/ ERROR : com.secondhand.tradingplatformgeccocontroller.downloader.DownloadExceptionjava.net.UnknownHostException: 3c.dangdang.com
2019-03-23 20:03:52.262 [Tcom.secondhand.tradingplatformgeccocontroller.dangdang0] ERROR com.secondhand.tradingplatformgeccocontroller.spider.Spider - http://3c.dangdang.com/ ERROR : com.secondhand.tradingplatformgeccocontroller.downloader.DownloadExceptionjava.net.UnknownHostException: 3c.dangdang.com
2019-03-23 20:04:11.139 [Tcom.secondhand.tradingplatformgeccocontroller.dangdang0] ERROR com.secondhand.tradingplatformgeccocontroller.spider.Spider - http://3c.dangdang.com/ ERROR : com.secondhand.tradingplatformgeccocontroller.downloader.DownloadExceptionjava.net.UnknownHostException: 3c.dangdang.com
2019-03-23 20:04:41.348 [Tcom.secondhand.tradingplatformgeccocontroller.dangdang0] ERROR com.secondhand.tradingplatformgeccocontroller.spider.Spider - http://3c.dangdang.com/ ERROR : com.secondhand.tradingplatformgeccocontroller.downloader.DownloadExceptionjava.net.UnknownHostException: 3c.dangdang.com
2019-03-23 20:10:18.627 [Tcom.secondhand.tradingplatformgeccocontroller.dangdang0] ERROR com.secondhand.tradingplatformgeccocontroller.spider.Spider - http://3c.dangdang.com/ ERROR : com.secondhand.tradingplatformgeccocontroller.downloader.DownloadExceptionjava.net.UnknownHostException: 3c.dangdang.com
2019-03-23 20:11:32.180 [Tcom.secondhand.tradingplatformgeccocontroller.dangdang0] ERROR com.secondhand.tradingplatformgeccocontroller.spider.Spider - http://3c.dangdang.com/ ERROR : com.secondhand.tradingplatformgeccocontroller.downloader.DownloadExceptionjava.net.UnknownHostException: 3c.dangdang.com
2019-03-23 20:12:04.799 [Tcom.secondhand.tradingplatformgeccocontroller.dangdang0] ERROR com.secondhand.tradingplatformgeccocontroller.spider.Spider - http://3c.dangdang.com/ ERROR : com.secondhand.tradingplatformgeccocontroller.downloader.DownloadExceptionjava.net.UnknownHostException: 3c.dangdang.com
2019-03-23 20:13:30.833 [Tcom.secondhand.tradingplatformgeccocontroller.dangdang0] ERROR com.secondhand.tradingplatformgeccocontroller.spider.Spider - http://3c.dangdang.com/ ERROR : com.secondhand.tradingplatformgeccocontroller.downloader.DownloadTimeoutExceptionjava.net.SocketTimeoutException: Read timed out
2019-03-23 21:08:39.683 [Tcom.secondhand.tradingplatformgeccocontroller.dangdang0] ERROR com.secondhand.tradingplatformgeccocontroller.spider.Spider - http://3c.dangdang.com/ ERROR : com.secondhand.tradingplatformgeccocontroller.downloader.DownloadExceptionjava.net.UnknownHostException: 3c.dangdang.com
2019-03-23 21:17:53.818 [Tcom.secondhand.tradingplatformgeccocontroller.dangdang0] ERROR com.secondhand.tradingplatformgeccocontroller.spider.Spider - http://3c.dangdang.com/ ERROR : com.secondhand.tradingplatformgeccocontroller.downloader.DownloadTimeoutExceptionjava.net.SocketTimeoutException: Read timed out
2019-03-23 21:18:14.745 [Tcom.secondhand.tradingplatformgeccocontroller.dangdang0] ERROR com.secondhand.tradingplatformgeccocontroller.spider.Spider - http://product.dangdang.com/1230566871.html ERROR : com.secondhand.tradingplatformgeccocontroller.downloader.DownloadExceptionjava.net.UnknownHostException: product.dangdang.com
2019-03-23 21:18:17.613 [Tcom.secondhand.tradingplatformgeccocontroller.dangdang0] ERROR com.secondhand.tradingplatformgeccocontroller.spider.Spider - http://product.dangdang.com/1157415471.html ERROR : com.secondhand.tradingplatformgeccocontroller.downloader.DownloadExceptionjava.net.UnknownHostException: product.dangdang.com
2019-03-23 21:18:59.673 [Tcom.secondhand.tradingplatformgeccocontroller.dangdang0] ERROR com.secondhand.tradingplatformgeccocontroller.spider.Spider - http://3c.dangdang.com/ ERROR : com.secondhand.tradingplatformgeccocontroller.downloader.DownloadExceptionjava.net.UnknownHostException: 3c.dangdang.com
2019-03-23 21:19:55.267 [Tcom.secondhand.tradingplatformgeccocontroller.dangdang0] ERROR com.secondhand.tradingplatformgeccocontroller.spider.Spider - http://3c.dangdang.com/ ERROR : com.secondhand.tradingplatformgeccocontroller.downloader.DownloadExceptionjava.net.UnknownHostException: 3c.dangdang.com
2019-03-23 21:21:01.563 [Tcom.secondhand.tradingplatformgeccocontroller.dangdang0] ERROR com.secondhand.tradingplatformgeccocontroller.spider.Spider - http://3c.dangdang.com/ ERROR : com.secondhand.tradingplatformgeccocontroller.downloader.DownloadExceptionjava.net.UnknownHostException: 3c.dangdang.com
2019-03-23 21:22:05.003 [Tcom.secondhand.tradingplatformgeccocontroller.dangdang0] ERROR com.secondhand.tradingplatformgeccocontroller.spider.Spider - http://3c.dangdang.com/ ERROR : com.secondhand.tradingplatformgeccocontroller.downloader.DownloadExceptionjava.net.UnknownHostException: 3c.dangdang.com
2019-03-23 21:24:09.269 [Tcom.secondhand.tradingplatformgeccocontroller.dangdang0] ERROR com.secondhand.tradingplatformgeccocontroller.spider.Spider - http://3c.dangdang.com/ ERROR : com.secondhand.tradingplatformgeccocontroller.downloader.DownloadTimeoutExceptionjava.net.SocketTimeoutException: Read timed out
2019-03-23 21:25:03.175 [Tcom.secondhand.tradingplatformgeccocontroller.dangdang0] ERROR com.secondhand.tradingplatformgeccocontroller.spider.Spider - http://product.dangdang.com/1230566871.html ERROR : com.secondhand.tradingplatformgeccocontroller.downloader.DownloadExceptionjava.net.UnknownHostException: product.dangdang.com
2019-03-23 21:25:05.702 [Tcom.secondhand.tradingplatformgeccocontroller.dangdang0] ERROR com.secondhand.tradingplatformgeccocontroller.spider.Spider - http://product.dangdang.com/1157415471.html ERROR : com.secondhand.tradingplatformgeccocontroller.downloader.DownloadExceptionjava.net.UnknownHostException: product.dangdang.com
2019-03-23 21:25:07.253 [Tcom.secondhand.tradingplatformgeccocontroller.dangdang0] ERROR com.secondhand.tradingplatformgeccocontroller.spider.Spider - http://product.dangdang.com/1157401397.html ERROR : com.secondhand.tradingplatformgeccocontroller.downloader.DownloadExceptionjava.net.UnknownHostException: product.dangdang.com
2019-03-23 21:25:08.461 [Tcom.secondhand.tradingplatformgeccocontroller.dangdang0] ERROR com.secondhand.tradingplatformgeccocontroller.spider.Spider - http://product.dangdang.com/1438313891.html ERROR : com.secondhand.tradingplatformgeccocontroller.downloader.DownloadExceptionjava.net.UnknownHostException: product.dangdang.com
2019-03-23 21:25:09.507 [Tcom.secondhand.tradingplatformgeccocontroller.dangdang0] ERROR com.secondhand.tradingplatformgeccocontroller.spider.Spider - http://product.dangdang.com/1296398116.html ERROR : com.secondhand.tradingplatformgeccocontroller.downloader.DownloadExceptionjava.net.UnknownHostException: product.dangdang.com
2019-03-23 21:25:10.953 [Tcom.secondhand.tradingplatformgeccocontroller.dangdang0] ERROR com.secondhand.tradingplatformgeccocontroller.spider.Spider - http://product.dangdang.com/1270574077.html ERROR : com.secondhand.tradingplatformgeccocontroller.downloader.DownloadExceptionjava.net.UnknownHostException: product.dangdang.com
2019-03-23 21:25:12.143 [Tcom.secondhand.tradingplatformgeccocontroller.dangdang0] ERROR com.secondhand.tradingplatformgeccocontroller.spider.Spider - http://product.dangdang.com/1259647541.html ERROR : com.secondhand.tradingplatformgeccocontroller.downloader.DownloadExceptionjava.net.UnknownHostException: product.dangdang.com
2019-03-23 21:25:14.273 [Tcom.secondhand.tradingplatformgeccocontroller.dangdang0] ERROR com.secondhand.tradingplatformgeccocontroller.spider.Spider - http://product.dangdang.com/1345443460.html ERROR : com.secondhand.tradingplatformgeccocontroller.downloader.DownloadExceptionjava.net.UnknownHostException: product.dangdang.com
2019-03-23 21:25:17.253 [Tcom.secondhand.tradingplatformgeccocontroller.dangdang0] ERROR com.secondhand.tradingplatformgeccocontroller.spider.Spider - http://product.dangdang.com/1155764610.html ERROR : com.secondhand.tradingplatformgeccocontroller.downloader.DownloadExceptionjava.net.UnknownHostException: product.dangdang.com
2019-03-23 21:25:18.709 [Tcom.secondhand.tradingplatformgeccocontroller.dangdang0] ERROR com.secondhand.tradingplatformgeccocontroller.spider.Spider - http://product.dangdang.com/61872482.html ERROR : com.secondhand.tradingplatformgeccocontroller.downloader.DownloadExceptionjava.net.UnknownHostException: product.dangdang.com
2019-03-23 21:25:20.623 [Tcom.secondhand.tradingplatformgeccocontroller.dangdang0] ERROR com.secondhand.tradingplatformgeccocontroller.spider.Spider - http://product.dangdang.com/1183045415.html ERROR : com.secondhand.tradingplatformgeccocontroller.downloader.DownloadExceptionjava.net.UnknownHostException: product.dangdang.com
2019-03-23 21:25:23.440 [Tcom.secondhand.tradingplatformgeccocontroller.dangdang0] ERROR com.secondhand.tradingplatformgeccocontroller.spider.Spider - http://product.dangdang.com/1190314015.html ERROR : com.secondhand.tradingplatformgeccocontroller.downloader.DownloadExceptionjava.net.UnknownHostException: product.dangdang.com
2019-03-23 21:25:32.825 [Tcom.secondhand.tradingplatformgeccocontroller.dangdang0] ERROR com.secondhand.tradingplatformgeccocontroller.spider.Spider - http://3c.dangdang.com/ ERROR : com.secondhand.tradingplatformgeccocontroller.downloader.DownloadExceptionjava.net.UnknownHostException: 3c.dangdang.com
2019-03-23 21:25:42.417 [Tcom.secondhand.tradingplatformgeccocontroller.dangdang0] ERROR com.secondhand.tradingplatformgeccocontroller.spider.Spider - http://3c.dangdang.com/ ERROR : com.secondhand.tradingplatformgeccocontroller.downloader.DownloadExceptionjava.net.UnknownHostException: 3c.dangdang.com
2019-03-23 21:25:49.993 [Tcom.secondhand.tradingplatformgeccocontroller.dangdang0] ERROR com.secondhand.tradingplatformgeccocontroller.spider.Spider - http://3c.dangdang.com/ ERROR : com.secondhand.tradingplatformgeccocontroller.downloader.DownloadExceptionjava.net.UnknownHostException: 3c.dangdang.com
2019-03-23 21:25:57.721 [Tcom.secondhand.tradingplatformgeccocontroller.dangdang0] ERROR com.secondhand.tradingplatformgeccocontroller.spider.Spider - http://3c.dangdang.com/ ERROR : com.secondhand.tradingplatformgeccocontroller.downloader.DownloadExceptionjava.net.UnknownHostException: 3c.dangdang.com
2019-03-23 21:26:54.674 [Tcom.secondhand.tradingplatformgeccocontroller.dangdang0] ERROR com.secondhand.tradingplatformgeccocontroller.spider.Spider - http://product.dangdang.com/1230566871.html ERROR : java.lang.NullPointerExceptionnull
2019-03-23 21:26:58.163 [Tcom.secondhand.tradingplatformgeccocontroller.dangdang0] ERROR com.secondhand.tradingplatformgeccocontroller.spider.Spider - http://product.dangdang.com/1157415471.html ERROR : java.lang.NullPointerExceptionnull
2019-03-23 21:27:01.561 [Tcom.secondhand.tradingplatformgeccocontroller.dangdang0] ERROR com.secondhand.tradingplatformgeccocontroller.spider.Spider - http://product.dangdang.com/1157401397.html ERROR : java.lang.NullPointerExceptionnull
2019-03-23 21:27:04.671 [Tcom.secondhand.tradingplatformgeccocontroller.dangdang0] ERROR com.secondhand.tradingplatformgeccocontroller.spider.Spider - http://product.dangdang.com/1438313891.html ERROR : java.lang.NullPointerExceptionnull
2019-03-23 21:28:22.946 [Tcom.secondhand.tradingplatformgeccocontroller.dangdang0] ERROR com.secondhand.tradingplatformgeccocontroller.spider.Spider - http://3c.dangdang.com/ ERROR : com.secondhand.tradingplatformgeccocontroller.downloader.DownloadExceptionjava.net.UnknownHostException: 3c.dangdang.com
