2018-10-21 01:01:15.172 [main] INFO  com.secondhand.tradingplatformadmincontroller.TradingplatformAdminControllerApplication - Starting TradingplatformAdminControllerApplication on DESKTOP-K9S046H with PID 17960 (D:\spring\tradingplatform\tradingplatform\tradingplatform-admin\tradingplatform-admin-controller\target\classes started by 81079 in D:\spring\tradingplatform\tradingplatform)
2018-10-21 01:01:15.180 [main] INFO  com.secondhand.tradingplatformadmincontroller.TradingplatformAdminControllerApplication - No active profile set, falling back to default profiles: default
2018-10-21 01:01:15.255 [main] INFO  org.springframework.boot.web.servlet.context.AnnotationConfigServletWebServerApplicationContext - Refreshing org.springframework.boot.web.servlet.context.AnnotationConfigServletWebServerApplicationContext@481ba2cf: startup date [Sun Oct 21 01:01:15 CST 2018]; root of context hierarchy
2018-10-21 01:01:17.273 [main] INFO  org.springframework.context.support.PostProcessorRegistrationDelegate$BeanPostProcessorChecker - Bean 'com.alibaba.druid.spring.boot.autoconfigure.stat.DruidSpringAopConfiguration' of type [com.alibaba.druid.spring.boot.autoconfigure.stat.DruidSpringAopConfiguration] is not eligible for getting processed by all BeanPostProcessors (for example: not eligible for auto-proxying)
2018-10-21 01:01:17.338 [main] INFO  org.springframework.context.support.PostProcessorRegistrationDelegate$BeanPostProcessorChecker - Bean 'org.springframework.transaction.annotation.ProxyTransactionManagementConfiguration' of type [org.springframework.transaction.annotation.ProxyTransactionManagementConfiguration$$EnhancerBySpringCGLIB$$2574efa2] is not eligible for getting processed by all BeanPostProcessors (for example: not eligible for auto-proxying)
2018-10-21 01:01:17.362 [main] INFO  org.springframework.context.support.PostProcessorRegistrationDelegate$BeanPostProcessorChecker - Bean 'org.springframework.boot.context.properties.ConversionServiceDeducer$Factory' of type [org.springframework.boot.context.properties.ConversionServiceDeducer$Factory] is not eligible for getting processed by all BeanPostProcessors (for example: not eligible for auto-proxying)
2018-10-21 01:01:17.394 [main] INFO  org.springframework.context.support.PostProcessorRegistrationDelegate$BeanPostProcessorChecker - Bean 'spring.datasource.druid-com.alibaba.druid.spring.boot.autoconfigure.properties.DruidStatProperties' of type [com.alibaba.druid.spring.boot.autoconfigure.properties.DruidStatProperties] is not eligible for getting processed by all BeanPostProcessors (for example: not eligible for auto-proxying)
2018-10-21 01:01:17.406 [main] INFO  org.springframework.context.support.PostProcessorRegistrationDelegate$BeanPostProcessorChecker - Bean 'advisor' of type [org.springframework.aop.support.RegexpMethodPointcutAdvisor] is not eligible for getting processed by all BeanPostProcessors (for example: not eligible for auto-proxying)
2018-10-21 01:01:18.072 [main] INFO  org.springframework.boot.web.embedded.tomcat.TomcatWebServer - Tomcat initialized with port(s): 8080 (http)
2018-10-21 01:01:18.088 [main] INFO  org.apache.coyote.http11.Http11NioProtocol - Initializing ProtocolHandler ["http-nio-8080"]
2018-10-21 01:01:18.116 [main] INFO  org.apache.catalina.core.StandardService - Starting service [Tomcat]
2018-10-21 01:01:18.120 [main] INFO  org.apache.catalina.core.StandardEngine - Starting Servlet Engine: Apache Tomcat/8.5.34
2018-10-21 01:01:18.129 [localhost-startStop-1] INFO  org.apache.catalina.core.AprLifecycleListener - The APR based Apache Tomcat Native library which allows optimal performance in production environments was not found on the java.library.path: [E:\Installation\jdk1.8\jdk1.8\bin;C:\Windows\Sun\Java\bin;C:\Windows\system32;C:\Windows;C:\ProgramData\Oracle\Java\javapath;C:\Windows\system32;C:\Windows;C:\Windows\System32\Wbem;C:\Windows\System32\WindowsPowerShell\v1.0\;C:\Windows\System32\OpenSSH\;E:\Installation\jdk1.8\jdk1.8\bin;E:\Installation\jdk1.8\jdk1.8\jre\bin;E:\Installation\maven3.5\apache-maven-3.5.3\bin;E:\Installation\git\Git\cmd;E:\installation_package\mysql\mysql-5.7.9-winx64\bin;E:\Installation\python3.6;E:\Installation\SVN\bin;E:\Installation\node\;E:\Installation\phantomjs\phantomjs-2.1.1-windows\bin;E:\Installation\erlang\erl10.0.1\bin;E:\Installation\redis;E:\Installation\python3.6\Scripts\;E:\Installation\python3.6\;C:\Users\81079\AppData\Local\Microsoft\WindowsApps;C:\Users\81079\AppData\Roaming\npm;E:\Installation\node\node_global;;.]
2018-10-21 01:01:18.348 [localhost-startStop-1] INFO  org.apache.catalina.core.ContainerBase.[Tomcat].[localhost].[/] - Initializing Spring embedded WebApplicationContext
2018-10-21 01:01:18.348 [localhost-startStop-1] INFO  org.springframework.web.context.ContextLoader - Root WebApplicationContext: initialization completed in 3093 ms
2018-10-21 01:01:18.468 [localhost-startStop-1] INFO  org.springframework.boot.web.servlet.ServletRegistrationBean - Servlet statViewServlet mapped to [/druid/*]
2018-10-21 01:01:18.468 [localhost-startStop-1] INFO  org.springframework.boot.web.servlet.ServletRegistrationBean - Servlet dispatcherServlet mapped to [/]
2018-10-21 01:01:18.468 [localhost-startStop-1] INFO  org.springframework.boot.web.servlet.ServletRegistrationBean - Servlet statViewServlet mapped to [/druid/*]
2018-10-21 01:01:18.468 [localhost-startStop-1] INFO  org.springframework.boot.web.servlet.RegistrationBean - Servlet statViewServlet was not registered (possibly already registered?)
2018-10-21 01:01:18.472 [localhost-startStop-1] INFO  org.springframework.boot.web.servlet.FilterRegistrationBean - Mapping filter: 'characterEncodingFilter' to: [/*]
2018-10-21 01:01:18.476 [localhost-startStop-1] INFO  org.springframework.boot.web.servlet.FilterRegistrationBean - Mapping filter: 'webStatFilter' to urls: [/*]
2018-10-21 01:01:18.476 [localhost-startStop-1] INFO  org.springframework.boot.web.servlet.RegistrationBean - Filter webStatFilter was not registered (possibly already registered?)
2018-10-21 01:01:19.813 [main] INFO  com.alibaba.druid.pool.DruidDataSource - {dataSource-1} inited
2018-10-21 01:01:20.897 [main] INFO  org.springframework.web.servlet.mvc.method.annotation.RequestMappingHandlerMapping - Mapped "{[/admin/user/get_by_id/{userId}],methods=[GET],produces=[application/json]}" onto public com.secondhand.tradingplatformcommon.util.JsonResult<com.secondhand.tradingplatformadminentity.entity.User> com.secondhand.tradingplatformadmincontroller.controller.UserController.getUserById(java.lang.Long)
2018-10-21 01:01:20.897 [main] INFO  org.springframework.web.servlet.mvc.method.annotation.RequestMappingHandlerMapping - Mapped "{[/admin/user/delete],methods=[PUT],consumes=[application/json],produces=[application/json]}" onto public com.secondhand.tradingplatformcommon.util.JsonResult<com.secondhand.tradingplatformadminentity.entity.User> com.secondhand.tradingplatformadmincontroller.controller.UserController.fakeDeleteById(java.lang.Long)
2018-10-21 01:01:20.897 [main] INFO  org.springframework.web.servlet.mvc.method.annotation.RequestMappingHandlerMapping - Mapped "{[/admin/user/query],methods=[POST],consumes=[application/json],produces=[application/json]}" onto public com.secondhand.tradingplatformcommon.util.TableJson<com.secondhand.tradingplatformadminentity.entity.User> com.secondhand.tradingplatformadmincontroller.controller.UserController.getUserList(com.secondhand.tradingplatformadminentity.entity.User)
2018-10-21 01:01:20.897 [main] INFO  org.springframework.web.servlet.mvc.method.annotation.RequestMappingHandlerMapping - Mapped "{[/admin/user/batch_delete],methods=[PUT],consumes=[application/json],produces=[application/json]}" onto public com.secondhand.tradingplatformcommon.util.JsonResult<com.secondhand.tradingplatformadminentity.entity.User> com.secondhand.tradingplatformadmincontroller.controller.UserController.fakeBatchDelete(java.util.List<java.lang.Long>)
2018-10-21 01:01:20.897 [main] INFO  org.springframework.web.servlet.mvc.method.annotation.RequestMappingHandlerMapping - Mapped "{[/admin/user/create_update],methods=[POST],consumes=[application/json],produces=[application/json]}" onto public com.secondhand.tradingplatformcommon.util.JsonResult<com.secondhand.tradingplatformadminentity.entity.User> com.secondhand.tradingplatformadmincontroller.controller.UserController.userCreateUpdate(com.secondhand.tradingplatformadminentity.entity.User)
2018-10-21 01:01:20.897 [main] INFO  org.springframework.web.servlet.mvc.method.annotation.RequestMappingHandlerMapping - Mapped "{[/admin/user/get_map_by_id/{userId}],methods=[GET],produces=[application/json]}" onto public com.secondhand.tradingplatformcommon.util.JsonResult<java.util.Map<java.lang.String, java.lang.Object>> com.secondhand.tradingplatformadmincontroller.controller.UserController.getUserByIdForMap(java.lang.Long)
2018-10-21 01:01:20.909 [main] INFO  org.springframework.web.servlet.mvc.method.annotation.RequestMappingHandlerMapping - Mapped "{[/swagger-resources/configuration/security]}" onto public org.springframework.http.ResponseEntity<springfox.documentation.swagger.web.SecurityConfiguration> springfox.documentation.swagger.web.ApiResourceController.securityConfiguration()
2018-10-21 01:01:20.909 [main] INFO  org.springframework.web.servlet.mvc.method.annotation.RequestMappingHandlerMapping - Mapped "{[/swagger-resources/configuration/ui]}" onto public org.springframework.http.ResponseEntity<springfox.documentation.swagger.web.UiConfiguration> springfox.documentation.swagger.web.ApiResourceController.uiConfiguration()
2018-10-21 01:01:20.913 [main] INFO  org.springframework.web.servlet.mvc.method.annotation.RequestMappingHandlerMapping - Mapped "{[/swagger-resources]}" onto public org.springframework.http.ResponseEntity<java.util.List<springfox.documentation.swagger.web.SwaggerResource>> springfox.documentation.swagger.web.ApiResourceController.swaggerResources()
2018-10-21 01:01:20.917 [main] INFO  org.springframework.web.servlet.mvc.method.annotation.RequestMappingHandlerMapping - Mapped "{[/error]}" onto public org.springframework.http.ResponseEntity<java.util.Map<java.lang.String, java.lang.Object>> org.springframework.boot.autoconfigure.web.servlet.error.BasicErrorController.error(javax.servlet.http.HttpServletRequest)
2018-10-21 01:01:20.917 [main] INFO  org.springframework.web.servlet.mvc.method.annotation.RequestMappingHandlerMapping - Mapped "{[/error],produces=[text/html]}" onto public org.springframework.web.servlet.ModelAndView org.springframework.boot.autoconfigure.web.servlet.error.BasicErrorController.errorHtml(javax.servlet.http.HttpServletRequest,javax.servlet.http.HttpServletResponse)
2018-10-21 01:01:21.222 [main] INFO  springfox.documentation.spring.web.PropertySourcedRequestMappingHandlerMapping - Mapped URL path [/v2/api-docs] onto method [public org.springframework.http.ResponseEntity<springfox.documentation.spring.web.json.Json> springfox.documentation.swagger2.web.Swagger2Controller.getDocumentation(java.lang.String,javax.servlet.http.HttpServletRequest)]
2018-10-21 01:01:21.430 [main] INFO  org.springframework.web.servlet.mvc.method.annotation.RequestMappingHandlerAdapter - Looking for @ControllerAdvice: org.springframework.boot.web.servlet.context.AnnotationConfigServletWebServerApplicationContext@481ba2cf: startup date [Sun Oct 21 01:01:15 CST 2018]; root of context hierarchy
2018-10-21 01:01:21.927 [main] INFO  org.springframework.ui.freemarker.SpringTemplateLoader - SpringTemplateLoader for FreeMarker: using resource loader [org.springframework.boot.web.servlet.context.AnnotationConfigServletWebServerApplicationContext@481ba2cf: startup date [Sun Oct 21 01:01:15 CST 2018]; root of context hierarchy] and template loader path [classpath:/templates/]
2018-10-21 01:01:21.927 [main] INFO  org.springframework.web.servlet.view.freemarker.FreeMarkerConfigurer - ClassTemplateLoader for Spring macros added to FreeMarker configuration
2018-10-21 01:01:22.573 [main] INFO  org.springframework.jmx.export.annotation.AnnotationMBeanExporter - Registering beans for JMX exposure on startup
2018-10-21 01:01:22.579 [main] INFO  org.springframework.jmx.export.annotation.AnnotationMBeanExporter - Bean with name 'dataSource' has been autodetected for JMX exposure
2018-10-21 01:01:22.579 [main] INFO  org.springframework.jmx.export.annotation.AnnotationMBeanExporter - Bean with name 'statFilter' has been autodetected for JMX exposure
2018-10-21 01:01:22.579 [main] INFO  org.springframework.jmx.export.annotation.AnnotationMBeanExporter - Bean with name 'slf4jLogFilter' has been autodetected for JMX exposure
2018-10-21 01:01:22.579 [main] INFO  org.springframework.jmx.export.annotation.AnnotationMBeanExporter - Bean with name 'wallConfig' has been autodetected for JMX exposure
2018-10-21 01:01:22.579 [main] INFO  org.springframework.jmx.export.annotation.AnnotationMBeanExporter - Bean with name 'wallFilter' has been autodetected for JMX exposure
2018-10-21 01:01:22.591 [main] INFO  org.springframework.jmx.export.annotation.AnnotationMBeanExporter - Located MBean 'slf4jLogFilter': registering with JMX server as MBean [com.alibaba.druid.filter.logging:name=slf4jLogFilter,type=Slf4jLogFilter]
2018-10-21 01:01:22.591 [main] INFO  org.springframework.jmx.export.annotation.AnnotationMBeanExporter - Located MBean 'wallConfig': registering with JMX server as MBean [com.alibaba.druid.wall:name=wallConfig,type=WallConfig]
2018-10-21 01:01:22.591 [main] INFO  org.springframework.jmx.export.annotation.AnnotationMBeanExporter - Located MBean 'dataSource': registering with JMX server as MBean [com.alibaba.druid.spring.boot.autoconfigure:name=dataSource,type=DruidDataSourceWrapper]
2018-10-21 01:01:22.591 [main] INFO  org.springframework.jmx.export.annotation.AnnotationMBeanExporter - Located MBean 'wallFilter': registering with JMX server as MBean [com.alibaba.druid.wall:name=wallFilter,type=WallFilter]
2018-10-21 01:01:22.595 [main] INFO  org.springframework.jmx.export.annotation.AnnotationMBeanExporter - Located MBean 'statFilter': registering with JMX server as MBean [com.alibaba.druid.filter.stat:name=statFilter,type=StatFilter]
2018-10-21 01:01:22.599 [main] INFO  org.springframework.context.support.DefaultLifecycleProcessor - Starting beans in phase 2147483647
2018-10-21 01:01:22.599 [main] INFO  springfox.documentation.spring.web.plugins.DocumentationPluginsBootstrapper - Context refreshed
2018-10-21 01:01:22.627 [main] INFO  springfox.documentation.spring.web.plugins.DocumentationPluginsBootstrapper - Found 1 custom documentation plugin(s)
2018-10-21 01:01:22.703 [main] INFO  springfox.documentation.spring.web.scanners.ApiListingReferenceScanner - Scanning for api listing references
2018-10-21 01:01:23.245 [main] INFO  org.apache.coyote.http11.Http11NioProtocol - Starting ProtocolHandler ["http-nio-8080"]
2018-10-21 01:01:23.265 [main] INFO  org.apache.tomcat.util.net.NioSelectorPool - Using a shared selector for servlet write/read
2018-10-21 01:01:23.297 [main] INFO  org.springframework.boot.web.embedded.tomcat.TomcatWebServer - Tomcat started on port(s): 8080 (http) with context path ''
2018-10-21 01:01:23.305 [main] INFO  com.secondhand.tradingplatformadmincontroller.TradingplatformAdminControllerApplication - Started TradingplatformAdminControllerApplication in 8.955 seconds (JVM running for 11.325)
2018-10-21 01:05:56.513 [main] INFO  com.secondhand.tradingplatformadmincontroller.TradingplatformAdminControllerApplication - Starting TradingplatformAdminControllerApplication on DESKTOP-K9S046H with PID 5148 (D:\spring\tradingplatform\tradingplatform\tradingplatform-admin\tradingplatform-admin-controller\target\classes started by 81079 in D:\spring\tradingplatform\tradingplatform)
2018-10-21 01:05:56.517 [main] INFO  com.secondhand.tradingplatformadmincontroller.TradingplatformAdminControllerApplication - No active profile set, falling back to default profiles: default
2018-10-21 01:05:56.600 [main] INFO  org.springframework.boot.web.servlet.context.AnnotationConfigServletWebServerApplicationContext - Refreshing org.springframework.boot.web.servlet.context.AnnotationConfigServletWebServerApplicationContext@2b4c1d96: startup date [Sun Oct 21 01:05:56 CST 2018]; root of context hierarchy
2018-10-21 01:05:58.649 [main] INFO  org.springframework.context.support.PostProcessorRegistrationDelegate$BeanPostProcessorChecker - Bean 'com.alibaba.druid.spring.boot.autoconfigure.stat.DruidSpringAopConfiguration' of type [com.alibaba.druid.spring.boot.autoconfigure.stat.DruidSpringAopConfiguration] is not eligible for getting processed by all BeanPostProcessors (for example: not eligible for auto-proxying)
2018-10-21 01:05:58.761 [main] INFO  org.springframework.context.support.PostProcessorRegistrationDelegate$BeanPostProcessorChecker - Bean 'org.springframework.transaction.annotation.ProxyTransactionManagementConfiguration' of type [org.springframework.transaction.annotation.ProxyTransactionManagementConfiguration$$EnhancerBySpringCGLIB$$1e7ae0a4] is not eligible for getting processed by all BeanPostProcessors (for example: not eligible for auto-proxying)
2018-10-21 01:05:58.789 [main] INFO  org.springframework.context.support.PostProcessorRegistrationDelegate$BeanPostProcessorChecker - Bean 'org.springframework.boot.context.properties.ConversionServiceDeducer$Factory' of type [org.springframework.boot.context.properties.ConversionServiceDeducer$Factory] is not eligible for getting processed by all BeanPostProcessors (for example: not eligible for auto-proxying)
2018-10-21 01:05:58.817 [main] INFO  org.springframework.context.support.PostProcessorRegistrationDelegate$BeanPostProcessorChecker - Bean 'spring.datasource.druid-com.alibaba.druid.spring.boot.autoconfigure.properties.DruidStatProperties' of type [com.alibaba.druid.spring.boot.autoconfigure.properties.DruidStatProperties] is not eligible for getting processed by all BeanPostProcessors (for example: not eligible for auto-proxying)
2018-10-21 01:05:58.841 [main] INFO  org.springframework.context.support.PostProcessorRegistrationDelegate$BeanPostProcessorChecker - Bean 'advisor' of type [org.springframework.aop.support.RegexpMethodPointcutAdvisor] is not eligible for getting processed by all BeanPostProcessors (for example: not eligible for auto-proxying)
2018-10-21 01:05:59.675 [main] INFO  org.springframework.boot.web.embedded.tomcat.TomcatWebServer - Tomcat initialized with port(s): 8080 (http)
2018-10-21 01:05:59.695 [main] INFO  org.apache.coyote.http11.Http11NioProtocol - Initializing ProtocolHandler ["http-nio-8080"]
2018-10-21 01:05:59.715 [main] INFO  org.apache.catalina.core.StandardService - Starting service [Tomcat]
2018-10-21 01:05:59.715 [main] INFO  org.apache.catalina.core.StandardEngine - Starting Servlet Engine: Apache Tomcat/8.5.34
2018-10-21 01:05:59.723 [localhost-startStop-1] INFO  org.apache.catalina.core.AprLifecycleListener - The APR based Apache Tomcat Native library which allows optimal performance in production environments was not found on the java.library.path: [E:\Installation\jdk1.8\jdk1.8\bin;C:\Windows\Sun\Java\bin;C:\Windows\system32;C:\Windows;C:\ProgramData\Oracle\Java\javapath;C:\Windows\system32;C:\Windows;C:\Windows\System32\Wbem;C:\Windows\System32\WindowsPowerShell\v1.0\;C:\Windows\System32\OpenSSH\;E:\Installation\jdk1.8\jdk1.8\bin;E:\Installation\jdk1.8\jdk1.8\jre\bin;E:\Installation\maven3.5\apache-maven-3.5.3\bin;E:\Installation\git\Git\cmd;E:\installation_package\mysql\mysql-5.7.9-winx64\bin;E:\Installation\python3.6;E:\Installation\SVN\bin;E:\Installation\node\;E:\Installation\phantomjs\phantomjs-2.1.1-windows\bin;E:\Installation\erlang\erl10.0.1\bin;E:\Installation\redis;E:\Installation\python3.6\Scripts\;E:\Installation\python3.6\;C:\Users\81079\AppData\Local\Microsoft\WindowsApps;C:\Users\81079\AppData\Roaming\npm;E:\Installation\node\node_global;;.]
2018-10-21 01:05:59.963 [localhost-startStop-1] INFO  org.apache.catalina.core.ContainerBase.[Tomcat].[localhost].[/] - Initializing Spring embedded WebApplicationContext
2018-10-21 01:05:59.963 [localhost-startStop-1] INFO  org.springframework.web.context.ContextLoader - Root WebApplicationContext: initialization completed in 3363 ms
2018-10-21 01:06:00.143 [localhost-startStop-1] INFO  org.springframework.boot.web.servlet.ServletRegistrationBean - Servlet statViewServlet mapped to [/druid/*]
2018-10-21 01:06:00.147 [localhost-startStop-1] INFO  org.springframework.boot.web.servlet.ServletRegistrationBean - Servlet dispatcherServlet mapped to [/]
2018-10-21 01:06:00.147 [localhost-startStop-1] INFO  org.springframework.boot.web.servlet.ServletRegistrationBean - Servlet statViewServlet mapped to [/druid/*]
2018-10-21 01:06:00.147 [localhost-startStop-1] INFO  org.springframework.boot.web.servlet.RegistrationBean - Servlet statViewServlet was not registered (possibly already registered?)
2018-10-21 01:06:00.151 [localhost-startStop-1] INFO  org.springframework.boot.web.servlet.FilterRegistrationBean - Mapping filter: 'characterEncodingFilter' to: [/*]
2018-10-21 01:06:00.151 [localhost-startStop-1] INFO  org.springframework.boot.web.servlet.FilterRegistrationBean - Mapping filter: 'webStatFilter' to urls: [/*]
2018-10-21 01:06:00.151 [localhost-startStop-1] INFO  org.springframework.boot.web.servlet.RegistrationBean - Filter webStatFilter was not registered (possibly already registered?)
2018-10-21 01:06:01.443 [main] INFO  com.alibaba.druid.pool.DruidDataSource - {dataSource-1} inited
2018-10-21 01:06:02.459 [main] INFO  org.springframework.web.servlet.mvc.method.annotation.RequestMappingHandlerMapping - Mapped "{[/admin/user/get_by_id/{userId}],methods=[GET],produces=[application/json]}" onto public com.secondhand.tradingplatformcommon.util.JsonResult<com.secondhand.tradingplatformadminentity.entity.User> com.secondhand.tradingplatformadmincontroller.controller.UserController.getUserById(java.lang.Long)
2018-10-21 01:06:02.459 [main] INFO  org.springframework.web.servlet.mvc.method.annotation.RequestMappingHandlerMapping - Mapped "{[/admin/user/batch_delete],methods=[PUT],consumes=[application/json],produces=[application/json]}" onto public com.secondhand.tradingplatformcommon.util.JsonResult<com.secondhand.tradingplatformadminentity.entity.User> com.secondhand.tradingplatformadmincontroller.controller.UserController.fakeBatchDelete(java.util.List<java.lang.Long>)
2018-10-21 01:06:02.459 [main] INFO  org.springframework.web.servlet.mvc.method.annotation.RequestMappingHandlerMapping - Mapped "{[/admin/user/delete],methods=[PUT],consumes=[application/json],produces=[application/json]}" onto public com.secondhand.tradingplatformcommon.util.JsonResult<com.secondhand.tradingplatformadminentity.entity.User> com.secondhand.tradingplatformadmincontroller.controller.UserController.fakeDeleteById(java.lang.Long)
2018-10-21 01:06:02.459 [main] INFO  org.springframework.web.servlet.mvc.method.annotation.RequestMappingHandlerMapping - Mapped "{[/admin/user/query],methods=[POST],consumes=[application/json],produces=[application/json]}" onto public com.secondhand.tradingplatformcommon.util.TableJson<com.secondhand.tradingplatformadminentity.entity.User> com.secondhand.tradingplatformadmincontroller.controller.UserController.getUserList(com.secondhand.tradingplatformadminentity.entity.User)
2018-10-21 01:06:02.459 [main] INFO  org.springframework.web.servlet.mvc.method.annotation.RequestMappingHandlerMapping - Mapped "{[/admin/user/create_update],methods=[POST],consumes=[application/json],produces=[application/json]}" onto public com.secondhand.tradingplatformcommon.util.JsonResult<com.secondhand.tradingplatformadminentity.entity.User> com.secondhand.tradingplatformadmincontroller.controller.UserController.userCreateUpdate(com.secondhand.tradingplatformadminentity.entity.User)
2018-10-21 01:06:02.463 [main] INFO  org.springframework.web.servlet.mvc.method.annotation.RequestMappingHandlerMapping - Mapped "{[/admin/user/get_map_by_id/{userId}],methods=[GET],produces=[application/json]}" onto public com.secondhand.tradingplatformcommon.util.JsonResult<java.util.Map<java.lang.String, java.lang.Object>> com.secondhand.tradingplatformadmincontroller.controller.UserController.getUserByIdForMap(java.lang.Long)
2018-10-21 01:06:02.467 [main] INFO  org.springframework.web.servlet.mvc.method.annotation.RequestMappingHandlerMapping - Mapped "{[/swagger-resources/configuration/security]}" onto public org.springframework.http.ResponseEntity<springfox.documentation.swagger.web.SecurityConfiguration> springfox.documentation.swagger.web.ApiResourceController.securityConfiguration()
2018-10-21 01:06:02.467 [main] INFO  org.springframework.web.servlet.mvc.method.annotation.RequestMappingHandlerMapping - Mapped "{[/swagger-resources]}" onto public org.springframework.http.ResponseEntity<java.util.List<springfox.documentation.swagger.web.SwaggerResource>> springfox.documentation.swagger.web.ApiResourceController.swaggerResources()
2018-10-21 01:06:02.467 [main] INFO  org.springframework.web.servlet.mvc.method.annotation.RequestMappingHandlerMapping - Mapped "{[/swagger-resources/configuration/ui]}" onto public org.springframework.http.ResponseEntity<springfox.documentation.swagger.web.UiConfiguration> springfox.documentation.swagger.web.ApiResourceController.uiConfiguration()
2018-10-21 01:06:02.471 [main] INFO  org.springframework.web.servlet.mvc.method.annotation.RequestMappingHandlerMapping - Mapped "{[/error]}" onto public org.springframework.http.ResponseEntity<java.util.Map<java.lang.String, java.lang.Object>> org.springframework.boot.autoconfigure.web.servlet.error.BasicErrorController.error(javax.servlet.http.HttpServletRequest)
2018-10-21 01:06:02.471 [main] INFO  org.springframework.web.servlet.mvc.method.annotation.RequestMappingHandlerMapping - Mapped "{[/error],produces=[text/html]}" onto public org.springframework.web.servlet.ModelAndView org.springframework.boot.autoconfigure.web.servlet.error.BasicErrorController.errorHtml(javax.servlet.http.HttpServletRequest,javax.servlet.http.HttpServletResponse)
2018-10-21 01:06:02.795 [main] INFO  springfox.documentation.spring.web.PropertySourcedRequestMappingHandlerMapping - Mapped URL path [/v2/api-docs] onto method [public org.springframework.http.ResponseEntity<springfox.documentation.spring.web.json.Json> springfox.documentation.swagger2.web.Swagger2Controller.getDocumentation(java.lang.String,javax.servlet.http.HttpServletRequest)]
2018-10-21 01:06:03.029 [main] INFO  org.springframework.web.servlet.mvc.method.annotation.RequestMappingHandlerAdapter - Looking for @ControllerAdvice: org.springframework.boot.web.servlet.context.AnnotationConfigServletWebServerApplicationContext@2b4c1d96: startup date [Sun Oct 21 01:05:56 CST 2018]; root of context hierarchy
2018-10-21 01:06:03.562 [main] INFO  org.springframework.ui.freemarker.SpringTemplateLoader - SpringTemplateLoader for FreeMarker: using resource loader [org.springframework.boot.web.servlet.context.AnnotationConfigServletWebServerApplicationContext@2b4c1d96: startup date [Sun Oct 21 01:05:56 CST 2018]; root of context hierarchy] and template loader path [classpath:/templates/]
2018-10-21 01:06:03.562 [main] INFO  org.springframework.web.servlet.view.freemarker.FreeMarkerConfigurer - ClassTemplateLoader for Spring macros added to FreeMarker configuration
2018-10-21 01:06:04.248 [main] INFO  org.springframework.jmx.export.annotation.AnnotationMBeanExporter - Registering beans for JMX exposure on startup
2018-10-21 01:06:04.248 [main] INFO  org.springframework.jmx.export.annotation.AnnotationMBeanExporter - Bean with name 'dataSource' has been autodetected for JMX exposure
2018-10-21 01:06:04.248 [main] INFO  org.springframework.jmx.export.annotation.AnnotationMBeanExporter - Bean with name 'statFilter' has been autodetected for JMX exposure
2018-10-21 01:06:04.252 [main] INFO  org.springframework.jmx.export.annotation.AnnotationMBeanExporter - Bean with name 'slf4jLogFilter' has been autodetected for JMX exposure
2018-10-21 01:06:04.252 [main] INFO  org.springframework.jmx.export.annotation.AnnotationMBeanExporter - Bean with name 'wallConfig' has been autodetected for JMX exposure
2018-10-21 01:06:04.252 [main] INFO  org.springframework.jmx.export.annotation.AnnotationMBeanExporter - Bean with name 'wallFilter' has been autodetected for JMX exposure
2018-10-21 01:06:04.264 [main] INFO  org.springframework.jmx.export.annotation.AnnotationMBeanExporter - Located MBean 'slf4jLogFilter': registering with JMX server as MBean [com.alibaba.druid.filter.logging:name=slf4jLogFilter,type=Slf4jLogFilter]
2018-10-21 01:06:04.264 [main] INFO  org.springframework.jmx.export.annotation.AnnotationMBeanExporter - Located MBean 'wallConfig': registering with JMX server as MBean [com.alibaba.druid.wall:name=wallConfig,type=WallConfig]
2018-10-21 01:06:04.268 [main] INFO  org.springframework.jmx.export.annotation.AnnotationMBeanExporter - Located MBean 'dataSource': registering with JMX server as MBean [com.alibaba.druid.spring.boot.autoconfigure:name=dataSource,type=DruidDataSourceWrapper]
2018-10-21 01:06:04.268 [main] INFO  org.springframework.jmx.export.annotation.AnnotationMBeanExporter - Located MBean 'wallFilter': registering with JMX server as MBean [com.alibaba.druid.wall:name=wallFilter,type=WallFilter]
2018-10-21 01:06:04.272 [main] INFO  org.springframework.jmx.export.annotation.AnnotationMBeanExporter - Located MBean 'statFilter': registering with JMX server as MBean [com.alibaba.druid.filter.stat:name=statFilter,type=StatFilter]
2018-10-21 01:06:04.280 [main] INFO  org.springframework.context.support.DefaultLifecycleProcessor - Starting beans in phase 2147483647
2018-10-21 01:06:04.280 [main] INFO  springfox.documentation.spring.web.plugins.DocumentationPluginsBootstrapper - Context refreshed
2018-10-21 01:06:04.308 [main] INFO  springfox.documentation.spring.web.plugins.DocumentationPluginsBootstrapper - Found 1 custom documentation plugin(s)
2018-10-21 01:06:04.396 [main] INFO  springfox.documentation.spring.web.scanners.ApiListingReferenceScanner - Scanning for api listing references
2018-10-21 01:06:04.920 [main] INFO  org.apache.coyote.http11.Http11NioProtocol - Starting ProtocolHandler ["http-nio-8080"]
2018-10-21 01:06:04.940 [main] INFO  org.apache.tomcat.util.net.NioSelectorPool - Using a shared selector for servlet write/read
2018-10-21 01:06:04.964 [main] INFO  org.springframework.boot.web.embedded.tomcat.TomcatWebServer - Tomcat started on port(s): 8080 (http) with context path ''
2018-10-21 01:06:04.976 [main] INFO  com.secondhand.tradingplatformadmincontroller.TradingplatformAdminControllerApplication - Started TradingplatformAdminControllerApplication in 9.288 seconds (JVM running for 11.74)
2018-10-21 01:11:24.498 [main] INFO  com.secondhand.tradingplatformadmincontroller.TradingplatformAdminControllerApplication - Starting TradingplatformAdminControllerApplication on DESKTOP-K9S046H with PID 11784 (D:\spring\tradingplatform\tradingplatform\tradingplatform-admin\tradingplatform-admin-controller\target\classes started by 81079 in D:\spring\tradingplatform\tradingplatform)
2018-10-21 01:11:24.510 [main] INFO  com.secondhand.tradingplatformadmincontroller.TradingplatformAdminControllerApplication - No active profile set, falling back to default profiles: default
2018-10-21 01:11:24.674 [main] INFO  org.springframework.boot.web.servlet.context.AnnotationConfigServletWebServerApplicationContext - Refreshing org.springframework.boot.web.servlet.context.AnnotationConfigServletWebServerApplicationContext@5d12a356: startup date [Sun Oct 21 01:11:24 CST 2018]; root of context hierarchy
2018-10-21 01:11:26.829 [main] INFO  org.springframework.context.support.PostProcessorRegistrationDelegate$BeanPostProcessorChecker - Bean 'com.alibaba.druid.spring.boot.autoconfigure.stat.DruidSpringAopConfiguration' of type [com.alibaba.druid.spring.boot.autoconfigure.stat.DruidSpringAopConfiguration] is not eligible for getting processed by all BeanPostProcessors (for example: not eligible for auto-proxying)
2018-10-21 01:11:26.925 [main] INFO  org.springframework.context.support.PostProcessorRegistrationDelegate$BeanPostProcessorChecker - Bean 'org.springframework.transaction.annotation.ProxyTransactionManagementConfiguration' of type [org.springframework.transaction.annotation.ProxyTransactionManagementConfiguration$$EnhancerBySpringCGLIB$$967f0914] is not eligible for getting processed by all BeanPostProcessors (for example: not eligible for auto-proxying)
2018-10-21 01:11:26.953 [main] INFO  org.springframework.context.support.PostProcessorRegistrationDelegate$BeanPostProcessorChecker - Bean 'org.springframework.boot.context.properties.ConversionServiceDeducer$Factory' of type [org.springframework.boot.context.properties.ConversionServiceDeducer$Factory] is not eligible for getting processed by all BeanPostProcessors (for example: not eligible for auto-proxying)
2018-10-21 01:11:26.985 [main] INFO  org.springframework.context.support.PostProcessorRegistrationDelegate$BeanPostProcessorChecker - Bean 'spring.datasource.druid-com.alibaba.druid.spring.boot.autoconfigure.properties.DruidStatProperties' of type [com.alibaba.druid.spring.boot.autoconfigure.properties.DruidStatProperties] is not eligible for getting processed by all BeanPostProcessors (for example: not eligible for auto-proxying)
2018-10-21 01:11:27.001 [main] INFO  org.springframework.context.support.PostProcessorRegistrationDelegate$BeanPostProcessorChecker - Bean 'advisor' of type [org.springframework.aop.support.RegexpMethodPointcutAdvisor] is not eligible for getting processed by all BeanPostProcessors (for example: not eligible for auto-proxying)
2018-10-21 01:11:27.768 [main] INFO  org.springframework.boot.web.embedded.tomcat.TomcatWebServer - Tomcat initialized with port(s): 8080 (http)
2018-10-21 01:11:27.792 [main] INFO  org.apache.coyote.http11.Http11NioProtocol - Initializing ProtocolHandler ["http-nio-8080"]
2018-10-21 01:11:27.816 [main] INFO  org.apache.catalina.core.StandardService - Starting service [Tomcat]
2018-10-21 01:11:27.816 [main] INFO  org.apache.catalina.core.StandardEngine - Starting Servlet Engine: Apache Tomcat/8.5.34
2018-10-21 01:11:27.828 [localhost-startStop-1] INFO  org.apache.catalina.core.AprLifecycleListener - The APR based Apache Tomcat Native library which allows optimal performance in production environments was not found on the java.library.path: [E:\Installation\jdk1.8\jdk1.8\bin;C:\Windows\Sun\Java\bin;C:\Windows\system32;C:\Windows;C:\ProgramData\Oracle\Java\javapath;C:\Windows\system32;C:\Windows;C:\Windows\System32\Wbem;C:\Windows\System32\WindowsPowerShell\v1.0\;C:\Windows\System32\OpenSSH\;E:\Installation\jdk1.8\jdk1.8\bin;E:\Installation\jdk1.8\jdk1.8\jre\bin;E:\Installation\maven3.5\apache-maven-3.5.3\bin;E:\Installation\git\Git\cmd;E:\installation_package\mysql\mysql-5.7.9-winx64\bin;E:\Installation\python3.6;E:\Installation\SVN\bin;E:\Installation\node\;E:\Installation\phantomjs\phantomjs-2.1.1-windows\bin;E:\Installation\erlang\erl10.0.1\bin;E:\Installation\redis;E:\Installation\python3.6\Scripts\;E:\Installation\python3.6\;C:\Users\81079\AppData\Local\Microsoft\WindowsApps;C:\Users\81079\AppData\Roaming\npm;E:\Installation\node\node_global;;.]
2018-10-21 01:11:28.108 [localhost-startStop-1] INFO  org.apache.catalina.core.ContainerBase.[Tomcat].[localhost].[/] - Initializing Spring embedded WebApplicationContext
2018-10-21 01:11:28.112 [localhost-startStop-1] INFO  org.springframework.web.context.ContextLoader - Root WebApplicationContext: initialization completed in 3442 ms
2018-10-21 01:11:28.268 [localhost-startStop-1] INFO  org.springframework.boot.web.servlet.ServletRegistrationBean - Servlet statViewServlet mapped to [/druid/*]
2018-10-21 01:11:28.268 [localhost-startStop-1] INFO  org.springframework.boot.web.servlet.ServletRegistrationBean - Servlet dispatcherServlet mapped to [/]
2018-10-21 01:11:28.272 [localhost-startStop-1] INFO  org.springframework.boot.web.servlet.ServletRegistrationBean - Servlet statViewServlet mapped to [/druid/*]
2018-10-21 01:11:28.272 [localhost-startStop-1] INFO  org.springframework.boot.web.servlet.RegistrationBean - Servlet statViewServlet was not registered (possibly already registered?)
2018-10-21 01:11:28.276 [localhost-startStop-1] INFO  org.springframework.boot.web.servlet.FilterRegistrationBean - Mapping filter: 'characterEncodingFilter' to: [/*]
2018-10-21 01:11:28.276 [localhost-startStop-1] INFO  org.springframework.boot.web.servlet.FilterRegistrationBean - Mapping filter: 'webStatFilter' to urls: [/*]
2018-10-21 01:11:28.276 [localhost-startStop-1] INFO  org.springframework.boot.web.servlet.RegistrationBean - Filter webStatFilter was not registered (possibly already registered?)
2018-10-21 01:11:29.558 [main] INFO  com.alibaba.druid.pool.DruidDataSource - {dataSource-1} inited
2018-10-21 01:11:30.736 [main] INFO  org.springframework.web.servlet.mvc.method.annotation.RequestMappingHandlerMapping - Mapped "{[/admin/resources/get_map_by_id/{resourcesId}],methods=[GET],produces=[application/json]}" onto public com.secondhand.tradingplatformcommon.util.JsonResult<java.util.Map<java.lang.String, java.lang.Object>> com.secondhand.tradingplatformadmincontroller.controller.shiro.ResourcesController.getResourcesByIdForMap(java.lang.Long)
2018-10-21 01:11:30.740 [main] INFO  org.springframework.web.servlet.mvc.method.annotation.RequestMappingHandlerMapping - Mapped "{[/admin/resources/create_update],methods=[POST],consumes=[application/json],produces=[application/json]}" onto public com.secondhand.tradingplatformcommon.util.JsonResult<com.secondhand.tradingplatformadminentity.entity.shiro.Resources> com.secondhand.tradingplatformadmincontroller.controller.shiro.ResourcesController.resourcesCreateUpdate(com.secondhand.tradingplatformadminentity.entity.shiro.Resources)
2018-10-21 01:11:30.740 [main] INFO  org.springframework.web.servlet.mvc.method.annotation.RequestMappingHandlerMapping - Mapped "{[/admin/resources/query],methods=[POST],consumes=[application/json],produces=[application/json]}" onto public com.secondhand.tradingplatformcommon.util.TableJson<com.secondhand.tradingplatformadminentity.entity.shiro.Resources> com.secondhand.tradingplatformadmincontroller.controller.shiro.ResourcesController.getResourcesList(com.secondhand.tradingplatformadminentity.entity.shiro.Resources)
2018-10-21 01:11:30.744 [main] INFO  org.springframework.web.servlet.mvc.method.annotation.RequestMappingHandlerMapping - Mapped "{[/admin/resources/batch_delete],methods=[PUT],consumes=[application/json],produces=[application/json]}" onto public com.secondhand.tradingplatformcommon.util.JsonResult<com.secondhand.tradingplatformadminentity.entity.shiro.Resources> com.secondhand.tradingplatformadmincontroller.controller.shiro.ResourcesController.fakeBatchDelete(java.util.List<java.lang.Long>)
2018-10-21 01:11:30.744 [main] INFO  org.springframework.web.servlet.mvc.method.annotation.RequestMappingHandlerMapping - Mapped "{[/admin/resources/delete],methods=[PUT],consumes=[application/json],produces=[application/json]}" onto public com.secondhand.tradingplatformcommon.util.JsonResult<com.secondhand.tradingplatformadminentity.entity.shiro.Resources> com.secondhand.tradingplatformadmincontroller.controller.shiro.ResourcesController.fakeDeleteById(java.lang.Long)
2018-10-21 01:11:30.744 [main] INFO  org.springframework.web.servlet.mvc.method.annotation.RequestMappingHandlerMapping - Mapped "{[/admin/resources/get_by_id/{resourcesId}],methods=[GET],produces=[application/json]}" onto public com.secondhand.tradingplatformcommon.util.JsonResult<com.secondhand.tradingplatformadminentity.entity.shiro.Resources> com.secondhand.tradingplatformadmincontroller.controller.shiro.ResourcesController.getResourcesById(java.lang.Long)
2018-10-21 01:11:30.748 [main] INFO  org.springframework.web.servlet.mvc.method.annotation.RequestMappingHandlerMapping - Mapped "{[/admin/user/get_map_by_id/{userId}],methods=[GET],produces=[application/json]}" onto public com.secondhand.tradingplatformcommon.util.JsonResult<java.util.Map<java.lang.String, java.lang.Object>> com.secondhand.tradingplatformadmincontroller.controller.UserController.getUserByIdForMap(java.lang.Long)
2018-10-21 01:11:30.748 [main] INFO  org.springframework.web.servlet.mvc.method.annotation.RequestMappingHandlerMapping - Mapped "{[/admin/user/query],methods=[POST],consumes=[application/json],produces=[application/json]}" onto public com.secondhand.tradingplatformcommon.util.TableJson<com.secondhand.tradingplatformadminentity.entity.User> com.secondhand.tradingplatformadmincontroller.controller.UserController.getUserList(com.secondhand.tradingplatformadminentity.entity.User)
2018-10-21 01:11:30.748 [main] INFO  org.springframework.web.servlet.mvc.method.annotation.RequestMappingHandlerMapping - Mapped "{[/admin/user/create_update],methods=[POST],consumes=[application/json],produces=[application/json]}" onto public com.secondhand.tradingplatformcommon.util.JsonResult<com.secondhand.tradingplatformadminentity.entity.User> com.secondhand.tradingplatformadmincontroller.controller.UserController.userCreateUpdate(com.secondhand.tradingplatformadminentity.entity.User)
2018-10-21 01:11:30.748 [main] INFO  org.springframework.web.servlet.mvc.method.annotation.RequestMappingHandlerMapping - Mapped "{[/admin/user/get_by_id/{userId}],methods=[GET],produces=[application/json]}" onto public com.secondhand.tradingplatformcommon.util.JsonResult<com.secondhand.tradingplatformadminentity.entity.User> com.secondhand.tradingplatformadmincontroller.controller.UserController.getUserById(java.lang.Long)
2018-10-21 01:11:30.748 [main] INFO  org.springframework.web.servlet.mvc.method.annotation.RequestMappingHandlerMapping - Mapped "{[/admin/user/batch_delete],methods=[PUT],consumes=[application/json],produces=[application/json]}" onto public com.secondhand.tradingplatformcommon.util.JsonResult<com.secondhand.tradingplatformadminentity.entity.User> com.secondhand.tradingplatformadmincontroller.controller.UserController.fakeBatchDelete(java.util.List<java.lang.Long>)
2018-10-21 01:11:30.748 [main] INFO  org.springframework.web.servlet.mvc.method.annotation.RequestMappingHandlerMapping - Mapped "{[/admin/user/delete],methods=[PUT],consumes=[application/json],produces=[application/json]}" onto public com.secondhand.tradingplatformcommon.util.JsonResult<com.secondhand.tradingplatformadminentity.entity.User> com.secondhand.tradingplatformadmincontroller.controller.UserController.fakeDeleteById(java.lang.Long)
2018-10-21 01:11:30.760 [main] INFO  org.springframework.web.servlet.mvc.method.annotation.RequestMappingHandlerMapping - Mapped "{[/swagger-resources]}" onto public org.springframework.http.ResponseEntity<java.util.List<springfox.documentation.swagger.web.SwaggerResource>> springfox.documentation.swagger.web.ApiResourceController.swaggerResources()
2018-10-21 01:11:30.760 [main] INFO  org.springframework.web.servlet.mvc.method.annotation.RequestMappingHandlerMapping - Mapped "{[/swagger-resources/configuration/ui]}" onto public org.springframework.http.ResponseEntity<springfox.documentation.swagger.web.UiConfiguration> springfox.documentation.swagger.web.ApiResourceController.uiConfiguration()
2018-10-21 01:11:30.764 [main] INFO  org.springframework.web.servlet.mvc.method.annotation.RequestMappingHandlerMapping - Mapped "{[/swagger-resources/configuration/security]}" onto public org.springframework.http.ResponseEntity<springfox.documentation.swagger.web.SecurityConfiguration> springfox.documentation.swagger.web.ApiResourceController.securityConfiguration()
2018-10-21 01:11:30.768 [main] INFO  org.springframework.web.servlet.mvc.method.annotation.RequestMappingHandlerMapping - Mapped "{[/error]}" onto public org.springframework.http.ResponseEntity<java.util.Map<java.lang.String, java.lang.Object>> org.springframework.boot.autoconfigure.web.servlet.error.BasicErrorController.error(javax.servlet.http.HttpServletRequest)
2018-10-21 01:11:30.768 [main] INFO  org.springframework.web.servlet.mvc.method.annotation.RequestMappingHandlerMapping - Mapped "{[/error],produces=[text/html]}" onto public org.springframework.web.servlet.ModelAndView org.springframework.boot.autoconfigure.web.servlet.error.BasicErrorController.errorHtml(javax.servlet.http.HttpServletRequest,javax.servlet.http.HttpServletResponse)
2018-10-21 01:11:31.097 [main] INFO  springfox.documentation.spring.web.PropertySourcedRequestMappingHandlerMapping - Mapped URL path [/v2/api-docs] onto method [public org.springframework.http.ResponseEntity<springfox.documentation.spring.web.json.Json> springfox.documentation.swagger2.web.Swagger2Controller.getDocumentation(java.lang.String,javax.servlet.http.HttpServletRequest)]
2018-10-21 01:11:31.291 [main] INFO  org.springframework.web.servlet.mvc.method.annotation.RequestMappingHandlerAdapter - Looking for @ControllerAdvice: org.springframework.boot.web.servlet.context.AnnotationConfigServletWebServerApplicationContext@5d12a356: startup date [Sun Oct 21 01:11:24 CST 2018]; root of context hierarchy
2018-10-21 01:11:31.772 [main] INFO  org.springframework.ui.freemarker.SpringTemplateLoader - SpringTemplateLoader for FreeMarker: using resource loader [org.springframework.boot.web.servlet.context.AnnotationConfigServletWebServerApplicationContext@5d12a356: startup date [Sun Oct 21 01:11:24 CST 2018]; root of context hierarchy] and template loader path [classpath:/templates/]
2018-10-21 01:11:31.772 [main] INFO  org.springframework.web.servlet.view.freemarker.FreeMarkerConfigurer - ClassTemplateLoader for Spring macros added to FreeMarker configuration
2018-10-21 01:11:32.502 [main] INFO  org.springframework.jmx.export.annotation.AnnotationMBeanExporter - Registering beans for JMX exposure on startup
2018-10-21 01:11:32.502 [main] INFO  org.springframework.jmx.export.annotation.AnnotationMBeanExporter - Bean with name 'dataSource' has been autodetected for JMX exposure
2018-10-21 01:11:32.506 [main] INFO  org.springframework.jmx.export.annotation.AnnotationMBeanExporter - Bean with name 'statFilter' has been autodetected for JMX exposure
2018-10-21 01:11:32.506 [main] INFO  org.springframework.jmx.export.annotation.AnnotationMBeanExporter - Bean with name 'slf4jLogFilter' has been autodetected for JMX exposure
2018-10-21 01:11:32.506 [main] INFO  org.springframework.jmx.export.annotation.AnnotationMBeanExporter - Bean with name 'wallConfig' has been autodetected for JMX exposure
2018-10-21 01:11:32.506 [main] INFO  org.springframework.jmx.export.annotation.AnnotationMBeanExporter - Bean with name 'wallFilter' has been autodetected for JMX exposure
2018-10-21 01:11:32.514 [main] INFO  org.springframework.jmx.export.annotation.AnnotationMBeanExporter - Located MBean 'slf4jLogFilter': registering with JMX server as MBean [com.alibaba.druid.filter.logging:name=slf4jLogFilter,type=Slf4jLogFilter]
2018-10-21 01:11:32.518 [main] INFO  org.springframework.jmx.export.annotation.AnnotationMBeanExporter - Located MBean 'wallConfig': registering with JMX server as MBean [com.alibaba.druid.wall:name=wallConfig,type=WallConfig]
2018-10-21 01:11:32.518 [main] INFO  org.springframework.jmx.export.annotation.AnnotationMBeanExporter - Located MBean 'dataSource': registering with JMX server as MBean [com.alibaba.druid.spring.boot.autoconfigure:name=dataSource,type=DruidDataSourceWrapper]
2018-10-21 01:11:32.518 [main] INFO  org.springframework.jmx.export.annotation.AnnotationMBeanExporter - Located MBean 'wallFilter': registering with JMX server as MBean [com.alibaba.druid.wall:name=wallFilter,type=WallFilter]
2018-10-21 01:11:32.522 [main] INFO  org.springframework.jmx.export.annotation.AnnotationMBeanExporter - Located MBean 'statFilter': registering with JMX server as MBean [com.alibaba.druid.filter.stat:name=statFilter,type=StatFilter]
2018-10-21 01:11:32.526 [main] INFO  org.springframework.context.support.DefaultLifecycleProcessor - Starting beans in phase 2147483647
2018-10-21 01:11:32.526 [main] INFO  springfox.documentation.spring.web.plugins.DocumentationPluginsBootstrapper - Context refreshed
2018-10-21 01:11:32.558 [main] INFO  springfox.documentation.spring.web.plugins.DocumentationPluginsBootstrapper - Found 1 custom documentation plugin(s)
2018-10-21 01:11:32.674 [main] INFO  springfox.documentation.spring.web.scanners.ApiListingReferenceScanner - Scanning for api listing references
2018-10-21 01:11:33.188 [main] INFO  springfox.documentation.spring.web.readers.operation.CachingOperationNameGenerator - Generating unique operation named: fakeBatchDeleteUsingPUT_1
2018-10-21 01:11:33.196 [main] INFO  springfox.documentation.spring.web.readers.operation.CachingOperationNameGenerator - Generating unique operation named: fakeDeleteByIdUsingPUT_1
2018-10-21 01:11:33.296 [main] INFO  org.apache.coyote.http11.Http11NioProtocol - Starting ProtocolHandler ["http-nio-8080"]
2018-10-21 01:11:33.312 [main] INFO  org.apache.tomcat.util.net.NioSelectorPool - Using a shared selector for servlet write/read
2018-10-21 01:11:33.340 [main] INFO  org.springframework.boot.web.embedded.tomcat.TomcatWebServer - Tomcat started on port(s): 8080 (http) with context path ''
2018-10-21 01:11:33.352 [main] INFO  com.secondhand.tradingplatformadmincontroller.TradingplatformAdminControllerApplication - Started TradingplatformAdminControllerApplication in 9.652 seconds (JVM running for 11.982)
2018-10-21 12:30:24.459 [main] INFO  com.secondhand.tradingplatformadmincontroller.TradingplatformAdminControllerApplication - Starting TradingplatformAdminControllerApplication on DESKTOP-K9S046H with PID 16572 (D:\spring\tradingplatform\tradingplatform\tradingplatform-admin\tradingplatform-admin-controller\target\classes started by 81079 in D:\spring\tradingplatform\tradingplatform)
2018-10-21 12:30:24.471 [main] INFO  com.secondhand.tradingplatformadmincontroller.TradingplatformAdminControllerApplication - No active profile set, falling back to default profiles: default
2018-10-21 12:30:24.515 [main] INFO  org.springframework.boot.web.servlet.context.AnnotationConfigServletWebServerApplicationContext - Refreshing org.springframework.boot.web.servlet.context.AnnotationConfigServletWebServerApplicationContext@54504ecd: startup date [Sun Oct 21 12:30:24 CST 2018]; root of context hierarchy
2018-10-21 12:30:27.480 [main] INFO  org.springframework.context.support.PostProcessorRegistrationDelegate$BeanPostProcessorChecker - Bean 'com.alibaba.druid.spring.boot.autoconfigure.stat.DruidSpringAopConfiguration' of type [com.alibaba.druid.spring.boot.autoconfigure.stat.DruidSpringAopConfiguration] is not eligible for getting processed by all BeanPostProcessors (for example: not eligible for auto-proxying)
2018-10-21 12:30:27.576 [main] INFO  org.springframework.context.support.PostProcessorRegistrationDelegate$BeanPostProcessorChecker - Bean 'org.springframework.transaction.annotation.ProxyTransactionManagementConfiguration' of type [org.springframework.transaction.annotation.ProxyTransactionManagementConfiguration$$EnhancerBySpringCGLIB$$63efedc1] is not eligible for getting processed by all BeanPostProcessors (for example: not eligible for auto-proxying)
2018-10-21 12:30:27.596 [main] INFO  org.springframework.context.support.PostProcessorRegistrationDelegate$BeanPostProcessorChecker - Bean 'org.springframework.boot.context.properties.ConversionServiceDeducer$Factory' of type [org.springframework.boot.context.properties.ConversionServiceDeducer$Factory] is not eligible for getting processed by all BeanPostProcessors (for example: not eligible for auto-proxying)
2018-10-21 12:30:27.668 [main] INFO  org.springframework.context.support.PostProcessorRegistrationDelegate$BeanPostProcessorChecker - Bean 'spring.datasource.druid-com.alibaba.druid.spring.boot.autoconfigure.properties.DruidStatProperties' of type [com.alibaba.druid.spring.boot.autoconfigure.properties.DruidStatProperties] is not eligible for getting processed by all BeanPostProcessors (for example: not eligible for auto-proxying)
2018-10-21 12:30:27.732 [main] INFO  org.springframework.context.support.PostProcessorRegistrationDelegate$BeanPostProcessorChecker - Bean 'advisor' of type [org.springframework.aop.support.RegexpMethodPointcutAdvisor] is not eligible for getting processed by all BeanPostProcessors (for example: not eligible for auto-proxying)
2018-10-21 12:30:28.625 [main] INFO  org.springframework.boot.web.embedded.tomcat.TomcatWebServer - Tomcat initialized with port(s): 8080 (http)
2018-10-21 12:30:28.649 [main] INFO  org.apache.coyote.http11.Http11NioProtocol - Initializing ProtocolHandler ["http-nio-8080"]
2018-10-21 12:30:28.681 [main] INFO  org.apache.catalina.core.StandardService - Starting service [Tomcat]
2018-10-21 12:30:28.681 [main] INFO  org.apache.catalina.core.StandardEngine - Starting Servlet Engine: Apache Tomcat/8.5.34
2018-10-21 12:30:28.689 [localhost-startStop-1] INFO  org.apache.catalina.core.AprLifecycleListener - The APR based Apache Tomcat Native library which allows optimal performance in production environments was not found on the java.library.path: [E:\Installation\jdk1.8\jdk1.8\bin;C:\Windows\Sun\Java\bin;C:\Windows\system32;C:\Windows;C:\ProgramData\Oracle\Java\javapath;C:\Windows\system32;C:\Windows;C:\Windows\System32\Wbem;C:\Windows\System32\WindowsPowerShell\v1.0\;C:\Windows\System32\OpenSSH\;E:\Installation\jdk1.8\jdk1.8\bin;E:\Installation\jdk1.8\jdk1.8\jre\bin;E:\Installation\maven3.5\apache-maven-3.5.3\bin;E:\Installation\git\Git\cmd;E:\installation_package\mysql\mysql-5.7.9-winx64\bin;E:\Installation\python3.6;E:\Installation\SVN\bin;E:\Installation\node\;E:\Installation\phantomjs\phantomjs-2.1.1-windows\bin;E:\Installation\erlang\erl10.0.1\bin;E:\Installation\redis;E:\Installation\python3.6\Scripts\;E:\Installation\python3.6\;C:\Users\81079\AppData\Local\Microsoft\WindowsApps;C:\Users\81079\AppData\Roaming\npm;E:\Installation\node\node_global;;.]
2018-10-21 12:30:29.274 [localhost-startStop-1] INFO  org.apache.catalina.core.ContainerBase.[Tomcat].[localhost].[/] - Initializing Spring embedded WebApplicationContext
2018-10-21 12:30:29.274 [localhost-startStop-1] INFO  org.springframework.web.context.ContextLoader - Root WebApplicationContext: initialization completed in 4759 ms
2018-10-21 12:30:29.410 [localhost-startStop-1] INFO  org.springframework.boot.web.servlet.ServletRegistrationBean - Servlet statViewServlet mapped to [/druid/*]
2018-10-21 12:30:29.410 [localhost-startStop-1] INFO  org.springframework.boot.web.servlet.ServletRegistrationBean - Servlet dispatcherServlet mapped to [/]
2018-10-21 12:30:29.410 [localhost-startStop-1] INFO  org.springframework.boot.web.servlet.ServletRegistrationBean - Servlet statViewServlet mapped to [/druid/*]
2018-10-21 12:30:29.410 [localhost-startStop-1] INFO  org.springframework.boot.web.servlet.RegistrationBean - Servlet statViewServlet was not registered (possibly already registered?)
2018-10-21 12:30:29.414 [localhost-startStop-1] INFO  org.springframework.boot.web.servlet.FilterRegistrationBean - Mapping filter: 'characterEncodingFilter' to: [/*]
2018-10-21 12:30:29.414 [localhost-startStop-1] INFO  org.springframework.boot.web.servlet.FilterRegistrationBean - Mapping filter: 'webStatFilter' to urls: [/*]
2018-10-21 12:30:29.414 [localhost-startStop-1] INFO  org.springframework.boot.web.servlet.RegistrationBean - Filter webStatFilter was not registered (possibly already registered?)
2018-10-21 12:30:30.805 [main] INFO  com.alibaba.druid.pool.DruidDataSource - {dataSource-1} inited
2018-10-21 12:30:32.600 [main] INFO  org.springframework.web.servlet.mvc.method.annotation.RequestMappingHandlerMapping - Mapped "{[/admin/resources/get_map_by_id/{resourcesId}],methods=[GET],produces=[application/json]}" onto public com.secondhand.tradingplatformcommon.util.JsonResult<java.util.Map<java.lang.String, java.lang.Object>> com.secondhand.tradingplatformadmincontroller.controller.shiro.ResourcesController.getResourcesByIdForMap(java.lang.Long)
2018-10-21 12:30:32.601 [main] INFO  org.springframework.web.servlet.mvc.method.annotation.RequestMappingHandlerMapping - Mapped "{[/admin/resources/create_update],methods=[POST],consumes=[application/json],produces=[application/json]}" onto public com.secondhand.tradingplatformcommon.util.JsonResult<com.secondhand.tradingplatformadminentity.entity.shiro.Resources> com.secondhand.tradingplatformadmincontroller.controller.shiro.ResourcesController.resourcesCreateUpdate(com.secondhand.tradingplatformadminentity.entity.shiro.Resources)
2018-10-21 12:30:32.601 [main] INFO  org.springframework.web.servlet.mvc.method.annotation.RequestMappingHandlerMapping - Mapped "{[/admin/resources/query],methods=[POST],consumes=[application/json],produces=[application/json]}" onto public com.secondhand.tradingplatformcommon.util.TableJson<com.secondhand.tradingplatformadminentity.entity.shiro.Resources> com.secondhand.tradingplatformadmincontroller.controller.shiro.ResourcesController.getResourcesList(com.secondhand.tradingplatformadminentity.entity.shiro.Resources)
2018-10-21 12:30:32.602 [main] INFO  org.springframework.web.servlet.mvc.method.annotation.RequestMappingHandlerMapping - Mapped "{[/admin/resources/delete],methods=[PUT],consumes=[application/json],produces=[application/json]}" onto public com.secondhand.tradingplatformcommon.util.JsonResult<com.secondhand.tradingplatformadminentity.entity.shiro.Resources> com.secondhand.tradingplatformadmincontroller.controller.shiro.ResourcesController.fakeDeleteById(java.lang.Long)
2018-10-21 12:30:32.602 [main] INFO  org.springframework.web.servlet.mvc.method.annotation.RequestMappingHandlerMapping - Mapped "{[/admin/resources/batch_delete],methods=[PUT],consumes=[application/json],produces=[application/json]}" onto public com.secondhand.tradingplatformcommon.util.JsonResult<com.secondhand.tradingplatformadminentity.entity.shiro.Resources> com.secondhand.tradingplatformadmincontroller.controller.shiro.ResourcesController.fakeBatchDelete(java.util.List<java.lang.Long>)
2018-10-21 12:30:32.603 [main] INFO  org.springframework.web.servlet.mvc.method.annotation.RequestMappingHandlerMapping - Mapped "{[/admin/resources/get_by_id/{resourcesId}],methods=[GET],produces=[application/json]}" onto public com.secondhand.tradingplatformcommon.util.JsonResult<com.secondhand.tradingplatformadminentity.entity.shiro.Resources> com.secondhand.tradingplatformadmincontroller.controller.shiro.ResourcesController.getResourcesById(java.lang.Long)
2018-10-21 12:30:32.605 [main] INFO  org.springframework.web.servlet.mvc.method.annotation.RequestMappingHandlerMapping - Mapped "{[/admin/user/get_map_by_id/{userId}],methods=[GET],produces=[application/json]}" onto public com.secondhand.tradingplatformcommon.util.JsonResult<java.util.Map<java.lang.String, java.lang.Object>> com.secondhand.tradingplatformadmincontroller.controller.UserController.getUserByIdForMap(java.lang.Long)
2018-10-21 12:30:32.605 [main] INFO  org.springframework.web.servlet.mvc.method.annotation.RequestMappingHandlerMapping - Mapped "{[/admin/user/delete],methods=[PUT],consumes=[application/json],produces=[application/json]}" onto public com.secondhand.tradingplatformcommon.util.JsonResult<com.secondhand.tradingplatformadminentity.entity.User> com.secondhand.tradingplatformadmincontroller.controller.UserController.fakeDeleteById(java.lang.Long)
2018-10-21 12:30:32.606 [main] INFO  org.springframework.web.servlet.mvc.method.annotation.RequestMappingHandlerMapping - Mapped "{[/admin/user/batch_delete],methods=[PUT],consumes=[application/json],produces=[application/json]}" onto public com.secondhand.tradingplatformcommon.util.JsonResult<com.secondhand.tradingplatformadminentity.entity.User> com.secondhand.tradingplatformadmincontroller.controller.UserController.fakeBatchDelete(java.util.List<java.lang.Long>)
2018-10-21 12:30:32.606 [main] INFO  org.springframework.web.servlet.mvc.method.annotation.RequestMappingHandlerMapping - Mapped "{[/admin/user/create_update],methods=[POST],consumes=[application/json],produces=[application/json]}" onto public com.secondhand.tradingplatformcommon.util.JsonResult<com.secondhand.tradingplatformadminentity.entity.User> com.secondhand.tradingplatformadmincontroller.controller.UserController.userCreateUpdate(com.secondhand.tradingplatformadminentity.entity.User)
2018-10-21 12:30:32.606 [main] INFO  org.springframework.web.servlet.mvc.method.annotation.RequestMappingHandlerMapping - Mapped "{[/admin/user/get_by_id/{userId}],methods=[GET],produces=[application/json]}" onto public com.secondhand.tradingplatformcommon.util.JsonResult<com.secondhand.tradingplatformadminentity.entity.User> com.secondhand.tradingplatformadmincontroller.controller.UserController.getUserById(java.lang.Long)
2018-10-21 12:30:32.607 [main] INFO  org.springframework.web.servlet.mvc.method.annotation.RequestMappingHandlerMapping - Mapped "{[/admin/user/query],methods=[POST],consumes=[application/json],produces=[application/json]}" onto public com.secondhand.tradingplatformcommon.util.TableJson<com.secondhand.tradingplatformadminentity.entity.User> com.secondhand.tradingplatformadmincontroller.controller.UserController.getUserList(com.secondhand.tradingplatformadminentity.entity.User)
2018-10-21 12:30:32.613 [main] INFO  org.springframework.web.servlet.mvc.method.annotation.RequestMappingHandlerMapping - Mapped "{[/swagger-resources]}" onto public org.springframework.http.ResponseEntity<java.util.List<springfox.documentation.swagger.web.SwaggerResource>> springfox.documentation.swagger.web.ApiResourceController.swaggerResources()
2018-10-21 12:30:32.614 [main] INFO  org.springframework.web.servlet.mvc.method.annotation.RequestMappingHandlerMapping - Mapped "{[/swagger-resources/configuration/ui]}" onto public org.springframework.http.ResponseEntity<springfox.documentation.swagger.web.UiConfiguration> springfox.documentation.swagger.web.ApiResourceController.uiConfiguration()
2018-10-21 12:30:32.614 [main] INFO  org.springframework.web.servlet.mvc.method.annotation.RequestMappingHandlerMapping - Mapped "{[/swagger-resources/configuration/security]}" onto public org.springframework.http.ResponseEntity<springfox.documentation.swagger.web.SecurityConfiguration> springfox.documentation.swagger.web.ApiResourceController.securityConfiguration()
2018-10-21 12:30:32.617 [main] INFO  org.springframework.web.servlet.mvc.method.annotation.RequestMappingHandlerMapping - Mapped "{[/error]}" onto public org.springframework.http.ResponseEntity<java.util.Map<java.lang.String, java.lang.Object>> org.springframework.boot.autoconfigure.web.servlet.error.BasicErrorController.error(javax.servlet.http.HttpServletRequest)
2018-10-21 12:30:32.618 [main] INFO  org.springframework.web.servlet.mvc.method.annotation.RequestMappingHandlerMapping - Mapped "{[/error],produces=[text/html]}" onto public org.springframework.web.servlet.ModelAndView org.springframework.boot.autoconfigure.web.servlet.error.BasicErrorController.errorHtml(javax.servlet.http.HttpServletRequest,javax.servlet.http.HttpServletResponse)
2018-10-21 12:30:32.798 [main] INFO  springfox.documentation.spring.web.PropertySourcedRequestMappingHandlerMapping - Mapped URL path [/v2/api-docs] onto method [public org.springframework.http.ResponseEntity<springfox.documentation.spring.web.json.Json> springfox.documentation.swagger2.web.Swagger2Controller.getDocumentation(java.lang.String,javax.servlet.http.HttpServletRequest)]
2018-10-21 12:30:32.913 [main] INFO  org.springframework.web.servlet.mvc.method.annotation.RequestMappingHandlerAdapter - Looking for @ControllerAdvice: org.springframework.boot.web.servlet.context.AnnotationConfigServletWebServerApplicationContext@54504ecd: startup date [Sun Oct 21 12:30:24 CST 2018]; root of context hierarchy
2018-10-21 12:30:33.317 [main] INFO  org.springframework.ui.freemarker.SpringTemplateLoader - SpringTemplateLoader for FreeMarker: using resource loader [org.springframework.boot.web.servlet.context.AnnotationConfigServletWebServerApplicationContext@54504ecd: startup date [Sun Oct 21 12:30:24 CST 2018]; root of context hierarchy] and template loader path [classpath:/templates/]
2018-10-21 12:30:33.318 [main] INFO  org.springframework.web.servlet.view.freemarker.FreeMarkerConfigurer - ClassTemplateLoader for Spring macros added to FreeMarker configuration
2018-10-21 12:30:34.091 [main] INFO  org.springframework.jmx.export.annotation.AnnotationMBeanExporter - Registering beans for JMX exposure on startup
2018-10-21 12:30:34.092 [main] INFO  org.springframework.jmx.export.annotation.AnnotationMBeanExporter - Bean with name 'dataSource' has been autodetected for JMX exposure
2018-10-21 12:30:34.092 [main] INFO  org.springframework.jmx.export.annotation.AnnotationMBeanExporter - Bean with name 'statFilter' has been autodetected for JMX exposure
2018-10-21 12:30:34.092 [main] INFO  org.springframework.jmx.export.annotation.AnnotationMBeanExporter - Bean with name 'slf4jLogFilter' has been autodetected for JMX exposure
2018-10-21 12:30:34.092 [main] INFO  org.springframework.jmx.export.annotation.AnnotationMBeanExporter - Bean with name 'wallConfig' has been autodetected for JMX exposure
2018-10-21 12:30:34.092 [main] INFO  org.springframework.jmx.export.annotation.AnnotationMBeanExporter - Bean with name 'wallFilter' has been autodetected for JMX exposure
2018-10-21 12:30:34.099 [main] INFO  org.springframework.jmx.export.annotation.AnnotationMBeanExporter - Located MBean 'slf4jLogFilter': registering with JMX server as MBean [com.alibaba.druid.filter.logging:name=slf4jLogFilter,type=Slf4jLogFilter]
2018-10-21 12:30:34.100 [main] INFO  org.springframework.jmx.export.annotation.AnnotationMBeanExporter - Located MBean 'wallConfig': registering with JMX server as MBean [com.alibaba.druid.wall:name=wallConfig,type=WallConfig]
2018-10-21 12:30:34.101 [main] INFO  org.springframework.jmx.export.annotation.AnnotationMBeanExporter - Located MBean 'dataSource': registering with JMX server as MBean [com.alibaba.druid.spring.boot.autoconfigure:name=dataSource,type=DruidDataSourceWrapper]
2018-10-21 12:30:34.102 [main] INFO  org.springframework.jmx.export.annotation.AnnotationMBeanExporter - Located MBean 'wallFilter': registering with JMX server as MBean [com.alibaba.druid.wall:name=wallFilter,type=WallFilter]
2018-10-21 12:30:34.104 [main] INFO  org.springframework.jmx.export.annotation.AnnotationMBeanExporter - Located MBean 'statFilter': registering with JMX server as MBean [com.alibaba.druid.filter.stat:name=statFilter,type=StatFilter]
2018-10-21 12:30:34.121 [main] INFO  org.springframework.context.support.DefaultLifecycleProcessor - Starting beans in phase 2147483647
2018-10-21 12:30:34.121 [main] INFO  springfox.documentation.spring.web.plugins.DocumentationPluginsBootstrapper - Context refreshed
2018-10-21 12:30:34.142 [main] INFO  springfox.documentation.spring.web.plugins.DocumentationPluginsBootstrapper - Found 1 custom documentation plugin(s)
2018-10-21 12:30:34.197 [main] INFO  springfox.documentation.spring.web.scanners.ApiListingReferenceScanner - Scanning for api listing references
2018-10-21 12:30:34.508 [main] INFO  springfox.documentation.spring.web.readers.operation.CachingOperationNameGenerator - Generating unique operation named: fakeBatchDeleteUsingPUT_1
2018-10-21 12:30:34.515 [main] INFO  springfox.documentation.spring.web.readers.operation.CachingOperationNameGenerator - Generating unique operation named: fakeDeleteByIdUsingPUT_1
2018-10-21 12:30:34.565 [main] INFO  org.apache.coyote.http11.Http11NioProtocol - Starting ProtocolHandler ["http-nio-8080"]
2018-10-21 12:30:34.574 [main] INFO  org.apache.tomcat.util.net.NioSelectorPool - Using a shared selector for servlet write/read
2018-10-21 12:30:34.604 [main] INFO  org.springframework.boot.web.embedded.tomcat.TomcatWebServer - Tomcat started on port(s): 8080 (http) with context path ''
2018-10-21 12:30:34.626 [main] INFO  com.secondhand.tradingplatformadmincontroller.TradingplatformAdminControllerApplication - Started TradingplatformAdminControllerApplication in 11.213 seconds (JVM running for 18.578)
2018-10-21 12:50:45.527 [http-nio-8080-exec-1] INFO  org.apache.catalina.core.ContainerBase.[Tomcat].[localhost].[/] - Initializing Spring FrameworkServlet 'dispatcherServlet'
2018-10-21 12:50:45.527 [http-nio-8080-exec-1] INFO  org.springframework.web.servlet.DispatcherServlet - FrameworkServlet 'dispatcherServlet': initialization started
2018-10-21 12:50:45.557 [http-nio-8080-exec-1] INFO  org.springframework.web.servlet.DispatcherServlet - FrameworkServlet 'dispatcherServlet': initialization completed in 29 ms
