2018-10-02 21:25:08.613 [main] INFO  com.secondhand.tradingplatformadmincontroller.TradingplatformAdminControllerApplication - Starting TradingplatformAdminControllerApplication on DESKTOP-K9S046H with PID 4884 (D:\spring\tradingplatform\tradingplatform\tradingplatform-admin\tradingplatform-admin-controller\target\classes started by 81079 in D:\spring\tradingplatform\tradingplatform)
2018-10-02 21:25:08.613 [main] INFO  com.secondhand.tradingplatformadmincontroller.TradingplatformAdminControllerApplication - No active profile set, falling back to default profiles: default
2018-10-02 21:25:08.660 [main] INFO  org.springframework.boot.web.servlet.context.AnnotationConfigServletWebServerApplicationContext - Refreshing org.springframework.boot.web.servlet.context.AnnotationConfigServletWebServerApplicationContext@cd1d761: startup date [Tue Oct 02 21:25:08 CST 2018]; root of context hierarchy
2018-10-02 21:25:09.557 [main] INFO  org.springframework.context.support.PostProcessorRegistrationDelegate$BeanPostProcessorChecker - Bean 'org.springframework.transaction.annotation.ProxyTransactionManagementConfiguration' of type [org.springframework.transaction.annotation.ProxyTransactionManagementConfiguration$$EnhancerBySpringCGLIB$$facd934a] is not eligible for getting processed by all BeanPostProcessors (for example: not eligible for auto-proxying)
2018-10-02 21:25:09.916 [main] INFO  org.springframework.boot.web.embedded.tomcat.TomcatWebServer - Tomcat initialized with port(s): 8087 (http)
2018-10-02 21:25:09.932 [main] INFO  org.apache.coyote.http11.Http11NioProtocol - Initializing ProtocolHandler ["http-nio-8087"]
2018-10-02 21:25:09.932 [main] INFO  org.apache.catalina.core.StandardService - Starting service [Tomcat]
2018-10-02 21:25:09.932 [main] INFO  org.apache.catalina.core.StandardEngine - Starting Servlet Engine: Apache Tomcat/8.5.34
2018-10-02 21:25:09.948 [localhost-startStop-1] INFO  org.apache.catalina.core.AprLifecycleListener - The APR based Apache Tomcat Native library which allows optimal performance in production environments was not found on the java.library.path: [E:\Installation\jdk1.8\jdk1.8\bin;C:\Windows\Sun\Java\bin;C:\Windows\system32;C:\Windows;C:\ProgramData\Oracle\Java\javapath;C:\Windows\system32;C:\Windows;C:\Windows\System32\Wbem;C:\Windows\System32\WindowsPowerShell\v1.0\;C:\Windows\System32\OpenSSH\;E:\Installation\jdk1.8\jdk1.8\bin;E:\Installation\jdk1.8\jdk1.8\jre\bin;E:\Installation\maven3.5\apache-maven-3.5.3\bin;E:\Installation\git\Git\cmd;E:\installation_package\mysql\mysql-5.7.9-winx64\bin;E:\Installation\python3.6;E:\Installation\SVN\bin;E:\Installation\node\;E:\Installation\phantomjs\phantomjs-2.1.1-windows\bin;E:\Installation\erlang\erl10.0.1\bin;E:\Installation\python3.6\Scripts\;E:\Installation\python3.6\;C:\Users\81079\AppData\Local\Microsoft\WindowsApps;C:\Users\81079\AppData\Roaming\npm;.]
2018-10-02 21:25:10.041 [localhost-startStop-1] INFO  org.apache.catalina.core.ContainerBase.[Tomcat].[localhost].[/] - Initializing Spring embedded WebApplicationContext
2018-10-02 21:25:10.041 [localhost-startStop-1] INFO  org.springframework.web.context.ContextLoader - Root WebApplicationContext: initialization completed in 1381 ms
2018-10-02 21:25:10.104 [localhost-startStop-1] INFO  org.springframework.boot.web.servlet.ServletRegistrationBean - Servlet dispatcherServlet mapped to [/]
2018-10-02 21:25:10.104 [localhost-startStop-1] INFO  org.springframework.boot.web.servlet.ServletRegistrationBean - Servlet statViewServlet mapped to [/druid/*]
2018-10-02 21:25:10.119 [localhost-startStop-1] INFO  org.springframework.boot.web.servlet.FilterRegistrationBean - Mapping filter: 'characterEncodingFilter' to: [/*]
2018-10-02 21:25:10.119 [localhost-startStop-1] INFO  org.springframework.boot.web.servlet.FilterRegistrationBean - Mapping filter: 'webStatFilter' to urls: [/*]
2018-10-02 21:25:10.612 [main] INFO  com.alibaba.druid.pool.DruidDataSource - {dataSource-1} inited
2018-10-02 21:25:11.159 [main] INFO  com.alibaba.druid.pool.DruidDataSource - {dataSource-1} closed
2018-10-02 21:25:11.174 [main] INFO  org.apache.catalina.core.StandardService - Stopping service [Tomcat]
2018-10-02 21:25:11.175 [main] INFO  org.springframework.boot.autoconfigure.logging.ConditionEvaluationReportLoggingListener - 

Error starting ApplicationContext. To display the conditions report re-run your application with 'debug' enabled.
2018-10-02 21:26:28.771 [main] INFO  com.secondhand.tradingplatformadmincontroller.TradingplatformAdminControllerApplication - Starting TradingplatformAdminControllerApplication on DESKTOP-K9S046H with PID 13216 (D:\spring\tradingplatform\tradingplatform\tradingplatform-admin\tradingplatform-admin-controller\target\classes started by 81079 in D:\spring\tradingplatform\tradingplatform)
2018-10-02 21:26:28.786 [main] INFO  com.secondhand.tradingplatformadmincontroller.TradingplatformAdminControllerApplication - No active profile set, falling back to default profiles: default
2018-10-02 21:26:28.818 [main] INFO  org.springframework.boot.web.servlet.context.AnnotationConfigServletWebServerApplicationContext - Refreshing org.springframework.boot.web.servlet.context.AnnotationConfigServletWebServerApplicationContext@1e0f9063: startup date [Tue Oct 02 21:26:28 CST 2018]; root of context hierarchy
2018-10-02 21:26:29.693 [main] INFO  org.springframework.context.support.PostProcessorRegistrationDelegate$BeanPostProcessorChecker - Bean 'org.springframework.transaction.annotation.ProxyTransactionManagementConfiguration' of type [org.springframework.transaction.annotation.ProxyTransactionManagementConfiguration$$EnhancerBySpringCGLIB$$c836fccb] is not eligible for getting processed by all BeanPostProcessors (for example: not eligible for auto-proxying)
2018-10-02 21:26:30.021 [main] INFO  org.springframework.boot.web.embedded.tomcat.TomcatWebServer - Tomcat initialized with port(s): 8087 (http)
2018-10-02 21:26:30.036 [main] INFO  org.apache.coyote.http11.Http11NioProtocol - Initializing ProtocolHandler ["http-nio-8087"]
2018-10-02 21:26:30.052 [main] INFO  org.apache.catalina.core.StandardService - Starting service [Tomcat]
2018-10-02 21:26:30.052 [main] INFO  org.apache.catalina.core.StandardEngine - Starting Servlet Engine: Apache Tomcat/8.5.34
2018-10-02 21:26:30.052 [localhost-startStop-1] INFO  org.apache.catalina.core.AprLifecycleListener - The APR based Apache Tomcat Native library which allows optimal performance in production environments was not found on the java.library.path: [E:\Installation\jdk1.8\jdk1.8\bin;C:\Windows\Sun\Java\bin;C:\Windows\system32;C:\Windows;C:\ProgramData\Oracle\Java\javapath;C:\Windows\system32;C:\Windows;C:\Windows\System32\Wbem;C:\Windows\System32\WindowsPowerShell\v1.0\;C:\Windows\System32\OpenSSH\;E:\Installation\jdk1.8\jdk1.8\bin;E:\Installation\jdk1.8\jdk1.8\jre\bin;E:\Installation\maven3.5\apache-maven-3.5.3\bin;E:\Installation\git\Git\cmd;E:\installation_package\mysql\mysql-5.7.9-winx64\bin;E:\Installation\python3.6;E:\Installation\SVN\bin;E:\Installation\node\;E:\Installation\phantomjs\phantomjs-2.1.1-windows\bin;E:\Installation\erlang\erl10.0.1\bin;E:\Installation\python3.6\Scripts\;E:\Installation\python3.6\;C:\Users\81079\AppData\Local\Microsoft\WindowsApps;C:\Users\81079\AppData\Roaming\npm;.]
2018-10-02 21:26:30.161 [localhost-startStop-1] INFO  org.apache.catalina.core.ContainerBase.[Tomcat].[localhost].[/] - Initializing Spring embedded WebApplicationContext
2018-10-02 21:26:30.161 [localhost-startStop-1] INFO  org.springframework.web.context.ContextLoader - Root WebApplicationContext: initialization completed in 1343 ms
2018-10-02 21:26:30.239 [localhost-startStop-1] INFO  org.springframework.boot.web.servlet.ServletRegistrationBean - Servlet dispatcherServlet mapped to [/]
2018-10-02 21:26:30.239 [localhost-startStop-1] INFO  org.springframework.boot.web.servlet.ServletRegistrationBean - Servlet statViewServlet mapped to [/druid/*]
2018-10-02 21:26:30.255 [localhost-startStop-1] INFO  org.springframework.boot.web.servlet.FilterRegistrationBean - Mapping filter: 'characterEncodingFilter' to: [/*]
2018-10-02 21:26:30.255 [localhost-startStop-1] INFO  org.springframework.boot.web.servlet.FilterRegistrationBean - Mapping filter: 'webStatFilter' to urls: [/*]
2018-10-02 21:26:30.498 [main] INFO  org.apache.catalina.core.StandardService - Stopping service [Tomcat]
2018-10-02 21:26:30.502 [main] INFO  org.springframework.boot.autoconfigure.logging.ConditionEvaluationReportLoggingListener - 

Error starting ApplicationContext. To display the conditions report re-run your application with 'debug' enabled.
2018-10-02 21:28:19.589 [main] INFO  com.secondhand.tradingplatformadmincontroller.TradingplatformAdminControllerApplication - Starting TradingplatformAdminControllerApplication on DESKTOP-K9S046H with PID 4508 (D:\spring\tradingplatform\tradingplatform\tradingplatform-admin\tradingplatform-admin-controller\target\classes started by 81079 in D:\spring\tradingplatform\tradingplatform)
2018-10-02 21:28:19.589 [main] INFO  com.secondhand.tradingplatformadmincontroller.TradingplatformAdminControllerApplication - No active profile set, falling back to default profiles: default
2018-10-02 21:28:19.651 [main] INFO  org.springframework.boot.web.servlet.context.AnnotationConfigServletWebServerApplicationContext - Refreshing org.springframework.boot.web.servlet.context.AnnotationConfigServletWebServerApplicationContext@5c10f1c3: startup date [Tue Oct 02 21:28:19 CST 2018]; root of context hierarchy
2018-10-02 21:28:20.675 [main] INFO  org.springframework.context.support.PostProcessorRegistrationDelegate$BeanPostProcessorChecker - Bean 'org.springframework.transaction.annotation.ProxyTransactionManagementConfiguration' of type [org.springframework.transaction.annotation.ProxyTransactionManagementConfiguration$$EnhancerBySpringCGLIB$$c84796a2] is not eligible for getting processed by all BeanPostProcessors (for example: not eligible for auto-proxying)
2018-10-02 21:28:21.034 [main] INFO  org.springframework.boot.web.embedded.tomcat.TomcatWebServer - Tomcat initialized with port(s): 8087 (http)
2018-10-02 21:28:21.050 [main] INFO  org.apache.coyote.http11.Http11NioProtocol - Initializing ProtocolHandler ["http-nio-8087"]
2018-10-02 21:28:21.050 [main] INFO  org.apache.catalina.core.StandardService - Starting service [Tomcat]
2018-10-02 21:28:21.050 [main] INFO  org.apache.catalina.core.StandardEngine - Starting Servlet Engine: Apache Tomcat/8.5.34
2018-10-02 21:28:21.065 [localhost-startStop-1] INFO  org.apache.catalina.core.AprLifecycleListener - The APR based Apache Tomcat Native library which allows optimal performance in production environments was not found on the java.library.path: [E:\Installation\jdk1.8\jdk1.8\bin;C:\Windows\Sun\Java\bin;C:\Windows\system32;C:\Windows;C:\ProgramData\Oracle\Java\javapath;C:\Windows\system32;C:\Windows;C:\Windows\System32\Wbem;C:\Windows\System32\WindowsPowerShell\v1.0\;C:\Windows\System32\OpenSSH\;E:\Installation\jdk1.8\jdk1.8\bin;E:\Installation\jdk1.8\jdk1.8\jre\bin;E:\Installation\maven3.5\apache-maven-3.5.3\bin;E:\Installation\git\Git\cmd;E:\installation_package\mysql\mysql-5.7.9-winx64\bin;E:\Installation\python3.6;E:\Installation\SVN\bin;E:\Installation\node\;E:\Installation\phantomjs\phantomjs-2.1.1-windows\bin;E:\Installation\erlang\erl10.0.1\bin;E:\Installation\python3.6\Scripts\;E:\Installation\python3.6\;C:\Users\81079\AppData\Local\Microsoft\WindowsApps;C:\Users\81079\AppData\Roaming\npm;.]
2018-10-02 21:28:21.159 [localhost-startStop-1] INFO  org.apache.catalina.core.ContainerBase.[Tomcat].[localhost].[/] - Initializing Spring embedded WebApplicationContext
2018-10-02 21:28:21.159 [localhost-startStop-1] INFO  org.springframework.web.context.ContextLoader - Root WebApplicationContext: initialization completed in 1508 ms
2018-10-02 21:28:21.238 [localhost-startStop-1] INFO  org.springframework.boot.web.servlet.ServletRegistrationBean - Servlet dispatcherServlet mapped to [/]
2018-10-02 21:28:21.238 [localhost-startStop-1] INFO  org.springframework.boot.web.servlet.ServletRegistrationBean - Servlet statViewServlet mapped to [/druid/*]
2018-10-02 21:28:21.238 [localhost-startStop-1] INFO  org.springframework.boot.web.servlet.FilterRegistrationBean - Mapping filter: 'characterEncodingFilter' to: [/*]
2018-10-02 21:28:21.238 [localhost-startStop-1] INFO  org.springframework.boot.web.servlet.FilterRegistrationBean - Mapping filter: 'webStatFilter' to urls: [/*]
2018-10-02 21:28:21.535 [main] INFO  org.apache.catalina.core.StandardService - Stopping service [Tomcat]
2018-10-02 21:28:21.566 [main] INFO  org.springframework.boot.autoconfigure.logging.ConditionEvaluationReportLoggingListener - 

Error starting ApplicationContext. To display the conditions report re-run your application with 'debug' enabled.
2018-10-02 21:33:50.847 [main] INFO  com.secondhand.tradingplatformadmincontroller.TradingplatformAdminControllerApplication - Starting TradingplatformAdminControllerApplication on DESKTOP-K9S046H with PID 18728 (D:\spring\tradingplatform\tradingplatform\tradingplatform-admin\tradingplatform-admin-controller\target\classes started by 81079 in D:\spring\tradingplatform\tradingplatform)
2018-10-02 21:33:50.847 [main] INFO  com.secondhand.tradingplatformadmincontroller.TradingplatformAdminControllerApplication - No active profile set, falling back to default profiles: default
2018-10-02 21:33:50.909 [main] INFO  org.springframework.boot.web.servlet.context.AnnotationConfigServletWebServerApplicationContext - Refreshing org.springframework.boot.web.servlet.context.AnnotationConfigServletWebServerApplicationContext@a22cb6a: startup date [Tue Oct 02 21:33:50 CST 2018]; root of context hierarchy
2018-10-02 21:33:51.879 [main] INFO  org.springframework.context.support.PostProcessorRegistrationDelegate$BeanPostProcessorChecker - Bean 'org.springframework.transaction.annotation.ProxyTransactionManagementConfiguration' of type [org.springframework.transaction.annotation.ProxyTransactionManagementConfiguration$$EnhancerBySpringCGLIB$$3d5c26da] is not eligible for getting processed by all BeanPostProcessors (for example: not eligible for auto-proxying)
2018-10-02 21:33:52.224 [main] INFO  org.springframework.boot.web.embedded.tomcat.TomcatWebServer - Tomcat initialized with port(s): 8087 (http)
2018-10-02 21:33:52.224 [main] INFO  org.apache.coyote.http11.Http11NioProtocol - Initializing ProtocolHandler ["http-nio-8087"]
2018-10-02 21:33:52.240 [main] INFO  org.apache.catalina.core.StandardService - Starting service [Tomcat]
2018-10-02 21:33:52.240 [main] INFO  org.apache.catalina.core.StandardEngine - Starting Servlet Engine: Apache Tomcat/8.5.34
2018-10-02 21:33:52.240 [localhost-startStop-1] INFO  org.apache.catalina.core.AprLifecycleListener - The APR based Apache Tomcat Native library which allows optimal performance in production environments was not found on the java.library.path: [E:\Installation\jdk1.8\jdk1.8\bin;C:\Windows\Sun\Java\bin;C:\Windows\system32;C:\Windows;C:\ProgramData\Oracle\Java\javapath;C:\Windows\system32;C:\Windows;C:\Windows\System32\Wbem;C:\Windows\System32\WindowsPowerShell\v1.0\;C:\Windows\System32\OpenSSH\;E:\Installation\jdk1.8\jdk1.8\bin;E:\Installation\jdk1.8\jdk1.8\jre\bin;E:\Installation\maven3.5\apache-maven-3.5.3\bin;E:\Installation\git\Git\cmd;E:\installation_package\mysql\mysql-5.7.9-winx64\bin;E:\Installation\python3.6;E:\Installation\SVN\bin;E:\Installation\node\;E:\Installation\phantomjs\phantomjs-2.1.1-windows\bin;E:\Installation\erlang\erl10.0.1\bin;E:\Installation\python3.6\Scripts\;E:\Installation\python3.6\;C:\Users\81079\AppData\Local\Microsoft\WindowsApps;C:\Users\81079\AppData\Roaming\npm;.]
2018-10-02 21:33:52.365 [localhost-startStop-1] INFO  org.apache.catalina.core.ContainerBase.[Tomcat].[localhost].[/] - Initializing Spring embedded WebApplicationContext
2018-10-02 21:33:52.365 [localhost-startStop-1] INFO  org.springframework.web.context.ContextLoader - Root WebApplicationContext: initialization completed in 1456 ms
2018-10-02 21:33:52.427 [localhost-startStop-1] INFO  org.springframework.boot.web.servlet.ServletRegistrationBean - Servlet dispatcherServlet mapped to [/]
2018-10-02 21:33:52.427 [localhost-startStop-1] INFO  org.springframework.boot.web.servlet.ServletRegistrationBean - Servlet statViewServlet mapped to [/druid/*]
2018-10-02 21:33:52.443 [localhost-startStop-1] INFO  org.springframework.boot.web.servlet.FilterRegistrationBean - Mapping filter: 'characterEncodingFilter' to: [/*]
2018-10-02 21:33:52.443 [localhost-startStop-1] INFO  org.springframework.boot.web.servlet.FilterRegistrationBean - Mapping filter: 'webStatFilter' to urls: [/*]
2018-10-02 21:33:52.693 [main] INFO  org.apache.catalina.core.StandardService - Stopping service [Tomcat]
2018-10-02 21:33:52.709 [main] INFO  org.springframework.boot.autoconfigure.logging.ConditionEvaluationReportLoggingListener - 

Error starting ApplicationContext. To display the conditions report re-run your application with 'debug' enabled.
2018-10-02 21:34:06.614 [main] INFO  com.secondhand.tradingplatformadmincontroller.TradingplatformAdminControllerApplication - Starting TradingplatformAdminControllerApplication on DESKTOP-K9S046H with PID 5704 (D:\spring\tradingplatform\tradingplatform\tradingplatform-admin\tradingplatform-admin-controller\target\classes started by 81079 in D:\spring\tradingplatform\tradingplatform)
2018-10-02 21:34:06.614 [main] INFO  com.secondhand.tradingplatformadmincontroller.TradingplatformAdminControllerApplication - No active profile set, falling back to default profiles: default
2018-10-02 21:34:06.661 [main] INFO  org.springframework.boot.web.servlet.context.AnnotationConfigServletWebServerApplicationContext - Refreshing org.springframework.boot.web.servlet.context.AnnotationConfigServletWebServerApplicationContext@906d29b: startup date [Tue Oct 02 21:34:06 CST 2018]; root of context hierarchy
2018-10-02 21:34:07.646 [main] INFO  org.springframework.context.support.PostProcessorRegistrationDelegate$BeanPostProcessorChecker - Bean 'org.springframework.transaction.annotation.ProxyTransactionManagementConfiguration' of type [org.springframework.transaction.annotation.ProxyTransactionManagementConfiguration$$EnhancerBySpringCGLIB$$90cdd3b4] is not eligible for getting processed by all BeanPostProcessors (for example: not eligible for auto-proxying)
2018-10-02 21:34:07.990 [main] INFO  org.springframework.boot.web.embedded.tomcat.TomcatWebServer - Tomcat initialized with port(s): 8087 (http)
2018-10-02 21:34:08.006 [main] INFO  org.apache.coyote.http11.Http11NioProtocol - Initializing ProtocolHandler ["http-nio-8087"]
2018-10-02 21:34:08.006 [main] INFO  org.apache.catalina.core.StandardService - Starting service [Tomcat]
2018-10-02 21:34:08.006 [main] INFO  org.apache.catalina.core.StandardEngine - Starting Servlet Engine: Apache Tomcat/8.5.34
2018-10-02 21:34:08.006 [localhost-startStop-1] INFO  org.apache.catalina.core.AprLifecycleListener - The APR based Apache Tomcat Native library which allows optimal performance in production environments was not found on the java.library.path: [E:\Installation\jdk1.8\jdk1.8\bin;C:\Windows\Sun\Java\bin;C:\Windows\system32;C:\Windows;C:\ProgramData\Oracle\Java\javapath;C:\Windows\system32;C:\Windows;C:\Windows\System32\Wbem;C:\Windows\System32\WindowsPowerShell\v1.0\;C:\Windows\System32\OpenSSH\;E:\Installation\jdk1.8\jdk1.8\bin;E:\Installation\jdk1.8\jdk1.8\jre\bin;E:\Installation\maven3.5\apache-maven-3.5.3\bin;E:\Installation\git\Git\cmd;E:\installation_package\mysql\mysql-5.7.9-winx64\bin;E:\Installation\python3.6;E:\Installation\SVN\bin;E:\Installation\node\;E:\Installation\phantomjs\phantomjs-2.1.1-windows\bin;E:\Installation\erlang\erl10.0.1\bin;E:\Installation\python3.6\Scripts\;E:\Installation\python3.6\;C:\Users\81079\AppData\Local\Microsoft\WindowsApps;C:\Users\81079\AppData\Roaming\npm;.]
2018-10-02 21:34:08.132 [localhost-startStop-1] INFO  org.apache.catalina.core.ContainerBase.[Tomcat].[localhost].[/] - Initializing Spring embedded WebApplicationContext
2018-10-02 21:34:08.132 [localhost-startStop-1] INFO  org.springframework.web.context.ContextLoader - Root WebApplicationContext: initialization completed in 1471 ms
2018-10-02 21:34:08.194 [localhost-startStop-1] INFO  org.springframework.boot.web.servlet.ServletRegistrationBean - Servlet dispatcherServlet mapped to [/]
2018-10-02 21:34:08.194 [localhost-startStop-1] INFO  org.springframework.boot.web.servlet.ServletRegistrationBean - Servlet statViewServlet mapped to [/druid/*]
2018-10-02 21:34:08.194 [localhost-startStop-1] INFO  org.springframework.boot.web.servlet.FilterRegistrationBean - Mapping filter: 'characterEncodingFilter' to: [/*]
2018-10-02 21:34:08.194 [localhost-startStop-1] INFO  org.springframework.boot.web.servlet.FilterRegistrationBean - Mapping filter: 'webStatFilter' to urls: [/*]
2018-10-02 21:34:08.596 [main] INFO  com.alibaba.druid.pool.DruidDataSource - {dataSource-1} inited
2018-10-02 21:34:08.768 [main] INFO  com.alibaba.druid.pool.DruidDataSource - {dataSource-1} closed
2018-10-02 21:34:08.768 [main] INFO  org.apache.catalina.core.StandardService - Stopping service [Tomcat]
2018-10-02 21:34:08.784 [main] INFO  org.springframework.boot.autoconfigure.logging.ConditionEvaluationReportLoggingListener - 

Error starting ApplicationContext. To display the conditions report re-run your application with 'debug' enabled.
2018-10-02 21:41:03.974 [main] INFO  com.secondhand.tradingplatformadmincontroller.TradingplatformAdminControllerApplication - Starting TradingplatformAdminControllerApplication on DESKTOP-K9S046H with PID 19000 (D:\spring\tradingplatform\tradingplatform\tradingplatform-admin\tradingplatform-admin-controller\target\classes started by 81079 in D:\spring\tradingplatform\tradingplatform)
2018-10-02 21:41:03.974 [main] INFO  com.secondhand.tradingplatformadmincontroller.TradingplatformAdminControllerApplication - No active profile set, falling back to default profiles: default
2018-10-02 21:41:03.989 [main] INFO  org.springframework.boot.web.servlet.context.AnnotationConfigServletWebServerApplicationContext - Refreshing org.springframework.boot.web.servlet.context.AnnotationConfigServletWebServerApplicationContext@6492fab5: startup date [Tue Oct 02 21:41:03 CST 2018]; root of context hierarchy
2018-10-02 21:41:04.877 [main] INFO  org.springframework.context.support.PostProcessorRegistrationDelegate$BeanPostProcessorChecker - Bean 'com.alibaba.druid.spring.boot.autoconfigure.stat.DruidSpringAopConfiguration' of type [com.alibaba.druid.spring.boot.autoconfigure.stat.DruidSpringAopConfiguration] is not eligible for getting processed by all BeanPostProcessors (for example: not eligible for auto-proxying)
2018-10-02 21:41:04.924 [main] INFO  org.springframework.context.support.PostProcessorRegistrationDelegate$BeanPostProcessorChecker - Bean 'org.springframework.transaction.annotation.ProxyTransactionManagementConfiguration' of type [org.springframework.transaction.annotation.ProxyTransactionManagementConfiguration$$EnhancerBySpringCGLIB$$e4a9197] is not eligible for getting processed by all BeanPostProcessors (for example: not eligible for auto-proxying)
2018-10-02 21:41:04.924 [main] INFO  org.springframework.context.support.PostProcessorRegistrationDelegate$BeanPostProcessorChecker - Bean 'org.springframework.boot.context.properties.ConversionServiceDeducer$Factory' of type [org.springframework.boot.context.properties.ConversionServiceDeducer$Factory] is not eligible for getting processed by all BeanPostProcessors (for example: not eligible for auto-proxying)
2018-10-02 21:41:04.940 [main] INFO  org.springframework.context.support.PostProcessorRegistrationDelegate$BeanPostProcessorChecker - Bean 'spring.datasource.druid-com.alibaba.druid.spring.boot.autoconfigure.properties.DruidStatProperties' of type [com.alibaba.druid.spring.boot.autoconfigure.properties.DruidStatProperties] is not eligible for getting processed by all BeanPostProcessors (for example: not eligible for auto-proxying)
2018-10-02 21:41:04.955 [main] INFO  org.springframework.context.support.PostProcessorRegistrationDelegate$BeanPostProcessorChecker - Bean 'advisor' of type [org.springframework.aop.support.RegexpMethodPointcutAdvisor] is not eligible for getting processed by all BeanPostProcessors (for example: not eligible for auto-proxying)
2018-10-02 21:41:05.300 [main] INFO  org.springframework.boot.web.embedded.tomcat.TomcatWebServer - Tomcat initialized with port(s): 8080 (http)
2018-10-02 21:41:05.316 [main] INFO  org.apache.coyote.http11.Http11NioProtocol - Initializing ProtocolHandler ["http-nio-8080"]
2018-10-02 21:41:05.331 [main] INFO  org.apache.catalina.core.StandardService - Starting service [Tomcat]
2018-10-02 21:41:05.331 [main] INFO  org.apache.catalina.core.StandardEngine - Starting Servlet Engine: Apache Tomcat/8.5.34
2018-10-02 21:41:05.331 [localhost-startStop-1] INFO  org.apache.catalina.core.AprLifecycleListener - The APR based Apache Tomcat Native library which allows optimal performance in production environments was not found on the java.library.path: [E:\Installation\jdk1.8\jdk1.8\bin;C:\Windows\Sun\Java\bin;C:\Windows\system32;C:\Windows;C:\ProgramData\Oracle\Java\javapath;C:\Windows\system32;C:\Windows;C:\Windows\System32\Wbem;C:\Windows\System32\WindowsPowerShell\v1.0\;C:\Windows\System32\OpenSSH\;E:\Installation\jdk1.8\jdk1.8\bin;E:\Installation\jdk1.8\jdk1.8\jre\bin;E:\Installation\maven3.5\apache-maven-3.5.3\bin;E:\Installation\git\Git\cmd;E:\installation_package\mysql\mysql-5.7.9-winx64\bin;E:\Installation\python3.6;E:\Installation\SVN\bin;E:\Installation\node\;E:\Installation\phantomjs\phantomjs-2.1.1-windows\bin;E:\Installation\erlang\erl10.0.1\bin;E:\Installation\python3.6\Scripts\;E:\Installation\python3.6\;C:\Users\81079\AppData\Local\Microsoft\WindowsApps;C:\Users\81079\AppData\Roaming\npm;.]
2018-10-02 21:41:05.441 [localhost-startStop-1] INFO  org.apache.catalina.core.ContainerBase.[Tomcat].[localhost].[/] - Initializing Spring embedded WebApplicationContext
2018-10-02 21:41:05.441 [localhost-startStop-1] INFO  org.springframework.web.context.ContextLoader - Root WebApplicationContext: initialization completed in 1452 ms
2018-10-02 21:41:05.488 [localhost-startStop-1] INFO  org.springframework.boot.web.servlet.ServletRegistrationBean - Servlet dispatcherServlet mapped to [/]
2018-10-02 21:41:05.503 [localhost-startStop-1] INFO  org.springframework.boot.web.servlet.ServletRegistrationBean - Servlet statViewServlet mapped to [/druid/*]
2018-10-02 21:41:05.503 [localhost-startStop-1] INFO  org.springframework.boot.web.servlet.FilterRegistrationBean - Mapping filter: 'characterEncodingFilter' to: [/*]
2018-10-02 21:41:05.503 [localhost-startStop-1] INFO  org.springframework.boot.web.servlet.FilterRegistrationBean - Mapping filter: 'webStatFilter' to urls: [/*]
2018-10-02 21:41:05.925 [main] INFO  org.apache.catalina.core.StandardService - Stopping service [Tomcat]
2018-10-02 21:41:05.941 [main] INFO  org.springframework.boot.autoconfigure.logging.ConditionEvaluationReportLoggingListener - 

Error starting ApplicationContext. To display the conditions report re-run your application with 'debug' enabled.
2018-10-02 21:43:39.014 [main] INFO  com.secondhand.tradingplatformadmincontroller.TradingplatformAdminControllerApplication - Starting TradingplatformAdminControllerApplication on DESKTOP-K9S046H with PID 12912 (D:\spring\tradingplatform\tradingplatform\tradingplatform-admin\tradingplatform-admin-controller\target\classes started by 81079 in D:\spring\tradingplatform\tradingplatform)
2018-10-02 21:43:39.014 [main] INFO  com.secondhand.tradingplatformadmincontroller.TradingplatformAdminControllerApplication - No active profile set, falling back to default profiles: default
2018-10-02 21:43:39.061 [main] INFO  org.springframework.boot.web.servlet.context.AnnotationConfigServletWebServerApplicationContext - Refreshing org.springframework.boot.web.servlet.context.AnnotationConfigServletWebServerApplicationContext@178213b: startup date [Tue Oct 02 21:43:39 CST 2018]; root of context hierarchy
2018-10-02 21:43:39.952 [main] INFO  org.springframework.context.support.PostProcessorRegistrationDelegate$BeanPostProcessorChecker - Bean 'com.alibaba.druid.spring.boot.autoconfigure.stat.DruidSpringAopConfiguration' of type [com.alibaba.druid.spring.boot.autoconfigure.stat.DruidSpringAopConfiguration] is not eligible for getting processed by all BeanPostProcessors (for example: not eligible for auto-proxying)
2018-10-02 21:43:39.999 [main] INFO  org.springframework.context.support.PostProcessorRegistrationDelegate$BeanPostProcessorChecker - Bean 'org.springframework.transaction.annotation.ProxyTransactionManagementConfiguration' of type [org.springframework.transaction.annotation.ProxyTransactionManagementConfiguration$$EnhancerBySpringCGLIB$$544a5ac6] is not eligible for getting processed by all BeanPostProcessors (for example: not eligible for auto-proxying)
2018-10-02 21:43:40.015 [main] INFO  org.springframework.context.support.PostProcessorRegistrationDelegate$BeanPostProcessorChecker - Bean 'org.springframework.boot.context.properties.ConversionServiceDeducer$Factory' of type [org.springframework.boot.context.properties.ConversionServiceDeducer$Factory] is not eligible for getting processed by all BeanPostProcessors (for example: not eligible for auto-proxying)
2018-10-02 21:43:40.030 [main] INFO  org.springframework.context.support.PostProcessorRegistrationDelegate$BeanPostProcessorChecker - Bean 'spring.datasource.druid-com.alibaba.druid.spring.boot.autoconfigure.properties.DruidStatProperties' of type [com.alibaba.druid.spring.boot.autoconfigure.properties.DruidStatProperties] is not eligible for getting processed by all BeanPostProcessors (for example: not eligible for auto-proxying)
2018-10-02 21:43:40.030 [main] INFO  org.springframework.context.support.PostProcessorRegistrationDelegate$BeanPostProcessorChecker - Bean 'advisor' of type [org.springframework.aop.support.RegexpMethodPointcutAdvisor] is not eligible for getting processed by all BeanPostProcessors (for example: not eligible for auto-proxying)
2018-10-02 21:43:40.376 [main] INFO  org.springframework.boot.web.embedded.tomcat.TomcatWebServer - Tomcat initialized with port(s): 8080 (http)
2018-10-02 21:43:40.392 [main] INFO  org.apache.coyote.http11.Http11NioProtocol - Initializing ProtocolHandler ["http-nio-8080"]
2018-10-02 21:43:40.408 [main] INFO  org.apache.catalina.core.StandardService - Starting service [Tomcat]
2018-10-02 21:43:40.408 [main] INFO  org.apache.catalina.core.StandardEngine - Starting Servlet Engine: Apache Tomcat/8.5.34
2018-10-02 21:43:40.408 [localhost-startStop-1] INFO  org.apache.catalina.core.AprLifecycleListener - The APR based Apache Tomcat Native library which allows optimal performance in production environments was not found on the java.library.path: [E:\Installation\jdk1.8\jdk1.8\bin;C:\Windows\Sun\Java\bin;C:\Windows\system32;C:\Windows;C:\ProgramData\Oracle\Java\javapath;C:\Windows\system32;C:\Windows;C:\Windows\System32\Wbem;C:\Windows\System32\WindowsPowerShell\v1.0\;C:\Windows\System32\OpenSSH\;E:\Installation\jdk1.8\jdk1.8\bin;E:\Installation\jdk1.8\jdk1.8\jre\bin;E:\Installation\maven3.5\apache-maven-3.5.3\bin;E:\Installation\git\Git\cmd;E:\installation_package\mysql\mysql-5.7.9-winx64\bin;E:\Installation\python3.6;E:\Installation\SVN\bin;E:\Installation\node\;E:\Installation\phantomjs\phantomjs-2.1.1-windows\bin;E:\Installation\erlang\erl10.0.1\bin;E:\Installation\python3.6\Scripts\;E:\Installation\python3.6\;C:\Users\81079\AppData\Local\Microsoft\WindowsApps;C:\Users\81079\AppData\Roaming\npm;.]
2018-10-02 21:43:40.533 [localhost-startStop-1] INFO  org.apache.catalina.core.ContainerBase.[Tomcat].[localhost].[/] - Initializing Spring embedded WebApplicationContext
2018-10-02 21:43:40.533 [localhost-startStop-1] INFO  org.springframework.web.context.ContextLoader - Root WebApplicationContext: initialization completed in 1472 ms
2018-10-02 21:43:40.582 [localhost-startStop-1] INFO  org.springframework.boot.web.servlet.ServletRegistrationBean - Servlet dispatcherServlet mapped to [/]
2018-10-02 21:43:40.582 [localhost-startStop-1] INFO  org.springframework.boot.web.servlet.ServletRegistrationBean - Servlet statViewServlet mapped to [/druid/*]
2018-10-02 21:43:40.597 [localhost-startStop-1] INFO  org.springframework.boot.web.servlet.FilterRegistrationBean - Mapping filter: 'characterEncodingFilter' to: [/*]
2018-10-02 21:43:40.597 [localhost-startStop-1] INFO  org.springframework.boot.web.servlet.FilterRegistrationBean - Mapping filter: 'webStatFilter' to urls: [/*]
2018-10-02 21:43:41.064 [main] INFO  org.apache.catalina.core.StandardService - Stopping service [Tomcat]
2018-10-02 21:43:41.079 [main] INFO  org.springframework.boot.autoconfigure.logging.ConditionEvaluationReportLoggingListener - 

Error starting ApplicationContext. To display the conditions report re-run your application with 'debug' enabled.
2018-10-02 21:43:57.489 [main] INFO  com.secondhand.tradingplatformadmincontroller.TradingplatformAdminControllerApplication - Starting TradingplatformAdminControllerApplication on DESKTOP-K9S046H with PID 18284 (D:\spring\tradingplatform\tradingplatform\tradingplatform-admin\tradingplatform-admin-controller\target\classes started by 81079 in D:\spring\tradingplatform\tradingplatform)
2018-10-02 21:43:57.504 [main] INFO  com.secondhand.tradingplatformadmincontroller.TradingplatformAdminControllerApplication - No active profile set, falling back to default profiles: default
2018-10-02 21:43:57.551 [main] INFO  org.springframework.boot.web.servlet.context.AnnotationConfigServletWebServerApplicationContext - Refreshing org.springframework.boot.web.servlet.context.AnnotationConfigServletWebServerApplicationContext@57ac5227: startup date [Tue Oct 02 21:43:57 CST 2018]; root of context hierarchy
2018-10-02 21:43:58.747 [main] INFO  org.springframework.context.support.PostProcessorRegistrationDelegate$BeanPostProcessorChecker - Bean 'com.alibaba.druid.spring.boot.autoconfigure.stat.DruidSpringAopConfiguration' of type [com.alibaba.druid.spring.boot.autoconfigure.stat.DruidSpringAopConfiguration] is not eligible for getting processed by all BeanPostProcessors (for example: not eligible for auto-proxying)
2018-10-02 21:43:58.791 [main] INFO  org.springframework.context.support.PostProcessorRegistrationDelegate$BeanPostProcessorChecker - Bean 'org.springframework.transaction.annotation.ProxyTransactionManagementConfiguration' of type [org.springframework.transaction.annotation.ProxyTransactionManagementConfiguration$$EnhancerBySpringCGLIB$$b1815053] is not eligible for getting processed by all BeanPostProcessors (for example: not eligible for auto-proxying)
2018-10-02 21:43:58.807 [main] INFO  org.springframework.context.support.PostProcessorRegistrationDelegate$BeanPostProcessorChecker - Bean 'org.springframework.boot.context.properties.ConversionServiceDeducer$Factory' of type [org.springframework.boot.context.properties.ConversionServiceDeducer$Factory] is not eligible for getting processed by all BeanPostProcessors (for example: not eligible for auto-proxying)
2018-10-02 21:43:58.823 [main] INFO  org.springframework.context.support.PostProcessorRegistrationDelegate$BeanPostProcessorChecker - Bean 'spring.datasource.druid-com.alibaba.druid.spring.boot.autoconfigure.properties.DruidStatProperties' of type [com.alibaba.druid.spring.boot.autoconfigure.properties.DruidStatProperties] is not eligible for getting processed by all BeanPostProcessors (for example: not eligible for auto-proxying)
2018-10-02 21:43:58.823 [main] INFO  org.springframework.context.support.PostProcessorRegistrationDelegate$BeanPostProcessorChecker - Bean 'advisor' of type [org.springframework.aop.support.RegexpMethodPointcutAdvisor] is not eligible for getting processed by all BeanPostProcessors (for example: not eligible for auto-proxying)
2018-10-02 21:43:59.240 [main] INFO  org.springframework.boot.web.embedded.tomcat.TomcatWebServer - Tomcat initialized with port(s): 8080 (http)
2018-10-02 21:43:59.255 [main] INFO  org.apache.coyote.http11.Http11NioProtocol - Initializing ProtocolHandler ["http-nio-8080"]
2018-10-02 21:43:59.255 [main] INFO  org.apache.catalina.core.StandardService - Starting service [Tomcat]
2018-10-02 21:43:59.255 [main] INFO  org.apache.catalina.core.StandardEngine - Starting Servlet Engine: Apache Tomcat/8.5.34
2018-10-02 21:43:59.271 [localhost-startStop-1] INFO  org.apache.catalina.core.AprLifecycleListener - The APR based Apache Tomcat Native library which allows optimal performance in production environments was not found on the java.library.path: [E:\Installation\jdk1.8\jdk1.8\bin;C:\Windows\Sun\Java\bin;C:\Windows\system32;C:\Windows;C:\ProgramData\Oracle\Java\javapath;C:\Windows\system32;C:\Windows;C:\Windows\System32\Wbem;C:\Windows\System32\WindowsPowerShell\v1.0\;C:\Windows\System32\OpenSSH\;E:\Installation\jdk1.8\jdk1.8\bin;E:\Installation\jdk1.8\jdk1.8\jre\bin;E:\Installation\maven3.5\apache-maven-3.5.3\bin;E:\Installation\git\Git\cmd;E:\installation_package\mysql\mysql-5.7.9-winx64\bin;E:\Installation\python3.6;E:\Installation\SVN\bin;E:\Installation\node\;E:\Installation\phantomjs\phantomjs-2.1.1-windows\bin;E:\Installation\erlang\erl10.0.1\bin;E:\Installation\python3.6\Scripts\;E:\Installation\python3.6\;C:\Users\81079\AppData\Local\Microsoft\WindowsApps;C:\Users\81079\AppData\Roaming\npm;.]
2018-10-02 21:43:59.406 [localhost-startStop-1] INFO  org.apache.catalina.core.ContainerBase.[Tomcat].[localhost].[/] - Initializing Spring embedded WebApplicationContext
2018-10-02 21:43:59.406 [localhost-startStop-1] INFO  org.springframework.web.context.ContextLoader - Root WebApplicationContext: initialization completed in 1855 ms
2018-10-02 21:43:59.468 [localhost-startStop-1] INFO  org.springframework.boot.web.servlet.ServletRegistrationBean - Servlet dispatcherServlet mapped to [/]
2018-10-02 21:43:59.468 [localhost-startStop-1] INFO  org.springframework.boot.web.servlet.ServletRegistrationBean - Servlet statViewServlet mapped to [/druid/*]
2018-10-02 21:43:59.481 [localhost-startStop-1] INFO  org.springframework.boot.web.servlet.FilterRegistrationBean - Mapping filter: 'characterEncodingFilter' to: [/*]
2018-10-02 21:43:59.482 [localhost-startStop-1] INFO  org.springframework.boot.web.servlet.FilterRegistrationBean - Mapping filter: 'webStatFilter' to urls: [/*]
2018-10-02 21:44:00.205 [main] INFO  com.alibaba.druid.pool.DruidDataSource - {dataSource-1} inited
2018-10-02 21:44:00.288 [main] INFO  com.alibaba.druid.pool.DruidDataSource - {dataSource-1} closed
2018-10-02 21:44:00.290 [main] INFO  org.apache.catalina.core.StandardService - Stopping service [Tomcat]
2018-10-02 21:44:00.297 [main] INFO  org.springframework.boot.autoconfigure.logging.ConditionEvaluationReportLoggingListener - 

Error starting ApplicationContext. To display the conditions report re-run your application with 'debug' enabled.
2018-10-02 21:46:11.624 [main] INFO  com.secondhand.tradingplatformadmincontroller.TradingplatformAdminControllerApplication - Starting TradingplatformAdminControllerApplication on DESKTOP-K9S046H with PID 8000 (D:\spring\tradingplatform\tradingplatform\tradingplatform-admin\tradingplatform-admin-controller\target\classes started by 81079 in D:\spring\tradingplatform\tradingplatform)
2018-10-02 21:46:11.624 [main] INFO  com.secondhand.tradingplatformadmincontroller.TradingplatformAdminControllerApplication - No active profile set, falling back to default profiles: default
2018-10-02 21:46:11.671 [main] INFO  org.springframework.boot.web.servlet.context.AnnotationConfigServletWebServerApplicationContext - Refreshing org.springframework.boot.web.servlet.context.AnnotationConfigServletWebServerApplicationContext@11981797: startup date [Tue Oct 02 21:46:11 CST 2018]; root of context hierarchy
2018-10-02 21:46:12.770 [main] INFO  org.springframework.context.support.PostProcessorRegistrationDelegate$BeanPostProcessorChecker - Bean 'com.alibaba.druid.spring.boot.autoconfigure.stat.DruidSpringAopConfiguration' of type [com.alibaba.druid.spring.boot.autoconfigure.stat.DruidSpringAopConfiguration] is not eligible for getting processed by all BeanPostProcessors (for example: not eligible for auto-proxying)
2018-10-02 21:46:12.841 [main] INFO  org.springframework.context.support.PostProcessorRegistrationDelegate$BeanPostProcessorChecker - Bean 'org.springframework.transaction.annotation.ProxyTransactionManagementConfiguration' of type [org.springframework.transaction.annotation.ProxyTransactionManagementConfiguration$$EnhancerBySpringCGLIB$$ae1a948] is not eligible for getting processed by all BeanPostProcessors (for example: not eligible for auto-proxying)
2018-10-02 21:46:12.857 [main] INFO  org.springframework.context.support.PostProcessorRegistrationDelegate$BeanPostProcessorChecker - Bean 'org.springframework.boot.context.properties.ConversionServiceDeducer$Factory' of type [org.springframework.boot.context.properties.ConversionServiceDeducer$Factory] is not eligible for getting processed by all BeanPostProcessors (for example: not eligible for auto-proxying)
2018-10-02 21:46:12.872 [main] INFO  org.springframework.context.support.PostProcessorRegistrationDelegate$BeanPostProcessorChecker - Bean 'spring.datasource.druid-com.alibaba.druid.spring.boot.autoconfigure.properties.DruidStatProperties' of type [com.alibaba.druid.spring.boot.autoconfigure.properties.DruidStatProperties] is not eligible for getting processed by all BeanPostProcessors (for example: not eligible for auto-proxying)
2018-10-02 21:46:12.904 [main] INFO  org.springframework.context.support.PostProcessorRegistrationDelegate$BeanPostProcessorChecker - Bean 'advisor' of type [org.springframework.aop.support.RegexpMethodPointcutAdvisor] is not eligible for getting processed by all BeanPostProcessors (for example: not eligible for auto-proxying)
2018-10-02 21:46:13.297 [main] INFO  org.springframework.boot.web.embedded.tomcat.TomcatWebServer - Tomcat initialized with port(s): 8080 (http)
2018-10-02 21:46:13.313 [main] INFO  org.apache.coyote.http11.Http11NioProtocol - Initializing ProtocolHandler ["http-nio-8080"]
2018-10-02 21:46:13.328 [main] INFO  org.apache.catalina.core.StandardService - Starting service [Tomcat]
2018-10-02 21:46:13.328 [main] INFO  org.apache.catalina.core.StandardEngine - Starting Servlet Engine: Apache Tomcat/8.5.34
2018-10-02 21:46:13.328 [localhost-startStop-1] INFO  org.apache.catalina.core.AprLifecycleListener - The APR based Apache Tomcat Native library which allows optimal performance in production environments was not found on the java.library.path: [E:\Installation\jdk1.8\jdk1.8\bin;C:\Windows\Sun\Java\bin;C:\Windows\system32;C:\Windows;C:\ProgramData\Oracle\Java\javapath;C:\Windows\system32;C:\Windows;C:\Windows\System32\Wbem;C:\Windows\System32\WindowsPowerShell\v1.0\;C:\Windows\System32\OpenSSH\;E:\Installation\jdk1.8\jdk1.8\bin;E:\Installation\jdk1.8\jdk1.8\jre\bin;E:\Installation\maven3.5\apache-maven-3.5.3\bin;E:\Installation\git\Git\cmd;E:\installation_package\mysql\mysql-5.7.9-winx64\bin;E:\Installation\python3.6;E:\Installation\SVN\bin;E:\Installation\node\;E:\Installation\phantomjs\phantomjs-2.1.1-windows\bin;E:\Installation\erlang\erl10.0.1\bin;E:\Installation\python3.6\Scripts\;E:\Installation\python3.6\;C:\Users\81079\AppData\Local\Microsoft\WindowsApps;C:\Users\81079\AppData\Roaming\npm;.]
2018-10-02 21:46:13.439 [localhost-startStop-1] INFO  org.apache.catalina.core.ContainerBase.[Tomcat].[localhost].[/] - Initializing Spring embedded WebApplicationContext
2018-10-02 21:46:13.439 [localhost-startStop-1] INFO  org.springframework.web.context.ContextLoader - Root WebApplicationContext: initialization completed in 1768 ms
2018-10-02 21:46:13.501 [localhost-startStop-1] INFO  org.springframework.boot.web.servlet.ServletRegistrationBean - Servlet dispatcherServlet mapped to [/]
2018-10-02 21:46:13.501 [localhost-startStop-1] INFO  org.springframework.boot.web.servlet.ServletRegistrationBean - Servlet statViewServlet mapped to [/druid/*]
2018-10-02 21:46:13.518 [localhost-startStop-1] INFO  org.springframework.boot.web.servlet.FilterRegistrationBean - Mapping filter: 'characterEncodingFilter' to: [/*]
2018-10-02 21:46:13.518 [localhost-startStop-1] INFO  org.springframework.boot.web.servlet.FilterRegistrationBean - Mapping filter: 'webStatFilter' to urls: [/*]
2018-10-02 21:46:14.105 [main] INFO  com.alibaba.druid.pool.DruidDataSource - {dataSource-1} inited
2018-10-02 21:46:14.152 [main] INFO  com.alibaba.druid.pool.DruidDataSource - {dataSource-1} closed
2018-10-02 21:46:14.152 [main] INFO  org.apache.catalina.core.StandardService - Stopping service [Tomcat]
2018-10-02 21:46:14.168 [main] INFO  org.springframework.boot.autoconfigure.logging.ConditionEvaluationReportLoggingListener - 

Error starting ApplicationContext. To display the conditions report re-run your application with 'debug' enabled.
2018-10-02 21:47:02.548 [main] INFO  com.secondhand.tradingplatformadmincontroller.TradingplatformAdminControllerApplication - Starting TradingplatformAdminControllerApplication on DESKTOP-K9S046H with PID 15644 (D:\spring\tradingplatform\tradingplatform\tradingplatform-admin\tradingplatform-admin-controller\target\classes started by 81079 in D:\spring\tradingplatform\tradingplatform)
2018-10-02 21:47:02.548 [main] INFO  com.secondhand.tradingplatformadmincontroller.TradingplatformAdminControllerApplication - No active profile set, falling back to default profiles: default
2018-10-02 21:47:02.595 [main] INFO  org.springframework.boot.web.servlet.context.AnnotationConfigServletWebServerApplicationContext - Refreshing org.springframework.boot.web.servlet.context.AnnotationConfigServletWebServerApplicationContext@61f05988: startup date [Tue Oct 02 21:47:02 CST 2018]; root of context hierarchy
2018-10-02 21:47:03.470 [main] INFO  org.springframework.context.support.PostProcessorRegistrationDelegate$BeanPostProcessorChecker - Bean 'com.alibaba.druid.spring.boot.autoconfigure.stat.DruidSpringAopConfiguration' of type [com.alibaba.druid.spring.boot.autoconfigure.stat.DruidSpringAopConfiguration] is not eligible for getting processed by all BeanPostProcessors (for example: not eligible for auto-proxying)
2018-10-02 21:47:03.510 [main] INFO  org.springframework.context.support.PostProcessorRegistrationDelegate$BeanPostProcessorChecker - Bean 'org.springframework.transaction.annotation.ProxyTransactionManagementConfiguration' of type [org.springframework.transaction.annotation.ProxyTransactionManagementConfiguration$$EnhancerBySpringCGLIB$$bb3b3035] is not eligible for getting processed by all BeanPostProcessors (for example: not eligible for auto-proxying)
2018-10-02 21:47:03.526 [main] INFO  org.springframework.context.support.PostProcessorRegistrationDelegate$BeanPostProcessorChecker - Bean 'org.springframework.boot.context.properties.ConversionServiceDeducer$Factory' of type [org.springframework.boot.context.properties.ConversionServiceDeducer$Factory] is not eligible for getting processed by all BeanPostProcessors (for example: not eligible for auto-proxying)
2018-10-02 21:47:03.526 [main] INFO  org.springframework.context.support.PostProcessorRegistrationDelegate$BeanPostProcessorChecker - Bean 'spring.datasource.druid-com.alibaba.druid.spring.boot.autoconfigure.properties.DruidStatProperties' of type [com.alibaba.druid.spring.boot.autoconfigure.properties.DruidStatProperties] is not eligible for getting processed by all BeanPostProcessors (for example: not eligible for auto-proxying)
2018-10-02 21:47:03.541 [main] INFO  org.springframework.context.support.PostProcessorRegistrationDelegate$BeanPostProcessorChecker - Bean 'advisor' of type [org.springframework.aop.support.RegexpMethodPointcutAdvisor] is not eligible for getting processed by all BeanPostProcessors (for example: not eligible for auto-proxying)
2018-10-02 21:47:03.886 [main] INFO  org.springframework.boot.web.embedded.tomcat.TomcatWebServer - Tomcat initialized with port(s): 8080 (http)
2018-10-02 21:47:03.886 [main] INFO  org.apache.coyote.http11.Http11NioProtocol - Initializing ProtocolHandler ["http-nio-8080"]
2018-10-02 21:47:03.902 [main] INFO  org.apache.catalina.core.StandardService - Starting service [Tomcat]
2018-10-02 21:47:03.902 [main] INFO  org.apache.catalina.core.StandardEngine - Starting Servlet Engine: Apache Tomcat/8.5.34
2018-10-02 21:47:03.902 [localhost-startStop-1] INFO  org.apache.catalina.core.AprLifecycleListener - The APR based Apache Tomcat Native library which allows optimal performance in production environments was not found on the java.library.path: [E:\Installation\jdk1.8\jdk1.8\bin;C:\Windows\Sun\Java\bin;C:\Windows\system32;C:\Windows;C:\ProgramData\Oracle\Java\javapath;C:\Windows\system32;C:\Windows;C:\Windows\System32\Wbem;C:\Windows\System32\WindowsPowerShell\v1.0\;C:\Windows\System32\OpenSSH\;E:\Installation\jdk1.8\jdk1.8\bin;E:\Installation\jdk1.8\jdk1.8\jre\bin;E:\Installation\maven3.5\apache-maven-3.5.3\bin;E:\Installation\git\Git\cmd;E:\installation_package\mysql\mysql-5.7.9-winx64\bin;E:\Installation\python3.6;E:\Installation\SVN\bin;E:\Installation\node\;E:\Installation\phantomjs\phantomjs-2.1.1-windows\bin;E:\Installation\erlang\erl10.0.1\bin;E:\Installation\python3.6\Scripts\;E:\Installation\python3.6\;C:\Users\81079\AppData\Local\Microsoft\WindowsApps;C:\Users\81079\AppData\Roaming\npm;.]
2018-10-02 21:47:04.027 [localhost-startStop-1] INFO  org.apache.catalina.core.ContainerBase.[Tomcat].[localhost].[/] - Initializing Spring embedded WebApplicationContext
2018-10-02 21:47:04.027 [localhost-startStop-1] INFO  org.springframework.web.context.ContextLoader - Root WebApplicationContext: initialization completed in 1432 ms
2018-10-02 21:47:04.105 [localhost-startStop-1] INFO  org.springframework.boot.web.servlet.ServletRegistrationBean - Servlet dispatcherServlet mapped to [/]
2018-10-02 21:47:04.105 [localhost-startStop-1] INFO  org.springframework.boot.web.servlet.ServletRegistrationBean - Servlet statViewServlet mapped to [/druid/*]
2018-10-02 21:47:04.121 [localhost-startStop-1] INFO  org.springframework.boot.web.servlet.FilterRegistrationBean - Mapping filter: 'characterEncodingFilter' to: [/*]
2018-10-02 21:47:04.121 [localhost-startStop-1] INFO  org.springframework.boot.web.servlet.FilterRegistrationBean - Mapping filter: 'webStatFilter' to urls: [/*]
2018-10-02 21:47:04.719 [main] INFO  com.alibaba.druid.pool.DruidDataSource - {dataSource-1} inited
2018-10-02 21:47:04.788 [main] INFO  com.alibaba.druid.pool.DruidDataSource - {dataSource-1} closed
2018-10-02 21:47:04.790 [main] INFO  org.apache.catalina.core.StandardService - Stopping service [Tomcat]
2018-10-02 21:47:04.800 [main] INFO  org.springframework.boot.autoconfigure.logging.ConditionEvaluationReportLoggingListener - 

Error starting ApplicationContext. To display the conditions report re-run your application with 'debug' enabled.
2018-10-02 21:47:58.185 [main] INFO  com.secondhand.tradingplatformadmincontroller.TradingplatformAdminControllerApplication - Starting TradingplatformAdminControllerApplication on DESKTOP-K9S046H with PID 14320 (D:\spring\tradingplatform\tradingplatform\tradingplatform-admin\tradingplatform-admin-controller\target\classes started by 81079 in D:\spring\tradingplatform\tradingplatform)
2018-10-02 21:47:58.185 [main] INFO  com.secondhand.tradingplatformadmincontroller.TradingplatformAdminControllerApplication - No active profile set, falling back to default profiles: default
2018-10-02 21:47:58.220 [main] INFO  org.springframework.boot.web.servlet.context.AnnotationConfigServletWebServerApplicationContext - Refreshing org.springframework.boot.web.servlet.context.AnnotationConfigServletWebServerApplicationContext@7ec3394b: startup date [Tue Oct 02 21:47:58 CST 2018]; root of context hierarchy
2018-10-02 21:47:59.058 [main] INFO  org.springframework.context.support.PostProcessorRegistrationDelegate$BeanPostProcessorChecker - Bean 'com.alibaba.druid.spring.boot.autoconfigure.stat.DruidSpringAopConfiguration' of type [com.alibaba.druid.spring.boot.autoconfigure.stat.DruidSpringAopConfiguration] is not eligible for getting processed by all BeanPostProcessors (for example: not eligible for auto-proxying)
2018-10-02 21:47:59.105 [main] INFO  org.springframework.context.support.PostProcessorRegistrationDelegate$BeanPostProcessorChecker - Bean 'org.springframework.transaction.annotation.ProxyTransactionManagementConfiguration' of type [org.springframework.transaction.annotation.ProxyTransactionManagementConfiguration$$EnhancerBySpringCGLIB$$6b621caa] is not eligible for getting processed by all BeanPostProcessors (for example: not eligible for auto-proxying)
2018-10-02 21:47:59.120 [main] INFO  org.springframework.context.support.PostProcessorRegistrationDelegate$BeanPostProcessorChecker - Bean 'org.springframework.boot.context.properties.ConversionServiceDeducer$Factory' of type [org.springframework.boot.context.properties.ConversionServiceDeducer$Factory] is not eligible for getting processed by all BeanPostProcessors (for example: not eligible for auto-proxying)
2018-10-02 21:47:59.136 [main] INFO  org.springframework.context.support.PostProcessorRegistrationDelegate$BeanPostProcessorChecker - Bean 'spring.datasource.druid-com.alibaba.druid.spring.boot.autoconfigure.properties.DruidStatProperties' of type [com.alibaba.druid.spring.boot.autoconfigure.properties.DruidStatProperties] is not eligible for getting processed by all BeanPostProcessors (for example: not eligible for auto-proxying)
2018-10-02 21:47:59.136 [main] INFO  org.springframework.context.support.PostProcessorRegistrationDelegate$BeanPostProcessorChecker - Bean 'advisor' of type [org.springframework.aop.support.RegexpMethodPointcutAdvisor] is not eligible for getting processed by all BeanPostProcessors (for example: not eligible for auto-proxying)
2018-10-02 21:47:59.490 [main] INFO  org.springframework.boot.web.embedded.tomcat.TomcatWebServer - Tomcat initialized with port(s): 8080 (http)
2018-10-02 21:47:59.495 [main] INFO  org.apache.coyote.http11.Http11NioProtocol - Initializing ProtocolHandler ["http-nio-8080"]
2018-10-02 21:47:59.511 [main] INFO  org.apache.catalina.core.StandardService - Starting service [Tomcat]
2018-10-02 21:47:59.511 [main] INFO  org.apache.catalina.core.StandardEngine - Starting Servlet Engine: Apache Tomcat/8.5.34
2018-10-02 21:47:59.511 [localhost-startStop-1] INFO  org.apache.catalina.core.AprLifecycleListener - The APR based Apache Tomcat Native library which allows optimal performance in production environments was not found on the java.library.path: [E:\Installation\jdk1.8\jdk1.8\bin;C:\Windows\Sun\Java\bin;C:\Windows\system32;C:\Windows;C:\ProgramData\Oracle\Java\javapath;C:\Windows\system32;C:\Windows;C:\Windows\System32\Wbem;C:\Windows\System32\WindowsPowerShell\v1.0\;C:\Windows\System32\OpenSSH\;E:\Installation\jdk1.8\jdk1.8\bin;E:\Installation\jdk1.8\jdk1.8\jre\bin;E:\Installation\maven3.5\apache-maven-3.5.3\bin;E:\Installation\git\Git\cmd;E:\installation_package\mysql\mysql-5.7.9-winx64\bin;E:\Installation\python3.6;E:\Installation\SVN\bin;E:\Installation\node\;E:\Installation\phantomjs\phantomjs-2.1.1-windows\bin;E:\Installation\erlang\erl10.0.1\bin;E:\Installation\python3.6\Scripts\;E:\Installation\python3.6\;C:\Users\81079\AppData\Local\Microsoft\WindowsApps;C:\Users\81079\AppData\Roaming\npm;.]
2018-10-02 21:47:59.635 [localhost-startStop-1] INFO  org.apache.catalina.core.ContainerBase.[Tomcat].[localhost].[/] - Initializing Spring embedded WebApplicationContext
2018-10-02 21:47:59.635 [localhost-startStop-1] INFO  org.springframework.web.context.ContextLoader - Root WebApplicationContext: initialization completed in 1415 ms
2018-10-02 21:47:59.698 [localhost-startStop-1] INFO  org.springframework.boot.web.servlet.ServletRegistrationBean - Servlet dispatcherServlet mapped to [/]
2018-10-02 21:47:59.698 [localhost-startStop-1] INFO  org.springframework.boot.web.servlet.ServletRegistrationBean - Servlet statViewServlet mapped to [/druid/*]
2018-10-02 21:47:59.698 [localhost-startStop-1] INFO  org.springframework.boot.web.servlet.FilterRegistrationBean - Mapping filter: 'characterEncodingFilter' to: [/*]
2018-10-02 21:47:59.698 [localhost-startStop-1] INFO  org.springframework.boot.web.servlet.FilterRegistrationBean - Mapping filter: 'webStatFilter' to urls: [/*]
2018-10-02 21:48:00.302 [main] INFO  com.alibaba.druid.pool.DruidDataSource - {dataSource-1} inited
2018-10-02 21:48:00.365 [main] INFO  com.alibaba.druid.pool.DruidDataSource - {dataSource-1} closed
2018-10-02 21:48:00.365 [main] INFO  org.apache.catalina.core.StandardService - Stopping service [Tomcat]
2018-10-02 21:48:00.365 [main] INFO  org.springframework.boot.autoconfigure.logging.ConditionEvaluationReportLoggingListener - 

Error starting ApplicationContext. To display the conditions report re-run your application with 'debug' enabled.
2018-10-02 21:53:55.816 [main] INFO  com.secondhand.tradingplatformadmincontroller.TradingplatformAdminControllerApplication - Starting TradingplatformAdminControllerApplication on DESKTOP-K9S046H with PID 19764 (D:\spring\tradingplatform\tradingplatform\tradingplatform-admin\tradingplatform-admin-controller\target\classes started by 81079 in D:\spring\tradingplatform\tradingplatform)
2018-10-02 21:53:55.819 [main] INFO  com.secondhand.tradingplatformadmincontroller.TradingplatformAdminControllerApplication - No active profile set, falling back to default profiles: default
2018-10-02 21:53:55.864 [main] INFO  org.springframework.boot.web.servlet.context.AnnotationConfigServletWebServerApplicationContext - Refreshing org.springframework.boot.web.servlet.context.AnnotationConfigServletWebServerApplicationContext@2c5529ab: startup date [Tue Oct 02 21:53:55 CST 2018]; root of context hierarchy
2018-10-02 21:53:56.733 [main] INFO  org.springframework.context.support.PostProcessorRegistrationDelegate$BeanPostProcessorChecker - Bean 'com.alibaba.druid.spring.boot.autoconfigure.stat.DruidSpringAopConfiguration' of type [com.alibaba.druid.spring.boot.autoconfigure.stat.DruidSpringAopConfiguration] is not eligible for getting processed by all BeanPostProcessors (for example: not eligible for auto-proxying)
2018-10-02 21:53:56.775 [main] INFO  org.springframework.context.support.PostProcessorRegistrationDelegate$BeanPostProcessorChecker - Bean 'org.springframework.transaction.annotation.ProxyTransactionManagementConfiguration' of type [org.springframework.transaction.annotation.ProxyTransactionManagementConfiguration$$EnhancerBySpringCGLIB$$c41ba62b] is not eligible for getting processed by all BeanPostProcessors (for example: not eligible for auto-proxying)
2018-10-02 21:53:56.786 [main] INFO  org.springframework.context.support.PostProcessorRegistrationDelegate$BeanPostProcessorChecker - Bean 'org.springframework.boot.context.properties.ConversionServiceDeducer$Factory' of type [org.springframework.boot.context.properties.ConversionServiceDeducer$Factory] is not eligible for getting processed by all BeanPostProcessors (for example: not eligible for auto-proxying)
2018-10-02 21:53:56.800 [main] INFO  org.springframework.context.support.PostProcessorRegistrationDelegate$BeanPostProcessorChecker - Bean 'spring.datasource.druid-com.alibaba.druid.spring.boot.autoconfigure.properties.DruidStatProperties' of type [com.alibaba.druid.spring.boot.autoconfigure.properties.DruidStatProperties] is not eligible for getting processed by all BeanPostProcessors (for example: not eligible for auto-proxying)
2018-10-02 21:53:56.808 [main] INFO  org.springframework.context.support.PostProcessorRegistrationDelegate$BeanPostProcessorChecker - Bean 'advisor' of type [org.springframework.aop.support.RegexpMethodPointcutAdvisor] is not eligible for getting processed by all BeanPostProcessors (for example: not eligible for auto-proxying)
2018-10-02 21:53:57.143 [main] INFO  org.springframework.boot.web.embedded.tomcat.TomcatWebServer - Tomcat initialized with port(s): 8080 (http)
2018-10-02 21:53:57.154 [main] INFO  org.apache.coyote.http11.Http11NioProtocol - Initializing ProtocolHandler ["http-nio-8080"]
2018-10-02 21:53:57.164 [main] INFO  org.apache.catalina.core.StandardService - Starting service [Tomcat]
2018-10-02 21:53:57.164 [main] INFO  org.apache.catalina.core.StandardEngine - Starting Servlet Engine: Apache Tomcat/8.5.34
2018-10-02 21:53:57.168 [localhost-startStop-1] INFO  org.apache.catalina.core.AprLifecycleListener - The APR based Apache Tomcat Native library which allows optimal performance in production environments was not found on the java.library.path: [E:\Installation\jdk1.8\jdk1.8\bin;C:\Windows\Sun\Java\bin;C:\Windows\system32;C:\Windows;C:\ProgramData\Oracle\Java\javapath;C:\Windows\system32;C:\Windows;C:\Windows\System32\Wbem;C:\Windows\System32\WindowsPowerShell\v1.0\;C:\Windows\System32\OpenSSH\;E:\Installation\jdk1.8\jdk1.8\bin;E:\Installation\jdk1.8\jdk1.8\jre\bin;E:\Installation\maven3.5\apache-maven-3.5.3\bin;E:\Installation\git\Git\cmd;E:\installation_package\mysql\mysql-5.7.9-winx64\bin;E:\Installation\python3.6;E:\Installation\SVN\bin;E:\Installation\node\;E:\Installation\phantomjs\phantomjs-2.1.1-windows\bin;E:\Installation\erlang\erl10.0.1\bin;E:\Installation\python3.6\Scripts\;E:\Installation\python3.6\;C:\Users\81079\AppData\Local\Microsoft\WindowsApps;C:\Users\81079\AppData\Roaming\npm;.]
2018-10-02 21:53:57.298 [localhost-startStop-1] INFO  org.apache.catalina.core.ContainerBase.[Tomcat].[localhost].[/] - Initializing Spring embedded WebApplicationContext
2018-10-02 21:53:57.298 [localhost-startStop-1] INFO  org.springframework.web.context.ContextLoader - Root WebApplicationContext: initialization completed in 1434 ms
2018-10-02 21:53:57.363 [localhost-startStop-1] INFO  org.springframework.boot.web.servlet.ServletRegistrationBean - Servlet dispatcherServlet mapped to [/]
2018-10-02 21:53:57.364 [localhost-startStop-1] INFO  org.springframework.boot.web.servlet.ServletRegistrationBean - Servlet statViewServlet mapped to [/druid/*]
2018-10-02 21:53:57.368 [localhost-startStop-1] INFO  org.springframework.boot.web.servlet.FilterRegistrationBean - Mapping filter: 'characterEncodingFilter' to: [/*]
2018-10-02 21:53:57.369 [localhost-startStop-1] INFO  org.springframework.boot.web.servlet.FilterRegistrationBean - Mapping filter: 'webStatFilter' to urls: [/*]
2018-10-02 21:53:57.974 [main] INFO  com.alibaba.druid.pool.DruidDataSource - {dataSource-1} inited
2018-10-02 21:53:58.029 [main] INFO  com.alibaba.druid.pool.DruidDataSource - {dataSource-1} closed
2018-10-02 21:53:58.031 [main] INFO  org.apache.catalina.core.StandardService - Stopping service [Tomcat]
2018-10-02 21:53:58.039 [main] INFO  org.springframework.boot.autoconfigure.logging.ConditionEvaluationReportLoggingListener - 

Error starting ApplicationContext. To display the conditions report re-run your application with 'debug' enabled.
2018-10-02 21:56:44.813 [main] INFO  com.secondhand.tradingplatformadmincontroller.TradingplatformAdminControllerApplication - Starting TradingplatformAdminControllerApplication on DESKTOP-K9S046H with PID 8484 (D:\spring\tradingplatform\tradingplatform\tradingplatform-admin\tradingplatform-admin-controller\target\classes started by 81079 in D:\spring\tradingplatform\tradingplatform)
2018-10-02 21:56:44.813 [main] INFO  com.secondhand.tradingplatformadmincontroller.TradingplatformAdminControllerApplication - No active profile set, falling back to default profiles: default
2018-10-02 21:56:44.860 [main] INFO  org.springframework.boot.web.servlet.context.AnnotationConfigServletWebServerApplicationContext - Refreshing org.springframework.boot.web.servlet.context.AnnotationConfigServletWebServerApplicationContext@18920cc: startup date [Tue Oct 02 21:56:44 CST 2018]; root of context hierarchy
2018-10-02 21:56:45.738 [main] INFO  org.springframework.context.support.PostProcessorRegistrationDelegate$BeanPostProcessorChecker - Bean 'com.alibaba.druid.spring.boot.autoconfigure.stat.DruidSpringAopConfiguration' of type [com.alibaba.druid.spring.boot.autoconfigure.stat.DruidSpringAopConfiguration] is not eligible for getting processed by all BeanPostProcessors (for example: not eligible for auto-proxying)
2018-10-02 21:56:45.782 [main] INFO  org.springframework.context.support.PostProcessorRegistrationDelegate$BeanPostProcessorChecker - Bean 'org.springframework.transaction.annotation.ProxyTransactionManagementConfiguration' of type [org.springframework.transaction.annotation.ProxyTransactionManagementConfiguration$$EnhancerBySpringCGLIB$$2d0cfb99] is not eligible for getting processed by all BeanPostProcessors (for example: not eligible for auto-proxying)
2018-10-02 21:56:45.797 [main] INFO  org.springframework.context.support.PostProcessorRegistrationDelegate$BeanPostProcessorChecker - Bean 'org.springframework.boot.context.properties.ConversionServiceDeducer$Factory' of type [org.springframework.boot.context.properties.ConversionServiceDeducer$Factory] is not eligible for getting processed by all BeanPostProcessors (for example: not eligible for auto-proxying)
2018-10-02 21:56:45.813 [main] INFO  org.springframework.context.support.PostProcessorRegistrationDelegate$BeanPostProcessorChecker - Bean 'spring.datasource.druid-com.alibaba.druid.spring.boot.autoconfigure.properties.DruidStatProperties' of type [com.alibaba.druid.spring.boot.autoconfigure.properties.DruidStatProperties] is not eligible for getting processed by all BeanPostProcessors (for example: not eligible for auto-proxying)
2018-10-02 21:56:45.813 [main] INFO  org.springframework.context.support.PostProcessorRegistrationDelegate$BeanPostProcessorChecker - Bean 'advisor' of type [org.springframework.aop.support.RegexpMethodPointcutAdvisor] is not eligible for getting processed by all BeanPostProcessors (for example: not eligible for auto-proxying)
2018-10-02 21:56:46.157 [main] INFO  org.springframework.boot.web.embedded.tomcat.TomcatWebServer - Tomcat initialized with port(s): 8080 (http)
2018-10-02 21:56:46.157 [main] INFO  org.apache.coyote.http11.Http11NioProtocol - Initializing ProtocolHandler ["http-nio-8080"]
2018-10-02 21:56:46.172 [main] INFO  org.apache.catalina.core.StandardService - Starting service [Tomcat]
2018-10-02 21:56:46.172 [main] INFO  org.apache.catalina.core.StandardEngine - Starting Servlet Engine: Apache Tomcat/8.5.34
2018-10-02 21:56:46.172 [localhost-startStop-1] INFO  org.apache.catalina.core.AprLifecycleListener - The APR based Apache Tomcat Native library which allows optimal performance in production environments was not found on the java.library.path: [E:\Installation\jdk1.8\jdk1.8\bin;C:\Windows\Sun\Java\bin;C:\Windows\system32;C:\Windows;C:\ProgramData\Oracle\Java\javapath;C:\Windows\system32;C:\Windows;C:\Windows\System32\Wbem;C:\Windows\System32\WindowsPowerShell\v1.0\;C:\Windows\System32\OpenSSH\;E:\Installation\jdk1.8\jdk1.8\bin;E:\Installation\jdk1.8\jdk1.8\jre\bin;E:\Installation\maven3.5\apache-maven-3.5.3\bin;E:\Installation\git\Git\cmd;E:\installation_package\mysql\mysql-5.7.9-winx64\bin;E:\Installation\python3.6;E:\Installation\SVN\bin;E:\Installation\node\;E:\Installation\phantomjs\phantomjs-2.1.1-windows\bin;E:\Installation\erlang\erl10.0.1\bin;E:\Installation\python3.6\Scripts\;E:\Installation\python3.6\;C:\Users\81079\AppData\Local\Microsoft\WindowsApps;C:\Users\81079\AppData\Roaming\npm;.]
2018-10-02 21:56:46.297 [localhost-startStop-1] INFO  org.apache.catalina.core.ContainerBase.[Tomcat].[localhost].[/] - Initializing Spring embedded WebApplicationContext
2018-10-02 21:56:46.297 [localhost-startStop-1] INFO  org.springframework.web.context.ContextLoader - Root WebApplicationContext: initialization completed in 1437 ms
2018-10-02 21:56:46.361 [localhost-startStop-1] INFO  org.springframework.boot.web.servlet.ServletRegistrationBean - Servlet dispatcherServlet mapped to [/]
2018-10-02 21:56:46.361 [localhost-startStop-1] INFO  org.springframework.boot.web.servlet.ServletRegistrationBean - Servlet statViewServlet mapped to [/druid/*]
2018-10-02 21:56:46.361 [localhost-startStop-1] INFO  org.springframework.boot.web.servlet.FilterRegistrationBean - Mapping filter: 'characterEncodingFilter' to: [/*]
2018-10-02 21:56:46.361 [localhost-startStop-1] INFO  org.springframework.boot.web.servlet.FilterRegistrationBean - Mapping filter: 'webStatFilter' to urls: [/*]
2018-10-02 21:56:46.964 [main] INFO  com.alibaba.druid.pool.DruidDataSource - {dataSource-1} inited
2018-10-02 21:56:47.011 [main] INFO  com.alibaba.druid.pool.DruidDataSource - {dataSource-1} closed
2018-10-02 21:56:47.027 [main] INFO  org.apache.catalina.core.StandardService - Stopping service [Tomcat]
2018-10-02 21:56:47.027 [main] INFO  org.springframework.boot.autoconfigure.logging.ConditionEvaluationReportLoggingListener - 

Error starting ApplicationContext. To display the conditions report re-run your application with 'debug' enabled.
2018-10-02 21:57:28.532 [main] INFO  com.secondhand.tradingplatformadmincontroller.TradingplatformAdminControllerApplication - Starting TradingplatformAdminControllerApplication on DESKTOP-K9S046H with PID 3624 (D:\spring\tradingplatform\tradingplatform\tradingplatform-admin\tradingplatform-admin-controller\target\classes started by 81079 in D:\spring\tradingplatform\tradingplatform)
2018-10-02 21:57:28.532 [main] INFO  com.secondhand.tradingplatformadmincontroller.TradingplatformAdminControllerApplication - No active profile set, falling back to default profiles: default
2018-10-02 21:57:28.579 [main] INFO  org.springframework.boot.web.servlet.context.AnnotationConfigServletWebServerApplicationContext - Refreshing org.springframework.boot.web.servlet.context.AnnotationConfigServletWebServerApplicationContext@178213b: startup date [Tue Oct 02 21:57:28 CST 2018]; root of context hierarchy
2018-10-02 21:57:29.443 [main] INFO  org.springframework.context.support.PostProcessorRegistrationDelegate$BeanPostProcessorChecker - Bean 'com.alibaba.druid.spring.boot.autoconfigure.stat.DruidSpringAopConfiguration' of type [com.alibaba.druid.spring.boot.autoconfigure.stat.DruidSpringAopConfiguration] is not eligible for getting processed by all BeanPostProcessors (for example: not eligible for auto-proxying)
2018-10-02 21:57:29.489 [main] INFO  org.springframework.context.support.PostProcessorRegistrationDelegate$BeanPostProcessorChecker - Bean 'org.springframework.transaction.annotation.ProxyTransactionManagementConfiguration' of type [org.springframework.transaction.annotation.ProxyTransactionManagementConfiguration$$EnhancerBySpringCGLIB$$fb88178c] is not eligible for getting processed by all BeanPostProcessors (for example: not eligible for auto-proxying)
2018-10-02 21:57:29.505 [main] INFO  org.springframework.context.support.PostProcessorRegistrationDelegate$BeanPostProcessorChecker - Bean 'org.springframework.boot.context.properties.ConversionServiceDeducer$Factory' of type [org.springframework.boot.context.properties.ConversionServiceDeducer$Factory] is not eligible for getting processed by all BeanPostProcessors (for example: not eligible for auto-proxying)
2018-10-02 21:57:29.505 [main] INFO  org.springframework.context.support.PostProcessorRegistrationDelegate$BeanPostProcessorChecker - Bean 'spring.datasource.druid-com.alibaba.druid.spring.boot.autoconfigure.properties.DruidStatProperties' of type [com.alibaba.druid.spring.boot.autoconfigure.properties.DruidStatProperties] is not eligible for getting processed by all BeanPostProcessors (for example: not eligible for auto-proxying)
2018-10-02 21:57:29.521 [main] INFO  org.springframework.context.support.PostProcessorRegistrationDelegate$BeanPostProcessorChecker - Bean 'advisor' of type [org.springframework.aop.support.RegexpMethodPointcutAdvisor] is not eligible for getting processed by all BeanPostProcessors (for example: not eligible for auto-proxying)
2018-10-02 21:57:29.874 [main] INFO  org.springframework.boot.web.embedded.tomcat.TomcatWebServer - Tomcat initialized with port(s): 8080 (http)
2018-10-02 21:57:29.890 [main] INFO  org.apache.coyote.http11.Http11NioProtocol - Initializing ProtocolHandler ["http-nio-8080"]
2018-10-02 21:57:29.890 [main] INFO  org.apache.catalina.core.StandardService - Starting service [Tomcat]
2018-10-02 21:57:29.890 [main] INFO  org.apache.catalina.core.StandardEngine - Starting Servlet Engine: Apache Tomcat/8.5.34
2018-10-02 21:57:29.905 [localhost-startStop-1] INFO  org.apache.catalina.core.AprLifecycleListener - The APR based Apache Tomcat Native library which allows optimal performance in production environments was not found on the java.library.path: [E:\Installation\jdk1.8\jdk1.8\bin;C:\Windows\Sun\Java\bin;C:\Windows\system32;C:\Windows;C:\ProgramData\Oracle\Java\javapath;C:\Windows\system32;C:\Windows;C:\Windows\System32\Wbem;C:\Windows\System32\WindowsPowerShell\v1.0\;C:\Windows\System32\OpenSSH\;E:\Installation\jdk1.8\jdk1.8\bin;E:\Installation\jdk1.8\jdk1.8\jre\bin;E:\Installation\maven3.5\apache-maven-3.5.3\bin;E:\Installation\git\Git\cmd;E:\installation_package\mysql\mysql-5.7.9-winx64\bin;E:\Installation\python3.6;E:\Installation\SVN\bin;E:\Installation\node\;E:\Installation\phantomjs\phantomjs-2.1.1-windows\bin;E:\Installation\erlang\erl10.0.1\bin;E:\Installation\python3.6\Scripts\;E:\Installation\python3.6\;C:\Users\81079\AppData\Local\Microsoft\WindowsApps;C:\Users\81079\AppData\Roaming\npm;.]
2018-10-02 21:57:29.999 [localhost-startStop-1] INFO  org.apache.catalina.core.ContainerBase.[Tomcat].[localhost].[/] - Initializing Spring embedded WebApplicationContext
2018-10-02 21:57:29.999 [localhost-startStop-1] INFO  org.springframework.web.context.ContextLoader - Root WebApplicationContext: initialization completed in 1420 ms
2018-10-02 21:57:30.062 [localhost-startStop-1] INFO  org.springframework.boot.web.servlet.ServletRegistrationBean - Servlet dispatcherServlet mapped to [/]
2018-10-02 21:57:30.062 [localhost-startStop-1] INFO  org.springframework.boot.web.servlet.ServletRegistrationBean - Servlet statViewServlet mapped to [/druid/*]
2018-10-02 21:57:30.062 [localhost-startStop-1] INFO  org.springframework.boot.web.servlet.FilterRegistrationBean - Mapping filter: 'characterEncodingFilter' to: [/*]
2018-10-02 21:57:30.062 [localhost-startStop-1] INFO  org.springframework.boot.web.servlet.FilterRegistrationBean - Mapping filter: 'webStatFilter' to urls: [/*]
2018-10-02 21:57:30.390 [main] INFO  org.apache.catalina.core.StandardService - Stopping service [Tomcat]
2018-10-02 21:57:30.405 [main] INFO  org.springframework.boot.autoconfigure.logging.ConditionEvaluationReportLoggingListener - 

Error starting ApplicationContext. To display the conditions report re-run your application with 'debug' enabled.
2018-10-02 21:58:21.493 [main] INFO  com.secondhand.tradingplatformadmincontroller.TradingplatformAdminControllerApplication - Starting TradingplatformAdminControllerApplication on DESKTOP-K9S046H with PID 19116 (D:\spring\tradingplatform\tradingplatform\tradingplatform-admin\tradingplatform-admin-controller\target\classes started by 81079 in D:\spring\tradingplatform\tradingplatform)
2018-10-02 21:58:21.493 [main] INFO  com.secondhand.tradingplatformadmincontroller.TradingplatformAdminControllerApplication - No active profile set, falling back to default profiles: default
2018-10-02 21:58:21.540 [main] INFO  org.springframework.boot.web.servlet.context.AnnotationConfigServletWebServerApplicationContext - Refreshing org.springframework.boot.web.servlet.context.AnnotationConfigServletWebServerApplicationContext@3403e2ac: startup date [Tue Oct 02 21:58:21 CST 2018]; root of context hierarchy
2018-10-02 21:58:22.488 [main] INFO  org.springframework.context.support.PostProcessorRegistrationDelegate$BeanPostProcessorChecker - Bean 'org.springframework.transaction.annotation.ProxyTransactionManagementConfiguration' of type [org.springframework.transaction.annotation.ProxyTransactionManagementConfiguration$$EnhancerBySpringCGLIB$$b36091d4] is not eligible for getting processed by all BeanPostProcessors (for example: not eligible for auto-proxying)
2018-10-02 21:58:22.831 [main] INFO  org.springframework.boot.web.embedded.tomcat.TomcatWebServer - Tomcat initialized with port(s): 8080 (http)
2018-10-02 21:58:22.831 [main] INFO  org.apache.coyote.http11.Http11NioProtocol - Initializing ProtocolHandler ["http-nio-8080"]
2018-10-02 21:58:22.846 [main] INFO  org.apache.catalina.core.StandardService - Starting service [Tomcat]
2018-10-02 21:58:22.846 [main] INFO  org.apache.catalina.core.StandardEngine - Starting Servlet Engine: Apache Tomcat/8.5.34
2018-10-02 21:58:22.846 [localhost-startStop-1] INFO  org.apache.catalina.core.AprLifecycleListener - The APR based Apache Tomcat Native library which allows optimal performance in production environments was not found on the java.library.path: [E:\Installation\jdk1.8\jdk1.8\bin;C:\Windows\Sun\Java\bin;C:\Windows\system32;C:\Windows;C:\ProgramData\Oracle\Java\javapath;C:\Windows\system32;C:\Windows;C:\Windows\System32\Wbem;C:\Windows\System32\WindowsPowerShell\v1.0\;C:\Windows\System32\OpenSSH\;E:\Installation\jdk1.8\jdk1.8\bin;E:\Installation\jdk1.8\jdk1.8\jre\bin;E:\Installation\maven3.5\apache-maven-3.5.3\bin;E:\Installation\git\Git\cmd;E:\installation_package\mysql\mysql-5.7.9-winx64\bin;E:\Installation\python3.6;E:\Installation\SVN\bin;E:\Installation\node\;E:\Installation\phantomjs\phantomjs-2.1.1-windows\bin;E:\Installation\erlang\erl10.0.1\bin;E:\Installation\python3.6\Scripts\;E:\Installation\python3.6\;C:\Users\81079\AppData\Local\Microsoft\WindowsApps;C:\Users\81079\AppData\Roaming\npm;.]
2018-10-02 21:58:22.971 [localhost-startStop-1] INFO  org.apache.catalina.core.ContainerBase.[Tomcat].[localhost].[/] - Initializing Spring embedded WebApplicationContext
2018-10-02 21:58:22.971 [localhost-startStop-1] INFO  org.springframework.web.context.ContextLoader - Root WebApplicationContext: initialization completed in 1431 ms
2018-10-02 21:58:23.049 [localhost-startStop-1] INFO  org.springframework.boot.web.servlet.ServletRegistrationBean - Servlet dispatcherServlet mapped to [/]
2018-10-02 21:58:23.049 [localhost-startStop-1] INFO  org.springframework.boot.web.servlet.ServletRegistrationBean - Servlet statViewServlet mapped to [/druid/*]
2018-10-02 21:58:23.049 [localhost-startStop-1] INFO  org.springframework.boot.web.servlet.FilterRegistrationBean - Mapping filter: 'characterEncodingFilter' to: [/*]
2018-10-02 21:58:23.049 [localhost-startStop-1] INFO  org.springframework.boot.web.servlet.FilterRegistrationBean - Mapping filter: 'webStatFilter' to urls: [/*]
2018-10-02 21:58:23.238 [main] INFO  org.apache.catalina.core.StandardService - Stopping service [Tomcat]
2018-10-02 21:58:23.254 [main] INFO  org.springframework.boot.autoconfigure.logging.ConditionEvaluationReportLoggingListener - 

Error starting ApplicationContext. To display the conditions report re-run your application with 'debug' enabled.
2018-10-02 21:58:36.314 [main] INFO  com.secondhand.tradingplatformadmincontroller.TradingplatformAdminControllerApplication - Starting TradingplatformAdminControllerApplication on DESKTOP-K9S046H with PID 17264 (D:\spring\tradingplatform\tradingplatform\tradingplatform-admin\tradingplatform-admin-controller\target\classes started by 81079 in D:\spring\tradingplatform\tradingplatform)
2018-10-02 21:58:36.320 [main] INFO  com.secondhand.tradingplatformadmincontroller.TradingplatformAdminControllerApplication - No active profile set, falling back to default profiles: default
2018-10-02 21:58:36.369 [main] INFO  org.springframework.boot.web.servlet.context.AnnotationConfigServletWebServerApplicationContext - Refreshing org.springframework.boot.web.servlet.context.AnnotationConfigServletWebServerApplicationContext@31ff43be: startup date [Tue Oct 02 21:58:36 CST 2018]; root of context hierarchy
2018-10-02 21:58:37.394 [main] INFO  org.springframework.context.support.PostProcessorRegistrationDelegate$BeanPostProcessorChecker - Bean 'org.springframework.transaction.annotation.ProxyTransactionManagementConfiguration' of type [org.springframework.transaction.annotation.ProxyTransactionManagementConfiguration$$EnhancerBySpringCGLIB$$46382a28] is not eligible for getting processed by all BeanPostProcessors (for example: not eligible for auto-proxying)
2018-10-02 21:58:37.722 [main] INFO  org.springframework.boot.web.embedded.tomcat.TomcatWebServer - Tomcat initialized with port(s): 8080 (http)
2018-10-02 21:58:37.738 [main] INFO  org.apache.coyote.http11.Http11NioProtocol - Initializing ProtocolHandler ["http-nio-8080"]
2018-10-02 21:58:37.738 [main] INFO  org.apache.catalina.core.StandardService - Starting service [Tomcat]
2018-10-02 21:58:37.738 [main] INFO  org.apache.catalina.core.StandardEngine - Starting Servlet Engine: Apache Tomcat/8.5.34
2018-10-02 21:58:37.754 [localhost-startStop-1] INFO  org.apache.catalina.core.AprLifecycleListener - The APR based Apache Tomcat Native library which allows optimal performance in production environments was not found on the java.library.path: [E:\Installation\jdk1.8\jdk1.8\bin;C:\Windows\Sun\Java\bin;C:\Windows\system32;C:\Windows;C:\ProgramData\Oracle\Java\javapath;C:\Windows\system32;C:\Windows;C:\Windows\System32\Wbem;C:\Windows\System32\WindowsPowerShell\v1.0\;C:\Windows\System32\OpenSSH\;E:\Installation\jdk1.8\jdk1.8\bin;E:\Installation\jdk1.8\jdk1.8\jre\bin;E:\Installation\maven3.5\apache-maven-3.5.3\bin;E:\Installation\git\Git\cmd;E:\installation_package\mysql\mysql-5.7.9-winx64\bin;E:\Installation\python3.6;E:\Installation\SVN\bin;E:\Installation\node\;E:\Installation\phantomjs\phantomjs-2.1.1-windows\bin;E:\Installation\erlang\erl10.0.1\bin;E:\Installation\python3.6\Scripts\;E:\Installation\python3.6\;C:\Users\81079\AppData\Local\Microsoft\WindowsApps;C:\Users\81079\AppData\Roaming\npm;.]
2018-10-02 21:58:37.870 [localhost-startStop-1] INFO  org.apache.catalina.core.ContainerBase.[Tomcat].[localhost].[/] - Initializing Spring embedded WebApplicationContext
2018-10-02 21:58:37.870 [localhost-startStop-1] INFO  org.springframework.web.context.ContextLoader - Root WebApplicationContext: initialization completed in 1501 ms
2018-10-02 21:58:37.949 [localhost-startStop-1] INFO  org.springframework.boot.web.servlet.ServletRegistrationBean - Servlet dispatcherServlet mapped to [/]
2018-10-02 21:58:37.949 [localhost-startStop-1] INFO  org.springframework.boot.web.servlet.ServletRegistrationBean - Servlet statViewServlet mapped to [/druid/*]
2018-10-02 21:58:37.949 [localhost-startStop-1] INFO  org.springframework.boot.web.servlet.FilterRegistrationBean - Mapping filter: 'characterEncodingFilter' to: [/*]
2018-10-02 21:58:37.949 [localhost-startStop-1] INFO  org.springframework.boot.web.servlet.FilterRegistrationBean - Mapping filter: 'webStatFilter' to urls: [/*]
2018-10-02 21:58:38.434 [main] INFO  com.alibaba.druid.pool.DruidDataSource - {dataSource-1} inited
2018-10-02 21:58:39.272 [main] INFO  org.springframework.web.servlet.mvc.method.annotation.RequestMappingHandlerMapping - Mapped "{[/admin/user/get_map_by_id/{userId}],methods=[GET],produces=[application/json]}" onto public com.secondhand.tradingplatformcommon.util.JsonResult<java.util.Map<java.lang.String, java.lang.Object>> com.secondhand.tradingplatformadmincontroller.controller.UserController.getUserByIdForMap(java.lang.Long)
2018-10-02 21:58:39.272 [main] INFO  org.springframework.web.servlet.mvc.method.annotation.RequestMappingHandlerMapping - Mapped "{[/admin/user/create_update],methods=[PUT],consumes=[application/json],produces=[application/json]}" onto public com.secondhand.tradingplatformcommon.util.JsonResult<com.secondhand.tradingplatformadminentity.entity.User> com.secondhand.tradingplatformadmincontroller.controller.UserController.userCreateUpdate(com.secondhand.tradingplatformadminentity.entity.User)
2018-10-02 21:58:39.272 [main] INFO  org.springframework.web.servlet.mvc.method.annotation.RequestMappingHandlerMapping - Mapped "{[/admin/user/batch_delete],methods=[PUT],consumes=[application/json],produces=[application/json]}" onto public com.secondhand.tradingplatformcommon.util.JsonResult<com.secondhand.tradingplatformadminentity.entity.User> com.secondhand.tradingplatformadmincontroller.controller.UserController.fakeBatchDelete(java.util.List<java.lang.Long>)
2018-10-02 21:58:39.272 [main] INFO  org.springframework.web.servlet.mvc.method.annotation.RequestMappingHandlerMapping - Mapped "{[/admin/user/query],methods=[POST],consumes=[application/json],produces=[application/json]}" onto public com.secondhand.tradingplatformcommon.util.TableJson<com.secondhand.tradingplatformadminentity.entity.User> com.secondhand.tradingplatformadmincontroller.controller.UserController.getUserList(com.secondhand.tradingplatformadminentity.entity.User)
2018-10-02 21:58:39.272 [main] INFO  org.springframework.web.servlet.mvc.method.annotation.RequestMappingHandlerMapping - Mapped "{[/admin/user/get_by_id/{userId}],methods=[GET],produces=[application/json]}" onto public com.secondhand.tradingplatformcommon.util.JsonResult<com.secondhand.tradingplatformadminentity.entity.User> com.secondhand.tradingplatformadmincontroller.controller.UserController.getUserById(java.lang.Long)
2018-10-02 21:58:39.272 [main] INFO  org.springframework.web.servlet.mvc.method.annotation.RequestMappingHandlerMapping - Mapped "{[/admin/user/delete],methods=[PUT],consumes=[application/json],produces=[application/json]}" onto public com.secondhand.tradingplatformcommon.util.JsonResult<com.secondhand.tradingplatformadminentity.entity.User> com.secondhand.tradingplatformadmincontroller.controller.UserController.fakeDeleteById(java.lang.Long)
2018-10-02 21:58:39.272 [main] INFO  org.springframework.web.servlet.mvc.method.annotation.RequestMappingHandlerMapping - Mapped "{[/swagger-resources/configuration/security]}" onto public org.springframework.http.ResponseEntity<springfox.documentation.swagger.web.SecurityConfiguration> springfox.documentation.swagger.web.ApiResourceController.securityConfiguration()
2018-10-02 21:58:39.272 [main] INFO  org.springframework.web.servlet.mvc.method.annotation.RequestMappingHandlerMapping - Mapped "{[/swagger-resources/configuration/ui]}" onto public org.springframework.http.ResponseEntity<springfox.documentation.swagger.web.UiConfiguration> springfox.documentation.swagger.web.ApiResourceController.uiConfiguration()
2018-10-02 21:58:39.272 [main] INFO  org.springframework.web.servlet.mvc.method.annotation.RequestMappingHandlerMapping - Mapped "{[/swagger-resources]}" onto public org.springframework.http.ResponseEntity<java.util.List<springfox.documentation.swagger.web.SwaggerResource>> springfox.documentation.swagger.web.ApiResourceController.swaggerResources()
2018-10-02 21:58:39.287 [main] INFO  org.springframework.web.servlet.mvc.method.annotation.RequestMappingHandlerMapping - Mapped "{[/error]}" onto public org.springframework.http.ResponseEntity<java.util.Map<java.lang.String, java.lang.Object>> org.springframework.boot.autoconfigure.web.servlet.error.BasicErrorController.error(javax.servlet.http.HttpServletRequest)
2018-10-02 21:58:39.287 [main] INFO  org.springframework.web.servlet.mvc.method.annotation.RequestMappingHandlerMapping - Mapped "{[/error],produces=[text/html]}" onto public org.springframework.web.servlet.ModelAndView org.springframework.boot.autoconfigure.web.servlet.error.BasicErrorController.errorHtml(javax.servlet.http.HttpServletRequest,javax.servlet.http.HttpServletResponse)
2018-10-02 21:58:39.397 [main] INFO  springfox.documentation.spring.web.PropertySourcedRequestMappingHandlerMapping - Mapped URL path [/v2/api-docs] onto method [public org.springframework.http.ResponseEntity<springfox.documentation.spring.web.json.Json> springfox.documentation.swagger2.web.Swagger2Controller.getDocumentation(java.lang.String,javax.servlet.http.HttpServletRequest)]
2018-10-02 21:58:39.492 [main] INFO  org.springframework.web.servlet.mvc.method.annotation.RequestMappingHandlerAdapter - Looking for @ControllerAdvice: org.springframework.boot.web.servlet.context.AnnotationConfigServletWebServerApplicationContext@31ff43be: startup date [Tue Oct 02 21:58:36 CST 2018]; root of context hierarchy
2018-10-02 21:58:39.842 [main] INFO  org.springframework.ui.freemarker.SpringTemplateLoader - SpringTemplateLoader for FreeMarker: using resource loader [org.springframework.boot.web.servlet.context.AnnotationConfigServletWebServerApplicationContext@31ff43be: startup date [Tue Oct 02 21:58:36 CST 2018]; root of context hierarchy] and template loader path [classpath:/templates/]
2018-10-02 21:58:39.842 [main] INFO  org.springframework.web.servlet.view.freemarker.FreeMarkerConfigurer - ClassTemplateLoader for Spring macros added to FreeMarker configuration
2018-10-02 21:58:40.437 [main] INFO  org.springframework.jmx.export.annotation.AnnotationMBeanExporter - Registering beans for JMX exposure on startup
2018-10-02 21:58:40.437 [main] INFO  org.springframework.jmx.export.annotation.AnnotationMBeanExporter - Bean with name 'dataSource' has been autodetected for JMX exposure
2018-10-02 21:58:40.437 [main] INFO  org.springframework.jmx.export.annotation.AnnotationMBeanExporter - Bean with name 'statFilter' has been autodetected for JMX exposure
2018-10-02 21:58:40.453 [main] INFO  org.springframework.jmx.export.annotation.AnnotationMBeanExporter - Located MBean 'dataSource': registering with JMX server as MBean [com.alibaba.druid.spring.boot.autoconfigure:name=dataSource,type=DruidDataSourceWrapper]
2018-10-02 21:58:40.453 [main] INFO  org.springframework.jmx.export.annotation.AnnotationMBeanExporter - Located MBean 'statFilter': registering with JMX server as MBean [com.alibaba.druid.filter.stat:name=statFilter,type=StatFilter]
2018-10-02 21:58:40.453 [main] INFO  org.springframework.context.support.DefaultLifecycleProcessor - Starting beans in phase 2147483647
2018-10-02 21:58:40.453 [main] INFO  springfox.documentation.spring.web.plugins.DocumentationPluginsBootstrapper - Context refreshed
2018-10-02 21:58:40.468 [main] INFO  springfox.documentation.spring.web.plugins.DocumentationPluginsBootstrapper - Found 1 custom documentation plugin(s)
2018-10-02 21:58:40.547 [main] INFO  springfox.documentation.spring.web.scanners.ApiListingReferenceScanner - Scanning for api listing references
2018-10-02 21:58:40.826 [main] INFO  org.apache.coyote.http11.Http11NioProtocol - Starting ProtocolHandler ["http-nio-8080"]
2018-10-02 21:58:40.842 [main] INFO  org.apache.tomcat.util.net.NioSelectorPool - Using a shared selector for servlet write/read
2018-10-02 21:58:40.858 [main] INFO  org.springframework.boot.web.embedded.tomcat.TomcatWebServer - Tomcat started on port(s): 8080 (http) with context path ''
2018-10-02 21:58:40.858 [main] INFO  com.secondhand.tradingplatformadmincontroller.TradingplatformAdminControllerApplication - Started TradingplatformAdminControllerApplication in 4.978 seconds (JVM running for 5.98)
