2018-12-24 10:06:49.064 [http-nio-8080-exec-5] WARN  org.springframework.web.servlet.PageNotFound - No mapping found for HTTP request with URI [/img/logo.png] in DispatcherServlet with name 'dispatcherServlet'
2018-12-24 10:06:49.064 [http-nio-8080-exec-4] WARN  org.springframework.web.servlet.PageNotFound - No mapping found for HTTP request with URI [/css/matrix-login.css] in DispatcherServlet with name 'dispatcherServlet'
2018-12-24 10:06:49.064 [http-nio-8080-exec-7] WARN  org.springframework.web.servlet.PageNotFound - No mapping found for HTTP request with URI [/js/jquery-1.11.2.min.js] in DispatcherServlet with name 'dispatcherServlet'
2018-12-24 10:06:49.064 [http-nio-8080-exec-3] WARN  org.springframework.web.servlet.PageNotFound - No mapping found for HTTP request with URI [/font-awesome/css/font-awesome.css] in DispatcherServlet with name 'dispatcherServlet'
2018-12-24 10:07:34.454 [http-nio-8080-exec-6] WARN  org.springframework.web.servlet.PageNotFound - No mapping found for HTTP request with URI [/font-awesome/css/font-awesome.css] in DispatcherServlet with name 'dispatcherServlet'
2018-12-24 10:07:34.454 [http-nio-8080-exec-8] WARN  org.springframework.web.servlet.PageNotFound - No mapping found for HTTP request with URI [/css/matrix-login.css] in DispatcherServlet with name 'dispatcherServlet'
2018-12-24 10:42:41.947 [http-nio-8080-exec-5] WARN  org.springframework.web.servlet.PageNotFound - No mapping found for HTTP request with URI [/js/jquery-1.11.2.min.js] in DispatcherServlet with name 'dispatcherServlet'
2018-12-24 10:42:41.947 [http-nio-8080-exec-6] WARN  org.springframework.web.servlet.PageNotFound - No mapping found for HTTP request with URI [/img/logo.png] in DispatcherServlet with name 'dispatcherServlet'
2018-12-24 10:42:41.947 [http-nio-8080-exec-2] WARN  org.springframework.web.servlet.PageNotFound - No mapping found for HTTP request with URI [/css/matrix-login.css] in DispatcherServlet with name 'dispatcherServlet'
2018-12-24 10:42:41.947 [http-nio-8080-exec-4] WARN  org.springframework.web.servlet.PageNotFound - No mapping found for HTTP request with URI [/font-awesome/css/font-awesome.css] in DispatcherServlet with name 'dispatcherServlet'
2018-12-24 10:43:21.501 [http-nio-8080-exec-5] WARN  org.springframework.web.servlet.PageNotFound - No mapping found for HTTP request with URI [/css/matrix-login.css] in DispatcherServlet with name 'dispatcherServlet'
2018-12-24 10:43:21.502 [http-nio-8080-exec-4] WARN  org.springframework.web.servlet.PageNotFound - No mapping found for HTTP request with URI [/font-awesome/css/font-awesome.css] in DispatcherServlet with name 'dispatcherServlet'
2018-12-24 10:43:21.503 [http-nio-8080-exec-7] WARN  org.springframework.web.servlet.PageNotFound - No mapping found for HTTP request with URI [/js/jquery-1.11.2.min.js] in DispatcherServlet with name 'dispatcherServlet'
2018-12-24 10:43:21.506 [http-nio-8080-exec-8] WARN  org.springframework.web.servlet.PageNotFound - No mapping found for HTTP request with URI [/img/logo.png] in DispatcherServlet with name 'dispatcherServlet'
2018-12-24 14:41:03.042 [http-nio-8080-exec-4] WARN  org.springframework.web.servlet.PageNotFound - No mapping found for HTTP request with URI [/font-awesome/css/font-awesome.css] in DispatcherServlet with name 'dispatcherServlet'
2018-12-24 14:41:03.042 [http-nio-8080-exec-3] WARN  org.springframework.web.servlet.PageNotFound - No mapping found for HTTP request with URI [/css/matrix-login.css] in DispatcherServlet with name 'dispatcherServlet'
2018-12-24 14:41:12.700 [http-nio-8080-exec-9] WARN  org.springframework.web.servlet.PageNotFound - No mapping found for HTTP request with URI [/css/matrix-login.css] in DispatcherServlet with name 'dispatcherServlet'
2018-12-24 14:41:12.701 [http-nio-8080-exec-10] WARN  org.springframework.web.servlet.PageNotFound - No mapping found for HTTP request with URI [/font-awesome/css/font-awesome.css] in DispatcherServlet with name 'dispatcherServlet'
2018-12-24 14:41:12.704 [http-nio-8080-exec-2] WARN  org.springframework.web.servlet.PageNotFound - No mapping found for HTTP request with URI [/js/jquery-1.11.2.min.js] in DispatcherServlet with name 'dispatcherServlet'
2018-12-24 14:41:12.704 [http-nio-8080-exec-1] WARN  org.springframework.web.servlet.PageNotFound - No mapping found for HTTP request with URI [/img/logo.png] in DispatcherServlet with name 'dispatcherServlet'
2018-12-24 14:44:22.093 [http-nio-8080-exec-4] WARN  org.springframework.web.servlet.PageNotFound - No mapping found for HTTP request with URI [/font-awesome/css/font-awesome.css] in DispatcherServlet with name 'dispatcherServlet'
2018-12-24 14:44:22.094 [http-nio-8080-exec-3] WARN  org.springframework.web.servlet.PageNotFound - No mapping found for HTTP request with URI [/css/matrix-login.css] in DispatcherServlet with name 'dispatcherServlet'
2018-12-24 14:44:22.650 [http-nio-8080-exec-8] WARN  org.springframework.web.servlet.PageNotFound - No mapping found for HTTP request with URI [/img/logo.png] in DispatcherServlet with name 'dispatcherServlet'
2018-12-24 14:44:22.651 [http-nio-8080-exec-5] WARN  org.springframework.web.servlet.PageNotFound - No mapping found for HTTP request with URI [/js/jquery-1.11.2.min.js] in DispatcherServlet with name 'dispatcherServlet'
2018-12-24 14:44:54.509 [http-nio-8080-exec-1] WARN  org.springframework.web.servlet.PageNotFound - No mapping found for HTTP request with URI [/css/matrix-login.css] in DispatcherServlet with name 'dispatcherServlet'
2018-12-24 14:44:54.509 [http-nio-8080-exec-2] WARN  org.springframework.web.servlet.PageNotFound - No mapping found for HTTP request with URI [/font-awesome/css/font-awesome.css] in DispatcherServlet with name 'dispatcherServlet'
2018-12-24 14:45:04.383 [http-nio-8080-exec-6] WARN  org.springframework.web.servlet.PageNotFound - No mapping found for HTTP request with URI [/js/jquery-1.11.2.min.js] in DispatcherServlet with name 'dispatcherServlet'
2018-12-24 14:45:04.384 [http-nio-8080-exec-7] WARN  org.springframework.web.servlet.PageNotFound - No mapping found for HTTP request with URI [/img/logo.png] in DispatcherServlet with name 'dispatcherServlet'
2018-12-24 14:45:04.465 [http-nio-8080-exec-9] WARN  org.springframework.web.servlet.PageNotFound - No mapping found for HTTP request with URI [/favicon.ico] in DispatcherServlet with name 'dispatcherServlet'
2018-12-24 14:45:41.881 [http-nio-8080-exec-2] WARN  org.springframework.web.servlet.PageNotFound - No mapping found for HTTP request with URI [/css/matrix-login.css] in DispatcherServlet with name 'dispatcherServlet'
2018-12-24 14:45:41.882 [http-nio-8080-exec-3] WARN  org.springframework.web.servlet.PageNotFound - No mapping found for HTTP request with URI [/font-awesome/css/font-awesome.css] in DispatcherServlet with name 'dispatcherServlet'
2018-12-24 14:55:17.903 [http-nio-8080-exec-7] WARN  org.springframework.web.servlet.PageNotFound - No mapping found for HTTP request with URI [/css/matrix-login.css] in DispatcherServlet with name 'dispatcherServlet'
2018-12-24 14:55:17.903 [http-nio-8080-exec-6] WARN  org.springframework.web.servlet.PageNotFound - No mapping found for HTTP request with URI [/font-awesome/css/font-awesome.css] in DispatcherServlet with name 'dispatcherServlet'
2018-12-24 14:55:17.908 [http-nio-8080-exec-8] WARN  org.springframework.web.servlet.PageNotFound - No mapping found for HTTP request with URI [/font-awesome/css/font-awesome.css] in DispatcherServlet with name 'dispatcherServlet'
2018-12-24 14:55:17.912 [http-nio-8080-exec-9] WARN  org.springframework.web.servlet.PageNotFound - No mapping found for HTTP request with URI [/js/jquery-1.11.2.min.js] in DispatcherServlet with name 'dispatcherServlet'
2018-12-24 14:55:17.913 [http-nio-8080-exec-10] WARN  org.springframework.web.servlet.PageNotFound - No mapping found for HTTP request with URI [/css/matrix-login.css] in DispatcherServlet with name 'dispatcherServlet'
2018-12-24 14:55:17.918 [http-nio-8080-exec-2] WARN  org.springframework.web.servlet.PageNotFound - No mapping found for HTTP request with URI [/img/logo.png] in DispatcherServlet with name 'dispatcherServlet'
2018-12-24 15:07:56.232 [http-nio-8080-exec-5] WARN  org.springframework.web.servlet.mvc.support.DefaultHandlerExceptionResolver - Resolved [org.springframework.web.HttpMediaTypeNotAcceptableException: Could not find acceptable representation]
2018-12-24 15:08:08.712 [http-nio-8080-exec-10] WARN  org.springframework.web.servlet.PageNotFound - No mapping found for HTTP request with URI [/admin/annex/large_download] in DispatcherServlet with name 'dispatcherServlet'
2018-12-24 15:10:55.016 [http-nio-8080-exec-4] WARN  org.springframework.web.servlet.mvc.support.DefaultHandlerExceptionResolver - Resolved [org.springframework.web.HttpMediaTypeNotAcceptableException: Could not find acceptable representation]
2018-12-24 15:10:58.905 [http-nio-8080-exec-6] WARN  org.springframework.web.servlet.mvc.support.DefaultHandlerExceptionResolver - Resolved [org.springframework.web.HttpMediaTypeNotAcceptableException: Could not find acceptable representation]
2018-12-24 15:11:07.080 [http-nio-8080-exec-7] WARN  org.springframework.web.servlet.mvc.support.DefaultHandlerExceptionResolver - Resolved [org.springframework.web.HttpMediaTypeNotAcceptableException: Could not find acceptable representation]
2018-12-24 15:11:12.273 [http-nio-8080-exec-1] WARN  org.springframework.web.servlet.PageNotFound - No mapping found for HTTP request with URI [/admin/annex/large_download] in DispatcherServlet with name 'dispatcherServlet'
2018-12-24 16:11:06.823 [main] WARN  org.springframework.boot.web.servlet.context.AnnotationConfigServletWebServerApplicationContext - Exception encountered during context initialization - cancelling refresh attempt: org.springframework.beans.factory.BeanCreationException: Error creating bean with name 'org.springframework.scheduling.annotation.ProxyAsyncConfiguration': Injection of autowired dependencies failed; nested exception is java.lang.IllegalStateException: Only one AsyncConfigurer may exist
2018-12-24 16:16:34.445 [main] WARN  org.springframework.boot.web.servlet.context.AnnotationConfigServletWebServerApplicationContext - Exception encountered during context initialization - cancelling refresh attempt: org.springframework.beans.factory.BeanCreationException: Error creating bean with name 'org.springframework.scheduling.annotation.ProxyAsyncConfiguration': Injection of autowired dependencies failed; nested exception is java.lang.IllegalStateException: Only one AsyncConfigurer may exist
2018-12-24 16:34:44.632 [main] WARN  org.springframework.boot.web.servlet.context.AnnotationConfigServletWebServerApplicationContext - Exception encountered during context initialization - cancelling refresh attempt: org.springframework.beans.factory.BeanCreationException: Error creating bean with name 'org.springframework.scheduling.annotation.ProxyAsyncConfiguration': Injection of autowired dependencies failed; nested exception is java.lang.IllegalStateException: Only one AsyncConfigurer may exist
