2019-03-22 12:51:04.371 [main] WARN  com.secondhand.tradingplatformgeccocontroller.engine.spider.SpiderBeanFactory - there are multil 'https://item.jd.com/{code}.html' ,first htmlBean will be Override。
2019-03-22 15:45:09.172 [main] WARN  com.secondhand.tradingplatformgeccocontroller.spider.SpiderBeanFactory - there are multil 'https://item.jd.com/{code}.html' ,first htmlBean will be Override。
2019-03-22 15:45:13.476 [GeccoEngine] WARN  com.secondhand.tradingplatformgeccocontroller.spider.SpiderBeanFactory - there are multil 'https://item.jd.com/{code}.html' ,first htmlBean will be Override。
2019-03-22 15:45:42.403 [main] WARN  com.secondhand.tradingplatformgeccocontroller.spider.SpiderBeanFactory - there are multil 'https://item.jd.com/{code}.html' ,first htmlBean will be Override。
2019-03-22 15:45:46.062 [GeccoEngine] WARN  com.secondhand.tradingplatformgeccocontroller.spider.SpiderBeanFactory - there are multil 'https://item.jd.com/{code}.html' ,first htmlBean will be Override。
2019-03-22 16:07:56.305 [main] WARN  com.secondhand.tradingplatformgeccocontroller.spider.SpiderBeanFactory - there are multil 'https://item.jd.com/{code}.html' ,first htmlBean will be Override。
2019-03-22 16:08:37.024 [GeccoEngine] WARN  com.secondhand.tradingplatformgeccocontroller.spider.SpiderBeanFactory - there are multil 'https://item.jd.com/{code}.html' ,first htmlBean will be Override。
2019-03-22 16:33:56.429 [main] WARN  com.secondhand.tradingplatformgeccocontroller.spider.SpiderBeanFactory - there are multil 'https://item.jd.com/{code}.html' ,first htmlBean will be Override。
2019-03-22 16:33:57.202 [Tcom.secondhand.tradingplatformgeccocontroller.csdn0] WARN  org.apache.http.client.protocol.ResponseProcessCookies - Invalid cookie header: "Set-Cookie: uuid_tt_dd=10_30858483290-1553243645446-199342; Expires=Thu, 01 Jan 2025 00:00:00 GMT; Path=/; Domain=.csdn.net;". Invalid 'expires' attribute: Thu, 01 Jan 2025 00:00:00 GMT
2019-03-22 16:33:57.203 [Tcom.secondhand.tradingplatformgeccocontroller.csdn0] WARN  org.apache.http.client.protocol.ResponseProcessCookies - Invalid cookie header: "Set-Cookie: dc_session_id=10_1553243645446.710910; Expires=Thu, 01 Jan 2025 00:00:00 GMT; Path=/; Domain=.csdn.net;". Invalid 'expires' attribute: Thu, 01 Jan 2025 00:00:00 GMT
2019-03-22 16:34:54.357 [main] WARN  com.secondhand.tradingplatformgeccocontroller.spider.SpiderBeanFactory - there are multil 'https://item.jd.com/{code}.html' ,first htmlBean will be Override。
2019-03-22 16:34:55.447 [Tcom.secondhand.tradingplatformgeccocontroller.csdn0] WARN  org.apache.http.client.protocol.ResponseProcessCookies - Invalid cookie header: "Set-Cookie: uuid_tt_dd=10_30858483290-1553243703640-875130; Expires=Thu, 01 Jan 2025 00:00:00 GMT; Path=/; Domain=.csdn.net;". Invalid 'expires' attribute: Thu, 01 Jan 2025 00:00:00 GMT
2019-03-22 16:34:55.448 [Tcom.secondhand.tradingplatformgeccocontroller.csdn0] WARN  org.apache.http.client.protocol.ResponseProcessCookies - Invalid cookie header: "Set-Cookie: dc_session_id=10_1553243703640.322564; Expires=Thu, 01 Jan 2025 00:00:00 GMT; Path=/; Domain=.csdn.net;". Invalid 'expires' attribute: Thu, 01 Jan 2025 00:00:00 GMT
2019-03-22 16:35:21.686 [main] WARN  com.secondhand.tradingplatformgeccocontroller.spider.SpiderBeanFactory - there are multil 'https://item.jd.com/{code}.html' ,first htmlBean will be Override。
2019-03-22 16:35:22.455 [Tcom.secondhand.tradingplatformgeccocontroller.csdn0] WARN  org.apache.http.client.protocol.ResponseProcessCookies - Invalid cookie header: "Set-Cookie: uuid_tt_dd=10_30858483290-1553243730693-889563; Expires=Thu, 01 Jan 2025 00:00:00 GMT; Path=/; Domain=.csdn.net;". Invalid 'expires' attribute: Thu, 01 Jan 2025 00:00:00 GMT
2019-03-22 16:35:22.455 [Tcom.secondhand.tradingplatformgeccocontroller.csdn0] WARN  org.apache.http.client.protocol.ResponseProcessCookies - Invalid cookie header: "Set-Cookie: dc_session_id=10_1553243730693.231755; Expires=Thu, 01 Jan 2025 00:00:00 GMT; Path=/; Domain=.csdn.net;". Invalid 'expires' attribute: Thu, 01 Jan 2025 00:00:00 GMT
2019-03-22 16:38:28.459 [main] WARN  com.secondhand.tradingplatformgeccocontroller.spider.SpiderBeanFactory - there are multil 'https://item.jd.com/{code}.html' ,first htmlBean will be Override。
2019-03-22 16:38:29.225 [Tcom.secondhand.tradingplatformgeccocontroller.csdn0] WARN  org.apache.http.client.protocol.ResponseProcessCookies - Invalid cookie header: "Set-Cookie: uuid_tt_dd=10_30858483290-1553243917476-449321; Expires=Thu, 01 Jan 2025 00:00:00 GMT; Path=/; Domain=.csdn.net;". Invalid 'expires' attribute: Thu, 01 Jan 2025 00:00:00 GMT
2019-03-22 16:38:29.225 [Tcom.secondhand.tradingplatformgeccocontroller.csdn0] WARN  org.apache.http.client.protocol.ResponseProcessCookies - Invalid cookie header: "Set-Cookie: dc_session_id=10_1553243917476.202757; Expires=Thu, 01 Jan 2025 00:00:00 GMT; Path=/; Domain=.csdn.net;". Invalid 'expires' attribute: Thu, 01 Jan 2025 00:00:00 GMT
2019-03-22 16:39:44.996 [Tcom.secondhand.tradingplatformgeccocontroller.csdn0] WARN  org.apache.http.client.protocol.ResponseProcessCookies - Invalid cookie header: "Set-Cookie: uuid_tt_dd=10_30858483290-1553243993233-524809; Expires=Thu, 01 Jan 2025 00:00:00 GMT; Path=/; Domain=.csdn.net;". Invalid 'expires' attribute: Thu, 01 Jan 2025 00:00:00 GMT
2019-03-22 16:39:44.996 [Tcom.secondhand.tradingplatformgeccocontroller.csdn0] WARN  org.apache.http.client.protocol.ResponseProcessCookies - Invalid cookie header: "Set-Cookie: dc_session_id=10_1553243993233.984820; Expires=Thu, 01 Jan 2025 00:00:00 GMT; Path=/; Domain=.csdn.net;". Invalid 'expires' attribute: Thu, 01 Jan 2025 00:00:00 GMT
2019-03-22 16:41:03.192 [Tcom.secondhand.tradingplatformgeccocontroller.csdn0] WARN  org.apache.http.client.protocol.ResponseProcessCookies - Invalid cookie header: "Set-Cookie: uuid_tt_dd=10_30858483290-1553244071465-699021; Expires=Thu, 01 Jan 2025 00:00:00 GMT; Path=/; Domain=.csdn.net;". Invalid 'expires' attribute: Thu, 01 Jan 2025 00:00:00 GMT
2019-03-22 16:41:03.192 [Tcom.secondhand.tradingplatformgeccocontroller.csdn0] WARN  org.apache.http.client.protocol.ResponseProcessCookies - Invalid cookie header: "Set-Cookie: dc_session_id=10_1553244071465.651271; Expires=Thu, 01 Jan 2025 00:00:00 GMT; Path=/; Domain=.csdn.net;". Invalid 'expires' attribute: Thu, 01 Jan 2025 00:00:00 GMT
2019-03-22 16:42:30.862 [Tcom.secondhand.tradingplatformgeccocontroller.csdn0] WARN  org.apache.http.client.protocol.ResponseProcessCookies - Invalid cookie header: "Set-Cookie: uuid_tt_dd=10_30858483290-1553244159100-939946; Expires=Thu, 01 Jan 2025 00:00:00 GMT; Path=/; Domain=.csdn.net;". Invalid 'expires' attribute: Thu, 01 Jan 2025 00:00:00 GMT
2019-03-22 16:42:30.862 [Tcom.secondhand.tradingplatformgeccocontroller.csdn0] WARN  org.apache.http.client.protocol.ResponseProcessCookies - Invalid cookie header: "Set-Cookie: dc_session_id=10_1553244159100.587263; Expires=Thu, 01 Jan 2025 00:00:00 GMT; Path=/; Domain=.csdn.net;". Invalid 'expires' attribute: Thu, 01 Jan 2025 00:00:00 GMT
2019-03-22 16:43:58.323 [Tcom.secondhand.tradingplatformgeccocontroller.csdn0] WARN  org.apache.http.client.protocol.ResponseProcessCookies - Invalid cookie header: "Set-Cookie: uuid_tt_dd=10_30858483290-1553244246599-449368; Expires=Thu, 01 Jan 2025 00:00:00 GMT; Path=/; Domain=.csdn.net;". Invalid 'expires' attribute: Thu, 01 Jan 2025 00:00:00 GMT
2019-03-22 16:43:58.323 [Tcom.secondhand.tradingplatformgeccocontroller.csdn0] WARN  org.apache.http.client.protocol.ResponseProcessCookies - Invalid cookie header: "Set-Cookie: dc_session_id=10_1553244246599.351894; Expires=Thu, 01 Jan 2025 00:00:00 GMT; Path=/; Domain=.csdn.net;". Invalid 'expires' attribute: Thu, 01 Jan 2025 00:00:00 GMT
2019-03-22 20:27:15.108 [main] WARN  com.secondhand.tradingplatformgeccocontroller.spider.SpiderBeanFactory - there are multil 'https://item.jd.com/{code}.html' ,first htmlBean will be Override。
2019-03-22 20:27:21.281 [main] WARN  com.secondhand.tradingplatformgeccocontroller.spider.SpiderBeanFactory - there are multil 'https://item.jd.com/{code}.html' ,first htmlBean will be Override。
2019-03-22 20:31:48.821 [main] WARN  com.secondhand.tradingplatformgeccocontroller.spider.SpiderBeanFactory - there are multil 'https://item.jd.com/{code}.html' ,first htmlBean will be Override。
2019-03-22 20:31:52.018 [main] WARN  com.secondhand.tradingplatformgeccocontroller.spider.SpiderBeanFactory - there are multil 'https://item.jd.com/{code}.html' ,first htmlBean will be Override。
2019-03-22 20:32:46.003 [main] WARN  com.secondhand.tradingplatformgeccocontroller.spider.SpiderBeanFactory - there are multil 'https://item.jd.com/{code}.html' ,first htmlBean will be Override。
2019-03-22 20:32:50.598 [main] WARN  com.secondhand.tradingplatformgeccocontroller.spider.SpiderBeanFactory - there are multil 'https://item.jd.com/{code}.html' ,first htmlBean will be Override。
2019-03-22 20:42:37.537 [main] WARN  com.secondhand.tradingplatformgeccocontroller.spider.SpiderBeanFactory - there are multil 'https://item.jd.com/{code}.html' ,first htmlBean will be Override。
2019-03-22 20:42:49.341 [main] WARN  com.secondhand.tradingplatformgeccocontroller.spider.SpiderBeanFactory - there are multil 'https://item.jd.com/{code}.html' ,first htmlBean will be Override。
2019-03-22 20:46:37.527 [main] WARN  com.secondhand.tradingplatformgeccocontroller.spider.SpiderBeanFactory - there are multil 'https://item.jd.com/{code}.html' ,first htmlBean will be Override。
2019-03-22 20:46:47.553 [main] WARN  com.secondhand.tradingplatformgeccocontroller.spider.SpiderBeanFactory - there are multil 'https://item.jd.com/{code}.html' ,first htmlBean will be Override。
2019-03-22 20:53:47.543 [main] WARN  com.secondhand.tradingplatformgeccocontroller.spider.SpiderBeanFactory - there are multil 'https://item.jd.com/{code}.html' ,first htmlBean will be Override。
2019-03-22 20:54:01.350 [main] WARN  com.secondhand.tradingplatformgeccocontroller.spider.SpiderBeanFactory - there are multil 'https://item.jd.com/{code}.html' ,first htmlBean will be Override。
