2018-10-25 08:50:36.744 [main] INFO  com.secondhand.tradingplatformadmincontroller.TradingplatformAdminControllerApplication - Starting TradingplatformAdminControllerApplication on DESKTOP-K9S046H with PID 13996 (D:\spring\tradingplatform\tradingplatform\tradingplatform-admin\tradingplatform-admin-controller\target\classes started by 81079 in D:\spring\tradingplatform\tradingplatform)
2018-10-25 08:50:36.761 [main] INFO  com.secondhand.tradingplatformadmincontroller.TradingplatformAdminControllerApplication - No active profile set, falling back to default profiles: default
2018-10-25 08:50:36.792 [main] INFO  org.springframework.boot.web.servlet.context.AnnotationConfigServletWebServerApplicationContext - Refreshing org.springframework.boot.web.servlet.context.AnnotationConfigServletWebServerApplicationContext@2c532cd8: startup date [Thu Oct 25 08:50:36 CST 2018]; root of context hierarchy
2018-10-25 08:50:39.666 [main] INFO  org.springframework.data.repository.config.RepositoryConfigurationDelegate - Multiple Spring Data modules found, entering strict repository configuration mode!
2018-10-25 08:50:40.328 [main] INFO  org.springframework.context.support.PostProcessorRegistrationDelegate$BeanPostProcessorChecker - Bean 'com.alibaba.druid.spring.boot.autoconfigure.stat.DruidSpringAopConfiguration' of type [com.alibaba.druid.spring.boot.autoconfigure.stat.DruidSpringAopConfiguration] is not eligible for getting processed by all BeanPostProcessors (for example: not eligible for auto-proxying)
2018-10-25 08:50:40.458 [main] INFO  org.springframework.context.support.PostProcessorRegistrationDelegate$BeanPostProcessorChecker - Bean 'org.springframework.boot.context.properties.ConversionServiceDeducer$Factory' of type [org.springframework.boot.context.properties.ConversionServiceDeducer$Factory] is not eligible for getting processed by all BeanPostProcessors (for example: not eligible for auto-proxying)
2018-10-25 08:50:40.474 [main] INFO  org.springframework.context.support.PostProcessorRegistrationDelegate$BeanPostProcessorChecker - Bean 'redisConfig' of type [com.secondhand.tradingplatformadmincontroller.config.RedisConfig$$EnhancerBySpringCGLIB$$9691a70d] is not eligible for getting processed by all BeanPostProcessors (for example: not eligible for auto-proxying)
2018-10-25 08:50:40.474 [main] INFO  org.springframework.context.support.PostProcessorRegistrationDelegate$BeanPostProcessorChecker - Bean 'org.springframework.transaction.annotation.ProxyTransactionManagementConfiguration' of type [org.springframework.transaction.annotation.ProxyTransactionManagementConfiguration$$EnhancerBySpringCGLIB$$bd77c75e] is not eligible for getting processed by all BeanPostProcessors (for example: not eligible for auto-proxying)
2018-10-25 08:50:40.474 [main] INFO  org.springframework.context.support.PostProcessorRegistrationDelegate$BeanPostProcessorChecker - Bean 'org.springframework.boot.context.properties.ConversionServiceDeducer$Factory' of type [org.springframework.boot.context.properties.ConversionServiceDeducer$Factory] is not eligible for getting processed by all BeanPostProcessors (for example: not eligible for auto-proxying)
2018-10-25 08:50:40.490 [main] INFO  org.springframework.context.support.PostProcessorRegistrationDelegate$BeanPostProcessorChecker - Bean 'spring.datasource.druid-com.alibaba.druid.spring.boot.autoconfigure.properties.DruidStatProperties' of type [com.alibaba.druid.spring.boot.autoconfigure.properties.DruidStatProperties] is not eligible for getting processed by all BeanPostProcessors (for example: not eligible for auto-proxying)
2018-10-25 08:50:40.554 [main] INFO  org.springframework.context.support.PostProcessorRegistrationDelegate$BeanPostProcessorChecker - Bean 'advisor' of type [org.springframework.aop.support.RegexpMethodPointcutAdvisor] is not eligible for getting processed by all BeanPostProcessors (for example: not eligible for auto-proxying)
2018-10-25 08:50:41.370 [main] INFO  org.springframework.context.support.PostProcessorRegistrationDelegate$BeanPostProcessorChecker - Bean 'hashedCredentialsMatcher' of type [org.apache.shiro.authc.credential.HashedCredentialsMatcher] is not eligible for getting processed by all BeanPostProcessors (for example: not eligible for auto-proxying)
2018-10-25 08:50:41.760 [main] INFO  org.springframework.context.support.PostProcessorRegistrationDelegate$BeanPostProcessorChecker - Bean 'mybatis-plus-com.baomidou.mybatisplus.spring.boot.starter.MybatisPlusProperties' of type [com.baomidou.mybatisplus.spring.boot.starter.MybatisPlusProperties] is not eligible for getting processed by all BeanPostProcessors (for example: not eligible for auto-proxying)
2018-10-25 08:50:41.776 [main] INFO  org.springframework.context.support.PostProcessorRegistrationDelegate$BeanPostProcessorChecker - Bean 'mybatisPlusConfig' of type [com.secondhand.tradingplatformadmincontroller.config.MybatisPlusConfig$$EnhancerBySpringCGLIB$$c4f4fc9f] is not eligible for getting processed by all BeanPostProcessors (for example: not eligible for auto-proxying)
2018-10-25 08:50:41.791 [main] INFO  org.springframework.context.support.PostProcessorRegistrationDelegate$BeanPostProcessorChecker - Bean 'paginationInterceptor' of type [com.baomidou.mybatisplus.plugins.PaginationInterceptor] is not eligible for getting processed by all BeanPostProcessors (for example: not eligible for auto-proxying)
2018-10-25 08:50:41.811 [main] INFO  org.springframework.context.support.PostProcessorRegistrationDelegate$BeanPostProcessorChecker - Bean 'performanceInterceptor' of type [com.baomidou.mybatisplus.plugins.PerformanceInterceptor] is not eligible for getting processed by all BeanPostProcessors (for example: not eligible for auto-proxying)
2018-10-25 08:50:41.824 [main] INFO  org.springframework.context.support.PostProcessorRegistrationDelegate$BeanPostProcessorChecker - Bean 'com.baomidou.mybatisplus.spring.boot.starter.MybatisPlusAutoConfiguration' of type [com.baomidou.mybatisplus.spring.boot.starter.MybatisPlusAutoConfiguration$$EnhancerBySpringCGLIB$$b1765bb] is not eligible for getting processed by all BeanPostProcessors (for example: not eligible for auto-proxying)
2018-10-25 08:50:41.898 [main] INFO  org.springframework.context.support.PostProcessorRegistrationDelegate$BeanPostProcessorChecker - Bean 'spring.datasource-org.springframework.boot.autoconfigure.jdbc.DataSourceProperties' of type [org.springframework.boot.autoconfigure.jdbc.DataSourceProperties] is not eligible for getting processed by all BeanPostProcessors (for example: not eligible for auto-proxying)
2018-10-25 08:50:41.898 [main] INFO  org.springframework.context.support.PostProcessorRegistrationDelegate$BeanPostProcessorChecker - Bean 'com.alibaba.druid.spring.boot.autoconfigure.stat.DruidFilterConfiguration' of type [com.alibaba.druid.spring.boot.autoconfigure.stat.DruidFilterConfiguration] is not eligible for getting processed by all BeanPostProcessors (for example: not eligible for auto-proxying)
2018-10-25 08:50:41.976 [main] INFO  org.springframework.context.support.PostProcessorRegistrationDelegate$BeanPostProcessorChecker - Bean 'statFilter' of type [com.alibaba.druid.filter.stat.StatFilter] is not eligible for getting processed by all BeanPostProcessors (for example: not eligible for auto-proxying)
2018-10-25 08:50:42.055 [main] INFO  org.springframework.context.support.PostProcessorRegistrationDelegate$BeanPostProcessorChecker - Bean 'wallConfig' of type [com.alibaba.druid.wall.WallConfig] is not eligible for getting processed by all BeanPostProcessors (for example: not eligible for auto-proxying)
2018-10-25 08:50:42.102 [main] INFO  org.springframework.context.support.PostProcessorRegistrationDelegate$BeanPostProcessorChecker - Bean 'wallFilter' of type [com.alibaba.druid.wall.WallFilter] is not eligible for getting processed by all BeanPostProcessors (for example: not eligible for auto-proxying)
2018-10-25 08:50:42.165 [main] INFO  org.springframework.context.support.PostProcessorRegistrationDelegate$BeanPostProcessorChecker - Bean 'slf4jLogFilter' of type [com.alibaba.druid.filter.logging.Slf4jLogFilter] is not eligible for getting processed by all BeanPostProcessors (for example: not eligible for auto-proxying)
2018-10-25 08:50:42.318 [main] INFO  org.springframework.context.support.PostProcessorRegistrationDelegate$BeanPostProcessorChecker - Bean 'dataSource' of type [com.alibaba.druid.spring.boot.autoconfigure.DruidDataSourceWrapper] is not eligible for getting processed by all BeanPostProcessors (for example: not eligible for auto-proxying)
2018-10-25 08:50:42.350 [main] INFO  org.springframework.context.support.PostProcessorRegistrationDelegate$BeanPostProcessorChecker - Bean 'org.springframework.boot.autoconfigure.jdbc.DataSourceInitializerInvoker' of type [org.springframework.boot.autoconfigure.jdbc.DataSourceInitializerInvoker] is not eligible for getting processed by all BeanPostProcessors (for example: not eligible for auto-proxying)
2018-10-25 08:50:42.828 [main] INFO  com.alibaba.druid.pool.DruidDataSource - {dataSource-1} inited
2018-10-25 08:50:44.327 [main] INFO  org.springframework.context.support.PostProcessorRegistrationDelegate$BeanPostProcessorChecker - Bean 'sqlSessionFactory' of type [org.apache.ibatis.session.defaults.DefaultSqlSessionFactory] is not eligible for getting processed by all BeanPostProcessors (for example: not eligible for auto-proxying)
2018-10-25 08:50:44.348 [main] INFO  org.springframework.context.support.PostProcessorRegistrationDelegate$BeanPostProcessorChecker - Bean 'sqlSessionTemplate' of type [org.mybatis.spring.SqlSessionTemplate] is not eligible for getting processed by all BeanPostProcessors (for example: not eligible for auto-proxying)
2018-10-25 08:50:44.348 [main] INFO  org.springframework.context.support.PostProcessorRegistrationDelegate$BeanPostProcessorChecker - Bean 'userMapper' of type [org.mybatis.spring.mapper.MapperFactoryBean] is not eligible for getting processed by all BeanPostProcessors (for example: not eligible for auto-proxying)
2018-10-25 08:50:44.348 [main] INFO  org.springframework.context.support.PostProcessorRegistrationDelegate$BeanPostProcessorChecker - Bean 'userMapper' of type [com.sun.proxy.$Proxy80] is not eligible for getting processed by all BeanPostProcessors (for example: not eligible for auto-proxying)
2018-10-25 08:50:44.360 [main] INFO  org.springframework.context.support.PostProcessorRegistrationDelegate$BeanPostProcessorChecker - Bean 'userServiceImpl' of type [com.secondhand.tradingplatformadmincontroller.serviceimpl.shiro.UserServiceImpl] is not eligible for getting processed by all BeanPostProcessors (for example: not eligible for auto-proxying)
2018-10-25 08:50:44.624 [main] INFO  org.springframework.context.support.PostProcessorRegistrationDelegate$BeanPostProcessorChecker - Bean 'redisSessionDAO' of type [org.crazycake.shiro.RedisSessionDAO] is not eligible for getting processed by all BeanPostProcessors (for example: not eligible for auto-proxying)
2018-10-25 08:50:44.627 [main] INFO  org.springframework.context.support.PostProcessorRegistrationDelegate$BeanPostProcessorChecker - Bean 'myShiroRealm' of type [com.secondhand.tradingplatformadmincontroller.shiro.MyShiroRealm] is not eligible for getting processed by all BeanPostProcessors (for example: not eligible for auto-proxying)
2018-10-25 08:50:44.749 [main] INFO  org.springframework.context.support.PostProcessorRegistrationDelegate$BeanPostProcessorChecker - Bean 'sessionManager' of type [org.apache.shiro.web.session.mgt.DefaultWebSessionManager] is not eligible for getting processed by all BeanPostProcessors (for example: not eligible for auto-proxying)
2018-10-25 08:50:44.799 [main] INFO  org.springframework.context.support.PostProcessorRegistrationDelegate$BeanPostProcessorChecker - Bean 'securityManager' of type [org.apache.shiro.web.mgt.DefaultWebSecurityManager] is not eligible for getting processed by all BeanPostProcessors (for example: not eligible for auto-proxying)
2018-10-25 08:50:44.856 [main] INFO  org.springframework.context.support.PostProcessorRegistrationDelegate$BeanPostProcessorChecker - Bean 'authorizationAttributeSourceAdvisor' of type [org.apache.shiro.spring.security.interceptor.AuthorizationAttributeSourceAdvisor] is not eligible for getting processed by all BeanPostProcessors (for example: not eligible for auto-proxying)
2018-10-25 08:50:44.863 [main] INFO  org.springframework.context.support.PostProcessorRegistrationDelegate$BeanPostProcessorChecker - Bean 'resourcesMapper' of type [org.mybatis.spring.mapper.MapperFactoryBean] is not eligible for getting processed by all BeanPostProcessors (for example: not eligible for auto-proxying)
2018-10-25 08:50:44.867 [main] INFO  org.springframework.context.support.PostProcessorRegistrationDelegate$BeanPostProcessorChecker - Bean 'resourcesMapper' of type [com.sun.proxy.$Proxy84] is not eligible for getting processed by all BeanPostProcessors (for example: not eligible for auto-proxying)
2018-10-25 08:50:44.892 [main] INFO  org.springframework.context.support.PostProcessorRegistrationDelegate$BeanPostProcessorChecker - Bean 'resourcesServiceImpl' of type [com.secondhand.tradingplatformadmincontroller.serviceimpl.shiro.ResourcesServiceImpl] is not eligible for getting processed by all BeanPostProcessors (for example: not eligible for auto-proxying)
2018-10-25 08:50:44.892 [main] INFO  org.springframework.context.support.PostProcessorRegistrationDelegate$BeanPostProcessorChecker - Bean 'shiroConfig' of type [com.secondhand.tradingplatformadmincontroller.config.ShiroConfig$$EnhancerBySpringCGLIB$$4bc31fc3] is not eligible for getting processed by all BeanPostProcessors (for example: not eligible for auto-proxying)
2018-10-25 08:50:46.559 [main] INFO  org.springframework.boot.web.embedded.tomcat.TomcatWebServer - Tomcat initialized with port(s): 8080 (http)
2018-10-25 08:50:46.606 [main] INFO  org.apache.coyote.http11.Http11NioProtocol - Initializing ProtocolHandler ["http-nio-8080"]
2018-10-25 08:50:46.637 [main] INFO  org.apache.catalina.core.StandardService - Starting service [Tomcat]
2018-10-25 08:50:46.637 [main] INFO  org.apache.catalina.core.StandardEngine - Starting Servlet Engine: Apache Tomcat/8.5.34
2018-10-25 08:50:46.653 [localhost-startStop-1] INFO  org.apache.catalina.core.AprLifecycleListener - The APR based Apache Tomcat Native library which allows optimal performance in production environments was not found on the java.library.path: [E:\Installation\jdk1.8\jdk1.8\bin;C:\Windows\Sun\Java\bin;C:\Windows\system32;C:\Windows;C:\ProgramData\Oracle\Java\javapath;C:\Windows\system32;C:\Windows;C:\Windows\System32\Wbem;C:\Windows\System32\WindowsPowerShell\v1.0\;C:\Windows\System32\OpenSSH\;E:\Installation\jdk1.8\jdk1.8\bin;E:\Installation\jdk1.8\jdk1.8\jre\bin;E:\Installation\maven3.5\apache-maven-3.5.3\bin;E:\Installation\git\Git\cmd;E:\installation_package\mysql\mysql-5.7.9-winx64\bin;E:\Installation\python3.6;E:\Installation\SVN\bin;E:\Installation\node\;E:\Installation\phantomjs\phantomjs-2.1.1-windows\bin;E:\Installation\erlang\erl10.0.1\bin;E:\Installation\redis;E:\Installation\python3.6\Scripts\;E:\Installation\python3.6\;C:\Users\81079\AppData\Local\Microsoft\WindowsApps;C:\Users\81079\AppData\Roaming\npm;E:\Installation\node\node_global;;.]
2018-10-25 08:50:47.453 [localhost-startStop-1] INFO  org.apache.catalina.core.ContainerBase.[Tomcat].[localhost].[/] - Initializing Spring embedded WebApplicationContext
2018-10-25 08:50:47.453 [localhost-startStop-1] INFO  org.springframework.web.context.ContextLoader - Root WebApplicationContext: initialization completed in 10661 ms
2018-10-25 08:50:48.532 [localhost-startStop-1] INFO  org.springframework.boot.web.servlet.FilterRegistrationBean - Mapping filter: 'characterEncodingFilter' to: [/*]
2018-10-25 08:50:48.532 [localhost-startStop-1] INFO  org.springframework.boot.web.servlet.FilterRegistrationBean - Mapping filter: 'sessionRepositoryFilter' to: [/*]
2018-10-25 08:50:48.532 [localhost-startStop-1] INFO  org.springframework.boot.web.servlet.FilterRegistrationBean - Mapping filter: 'webStatFilter' to urls: [/*]
2018-10-25 08:50:48.532 [localhost-startStop-1] INFO  org.springframework.boot.web.servlet.RegistrationBean - Filter webStatFilter was not registered (possibly already registered?)
2018-10-25 08:50:48.532 [localhost-startStop-1] INFO  org.springframework.boot.web.servlet.FilterRegistrationBean - Mapping filter: 'shirFilter' to: [/*]
2018-10-25 08:50:48.532 [localhost-startStop-1] INFO  org.springframework.boot.web.servlet.ServletRegistrationBean - Servlet statViewServlet mapped to [/druid/*]
2018-10-25 08:50:48.532 [localhost-startStop-1] INFO  org.springframework.boot.web.servlet.ServletRegistrationBean - Servlet dispatcherServlet mapped to [/]
2018-10-25 08:50:48.532 [localhost-startStop-1] INFO  org.springframework.boot.web.servlet.ServletRegistrationBean - Servlet statViewServlet mapped to [/druid/*]
2018-10-25 08:50:48.532 [localhost-startStop-1] INFO  org.springframework.boot.web.servlet.RegistrationBean - Servlet statViewServlet was not registered (possibly already registered?)
2018-10-25 08:50:51.225 [main] INFO  org.springframework.web.servlet.mvc.method.annotation.RequestMappingHandlerMapping - Mapped "{[/usersPage || ]}" onto public java.lang.String com.secondhand.tradingplatformadmincontroller.controller.shiro.HomeController.usersPage()
2018-10-25 08:50:51.225 [main] INFO  org.springframework.web.servlet.mvc.method.annotation.RequestMappingHandlerMapping - Mapped "{[/rolesPage]}" onto public java.lang.String com.secondhand.tradingplatformadmincontroller.controller.shiro.HomeController.rolesPage()
2018-10-25 08:50:51.225 [main] INFO  org.springframework.web.servlet.mvc.method.annotation.RequestMappingHandlerMapping - Mapped "{[/login],methods=[POST]}" onto public java.lang.String com.secondhand.tradingplatformadmincontroller.controller.shiro.HomeController.login(javax.servlet.http.HttpServletRequest,com.secondhand.tradingplatformadminentity.entity.shiro.User,org.springframework.ui.Model)
2018-10-25 08:50:51.225 [main] INFO  org.springframework.web.servlet.mvc.method.annotation.RequestMappingHandlerMapping - Mapped "{[/login],methods=[GET]}" onto public java.lang.String com.secondhand.tradingplatformadmincontroller.controller.shiro.HomeController.login()
2018-10-25 08:50:51.225 [main] INFO  org.springframework.web.servlet.mvc.method.annotation.RequestMappingHandlerMapping - Mapped "{[/403]}" onto public java.lang.String com.secondhand.tradingplatformadmincontroller.controller.shiro.HomeController.forbidden()
2018-10-25 08:50:51.225 [main] INFO  org.springframework.web.servlet.mvc.method.annotation.RequestMappingHandlerMapping - Mapped "{[/resourcesPage]}" onto public java.lang.String com.secondhand.tradingplatformadmincontroller.controller.shiro.HomeController.resourcesPage()
2018-10-25 08:50:51.225 [main] INFO  org.springframework.web.servlet.mvc.method.annotation.RequestMappingHandlerMapping - Mapped "{[/admin/resources/get_by_id/{resourcesId}],methods=[GET],produces=[application/json]}" onto public com.secondhand.tradingplatformcommon.util.JsonResult.JsonResult<com.secondhand.tradingplatformadminentity.entity.shiro.Resources> com.secondhand.tradingplatformadmincontroller.controller.shiro.ResourcesController.getResourcesById(java.lang.Long)
2018-10-25 08:50:51.225 [main] INFO  org.springframework.web.servlet.mvc.method.annotation.RequestMappingHandlerMapping - Mapped "{[/admin/resources/batch_delete],methods=[PUT],consumes=[application/json],produces=[application/json]}" onto public com.secondhand.tradingplatformcommon.util.JsonResult.JsonResult<com.secondhand.tradingplatformadminentity.entity.shiro.Resources> com.secondhand.tradingplatformadmincontroller.controller.shiro.ResourcesController.fakeBatchDelete(java.util.List<java.lang.Long>)
2018-10-25 08:50:51.225 [main] INFO  org.springframework.web.servlet.mvc.method.annotation.RequestMappingHandlerMapping - Mapped "{[/admin/resources/query],methods=[POST],consumes=[application/json],produces=[application/json]}" onto public com.secondhand.tradingplatformcommon.util.JsonResult.TableJson<com.secondhand.tradingplatformadminentity.entity.shiro.Resources> com.secondhand.tradingplatformadmincontroller.controller.shiro.ResourcesController.getResourcesList(com.secondhand.tradingplatformadminentity.entity.shiro.Resources)
2018-10-25 08:50:51.225 [main] INFO  org.springframework.web.servlet.mvc.method.annotation.RequestMappingHandlerMapping - Mapped "{[/admin/resources/delete],methods=[PUT],consumes=[application/json],produces=[application/json]}" onto public com.secondhand.tradingplatformcommon.util.JsonResult.JsonResult<com.secondhand.tradingplatformadminentity.entity.shiro.Resources> com.secondhand.tradingplatformadmincontroller.controller.shiro.ResourcesController.fakeDeleteById(java.lang.Long)
2018-10-25 08:50:51.225 [main] INFO  org.springframework.web.servlet.mvc.method.annotation.RequestMappingHandlerMapping - Mapped "{[/admin/resources/get_map_by_id/{resourcesId}],methods=[GET],produces=[application/json]}" onto public com.secondhand.tradingplatformcommon.util.JsonResult.JsonResult<java.util.Map<java.lang.String, java.lang.Object>> com.secondhand.tradingplatformadmincontroller.controller.shiro.ResourcesController.getResourcesByIdForMap(java.lang.Long)
2018-10-25 08:50:51.225 [main] INFO  org.springframework.web.servlet.mvc.method.annotation.RequestMappingHandlerMapping - Mapped "{[/admin/resources/create_update],methods=[POST],consumes=[application/json],produces=[application/json]}" onto public com.secondhand.tradingplatformcommon.util.JsonResult.JsonResult<com.secondhand.tradingplatformadminentity.entity.shiro.Resources> com.secondhand.tradingplatformadmincontroller.controller.shiro.ResourcesController.resourcesCreateUpdate(com.secondhand.tradingplatformadminentity.entity.shiro.Resources)
2018-10-25 08:50:51.244 [main] INFO  org.springframework.web.servlet.mvc.method.annotation.RequestMappingHandlerMapping - Mapped "{[/admin/role/create_update],methods=[POST],consumes=[application/json],produces=[application/json]}" onto public com.secondhand.tradingplatformcommon.util.JsonResult.JsonResult<com.secondhand.tradingplatformadminentity.entity.shiro.Role> com.secondhand.tradingplatformadmincontroller.controller.shiro.RoleController.roleCreateUpdate(com.secondhand.tradingplatformadminentity.entity.shiro.Role)
2018-10-25 08:50:51.244 [main] INFO  org.springframework.web.servlet.mvc.method.annotation.RequestMappingHandlerMapping - Mapped "{[/admin/role/query],methods=[POST],consumes=[application/json],produces=[application/json]}" onto public com.secondhand.tradingplatformcommon.util.JsonResult.TableJson<com.secondhand.tradingplatformadminentity.entity.shiro.Role> com.secondhand.tradingplatformadmincontroller.controller.shiro.RoleController.getRoleList(com.secondhand.tradingplatformadminentity.entity.shiro.Role)
2018-10-25 08:50:51.245 [main] INFO  org.springframework.web.servlet.mvc.method.annotation.RequestMappingHandlerMapping - Mapped "{[/admin/role/batch_delete],methods=[PUT],consumes=[application/json],produces=[application/json]}" onto public com.secondhand.tradingplatformcommon.util.JsonResult.JsonResult<com.secondhand.tradingplatformadminentity.entity.shiro.Role> com.secondhand.tradingplatformadmincontroller.controller.shiro.RoleController.fakeBatchDelete(java.util.List<java.lang.Long>)
2018-10-25 08:50:51.245 [main] INFO  org.springframework.web.servlet.mvc.method.annotation.RequestMappingHandlerMapping - Mapped "{[/admin/role/delete],methods=[PUT],consumes=[application/json],produces=[application/json]}" onto public com.secondhand.tradingplatformcommon.util.JsonResult.JsonResult<com.secondhand.tradingplatformadminentity.entity.shiro.Role> com.secondhand.tradingplatformadmincontroller.controller.shiro.RoleController.fakeDeleteById(java.lang.Long)
2018-10-25 08:50:51.245 [main] INFO  org.springframework.web.servlet.mvc.method.annotation.RequestMappingHandlerMapping - Mapped "{[/admin/role/get_by_id/{roleId}],methods=[GET],produces=[application/json]}" onto public com.secondhand.tradingplatformcommon.util.JsonResult.JsonResult<com.secondhand.tradingplatformadminentity.entity.shiro.Role> com.secondhand.tradingplatformadmincontroller.controller.shiro.RoleController.getRoleById(java.lang.Long)
2018-10-25 08:50:51.245 [main] INFO  org.springframework.web.servlet.mvc.method.annotation.RequestMappingHandlerMapping - Mapped "{[/admin/role/get_map_by_id/{roleId}],methods=[GET],produces=[application/json]}" onto public com.secondhand.tradingplatformcommon.util.JsonResult.JsonResult<java.util.Map<java.lang.String, java.lang.Object>> com.secondhand.tradingplatformadmincontroller.controller.shiro.RoleController.getRoleByIdForMap(java.lang.Long)
2018-10-25 08:50:51.246 [main] INFO  org.springframework.web.servlet.mvc.method.annotation.RequestMappingHandlerMapping - Mapped "{[/admin/user/batch_delete],methods=[PUT],consumes=[application/json],produces=[application/json]}" onto public com.secondhand.tradingplatformcommon.util.JsonResult.JsonResult<com.secondhand.tradingplatformadminentity.entity.shiro.User> com.secondhand.tradingplatformadmincontroller.controller.shiro.UserController.fakeBatchDelete(java.util.List<java.lang.Long>)
2018-10-25 08:50:51.247 [main] INFO  org.springframework.web.servlet.mvc.method.annotation.RequestMappingHandlerMapping - Mapped "{[/admin/user/delete],methods=[PUT],consumes=[application/json],produces=[application/json]}" onto public com.secondhand.tradingplatformcommon.util.JsonResult.JsonResult<com.secondhand.tradingplatformadminentity.entity.shiro.User> com.secondhand.tradingplatformadmincontroller.controller.shiro.UserController.fakeDeleteById(java.lang.Long)
2018-10-25 08:50:51.247 [main] INFO  org.springframework.web.servlet.mvc.method.annotation.RequestMappingHandlerMapping - Mapped "{[/admin/user/query],methods=[POST],consumes=[application/json],produces=[application/json]}" onto public com.secondhand.tradingplatformcommon.util.JsonResult.TableJson<com.secondhand.tradingplatformadminentity.entity.shiro.User> com.secondhand.tradingplatformadmincontroller.controller.shiro.UserController.getUserList(com.secondhand.tradingplatformadminentity.entity.shiro.User)
2018-10-25 08:50:51.248 [main] INFO  org.springframework.web.servlet.mvc.method.annotation.RequestMappingHandlerMapping - Mapped "{[/admin/user/get_by_id/{userId}],methods=[GET],produces=[application/json]}" onto public com.secondhand.tradingplatformcommon.util.JsonResult.JsonResult<com.secondhand.tradingplatformadminentity.entity.shiro.User> com.secondhand.tradingplatformadmincontroller.controller.shiro.UserController.getUserById(java.lang.Long)
2018-10-25 08:50:51.248 [main] INFO  org.springframework.web.servlet.mvc.method.annotation.RequestMappingHandlerMapping - Mapped "{[/admin/user/create_update],methods=[POST],consumes=[application/json],produces=[application/json]}" onto public com.secondhand.tradingplatformcommon.util.JsonResult.JsonResult<com.secondhand.tradingplatformadminentity.entity.shiro.User> com.secondhand.tradingplatformadmincontroller.controller.shiro.UserController.userCreateUpdate(com.secondhand.tradingplatformadminentity.entity.shiro.User)
2018-10-25 08:50:51.248 [main] INFO  org.springframework.web.servlet.mvc.method.annotation.RequestMappingHandlerMapping - Mapped "{[/admin/user/get_map_by_id/{userId}],methods=[GET],produces=[application/json]}" onto public com.secondhand.tradingplatformcommon.util.JsonResult.JsonResult<java.util.Map<java.lang.String, java.lang.Object>> com.secondhand.tradingplatformadmincontroller.controller.shiro.UserController.getUserByIdForMap(java.lang.Long)
2018-10-25 08:50:51.252 [main] INFO  org.springframework.web.servlet.mvc.method.annotation.RequestMappingHandlerMapping - Mapped "{[/swagger-resources/configuration/security]}" onto public org.springframework.http.ResponseEntity<springfox.documentation.swagger.web.SecurityConfiguration> springfox.documentation.swagger.web.ApiResourceController.securityConfiguration()
2018-10-25 08:50:51.253 [main] INFO  org.springframework.web.servlet.mvc.method.annotation.RequestMappingHandlerMapping - Mapped "{[/swagger-resources/configuration/ui]}" onto public org.springframework.http.ResponseEntity<springfox.documentation.swagger.web.UiConfiguration> springfox.documentation.swagger.web.ApiResourceController.uiConfiguration()
2018-10-25 08:50:51.253 [main] INFO  org.springframework.web.servlet.mvc.method.annotation.RequestMappingHandlerMapping - Mapped "{[/swagger-resources]}" onto public org.springframework.http.ResponseEntity<java.util.List<springfox.documentation.swagger.web.SwaggerResource>> springfox.documentation.swagger.web.ApiResourceController.swaggerResources()
2018-10-25 08:50:51.256 [main] INFO  org.springframework.web.servlet.mvc.method.annotation.RequestMappingHandlerMapping - Mapped "{[/error]}" onto public org.springframework.http.ResponseEntity<java.util.Map<java.lang.String, java.lang.Object>> org.springframework.boot.autoconfigure.web.servlet.error.BasicErrorController.error(javax.servlet.http.HttpServletRequest)
2018-10-25 08:50:51.257 [main] INFO  org.springframework.web.servlet.mvc.method.annotation.RequestMappingHandlerMapping - Mapped "{[/error],produces=[text/html]}" onto public org.springframework.web.servlet.ModelAndView org.springframework.boot.autoconfigure.web.servlet.error.BasicErrorController.errorHtml(javax.servlet.http.HttpServletRequest,javax.servlet.http.HttpServletResponse)
2018-10-25 08:50:51.471 [main] INFO  springfox.documentation.spring.web.PropertySourcedRequestMappingHandlerMapping - Mapped URL path [/v2/api-docs] onto method [public org.springframework.http.ResponseEntity<springfox.documentation.spring.web.json.Json> springfox.documentation.swagger2.web.Swagger2Controller.getDocumentation(java.lang.String,javax.servlet.http.HttpServletRequest)]
2018-10-25 08:50:51.675 [main] INFO  org.springframework.web.servlet.mvc.method.annotation.RequestMappingHandlerAdapter - Looking for @ControllerAdvice: org.springframework.boot.web.servlet.context.AnnotationConfigServletWebServerApplicationContext@2c532cd8: startup date [Thu Oct 25 08:50:36 CST 2018]; root of context hierarchy
2018-10-25 08:50:52.915 [main] INFO  org.springframework.web.servlet.view.freemarker.FreeMarkerConfigurer - ClassTemplateLoader for Spring macros added to FreeMarker configuration
2018-10-25 08:50:53.744 [main] INFO  io.lettuce.core.EpollProvider - Starting without optional epoll library
2018-10-25 08:50:53.760 [main] INFO  io.lettuce.core.KqueueProvider - Starting without optional kqueue library
2018-10-25 08:50:54.823 [main] INFO  org.springframework.jmx.export.annotation.AnnotationMBeanExporter - Registering beans for JMX exposure on startup
2018-10-25 08:50:54.824 [main] INFO  org.springframework.jmx.export.annotation.AnnotationMBeanExporter - Bean with name 'dataSource' has been autodetected for JMX exposure
2018-10-25 08:50:54.824 [main] INFO  org.springframework.jmx.export.annotation.AnnotationMBeanExporter - Bean with name 'statFilter' has been autodetected for JMX exposure
2018-10-25 08:50:54.824 [main] INFO  org.springframework.jmx.export.annotation.AnnotationMBeanExporter - Bean with name 'slf4jLogFilter' has been autodetected for JMX exposure
2018-10-25 08:50:54.824 [main] INFO  org.springframework.jmx.export.annotation.AnnotationMBeanExporter - Bean with name 'wallConfig' has been autodetected for JMX exposure
2018-10-25 08:50:54.825 [main] INFO  org.springframework.jmx.export.annotation.AnnotationMBeanExporter - Bean with name 'wallFilter' has been autodetected for JMX exposure
2018-10-25 08:50:54.831 [main] INFO  org.springframework.jmx.export.annotation.AnnotationMBeanExporter - Located MBean 'slf4jLogFilter': registering with JMX server as MBean [com.alibaba.druid.filter.logging:name=slf4jLogFilter,type=Slf4jLogFilter]
2018-10-25 08:50:54.832 [main] INFO  org.springframework.jmx.export.annotation.AnnotationMBeanExporter - Located MBean 'wallConfig': registering with JMX server as MBean [com.alibaba.druid.wall:name=wallConfig,type=WallConfig]
2018-10-25 08:50:54.833 [main] INFO  org.springframework.jmx.export.annotation.AnnotationMBeanExporter - Located MBean 'dataSource': registering with JMX server as MBean [com.alibaba.druid.spring.boot.autoconfigure:name=dataSource,type=DruidDataSourceWrapper]
2018-10-25 08:50:54.834 [main] INFO  org.springframework.jmx.export.annotation.AnnotationMBeanExporter - Located MBean 'wallFilter': registering with JMX server as MBean [com.alibaba.druid.wall:name=wallFilter,type=WallFilter]
2018-10-25 08:50:54.835 [main] INFO  org.springframework.jmx.export.annotation.AnnotationMBeanExporter - Located MBean 'statFilter': registering with JMX server as MBean [com.alibaba.druid.filter.stat:name=statFilter,type=StatFilter]
2018-10-25 08:50:54.839 [main] INFO  org.springframework.context.support.DefaultLifecycleProcessor - Starting beans in phase 2147483647
2018-10-25 08:50:54.839 [main] INFO  springfox.documentation.spring.web.plugins.DocumentationPluginsBootstrapper - Context refreshed
2018-10-25 08:50:54.861 [main] INFO  springfox.documentation.spring.web.plugins.DocumentationPluginsBootstrapper - Found 1 custom documentation plugin(s)
2018-10-25 08:50:54.902 [main] INFO  springfox.documentation.spring.web.scanners.ApiListingReferenceScanner - Scanning for api listing references
2018-10-25 08:50:55.123 [main] INFO  springfox.documentation.spring.web.readers.operation.CachingOperationNameGenerator - Generating unique operation named: usersPageUsingGET_1
2018-10-25 08:50:55.123 [main] INFO  springfox.documentation.spring.web.readers.operation.CachingOperationNameGenerator - Generating unique operation named: usersPageUsingHEAD_1
2018-10-25 08:50:55.123 [main] INFO  springfox.documentation.spring.web.readers.operation.CachingOperationNameGenerator - Generating unique operation named: usersPageUsingPOST_1
2018-10-25 08:50:55.123 [main] INFO  springfox.documentation.spring.web.readers.operation.CachingOperationNameGenerator - Generating unique operation named: usersPageUsingPUT_1
2018-10-25 08:50:55.123 [main] INFO  springfox.documentation.spring.web.readers.operation.CachingOperationNameGenerator - Generating unique operation named: usersPageUsingPATCH_1
2018-10-25 08:50:55.123 [main] INFO  springfox.documentation.spring.web.readers.operation.CachingOperationNameGenerator - Generating unique operation named: usersPageUsingDELETE_1
2018-10-25 08:50:55.123 [main] INFO  springfox.documentation.spring.web.readers.operation.CachingOperationNameGenerator - Generating unique operation named: usersPageUsingOPTIONS_1
2018-10-25 08:50:55.123 [main] INFO  springfox.documentation.spring.web.readers.operation.CachingOperationNameGenerator - Generating unique operation named: usersPageUsingTRACE_1
2018-10-25 08:50:55.217 [main] INFO  springfox.documentation.spring.web.readers.operation.CachingOperationNameGenerator - Generating unique operation named: fakeBatchDeleteUsingPUT_1
2018-10-25 08:50:55.217 [main] INFO  springfox.documentation.spring.web.readers.operation.CachingOperationNameGenerator - Generating unique operation named: fakeDeleteByIdUsingPUT_1
2018-10-25 08:50:55.265 [main] INFO  springfox.documentation.spring.web.readers.operation.CachingOperationNameGenerator - Generating unique operation named: fakeBatchDeleteUsingPUT_2
2018-10-25 08:50:55.265 [main] INFO  springfox.documentation.spring.web.readers.operation.CachingOperationNameGenerator - Generating unique operation named: fakeDeleteByIdUsingPUT_2
2018-10-25 08:50:55.706 [main] INFO  org.springframework.scheduling.annotation.ScheduledAnnotationBeanPostProcessor - No TaskScheduler/ScheduledExecutorService bean found for scheduled processing
2018-10-25 08:50:55.706 [main] INFO  org.apache.coyote.http11.Http11NioProtocol - Starting ProtocolHandler ["http-nio-8080"]
2018-10-25 08:50:55.706 [main] INFO  org.apache.tomcat.util.net.NioSelectorPool - Using a shared selector for servlet write/read
2018-10-25 08:50:55.737 [main] INFO  org.springframework.boot.web.embedded.tomcat.TomcatWebServer - Tomcat started on port(s): 8080 (http) with context path ''
2018-10-25 08:50:55.753 [main] INFO  com.secondhand.tradingplatformadmincontroller.TradingplatformAdminControllerApplication - Started TradingplatformAdminControllerApplication in 19.589 seconds (JVM running for 29.59)
2018-10-25 08:51:10.627 [http-nio-8080-exec-1] INFO  org.apache.catalina.core.ContainerBase.[Tomcat].[localhost].[/] - Initializing Spring FrameworkServlet 'dispatcherServlet'
2018-10-25 08:51:10.627 [http-nio-8080-exec-1] INFO  org.springframework.web.servlet.DispatcherServlet - FrameworkServlet 'dispatcherServlet': initialization started
2018-10-25 08:51:10.696 [http-nio-8080-exec-1] INFO  org.springframework.web.servlet.DispatcherServlet - FrameworkServlet 'dispatcherServlet': initialization completed in 69 ms
2018-10-25 08:51:10.770 [http-nio-8080-exec-1] INFO  org.apache.shiro.session.mgt.AbstractValidatingSessionManager - Enabling session validation scheduler...
2018-10-25 20:10:58.217 [main] INFO  com.secondhand.tradingplatformadmincontroller.TradingplatformAdminControllerApplication - Starting TradingplatformAdminControllerApplication on DESKTOP-K9S046H with PID 2976 (D:\spring\tradingplatform\tradingplatform\tradingplatform-admin\tradingplatform-admin-controller\target\classes started by 81079 in D:\spring\tradingplatform\tradingplatform)
2018-10-25 20:10:58.242 [main] INFO  com.secondhand.tradingplatformadmincontroller.TradingplatformAdminControllerApplication - No active profile set, falling back to default profiles: default
2018-10-25 20:10:58.280 [main] INFO  org.springframework.boot.web.servlet.context.AnnotationConfigServletWebServerApplicationContext - Refreshing org.springframework.boot.web.servlet.context.AnnotationConfigServletWebServerApplicationContext@50ecde95: startup date [Thu Oct 25 20:10:58 CST 2018]; root of context hierarchy
2018-10-25 20:11:00.911 [main] INFO  org.springframework.data.repository.config.RepositoryConfigurationDelegate - Multiple Spring Data modules found, entering strict repository configuration mode!
2018-10-25 20:11:01.460 [main] INFO  org.springframework.context.support.PostProcessorRegistrationDelegate$BeanPostProcessorChecker - Bean 'com.alibaba.druid.spring.boot.autoconfigure.stat.DruidSpringAopConfiguration' of type [com.alibaba.druid.spring.boot.autoconfigure.stat.DruidSpringAopConfiguration] is not eligible for getting processed by all BeanPostProcessors (for example: not eligible for auto-proxying)
2018-10-25 20:11:01.607 [main] INFO  org.springframework.context.support.PostProcessorRegistrationDelegate$BeanPostProcessorChecker - Bean 'org.springframework.boot.context.properties.ConversionServiceDeducer$Factory' of type [org.springframework.boot.context.properties.ConversionServiceDeducer$Factory] is not eligible for getting processed by all BeanPostProcessors (for example: not eligible for auto-proxying)
2018-10-25 20:11:01.640 [main] INFO  org.springframework.context.support.PostProcessorRegistrationDelegate$BeanPostProcessorChecker - Bean 'redisConfig' of type [com.secondhand.tradingplatformadmincontroller.config.RedisConfig$$EnhancerBySpringCGLIB$$41ff4214] is not eligible for getting processed by all BeanPostProcessors (for example: not eligible for auto-proxying)
2018-10-25 20:11:01.649 [main] INFO  org.springframework.context.support.PostProcessorRegistrationDelegate$BeanPostProcessorChecker - Bean 'org.springframework.transaction.annotation.ProxyTransactionManagementConfiguration' of type [org.springframework.transaction.annotation.ProxyTransactionManagementConfiguration$$EnhancerBySpringCGLIB$$68e56265] is not eligible for getting processed by all BeanPostProcessors (for example: not eligible for auto-proxying)
2018-10-25 20:11:01.655 [main] INFO  org.springframework.context.support.PostProcessorRegistrationDelegate$BeanPostProcessorChecker - Bean 'org.springframework.boot.context.properties.ConversionServiceDeducer$Factory' of type [org.springframework.boot.context.properties.ConversionServiceDeducer$Factory] is not eligible for getting processed by all BeanPostProcessors (for example: not eligible for auto-proxying)
2018-10-25 20:11:01.677 [main] INFO  org.springframework.context.support.PostProcessorRegistrationDelegate$BeanPostProcessorChecker - Bean 'spring.datasource.druid-com.alibaba.druid.spring.boot.autoconfigure.properties.DruidStatProperties' of type [com.alibaba.druid.spring.boot.autoconfigure.properties.DruidStatProperties] is not eligible for getting processed by all BeanPostProcessors (for example: not eligible for auto-proxying)
2018-10-25 20:11:01.734 [main] INFO  org.springframework.context.support.PostProcessorRegistrationDelegate$BeanPostProcessorChecker - Bean 'advisor' of type [org.springframework.aop.support.RegexpMethodPointcutAdvisor] is not eligible for getting processed by all BeanPostProcessors (for example: not eligible for auto-proxying)
2018-10-25 20:11:02.167 [main] INFO  org.springframework.context.support.PostProcessorRegistrationDelegate$BeanPostProcessorChecker - Bean 'hashedCredentialsMatcher' of type [org.apache.shiro.authc.credential.HashedCredentialsMatcher] is not eligible for getting processed by all BeanPostProcessors (for example: not eligible for auto-proxying)
2018-10-25 20:11:02.477 [main] INFO  org.springframework.context.support.PostProcessorRegistrationDelegate$BeanPostProcessorChecker - Bean 'mybatis-plus-com.baomidou.mybatisplus.spring.boot.starter.MybatisPlusProperties' of type [com.baomidou.mybatisplus.spring.boot.starter.MybatisPlusProperties] is not eligible for getting processed by all BeanPostProcessors (for example: not eligible for auto-proxying)
2018-10-25 20:11:02.489 [main] INFO  org.springframework.context.support.PostProcessorRegistrationDelegate$BeanPostProcessorChecker - Bean 'mybatisPlusConfig' of type [com.secondhand.tradingplatformadmincontroller.config.MybatisPlusConfig$$EnhancerBySpringCGLIB$$706297a6] is not eligible for getting processed by all BeanPostProcessors (for example: not eligible for auto-proxying)
2018-10-25 20:11:02.506 [main] INFO  org.springframework.context.support.PostProcessorRegistrationDelegate$BeanPostProcessorChecker - Bean 'paginationInterceptor' of type [com.baomidou.mybatisplus.plugins.PaginationInterceptor] is not eligible for getting processed by all BeanPostProcessors (for example: not eligible for auto-proxying)
2018-10-25 20:11:02.514 [main] INFO  org.springframework.context.support.PostProcessorRegistrationDelegate$BeanPostProcessorChecker - Bean 'performanceInterceptor' of type [com.baomidou.mybatisplus.plugins.PerformanceInterceptor] is not eligible for getting processed by all BeanPostProcessors (for example: not eligible for auto-proxying)
2018-10-25 20:11:02.528 [main] INFO  org.springframework.context.support.PostProcessorRegistrationDelegate$BeanPostProcessorChecker - Bean 'com.baomidou.mybatisplus.spring.boot.starter.MybatisPlusAutoConfiguration' of type [com.baomidou.mybatisplus.spring.boot.starter.MybatisPlusAutoConfiguration$$EnhancerBySpringCGLIB$$b68500c2] is not eligible for getting processed by all BeanPostProcessors (for example: not eligible for auto-proxying)
2018-10-25 20:11:02.636 [main] INFO  org.springframework.context.support.PostProcessorRegistrationDelegate$BeanPostProcessorChecker - Bean 'spring.datasource-org.springframework.boot.autoconfigure.jdbc.DataSourceProperties' of type [org.springframework.boot.autoconfigure.jdbc.DataSourceProperties] is not eligible for getting processed by all BeanPostProcessors (for example: not eligible for auto-proxying)
2018-10-25 20:11:02.647 [main] INFO  org.springframework.context.support.PostProcessorRegistrationDelegate$BeanPostProcessorChecker - Bean 'com.alibaba.druid.spring.boot.autoconfigure.stat.DruidFilterConfiguration' of type [com.alibaba.druid.spring.boot.autoconfigure.stat.DruidFilterConfiguration] is not eligible for getting processed by all BeanPostProcessors (for example: not eligible for auto-proxying)
2018-10-25 20:11:02.718 [main] INFO  org.springframework.context.support.PostProcessorRegistrationDelegate$BeanPostProcessorChecker - Bean 'slf4jLogFilter' of type [com.alibaba.druid.filter.logging.Slf4jLogFilter] is not eligible for getting processed by all BeanPostProcessors (for example: not eligible for auto-proxying)
2018-10-25 20:11:02.797 [main] INFO  org.springframework.context.support.PostProcessorRegistrationDelegate$BeanPostProcessorChecker - Bean 'wallConfig' of type [com.alibaba.druid.wall.WallConfig] is not eligible for getting processed by all BeanPostProcessors (for example: not eligible for auto-proxying)
2018-10-25 20:11:02.826 [main] INFO  org.springframework.context.support.PostProcessorRegistrationDelegate$BeanPostProcessorChecker - Bean 'wallFilter' of type [com.alibaba.druid.wall.WallFilter] is not eligible for getting processed by all BeanPostProcessors (for example: not eligible for auto-proxying)
2018-10-25 20:11:02.884 [main] INFO  org.springframework.context.support.PostProcessorRegistrationDelegate$BeanPostProcessorChecker - Bean 'statFilter' of type [com.alibaba.druid.filter.stat.StatFilter] is not eligible for getting processed by all BeanPostProcessors (for example: not eligible for auto-proxying)
2018-10-25 20:11:03.008 [main] INFO  org.springframework.context.support.PostProcessorRegistrationDelegate$BeanPostProcessorChecker - Bean 'dataSource' of type [com.alibaba.druid.spring.boot.autoconfigure.DruidDataSourceWrapper] is not eligible for getting processed by all BeanPostProcessors (for example: not eligible for auto-proxying)
2018-10-25 20:11:03.044 [main] INFO  org.springframework.context.support.PostProcessorRegistrationDelegate$BeanPostProcessorChecker - Bean 'org.springframework.boot.autoconfigure.jdbc.DataSourceInitializerInvoker' of type [org.springframework.boot.autoconfigure.jdbc.DataSourceInitializerInvoker] is not eligible for getting processed by all BeanPostProcessors (for example: not eligible for auto-proxying)
2018-10-25 20:11:03.403 [main] INFO  com.alibaba.druid.pool.DruidDataSource - {dataSource-1} inited
2018-10-25 20:11:03.793 [main] INFO  org.springframework.context.support.PostProcessorRegistrationDelegate$BeanPostProcessorChecker - Bean 'sqlSessionFactory' of type [org.apache.ibatis.session.defaults.DefaultSqlSessionFactory] is not eligible for getting processed by all BeanPostProcessors (for example: not eligible for auto-proxying)
2018-10-25 20:11:03.804 [main] INFO  org.springframework.context.support.PostProcessorRegistrationDelegate$BeanPostProcessorChecker - Bean 'sqlSessionTemplate' of type [org.mybatis.spring.SqlSessionTemplate] is not eligible for getting processed by all BeanPostProcessors (for example: not eligible for auto-proxying)
2018-10-25 20:11:03.806 [main] INFO  org.springframework.context.support.PostProcessorRegistrationDelegate$BeanPostProcessorChecker - Bean 'userMapper' of type [org.mybatis.spring.mapper.MapperFactoryBean] is not eligible for getting processed by all BeanPostProcessors (for example: not eligible for auto-proxying)
2018-10-25 20:11:03.808 [main] INFO  org.springframework.context.support.PostProcessorRegistrationDelegate$BeanPostProcessorChecker - Bean 'userMapper' of type [com.sun.proxy.$Proxy80] is not eligible for getting processed by all BeanPostProcessors (for example: not eligible for auto-proxying)
2018-10-25 20:11:03.815 [main] INFO  org.springframework.context.support.PostProcessorRegistrationDelegate$BeanPostProcessorChecker - Bean 'userServiceImpl' of type [com.secondhand.tradingplatformadmincontroller.serviceimpl.shiro.UserServiceImpl] is not eligible for getting processed by all BeanPostProcessors (for example: not eligible for auto-proxying)
2018-10-25 20:11:03.907 [main] INFO  org.springframework.context.support.PostProcessorRegistrationDelegate$BeanPostProcessorChecker - Bean 'redisSessionDAO' of type [org.crazycake.shiro.RedisSessionDAO] is not eligible for getting processed by all BeanPostProcessors (for example: not eligible for auto-proxying)
2018-10-25 20:11:03.907 [main] INFO  org.springframework.context.support.PostProcessorRegistrationDelegate$BeanPostProcessorChecker - Bean 'myShiroRealm' of type [com.secondhand.tradingplatformadmincontroller.shiro.MyShiroRealm] is not eligible for getting processed by all BeanPostProcessors (for example: not eligible for auto-proxying)
2018-10-25 20:11:03.955 [main] INFO  org.springframework.context.support.PostProcessorRegistrationDelegate$BeanPostProcessorChecker - Bean 'sessionManager' of type [org.apache.shiro.web.session.mgt.DefaultWebSessionManager] is not eligible for getting processed by all BeanPostProcessors (for example: not eligible for auto-proxying)
2018-10-25 20:11:03.969 [main] INFO  org.springframework.context.support.PostProcessorRegistrationDelegate$BeanPostProcessorChecker - Bean 'securityManager' of type [org.apache.shiro.web.mgt.DefaultWebSecurityManager] is not eligible for getting processed by all BeanPostProcessors (for example: not eligible for auto-proxying)
2018-10-25 20:11:03.987 [main] INFO  org.springframework.context.support.PostProcessorRegistrationDelegate$BeanPostProcessorChecker - Bean 'authorizationAttributeSourceAdvisor' of type [org.apache.shiro.spring.security.interceptor.AuthorizationAttributeSourceAdvisor] is not eligible for getting processed by all BeanPostProcessors (for example: not eligible for auto-proxying)
2018-10-25 20:11:03.989 [main] INFO  org.springframework.context.support.PostProcessorRegistrationDelegate$BeanPostProcessorChecker - Bean 'resourcesMapper' of type [org.mybatis.spring.mapper.MapperFactoryBean] is not eligible for getting processed by all BeanPostProcessors (for example: not eligible for auto-proxying)
2018-10-25 20:11:03.991 [main] INFO  org.springframework.context.support.PostProcessorRegistrationDelegate$BeanPostProcessorChecker - Bean 'resourcesMapper' of type [com.sun.proxy.$Proxy84] is not eligible for getting processed by all BeanPostProcessors (for example: not eligible for auto-proxying)
2018-10-25 20:11:03.998 [main] INFO  org.springframework.context.support.PostProcessorRegistrationDelegate$BeanPostProcessorChecker - Bean 'resourcesServiceImpl' of type [com.secondhand.tradingplatformadmincontroller.serviceimpl.shiro.ResourcesServiceImpl] is not eligible for getting processed by all BeanPostProcessors (for example: not eligible for auto-proxying)
2018-10-25 20:11:03.999 [main] INFO  org.springframework.context.support.PostProcessorRegistrationDelegate$BeanPostProcessorChecker - Bean 'shiroConfig' of type [com.secondhand.tradingplatformadmincontroller.config.ShiroConfig$$EnhancerBySpringCGLIB$$f730baca] is not eligible for getting processed by all BeanPostProcessors (for example: not eligible for auto-proxying)
2018-10-25 20:11:05.126 [main] INFO  org.springframework.boot.web.embedded.tomcat.TomcatWebServer - Tomcat initialized with port(s): 8080 (http)
2018-10-25 20:11:05.159 [main] INFO  org.apache.coyote.http11.Http11NioProtocol - Initializing ProtocolHandler ["http-nio-8080"]
2018-10-25 20:11:05.180 [main] INFO  org.apache.catalina.core.StandardService - Starting service [Tomcat]
2018-10-25 20:11:05.180 [main] INFO  org.apache.catalina.core.StandardEngine - Starting Servlet Engine: Apache Tomcat/8.5.34
2018-10-25 20:11:05.185 [localhost-startStop-1] INFO  org.apache.catalina.core.AprLifecycleListener - The APR based Apache Tomcat Native library which allows optimal performance in production environments was not found on the java.library.path: [E:\Installation\jdk1.8\jdk1.8\bin;C:\Windows\Sun\Java\bin;C:\Windows\system32;C:\Windows;C:\ProgramData\Oracle\Java\javapath;C:\Windows\system32;C:\Windows;C:\Windows\System32\Wbem;C:\Windows\System32\WindowsPowerShell\v1.0\;C:\Windows\System32\OpenSSH\;E:\Installation\jdk1.8\jdk1.8\bin;E:\Installation\jdk1.8\jdk1.8\jre\bin;E:\Installation\maven3.5\apache-maven-3.5.3\bin;E:\Installation\git\Git\cmd;E:\installation_package\mysql\mysql-5.7.9-winx64\bin;E:\Installation\python3.6;E:\Installation\SVN\bin;E:\Installation\node\;E:\Installation\phantomjs\phantomjs-2.1.1-windows\bin;E:\Installation\erlang\erl10.0.1\bin;E:\Installation\redis;E:\Installation\python3.6\Scripts\;E:\Installation\python3.6\;C:\Users\81079\AppData\Local\Microsoft\WindowsApps;C:\Users\81079\AppData\Roaming\npm;E:\Installation\node\node_global;;.]
2018-10-25 20:11:05.351 [localhost-startStop-1] INFO  org.apache.catalina.core.ContainerBase.[Tomcat].[localhost].[/] - Initializing Spring embedded WebApplicationContext
2018-10-25 20:11:05.352 [localhost-startStop-1] INFO  org.springframework.web.context.ContextLoader - Root WebApplicationContext: initialization completed in 7072 ms
2018-10-25 20:11:06.452 [localhost-startStop-1] INFO  org.springframework.boot.web.servlet.FilterRegistrationBean - Mapping filter: 'characterEncodingFilter' to: [/*]
2018-10-25 20:11:06.453 [localhost-startStop-1] INFO  org.springframework.boot.web.servlet.FilterRegistrationBean - Mapping filter: 'sessionRepositoryFilter' to: [/*]
2018-10-25 20:11:06.453 [localhost-startStop-1] INFO  org.springframework.boot.web.servlet.FilterRegistrationBean - Mapping filter: 'webStatFilter' to urls: [/*]
2018-10-25 20:11:06.453 [localhost-startStop-1] INFO  org.springframework.boot.web.servlet.RegistrationBean - Filter webStatFilter was not registered (possibly already registered?)
2018-10-25 20:11:06.453 [localhost-startStop-1] INFO  org.springframework.boot.web.servlet.FilterRegistrationBean - Mapping filter: 'shirFilter' to: [/*]
2018-10-25 20:11:06.453 [localhost-startStop-1] INFO  org.springframework.boot.web.servlet.ServletRegistrationBean - Servlet statViewServlet mapped to [/druid/*]
2018-10-25 20:11:06.454 [localhost-startStop-1] INFO  org.springframework.boot.web.servlet.ServletRegistrationBean - Servlet dispatcherServlet mapped to [/]
2018-10-25 20:11:06.454 [localhost-startStop-1] INFO  org.springframework.boot.web.servlet.ServletRegistrationBean - Servlet statViewServlet mapped to [/druid/*]
2018-10-25 20:11:06.454 [localhost-startStop-1] INFO  org.springframework.boot.web.servlet.RegistrationBean - Servlet statViewServlet was not registered (possibly already registered?)
2018-10-25 20:11:07.231 [main] INFO  org.springframework.web.servlet.mvc.method.annotation.RequestMappingHandlerMapping - Mapped "{[/login],methods=[POST]}" onto public java.lang.String com.secondhand.tradingplatformadmincontroller.controller.shiro.HomeController.login(javax.servlet.http.HttpServletRequest,com.secondhand.tradingplatformadminentity.entity.shiro.User,org.springframework.ui.Model)
2018-10-25 20:11:07.232 [main] INFO  org.springframework.web.servlet.mvc.method.annotation.RequestMappingHandlerMapping - Mapped "{[/login],methods=[GET]}" onto public java.lang.String com.secondhand.tradingplatformadmincontroller.controller.shiro.HomeController.login()
2018-10-25 20:11:07.232 [main] INFO  org.springframework.web.servlet.mvc.method.annotation.RequestMappingHandlerMapping - Mapped "{[/usersPage || ]}" onto public java.lang.String com.secondhand.tradingplatformadmincontroller.controller.shiro.HomeController.usersPage()
2018-10-25 20:11:07.232 [main] INFO  org.springframework.web.servlet.mvc.method.annotation.RequestMappingHandlerMapping - Mapped "{[/rolesPage]}" onto public java.lang.String com.secondhand.tradingplatformadmincontroller.controller.shiro.HomeController.rolesPage()
2018-10-25 20:11:07.232 [main] INFO  org.springframework.web.servlet.mvc.method.annotation.RequestMappingHandlerMapping - Mapped "{[/resourcesPage]}" onto public java.lang.String com.secondhand.tradingplatformadmincontroller.controller.shiro.HomeController.resourcesPage()
2018-10-25 20:11:07.232 [main] INFO  org.springframework.web.servlet.mvc.method.annotation.RequestMappingHandlerMapping - Mapped "{[/403]}" onto public java.lang.String com.secondhand.tradingplatformadmincontroller.controller.shiro.HomeController.forbidden()
2018-10-25 20:11:07.237 [main] INFO  org.springframework.web.servlet.mvc.method.annotation.RequestMappingHandlerMapping - Mapped "{[/admin/resources/create_update],methods=[POST],consumes=[application/json],produces=[application/json]}" onto public com.secondhand.tradingplatformcommon.util.JsonResult.JsonResult<com.secondhand.tradingplatformadminentity.entity.shiro.Resources> com.secondhand.tradingplatformadmincontroller.controller.shiro.ResourcesController.resourcesCreateUpdate(com.secondhand.tradingplatformadminentity.entity.shiro.Resources)
2018-10-25 20:11:07.237 [main] INFO  org.springframework.web.servlet.mvc.method.annotation.RequestMappingHandlerMapping - Mapped "{[/admin/resources/get_map_by_id/{resourcesId}],methods=[GET],produces=[application/json]}" onto public com.secondhand.tradingplatformcommon.util.JsonResult.JsonResult<java.util.Map<java.lang.String, java.lang.Object>> com.secondhand.tradingplatformadmincontroller.controller.shiro.ResourcesController.getResourcesByIdForMap(java.lang.Long)
2018-10-25 20:11:07.237 [main] INFO  org.springframework.web.servlet.mvc.method.annotation.RequestMappingHandlerMapping - Mapped "{[/admin/resources/query],methods=[POST],consumes=[application/json],produces=[application/json]}" onto public com.secondhand.tradingplatformcommon.util.JsonResult.TableJson<com.secondhand.tradingplatformadminentity.entity.shiro.Resources> com.secondhand.tradingplatformadmincontroller.controller.shiro.ResourcesController.getResourcesList(com.secondhand.tradingplatformadminentity.entity.shiro.Resources)
2018-10-25 20:11:07.238 [main] INFO  org.springframework.web.servlet.mvc.method.annotation.RequestMappingHandlerMapping - Mapped "{[/admin/resources/batch_delete],methods=[PUT],consumes=[application/json],produces=[application/json]}" onto public com.secondhand.tradingplatformcommon.util.JsonResult.JsonResult<com.secondhand.tradingplatformadminentity.entity.shiro.Resources> com.secondhand.tradingplatformadmincontroller.controller.shiro.ResourcesController.fakeBatchDelete(java.util.List<java.lang.Long>)
2018-10-25 20:11:07.238 [main] INFO  org.springframework.web.servlet.mvc.method.annotation.RequestMappingHandlerMapping - Mapped "{[/admin/resources/get_by_id/{resourcesId}],methods=[GET],produces=[application/json]}" onto public com.secondhand.tradingplatformcommon.util.JsonResult.JsonResult<com.secondhand.tradingplatformadminentity.entity.shiro.Resources> com.secondhand.tradingplatformadmincontroller.controller.shiro.ResourcesController.getResourcesById(java.lang.Long)
2018-10-25 20:11:07.238 [main] INFO  org.springframework.web.servlet.mvc.method.annotation.RequestMappingHandlerMapping - Mapped "{[/admin/resources/delete],methods=[PUT],consumes=[application/json],produces=[application/json]}" onto public com.secondhand.tradingplatformcommon.util.JsonResult.JsonResult<com.secondhand.tradingplatformadminentity.entity.shiro.Resources> com.secondhand.tradingplatformadmincontroller.controller.shiro.ResourcesController.fakeDeleteById(java.lang.Long)
2018-10-25 20:11:07.240 [main] INFO  org.springframework.web.servlet.mvc.method.annotation.RequestMappingHandlerMapping - Mapped "{[/admin/role/get_map_by_id/{roleId}],methods=[GET],produces=[application/json]}" onto public com.secondhand.tradingplatformcommon.util.JsonResult.JsonResult<java.util.Map<java.lang.String, java.lang.Object>> com.secondhand.tradingplatformadmincontroller.controller.shiro.RoleController.getRoleByIdForMap(java.lang.Long)
2018-10-25 20:11:07.240 [main] INFO  org.springframework.web.servlet.mvc.method.annotation.RequestMappingHandlerMapping - Mapped "{[/admin/role/get_by_id/{roleId}],methods=[GET],produces=[application/json]}" onto public com.secondhand.tradingplatformcommon.util.JsonResult.JsonResult<com.secondhand.tradingplatformadminentity.entity.shiro.Role> com.secondhand.tradingplatformadmincontroller.controller.shiro.RoleController.getRoleById(java.lang.Long)
2018-10-25 20:11:07.240 [main] INFO  org.springframework.web.servlet.mvc.method.annotation.RequestMappingHandlerMapping - Mapped "{[/admin/role/query],methods=[POST],consumes=[application/json],produces=[application/json]}" onto public com.secondhand.tradingplatformcommon.util.JsonResult.TableJson<com.secondhand.tradingplatformadminentity.entity.shiro.Role> com.secondhand.tradingplatformadmincontroller.controller.shiro.RoleController.getRoleList(com.secondhand.tradingplatformadminentity.entity.shiro.Role)
2018-10-25 20:11:07.241 [main] INFO  org.springframework.web.servlet.mvc.method.annotation.RequestMappingHandlerMapping - Mapped "{[/admin/role/create_update],methods=[POST],consumes=[application/json],produces=[application/json]}" onto public com.secondhand.tradingplatformcommon.util.JsonResult.JsonResult<com.secondhand.tradingplatformadminentity.entity.shiro.Role> com.secondhand.tradingplatformadmincontroller.controller.shiro.RoleController.roleCreateUpdate(com.secondhand.tradingplatformadminentity.entity.shiro.Role)
2018-10-25 20:11:07.241 [main] INFO  org.springframework.web.servlet.mvc.method.annotation.RequestMappingHandlerMapping - Mapped "{[/admin/role/batch_delete],methods=[PUT],consumes=[application/json],produces=[application/json]}" onto public com.secondhand.tradingplatformcommon.util.JsonResult.JsonResult<com.secondhand.tradingplatformadminentity.entity.shiro.Role> com.secondhand.tradingplatformadmincontroller.controller.shiro.RoleController.fakeBatchDelete(java.util.List<java.lang.Long>)
2018-10-25 20:11:07.241 [main] INFO  org.springframework.web.servlet.mvc.method.annotation.RequestMappingHandlerMapping - Mapped "{[/admin/role/delete],methods=[PUT],consumes=[application/json],produces=[application/json]}" onto public com.secondhand.tradingplatformcommon.util.JsonResult.JsonResult<com.secondhand.tradingplatformadminentity.entity.shiro.Role> com.secondhand.tradingplatformadmincontroller.controller.shiro.RoleController.fakeDeleteById(java.lang.Long)
2018-10-25 20:11:07.242 [main] INFO  org.springframework.web.servlet.mvc.method.annotation.RequestMappingHandlerMapping - Mapped "{[/admin/user/get_map_by_id/{userId}],methods=[GET],produces=[application/json]}" onto public com.secondhand.tradingplatformcommon.util.JsonResult.JsonResult<java.util.Map<java.lang.String, java.lang.Object>> com.secondhand.tradingplatformadmincontroller.controller.shiro.UserController.getUserByIdForMap(java.lang.Long)
2018-10-25 20:11:07.243 [main] INFO  org.springframework.web.servlet.mvc.method.annotation.RequestMappingHandlerMapping - Mapped "{[/admin/user/create_update],methods=[POST],consumes=[application/json],produces=[application/json]}" onto public com.secondhand.tradingplatformcommon.util.JsonResult.JsonResult<com.secondhand.tradingplatformadminentity.entity.shiro.User> com.secondhand.tradingplatformadmincontroller.controller.shiro.UserController.userCreateUpdate(com.secondhand.tradingplatformadminentity.entity.shiro.User)
2018-10-25 20:11:07.243 [main] INFO  org.springframework.web.servlet.mvc.method.annotation.RequestMappingHandlerMapping - Mapped "{[/admin/user/batch_delete],methods=[PUT],consumes=[application/json],produces=[application/json]}" onto public com.secondhand.tradingplatformcommon.util.JsonResult.JsonResult<com.secondhand.tradingplatformadminentity.entity.shiro.User> com.secondhand.tradingplatformadmincontroller.controller.shiro.UserController.fakeBatchDelete(java.util.List<java.lang.Long>)
2018-10-25 20:11:07.243 [main] INFO  org.springframework.web.servlet.mvc.method.annotation.RequestMappingHandlerMapping - Mapped "{[/admin/user/query],methods=[POST],consumes=[application/json],produces=[application/json]}" onto public com.secondhand.tradingplatformcommon.util.JsonResult.TableJson<com.secondhand.tradingplatformadminentity.entity.shiro.User> com.secondhand.tradingplatformadmincontroller.controller.shiro.UserController.getUserList(com.secondhand.tradingplatformadminentity.entity.shiro.User)
2018-10-25 20:11:07.243 [main] INFO  org.springframework.web.servlet.mvc.method.annotation.RequestMappingHandlerMapping - Mapped "{[/admin/user/get_by_id/{userId}],methods=[GET],produces=[application/json]}" onto public com.secondhand.tradingplatformcommon.util.JsonResult.JsonResult<com.secondhand.tradingplatformadminentity.entity.shiro.User> com.secondhand.tradingplatformadmincontroller.controller.shiro.UserController.getUserById(java.lang.Long)
2018-10-25 20:11:07.244 [main] INFO  org.springframework.web.servlet.mvc.method.annotation.RequestMappingHandlerMapping - Mapped "{[/admin/user/delete],methods=[PUT],consumes=[application/json],produces=[application/json]}" onto public com.secondhand.tradingplatformcommon.util.JsonResult.JsonResult<com.secondhand.tradingplatformadminentity.entity.shiro.User> com.secondhand.tradingplatformadmincontroller.controller.shiro.UserController.fakeDeleteById(java.lang.Long)
2018-10-25 20:11:07.247 [main] INFO  org.springframework.web.servlet.mvc.method.annotation.RequestMappingHandlerMapping - Mapped "{[/swagger-resources/configuration/security]}" onto public org.springframework.http.ResponseEntity<springfox.documentation.swagger.web.SecurityConfiguration> springfox.documentation.swagger.web.ApiResourceController.securityConfiguration()
2018-10-25 20:11:07.248 [main] INFO  org.springframework.web.servlet.mvc.method.annotation.RequestMappingHandlerMapping - Mapped "{[/swagger-resources/configuration/ui]}" onto public org.springframework.http.ResponseEntity<springfox.documentation.swagger.web.UiConfiguration> springfox.documentation.swagger.web.ApiResourceController.uiConfiguration()
2018-10-25 20:11:07.248 [main] INFO  org.springframework.web.servlet.mvc.method.annotation.RequestMappingHandlerMapping - Mapped "{[/swagger-resources]}" onto public org.springframework.http.ResponseEntity<java.util.List<springfox.documentation.swagger.web.SwaggerResource>> springfox.documentation.swagger.web.ApiResourceController.swaggerResources()
2018-10-25 20:11:07.251 [main] INFO  org.springframework.web.servlet.mvc.method.annotation.RequestMappingHandlerMapping - Mapped "{[/error]}" onto public org.springframework.http.ResponseEntity<java.util.Map<java.lang.String, java.lang.Object>> org.springframework.boot.autoconfigure.web.servlet.error.BasicErrorController.error(javax.servlet.http.HttpServletRequest)
2018-10-25 20:11:07.251 [main] INFO  org.springframework.web.servlet.mvc.method.annotation.RequestMappingHandlerMapping - Mapped "{[/error],produces=[text/html]}" onto public org.springframework.web.servlet.ModelAndView org.springframework.boot.autoconfigure.web.servlet.error.BasicErrorController.errorHtml(javax.servlet.http.HttpServletRequest,javax.servlet.http.HttpServletResponse)
2018-10-25 20:11:07.467 [main] INFO  springfox.documentation.spring.web.PropertySourcedRequestMappingHandlerMapping - Mapped URL path [/v2/api-docs] onto method [public org.springframework.http.ResponseEntity<springfox.documentation.spring.web.json.Json> springfox.documentation.swagger2.web.Swagger2Controller.getDocumentation(java.lang.String,javax.servlet.http.HttpServletRequest)]
2018-10-25 20:11:07.670 [main] INFO  org.springframework.web.servlet.mvc.method.annotation.RequestMappingHandlerAdapter - Looking for @ControllerAdvice: org.springframework.boot.web.servlet.context.AnnotationConfigServletWebServerApplicationContext@50ecde95: startup date [Thu Oct 25 20:10:58 CST 2018]; root of context hierarchy
2018-10-25 20:11:08.593 [main] INFO  org.springframework.web.servlet.view.freemarker.FreeMarkerConfigurer - ClassTemplateLoader for Spring macros added to FreeMarker configuration
2018-10-25 20:11:08.934 [main] INFO  io.lettuce.core.EpollProvider - Starting without optional epoll library
2018-10-25 20:11:08.935 [main] INFO  io.lettuce.core.KqueueProvider - Starting without optional kqueue library
2018-10-25 20:11:09.960 [main] INFO  org.springframework.jmx.export.annotation.AnnotationMBeanExporter - Registering beans for JMX exposure on startup
2018-10-25 20:11:09.961 [main] INFO  org.springframework.jmx.export.annotation.AnnotationMBeanExporter - Bean with name 'dataSource' has been autodetected for JMX exposure
2018-10-25 20:11:09.962 [main] INFO  org.springframework.jmx.export.annotation.AnnotationMBeanExporter - Bean with name 'statFilter' has been autodetected for JMX exposure
2018-10-25 20:11:09.962 [main] INFO  org.springframework.jmx.export.annotation.AnnotationMBeanExporter - Bean with name 'slf4jLogFilter' has been autodetected for JMX exposure
2018-10-25 20:11:09.962 [main] INFO  org.springframework.jmx.export.annotation.AnnotationMBeanExporter - Bean with name 'wallConfig' has been autodetected for JMX exposure
2018-10-25 20:11:09.962 [main] INFO  org.springframework.jmx.export.annotation.AnnotationMBeanExporter - Bean with name 'wallFilter' has been autodetected for JMX exposure
2018-10-25 20:11:09.969 [main] INFO  org.springframework.jmx.export.annotation.AnnotationMBeanExporter - Located MBean 'slf4jLogFilter': registering with JMX server as MBean [com.alibaba.druid.filter.logging:name=slf4jLogFilter,type=Slf4jLogFilter]
2018-10-25 20:11:09.970 [main] INFO  org.springframework.jmx.export.annotation.AnnotationMBeanExporter - Located MBean 'wallConfig': registering with JMX server as MBean [com.alibaba.druid.wall:name=wallConfig,type=WallConfig]
2018-10-25 20:11:09.971 [main] INFO  org.springframework.jmx.export.annotation.AnnotationMBeanExporter - Located MBean 'dataSource': registering with JMX server as MBean [com.alibaba.druid.spring.boot.autoconfigure:name=dataSource,type=DruidDataSourceWrapper]
2018-10-25 20:11:09.972 [main] INFO  org.springframework.jmx.export.annotation.AnnotationMBeanExporter - Located MBean 'wallFilter': registering with JMX server as MBean [com.alibaba.druid.wall:name=wallFilter,type=WallFilter]
2018-10-25 20:11:09.973 [main] INFO  org.springframework.jmx.export.annotation.AnnotationMBeanExporter - Located MBean 'statFilter': registering with JMX server as MBean [com.alibaba.druid.filter.stat:name=statFilter,type=StatFilter]
2018-10-25 20:11:09.976 [main] INFO  org.springframework.context.support.DefaultLifecycleProcessor - Starting beans in phase 2147483647
2018-10-25 20:11:09.976 [main] INFO  springfox.documentation.spring.web.plugins.DocumentationPluginsBootstrapper - Context refreshed
2018-10-25 20:11:10.001 [main] INFO  springfox.documentation.spring.web.plugins.DocumentationPluginsBootstrapper - Found 1 custom documentation plugin(s)
2018-10-25 20:11:10.057 [main] INFO  springfox.documentation.spring.web.scanners.ApiListingReferenceScanner - Scanning for api listing references
2018-10-25 20:11:10.332 [main] INFO  springfox.documentation.spring.web.readers.operation.CachingOperationNameGenerator - Generating unique operation named: usersPageUsingGET_1
2018-10-25 20:11:10.332 [main] INFO  springfox.documentation.spring.web.readers.operation.CachingOperationNameGenerator - Generating unique operation named: usersPageUsingHEAD_1
2018-10-25 20:11:10.333 [main] INFO  springfox.documentation.spring.web.readers.operation.CachingOperationNameGenerator - Generating unique operation named: usersPageUsingPOST_1
2018-10-25 20:11:10.333 [main] INFO  springfox.documentation.spring.web.readers.operation.CachingOperationNameGenerator - Generating unique operation named: usersPageUsingPUT_1
2018-10-25 20:11:10.334 [main] INFO  springfox.documentation.spring.web.readers.operation.CachingOperationNameGenerator - Generating unique operation named: usersPageUsingPATCH_1
2018-10-25 20:11:10.334 [main] INFO  springfox.documentation.spring.web.readers.operation.CachingOperationNameGenerator - Generating unique operation named: usersPageUsingDELETE_1
2018-10-25 20:11:10.335 [main] INFO  springfox.documentation.spring.web.readers.operation.CachingOperationNameGenerator - Generating unique operation named: usersPageUsingOPTIONS_1
2018-10-25 20:11:10.335 [main] INFO  springfox.documentation.spring.web.readers.operation.CachingOperationNameGenerator - Generating unique operation named: usersPageUsingTRACE_1
2018-10-25 20:11:10.436 [main] INFO  springfox.documentation.spring.web.readers.operation.CachingOperationNameGenerator - Generating unique operation named: fakeBatchDeleteUsingPUT_1
2018-10-25 20:11:10.442 [main] INFO  springfox.documentation.spring.web.readers.operation.CachingOperationNameGenerator - Generating unique operation named: fakeDeleteByIdUsingPUT_1
2018-10-25 20:11:10.477 [main] INFO  springfox.documentation.spring.web.readers.operation.CachingOperationNameGenerator - Generating unique operation named: fakeBatchDeleteUsingPUT_2
2018-10-25 20:11:10.482 [main] INFO  springfox.documentation.spring.web.readers.operation.CachingOperationNameGenerator - Generating unique operation named: fakeDeleteByIdUsingPUT_2
2018-10-25 20:11:10.939 [main] INFO  org.springframework.scheduling.annotation.ScheduledAnnotationBeanPostProcessor - No TaskScheduler/ScheduledExecutorService bean found for scheduled processing
2018-10-25 20:11:11.320 [main] INFO  org.apache.coyote.http11.Http11NioProtocol - Starting ProtocolHandler ["http-nio-8080"]
2018-10-25 20:11:11.322 [main] INFO  org.apache.tomcat.util.net.NioSelectorPool - Using a shared selector for servlet write/read
2018-10-25 20:11:11.339 [main] INFO  org.springframework.boot.web.embedded.tomcat.TomcatWebServer - Tomcat started on port(s): 8080 (http) with context path ''
2018-10-25 20:11:11.343 [main] INFO  com.secondhand.tradingplatformadmincontroller.TradingplatformAdminControllerApplication - Started TradingplatformAdminControllerApplication in 13.666 seconds (JVM running for 21.001)
